#-----------------------------------------------------------
# Vivado v2018.3 (64-bit)
# SW Build 2405991 on Thu Dec  6 23:38:27 MST 2018
# IP Build 2404404 on Fri Dec  7 01:43:56 MST 2018
# Start of session at: Wed Nov  6 18:53:38 2019
# Process ID: 3416
# Current directory: C:/Users/Sidarth Shahri/Documents/CMPE 140 Assignments/Assignment 7
# Command line: vivado.exe -gui_launcher_event rodinguilauncherevent812 C:\Users\Sidarth Shahri\Documents\CMPE 140 Assignments\Assignment 7\Assignment_7.xpr
# Log file: C:/Users/Sidarth Shahri/Documents/CMPE 140 Assignments/Assignment 7/vivado.log
# Journal file: C:/Users/Sidarth Shahri/Documents/CMPE 140 Assignments/Assignment 7\vivado.jou
#-----------------------------------------------------------
start_gui
open_project {C:/Users/Sidarth Shahri/Documents/CMPE 140 Assignments/Assignment 7/Assignment_7.xpr}
Scanning sources...
Finished scanning sources
INFO: [IP_Flow 19-234] Refreshing IP repositories
INFO: [IP_Flow 19-1704] No user IP repositories specified
INFO: [IP_Flow 19-2313] Loaded Vivado IP repository 'C:/Xilinx/Vivado/2018.3/data/ip'.
open_project: Time (s): cpu = 00:00:23 ; elapsed = 00:00:15 . Memory (MB): peak = 669.262 ; gain = 103.570
update_compile_order -fileset sources_1
synth_design -rtl -name rtl_1
Command: synth_design -rtl -name rtl_1
Starting synth_design
Using part: xc7a35tcpg236-2L
Top: mips_fpga
---------------------------------------------------------------------------------
Starting RTL Elaboration : Time (s): cpu = 00:00:08 ; elapsed = 00:00:09 . Memory (MB): peak = 828.637 ; gain = 66.793
---------------------------------------------------------------------------------
INFO: [Synth 8-6157] synthesizing module 'mips_fpga' [C:/Users/Sidarth Shahri/Documents/CMPE 140 Assignments/Assignment 7/Assignment_7.srcs/sources_1/imports/validation_wrapper/mips_fpga.v:1]
INFO: [Synth 8-6157] synthesizing module 'clk_gen' [C:/Users/Sidarth Shahri/Documents/CMPE 140 Assignments/Assignment 7/Assignment_7.srcs/sources_1/imports/PATCHED_MIPS_single_cycle/validation_wrapper/clk_gen.v:1]
INFO: [Synth 8-6155] done synthesizing module 'clk_gen' (1#1) [C:/Users/Sidarth Shahri/Documents/CMPE 140 Assignments/Assignment 7/Assignment_7.srcs/sources_1/imports/PATCHED_MIPS_single_cycle/validation_wrapper/clk_gen.v:1]
INFO: [Synth 8-6157] synthesizing module 'button_debouncer' [C:/Users/Sidarth Shahri/Documents/CMPE 140 Assignments/Assignment 7/Assignment_7.srcs/sources_1/imports/PATCHED_MIPS_single_cycle/validation_wrapper/button_debouncer.v:1]
	Parameter depth bound to: 16 - type: integer 
	Parameter history_max bound to: 65535 - type: integer 
INFO: [Synth 8-6155] done synthesizing module 'button_debouncer' (2#1) [C:/Users/Sidarth Shahri/Documents/CMPE 140 Assignments/Assignment 7/Assignment_7.srcs/sources_1/imports/PATCHED_MIPS_single_cycle/validation_wrapper/button_debouncer.v:1]
INFO: [Synth 8-6157] synthesizing module 'mips_top' [C:/Users/Sidarth Shahri/Documents/CMPE 140 Assignments/Assignment 7/Assignment_7.srcs/sources_1/imports/PATCHED_MIPS_single_cycle/single_cycle_mips_source_initial/mips/mips_top.v:1]
INFO: [Synth 8-6157] synthesizing module 'mips' [C:/Users/Sidarth Shahri/Documents/CMPE 140 Assignments/Assignment 7/Assignment_7.srcs/sources_1/imports/PATCHED_MIPS_single_cycle/single_cycle_mips_source_initial/mips/mips.v:1]
INFO: [Synth 8-6157] synthesizing module 'datapath' [C:/Users/Sidarth Shahri/Documents/CMPE 140 Assignments/Assignment 7/Assignment_7.srcs/sources_1/imports/PATCHED_MIPS_single_cycle/single_cycle_mips_source_initial/datapath/datapath.v:1]
INFO: [Synth 8-6157] synthesizing module 'dreg' [C:/Users/Sidarth Shahri/Documents/CMPE 140 Assignments/Assignment 7/Assignment_7.srcs/sources_1/imports/PATCHED_MIPS_single_cycle/single_cycle_mips_source_initial/datapath/dreg.v:1]
	Parameter WIDTH bound to: 32 - type: integer 
INFO: [Synth 8-6155] done synthesizing module 'dreg' (3#1) [C:/Users/Sidarth Shahri/Documents/CMPE 140 Assignments/Assignment 7/Assignment_7.srcs/sources_1/imports/PATCHED_MIPS_single_cycle/single_cycle_mips_source_initial/datapath/dreg.v:1]
INFO: [Synth 8-6157] synthesizing module 'adder' [C:/Users/Sidarth Shahri/Documents/CMPE 140 Assignments/Assignment 7/Assignment_7.srcs/sources_1/imports/PATCHED_MIPS_single_cycle/single_cycle_mips_source_initial/datapath/adder.v:1]
INFO: [Synth 8-6155] done synthesizing module 'adder' (4#1) [C:/Users/Sidarth Shahri/Documents/CMPE 140 Assignments/Assignment 7/Assignment_7.srcs/sources_1/imports/PATCHED_MIPS_single_cycle/single_cycle_mips_source_initial/datapath/adder.v:1]
INFO: [Synth 8-6157] synthesizing module 'mux2' [C:/Users/Sidarth Shahri/Documents/CMPE 140 Assignments/Assignment 7/Assignment_7.srcs/sources_1/imports/PATCHED_MIPS_single_cycle/single_cycle_mips_source_initial/datapath/mux2.v:1]
	Parameter WIDTH bound to: 32 - type: integer 
INFO: [Synth 8-6155] done synthesizing module 'mux2' (5#1) [C:/Users/Sidarth Shahri/Documents/CMPE 140 Assignments/Assignment 7/Assignment_7.srcs/sources_1/imports/PATCHED_MIPS_single_cycle/single_cycle_mips_source_initial/datapath/mux2.v:1]
INFO: [Synth 8-6157] synthesizing module 'mux2__parameterized0' [C:/Users/Sidarth Shahri/Documents/CMPE 140 Assignments/Assignment 7/Assignment_7.srcs/sources_1/imports/PATCHED_MIPS_single_cycle/single_cycle_mips_source_initial/datapath/mux2.v:1]
	Parameter WIDTH bound to: 5 - type: integer 
INFO: [Synth 8-6155] done synthesizing module 'mux2__parameterized0' (5#1) [C:/Users/Sidarth Shahri/Documents/CMPE 140 Assignments/Assignment 7/Assignment_7.srcs/sources_1/imports/PATCHED_MIPS_single_cycle/single_cycle_mips_source_initial/datapath/mux2.v:1]
INFO: [Synth 8-6157] synthesizing module 'regfile' [C:/Users/Sidarth Shahri/Documents/CMPE 140 Assignments/Assignment 7/Assignment_7.srcs/sources_1/imports/PATCHED_MIPS_single_cycle/single_cycle_mips_source_initial/datapath/regfile.v:1]
WARNING: [Synth 8-5788] Register rf_reg[0] in module regfile is has both Set and reset with same priority. This may cause simulation mismatches. Consider rewriting code  [C:/Users/Sidarth Shahri/Documents/CMPE 140 Assignments/Assignment 7/Assignment_7.srcs/sources_1/imports/PATCHED_MIPS_single_cycle/single_cycle_mips_source_initial/datapath/regfile.v:26]
WARNING: [Synth 8-5788] Register rf_reg[1] in module regfile is has both Set and reset with same priority. This may cause simulation mismatches. Consider rewriting code  [C:/Users/Sidarth Shahri/Documents/CMPE 140 Assignments/Assignment 7/Assignment_7.srcs/sources_1/imports/PATCHED_MIPS_single_cycle/single_cycle_mips_source_initial/datapath/regfile.v:26]
WARNING: [Synth 8-5788] Register rf_reg[2] in module regfile is has both Set and reset with same priority. This may cause simulation mismatches. Consider rewriting code  [C:/Users/Sidarth Shahri/Documents/CMPE 140 Assignments/Assignment 7/Assignment_7.srcs/sources_1/imports/PATCHED_MIPS_single_cycle/single_cycle_mips_source_initial/datapath/regfile.v:26]
WARNING: [Synth 8-5788] Register rf_reg[3] in module regfile is has both Set and reset with same priority. This may cause simulation mismatches. Consider rewriting code  [C:/Users/Sidarth Shahri/Documents/CMPE 140 Assignments/Assignment 7/Assignment_7.srcs/sources_1/imports/PATCHED_MIPS_single_cycle/single_cycle_mips_source_initial/datapath/regfile.v:26]
WARNING: [Synth 8-5788] Register rf_reg[4] in module regfile is has both Set and reset with same priority. This may cause simulation mismatches. Consider rewriting code  [C:/Users/Sidarth Shahri/Documents/CMPE 140 Assignments/Assignment 7/Assignment_7.srcs/sources_1/imports/PATCHED_MIPS_single_cycle/single_cycle_mips_source_initial/datapath/regfile.v:26]
WARNING: [Synth 8-5788] Register rf_reg[5] in module regfile is has both Set and reset with same priority. This may cause simulation mismatches. Consider rewriting code  [C:/Users/Sidarth Shahri/Documents/CMPE 140 Assignments/Assignment 7/Assignment_7.srcs/sources_1/imports/PATCHED_MIPS_single_cycle/single_cycle_mips_source_initial/datapath/regfile.v:26]
WARNING: [Synth 8-5788] Register rf_reg[6] in module regfile is has both Set and reset with same priority. This may cause simulation mismatches. Consider rewriting code  [C:/Users/Sidarth Shahri/Documents/CMPE 140 Assignments/Assignment 7/Assignment_7.srcs/sources_1/imports/PATCHED_MIPS_single_cycle/single_cycle_mips_source_initial/datapath/regfile.v:26]
WARNING: [Synth 8-5788] Register rf_reg[7] in module regfile is has both Set and reset with same priority. This may cause simulation mismatches. Consider rewriting code  [C:/Users/Sidarth Shahri/Documents/CMPE 140 Assignments/Assignment 7/Assignment_7.srcs/sources_1/imports/PATCHED_MIPS_single_cycle/single_cycle_mips_source_initial/datapath/regfile.v:26]
WARNING: [Synth 8-5788] Register rf_reg[8] in module regfile is has both Set and reset with same priority. This may cause simulation mismatches. Consider rewriting code  [C:/Users/Sidarth Shahri/Documents/CMPE 140 Assignments/Assignment 7/Assignment_7.srcs/sources_1/imports/PATCHED_MIPS_single_cycle/single_cycle_mips_source_initial/datapath/regfile.v:26]
WARNING: [Synth 8-5788] Register rf_reg[9] in module regfile is has both Set and reset with same priority. This may cause simulation mismatches. Consider rewriting code  [C:/Users/Sidarth Shahri/Documents/CMPE 140 Assignments/Assignment 7/Assignment_7.srcs/sources_1/imports/PATCHED_MIPS_single_cycle/single_cycle_mips_source_initial/datapath/regfile.v:26]
WARNING: [Synth 8-5788] Register rf_reg[10] in module regfile is has both Set and reset with same priority. This may cause simulation mismatches. Consider rewriting code  [C:/Users/Sidarth Shahri/Documents/CMPE 140 Assignments/Assignment 7/Assignment_7.srcs/sources_1/imports/PATCHED_MIPS_single_cycle/single_cycle_mips_source_initial/datapath/regfile.v:26]
WARNING: [Synth 8-5788] Register rf_reg[11] in module regfile is has both Set and reset with same priority. This may cause simulation mismatches. Consider rewriting code  [C:/Users/Sidarth Shahri/Documents/CMPE 140 Assignments/Assignment 7/Assignment_7.srcs/sources_1/imports/PATCHED_MIPS_single_cycle/single_cycle_mips_source_initial/datapath/regfile.v:26]
WARNING: [Synth 8-5788] Register rf_reg[12] in module regfile is has both Set and reset with same priority. This may cause simulation mismatches. Consider rewriting code  [C:/Users/Sidarth Shahri/Documents/CMPE 140 Assignments/Assignment 7/Assignment_7.srcs/sources_1/imports/PATCHED_MIPS_single_cycle/single_cycle_mips_source_initial/datapath/regfile.v:26]
WARNING: [Synth 8-5788] Register rf_reg[13] in module regfile is has both Set and reset with same priority. This may cause simulation mismatches. Consider rewriting code  [C:/Users/Sidarth Shahri/Documents/CMPE 140 Assignments/Assignment 7/Assignment_7.srcs/sources_1/imports/PATCHED_MIPS_single_cycle/single_cycle_mips_source_initial/datapath/regfile.v:26]
WARNING: [Synth 8-5788] Register rf_reg[14] in module regfile is has both Set and reset with same priority. This may cause simulation mismatches. Consider rewriting code  [C:/Users/Sidarth Shahri/Documents/CMPE 140 Assignments/Assignment 7/Assignment_7.srcs/sources_1/imports/PATCHED_MIPS_single_cycle/single_cycle_mips_source_initial/datapath/regfile.v:26]
WARNING: [Synth 8-5788] Register rf_reg[15] in module regfile is has both Set and reset with same priority. This may cause simulation mismatches. Consider rewriting code  [C:/Users/Sidarth Shahri/Documents/CMPE 140 Assignments/Assignment 7/Assignment_7.srcs/sources_1/imports/PATCHED_MIPS_single_cycle/single_cycle_mips_source_initial/datapath/regfile.v:26]
WARNING: [Synth 8-5788] Register rf_reg[16] in module regfile is has both Set and reset with same priority. This may cause simulation mismatches. Consider rewriting code  [C:/Users/Sidarth Shahri/Documents/CMPE 140 Assignments/Assignment 7/Assignment_7.srcs/sources_1/imports/PATCHED_MIPS_single_cycle/single_cycle_mips_source_initial/datapath/regfile.v:26]
WARNING: [Synth 8-5788] Register rf_reg[17] in module regfile is has both Set and reset with same priority. This may cause simulation mismatches. Consider rewriting code  [C:/Users/Sidarth Shahri/Documents/CMPE 140 Assignments/Assignment 7/Assignment_7.srcs/sources_1/imports/PATCHED_MIPS_single_cycle/single_cycle_mips_source_initial/datapath/regfile.v:26]
WARNING: [Synth 8-5788] Register rf_reg[18] in module regfile is has both Set and reset with same priority. This may cause simulation mismatches. Consider rewriting code  [C:/Users/Sidarth Shahri/Documents/CMPE 140 Assignments/Assignment 7/Assignment_7.srcs/sources_1/imports/PATCHED_MIPS_single_cycle/single_cycle_mips_source_initial/datapath/regfile.v:26]
WARNING: [Synth 8-5788] Register rf_reg[19] in module regfile is has both Set and reset with same priority. This may cause simulation mismatches. Consider rewriting code  [C:/Users/Sidarth Shahri/Documents/CMPE 140 Assignments/Assignment 7/Assignment_7.srcs/sources_1/imports/PATCHED_MIPS_single_cycle/single_cycle_mips_source_initial/datapath/regfile.v:26]
WARNING: [Synth 8-5788] Register rf_reg[20] in module regfile is has both Set and reset with same priority. This may cause simulation mismatches. Consider rewriting code  [C:/Users/Sidarth Shahri/Documents/CMPE 140 Assignments/Assignment 7/Assignment_7.srcs/sources_1/imports/PATCHED_MIPS_single_cycle/single_cycle_mips_source_initial/datapath/regfile.v:26]
WARNING: [Synth 8-5788] Register rf_reg[21] in module regfile is has both Set and reset with same priority. This may cause simulation mismatches. Consider rewriting code  [C:/Users/Sidarth Shahri/Documents/CMPE 140 Assignments/Assignment 7/Assignment_7.srcs/sources_1/imports/PATCHED_MIPS_single_cycle/single_cycle_mips_source_initial/datapath/regfile.v:26]
WARNING: [Synth 8-5788] Register rf_reg[22] in module regfile is has both Set and reset with same priority. This may cause simulation mismatches. Consider rewriting code  [C:/Users/Sidarth Shahri/Documents/CMPE 140 Assignments/Assignment 7/Assignment_7.srcs/sources_1/imports/PATCHED_MIPS_single_cycle/single_cycle_mips_source_initial/datapath/regfile.v:26]
WARNING: [Synth 8-5788] Register rf_reg[23] in module regfile is has both Set and reset with same priority. This may cause simulation mismatches. Consider rewriting code  [C:/Users/Sidarth Shahri/Documents/CMPE 140 Assignments/Assignment 7/Assignment_7.srcs/sources_1/imports/PATCHED_MIPS_single_cycle/single_cycle_mips_source_initial/datapath/regfile.v:26]
WARNING: [Synth 8-5788] Register rf_reg[24] in module regfile is has both Set and reset with same priority. This may cause simulation mismatches. Consider rewriting code  [C:/Users/Sidarth Shahri/Documents/CMPE 140 Assignments/Assignment 7/Assignment_7.srcs/sources_1/imports/PATCHED_MIPS_single_cycle/single_cycle_mips_source_initial/datapath/regfile.v:26]
WARNING: [Synth 8-5788] Register rf_reg[25] in module regfile is has both Set and reset with same priority. This may cause simulation mismatches. Consider rewriting code  [C:/Users/Sidarth Shahri/Documents/CMPE 140 Assignments/Assignment 7/Assignment_7.srcs/sources_1/imports/PATCHED_MIPS_single_cycle/single_cycle_mips_source_initial/datapath/regfile.v:26]
WARNING: [Synth 8-5788] Register rf_reg[26] in module regfile is has both Set and reset with same priority. This may cause simulation mismatches. Consider rewriting code  [C:/Users/Sidarth Shahri/Documents/CMPE 140 Assignments/Assignment 7/Assignment_7.srcs/sources_1/imports/PATCHED_MIPS_single_cycle/single_cycle_mips_source_initial/datapath/regfile.v:26]
WARNING: [Synth 8-5788] Register rf_reg[27] in module regfile is has both Set and reset with same priority. This may cause simulation mismatches. Consider rewriting code  [C:/Users/Sidarth Shahri/Documents/CMPE 140 Assignments/Assignment 7/Assignment_7.srcs/sources_1/imports/PATCHED_MIPS_single_cycle/single_cycle_mips_source_initial/datapath/regfile.v:26]
WARNING: [Synth 8-5788] Register rf_reg[28] in module regfile is has both Set and reset with same priority. This may cause simulation mismatches. Consider rewriting code  [C:/Users/Sidarth Shahri/Documents/CMPE 140 Assignments/Assignment 7/Assignment_7.srcs/sources_1/imports/PATCHED_MIPS_single_cycle/single_cycle_mips_source_initial/datapath/regfile.v:26]
WARNING: [Synth 8-5788] Register rf_reg[29] in module regfile is has both Set and reset with same priority. This may cause simulation mismatches. Consider rewriting code  [C:/Users/Sidarth Shahri/Documents/CMPE 140 Assignments/Assignment 7/Assignment_7.srcs/sources_1/imports/PATCHED_MIPS_single_cycle/single_cycle_mips_source_initial/datapath/regfile.v:26]
WARNING: [Synth 8-5788] Register rf_reg[30] in module regfile is has both Set and reset with same priority. This may cause simulation mismatches. Consider rewriting code  [C:/Users/Sidarth Shahri/Documents/CMPE 140 Assignments/Assignment 7/Assignment_7.srcs/sources_1/imports/PATCHED_MIPS_single_cycle/single_cycle_mips_source_initial/datapath/regfile.v:26]
WARNING: [Synth 8-5788] Register rf_reg[31] in module regfile is has both Set and reset with same priority. This may cause simulation mismatches. Consider rewriting code  [C:/Users/Sidarth Shahri/Documents/CMPE 140 Assignments/Assignment 7/Assignment_7.srcs/sources_1/imports/PATCHED_MIPS_single_cycle/single_cycle_mips_source_initial/datapath/regfile.v:26]
INFO: [Synth 8-6155] done synthesizing module 'regfile' (6#1) [C:/Users/Sidarth Shahri/Documents/CMPE 140 Assignments/Assignment 7/Assignment_7.srcs/sources_1/imports/PATCHED_MIPS_single_cycle/single_cycle_mips_source_initial/datapath/regfile.v:1]
INFO: [Synth 8-6157] synthesizing module 'signext' [C:/Users/Sidarth Shahri/Documents/CMPE 140 Assignments/Assignment 7/Assignment_7.srcs/sources_1/imports/PATCHED_MIPS_single_cycle/single_cycle_mips_source_initial/datapath/signext.v:1]
INFO: [Synth 8-6155] done synthesizing module 'signext' (7#1) [C:/Users/Sidarth Shahri/Documents/CMPE 140 Assignments/Assignment 7/Assignment_7.srcs/sources_1/imports/PATCHED_MIPS_single_cycle/single_cycle_mips_source_initial/datapath/signext.v:1]
INFO: [Synth 8-6157] synthesizing module 'alu' [C:/Users/Sidarth Shahri/Documents/CMPE 140 Assignments/Assignment 7/Assignment_7.srcs/sources_1/imports/PATCHED_MIPS_single_cycle/single_cycle_mips_source_initial/datapath/alu.v:1]
INFO: [Synth 8-155] case statement is not full and has no default [C:/Users/Sidarth Shahri/Documents/CMPE 140 Assignments/Assignment 7/Assignment_7.srcs/sources_1/imports/PATCHED_MIPS_single_cycle/single_cycle_mips_source_initial/datapath/alu.v:12]
INFO: [Synth 8-6155] done synthesizing module 'alu' (8#1) [C:/Users/Sidarth Shahri/Documents/CMPE 140 Assignments/Assignment 7/Assignment_7.srcs/sources_1/imports/PATCHED_MIPS_single_cycle/single_cycle_mips_source_initial/datapath/alu.v:1]
INFO: [Synth 8-6157] synthesizing module 'mult' [C:/Users/Sidarth Shahri/Documents/CMPE 140 Assignments/Assignment 7/Assignment_7.srcs/sources_1/new/mult.v:23]
INFO: [Synth 8-6155] done synthesizing module 'mult' (9#1) [C:/Users/Sidarth Shahri/Documents/CMPE 140 Assignments/Assignment 7/Assignment_7.srcs/sources_1/new/mult.v:23]
INFO: [Synth 8-6157] synthesizing module 'we_dreg' [C:/Users/Sidarth Shahri/Documents/CMPE 140 Assignments/Assignment 7/Assignment_7.srcs/sources_1/new/we_dreg.v:22]
	Parameter WIDTH bound to: 32 - type: integer 
INFO: [Synth 8-6155] done synthesizing module 'we_dreg' (10#1) [C:/Users/Sidarth Shahri/Documents/CMPE 140 Assignments/Assignment 7/Assignment_7.srcs/sources_1/new/we_dreg.v:22]
INFO: [Synth 8-6157] synthesizing module 'shifter' [C:/Users/Sidarth Shahri/Documents/CMPE 140 Assignments/Assignment 7/Assignment_7.srcs/sources_1/new/shifter.v:23]
	Parameter WIDTH bound to: 32 - type: integer 
INFO: [Synth 8-6155] done synthesizing module 'shifter' (11#1) [C:/Users/Sidarth Shahri/Documents/CMPE 140 Assignments/Assignment 7/Assignment_7.srcs/sources_1/new/shifter.v:23]
INFO: [Synth 8-6155] done synthesizing module 'datapath' (12#1) [C:/Users/Sidarth Shahri/Documents/CMPE 140 Assignments/Assignment 7/Assignment_7.srcs/sources_1/imports/PATCHED_MIPS_single_cycle/single_cycle_mips_source_initial/datapath/datapath.v:1]
INFO: [Synth 8-6157] synthesizing module 'controlunit' [C:/Users/Sidarth Shahri/Documents/CMPE 140 Assignments/Assignment 7/Assignment_7.srcs/sources_1/imports/PATCHED_MIPS_single_cycle/single_cycle_mips_source_initial/control_unit/controlunit.v:1]
INFO: [Synth 8-6157] synthesizing module 'maindec' [C:/Users/Sidarth Shahri/Documents/CMPE 140 Assignments/Assignment 7/Assignment_7.srcs/sources_1/imports/PATCHED_MIPS_single_cycle/single_cycle_mips_source_initial/control_unit/maindec.v:1]
INFO: [Synth 8-6155] done synthesizing module 'maindec' (13#1) [C:/Users/Sidarth Shahri/Documents/CMPE 140 Assignments/Assignment 7/Assignment_7.srcs/sources_1/imports/PATCHED_MIPS_single_cycle/single_cycle_mips_source_initial/control_unit/maindec.v:1]
INFO: [Synth 8-6157] synthesizing module 'auxdec' [C:/Users/Sidarth Shahri/Documents/CMPE 140 Assignments/Assignment 7/Assignment_7.srcs/sources_1/imports/PATCHED_MIPS_single_cycle/single_cycle_mips_source_initial/control_unit/auxdec.v:1]
INFO: [Synth 8-6155] done synthesizing module 'auxdec' (14#1) [C:/Users/Sidarth Shahri/Documents/CMPE 140 Assignments/Assignment 7/Assignment_7.srcs/sources_1/imports/PATCHED_MIPS_single_cycle/single_cycle_mips_source_initial/control_unit/auxdec.v:1]
INFO: [Synth 8-6155] done synthesizing module 'controlunit' (15#1) [C:/Users/Sidarth Shahri/Documents/CMPE 140 Assignments/Assignment 7/Assignment_7.srcs/sources_1/imports/PATCHED_MIPS_single_cycle/single_cycle_mips_source_initial/control_unit/controlunit.v:1]
INFO: [Synth 8-6155] done synthesizing module 'mips' (16#1) [C:/Users/Sidarth Shahri/Documents/CMPE 140 Assignments/Assignment 7/Assignment_7.srcs/sources_1/imports/PATCHED_MIPS_single_cycle/single_cycle_mips_source_initial/mips/mips.v:1]
INFO: [Synth 8-6157] synthesizing module 'imem' [C:/Users/Sidarth Shahri/Documents/CMPE 140 Assignments/Assignment 7/Assignment_7.srcs/sources_1/imports/PATCHED_MIPS_single_cycle/single_cycle_mips_source_initial/memory/imem.v:1]
INFO: [Synth 8-3876] $readmem data file 'memfile.dat' is read successfully [C:/Users/Sidarth Shahri/Documents/CMPE 140 Assignments/Assignment 7/Assignment_7.srcs/sources_1/imports/PATCHED_MIPS_single_cycle/single_cycle_mips_source_initial/memory/imem.v:9]
INFO: [Synth 8-6155] done synthesizing module 'imem' (17#1) [C:/Users/Sidarth Shahri/Documents/CMPE 140 Assignments/Assignment 7/Assignment_7.srcs/sources_1/imports/PATCHED_MIPS_single_cycle/single_cycle_mips_source_initial/memory/imem.v:1]
INFO: [Synth 8-6157] synthesizing module 'dmem' [C:/Users/Sidarth Shahri/Documents/CMPE 140 Assignments/Assignment 7/Assignment_7.srcs/sources_1/imports/PATCHED_MIPS_single_cycle/single_cycle_mips_source_initial/memory/dmem.v:1]
WARNING: [Synth 8-5788] Register ram_reg[0] in module dmem is has both Set and reset with same priority. This may cause simulation mismatches. Consider rewriting code  [C:/Users/Sidarth Shahri/Documents/CMPE 140 Assignments/Assignment 7/Assignment_7.srcs/sources_1/imports/PATCHED_MIPS_single_cycle/single_cycle_mips_source_initial/memory/dmem.v:22]
WARNING: [Synth 8-5788] Register ram_reg[1] in module dmem is has both Set and reset with same priority. This may cause simulation mismatches. Consider rewriting code  [C:/Users/Sidarth Shahri/Documents/CMPE 140 Assignments/Assignment 7/Assignment_7.srcs/sources_1/imports/PATCHED_MIPS_single_cycle/single_cycle_mips_source_initial/memory/dmem.v:22]
WARNING: [Synth 8-5788] Register ram_reg[2] in module dmem is has both Set and reset with same priority. This may cause simulation mismatches. Consider rewriting code  [C:/Users/Sidarth Shahri/Documents/CMPE 140 Assignments/Assignment 7/Assignment_7.srcs/sources_1/imports/PATCHED_MIPS_single_cycle/single_cycle_mips_source_initial/memory/dmem.v:22]
WARNING: [Synth 8-5788] Register ram_reg[3] in module dmem is has both Set and reset with same priority. This may cause simulation mismatches. Consider rewriting code  [C:/Users/Sidarth Shahri/Documents/CMPE 140 Assignments/Assignment 7/Assignment_7.srcs/sources_1/imports/PATCHED_MIPS_single_cycle/single_cycle_mips_source_initial/memory/dmem.v:22]
WARNING: [Synth 8-5788] Register ram_reg[4] in module dmem is has both Set and reset with same priority. This may cause simulation mismatches. Consider rewriting code  [C:/Users/Sidarth Shahri/Documents/CMPE 140 Assignments/Assignment 7/Assignment_7.srcs/sources_1/imports/PATCHED_MIPS_single_cycle/single_cycle_mips_source_initial/memory/dmem.v:22]
WARNING: [Synth 8-5788] Register ram_reg[5] in module dmem is has both Set and reset with same priority. This may cause simulation mismatches. Consider rewriting code  [C:/Users/Sidarth Shahri/Documents/CMPE 140 Assignments/Assignment 7/Assignment_7.srcs/sources_1/imports/PATCHED_MIPS_single_cycle/single_cycle_mips_source_initial/memory/dmem.v:22]
WARNING: [Synth 8-5788] Register ram_reg[6] in module dmem is has both Set and reset with same priority. This may cause simulation mismatches. Consider rewriting code  [C:/Users/Sidarth Shahri/Documents/CMPE 140 Assignments/Assignment 7/Assignment_7.srcs/sources_1/imports/PATCHED_MIPS_single_cycle/single_cycle_mips_source_initial/memory/dmem.v:22]
WARNING: [Synth 8-5788] Register ram_reg[7] in module dmem is has both Set and reset with same priority. This may cause simulation mismatches. Consider rewriting code  [C:/Users/Sidarth Shahri/Documents/CMPE 140 Assignments/Assignment 7/Assignment_7.srcs/sources_1/imports/PATCHED_MIPS_single_cycle/single_cycle_mips_source_initial/memory/dmem.v:22]
WARNING: [Synth 8-5788] Register ram_reg[8] in module dmem is has both Set and reset with same priority. This may cause simulation mismatches. Consider rewriting code  [C:/Users/Sidarth Shahri/Documents/CMPE 140 Assignments/Assignment 7/Assignment_7.srcs/sources_1/imports/PATCHED_MIPS_single_cycle/single_cycle_mips_source_initial/memory/dmem.v:22]
WARNING: [Synth 8-5788] Register ram_reg[9] in module dmem is has both Set and reset with same priority. This may cause simulation mismatches. Consider rewriting code  [C:/Users/Sidarth Shahri/Documents/CMPE 140 Assignments/Assignment 7/Assignment_7.srcs/sources_1/imports/PATCHED_MIPS_single_cycle/single_cycle_mips_source_initial/memory/dmem.v:22]
WARNING: [Synth 8-5788] Register ram_reg[10] in module dmem is has both Set and reset with same priority. This may cause simulation mismatches. Consider rewriting code  [C:/Users/Sidarth Shahri/Documents/CMPE 140 Assignments/Assignment 7/Assignment_7.srcs/sources_1/imports/PATCHED_MIPS_single_cycle/single_cycle_mips_source_initial/memory/dmem.v:22]
WARNING: [Synth 8-5788] Register ram_reg[11] in module dmem is has both Set and reset with same priority. This may cause simulation mismatches. Consider rewriting code  [C:/Users/Sidarth Shahri/Documents/CMPE 140 Assignments/Assignment 7/Assignment_7.srcs/sources_1/imports/PATCHED_MIPS_single_cycle/single_cycle_mips_source_initial/memory/dmem.v:22]
WARNING: [Synth 8-5788] Register ram_reg[12] in module dmem is has both Set and reset with same priority. This may cause simulation mismatches. Consider rewriting code  [C:/Users/Sidarth Shahri/Documents/CMPE 140 Assignments/Assignment 7/Assignment_7.srcs/sources_1/imports/PATCHED_MIPS_single_cycle/single_cycle_mips_source_initial/memory/dmem.v:22]
WARNING: [Synth 8-5788] Register ram_reg[13] in module dmem is has both Set and reset with same priority. This may cause simulation mismatches. Consider rewriting code  [C:/Users/Sidarth Shahri/Documents/CMPE 140 Assignments/Assignment 7/Assignment_7.srcs/sources_1/imports/PATCHED_MIPS_single_cycle/single_cycle_mips_source_initial/memory/dmem.v:22]
WARNING: [Synth 8-5788] Register ram_reg[14] in module dmem is has both Set and reset with same priority. This may cause simulation mismatches. Consider rewriting code  [C:/Users/Sidarth Shahri/Documents/CMPE 140 Assignments/Assignment 7/Assignment_7.srcs/sources_1/imports/PATCHED_MIPS_single_cycle/single_cycle_mips_source_initial/memory/dmem.v:22]
WARNING: [Synth 8-5788] Register ram_reg[15] in module dmem is has both Set and reset with same priority. This may cause simulation mismatches. Consider rewriting code  [C:/Users/Sidarth Shahri/Documents/CMPE 140 Assignments/Assignment 7/Assignment_7.srcs/sources_1/imports/PATCHED_MIPS_single_cycle/single_cycle_mips_source_initial/memory/dmem.v:22]
WARNING: [Synth 8-5788] Register ram_reg[16] in module dmem is has both Set and reset with same priority. This may cause simulation mismatches. Consider rewriting code  [C:/Users/Sidarth Shahri/Documents/CMPE 140 Assignments/Assignment 7/Assignment_7.srcs/sources_1/imports/PATCHED_MIPS_single_cycle/single_cycle_mips_source_initial/memory/dmem.v:22]
WARNING: [Synth 8-5788] Register ram_reg[17] in module dmem is has both Set and reset with same priority. This may cause simulation mismatches. Consider rewriting code  [C:/Users/Sidarth Shahri/Documents/CMPE 140 Assignments/Assignment 7/Assignment_7.srcs/sources_1/imports/PATCHED_MIPS_single_cycle/single_cycle_mips_source_initial/memory/dmem.v:22]
WARNING: [Synth 8-5788] Register ram_reg[18] in module dmem is has both Set and reset with same priority. This may cause simulation mismatches. Consider rewriting code  [C:/Users/Sidarth Shahri/Documents/CMPE 140 Assignments/Assignment 7/Assignment_7.srcs/sources_1/imports/PATCHED_MIPS_single_cycle/single_cycle_mips_source_initial/memory/dmem.v:22]
WARNING: [Synth 8-5788] Register ram_reg[19] in module dmem is has both Set and reset with same priority. This may cause simulation mismatches. Consider rewriting code  [C:/Users/Sidarth Shahri/Documents/CMPE 140 Assignments/Assignment 7/Assignment_7.srcs/sources_1/imports/PATCHED_MIPS_single_cycle/single_cycle_mips_source_initial/memory/dmem.v:22]
WARNING: [Synth 8-5788] Register ram_reg[20] in module dmem is has both Set and reset with same priority. This may cause simulation mismatches. Consider rewriting code  [C:/Users/Sidarth Shahri/Documents/CMPE 140 Assignments/Assignment 7/Assignment_7.srcs/sources_1/imports/PATCHED_MIPS_single_cycle/single_cycle_mips_source_initial/memory/dmem.v:22]
WARNING: [Synth 8-5788] Register ram_reg[21] in module dmem is has both Set and reset with same priority. This may cause simulation mismatches. Consider rewriting code  [C:/Users/Sidarth Shahri/Documents/CMPE 140 Assignments/Assignment 7/Assignment_7.srcs/sources_1/imports/PATCHED_MIPS_single_cycle/single_cycle_mips_source_initial/memory/dmem.v:22]
WARNING: [Synth 8-5788] Register ram_reg[22] in module dmem is has both Set and reset with same priority. This may cause simulation mismatches. Consider rewriting code  [C:/Users/Sidarth Shahri/Documents/CMPE 140 Assignments/Assignment 7/Assignment_7.srcs/sources_1/imports/PATCHED_MIPS_single_cycle/single_cycle_mips_source_initial/memory/dmem.v:22]
WARNING: [Synth 8-5788] Register ram_reg[23] in module dmem is has both Set and reset with same priority. This may cause simulation mismatches. Consider rewriting code  [C:/Users/Sidarth Shahri/Documents/CMPE 140 Assignments/Assignment 7/Assignment_7.srcs/sources_1/imports/PATCHED_MIPS_single_cycle/single_cycle_mips_source_initial/memory/dmem.v:22]
WARNING: [Synth 8-5788] Register ram_reg[24] in module dmem is has both Set and reset with same priority. This may cause simulation mismatches. Consider rewriting code  [C:/Users/Sidarth Shahri/Documents/CMPE 140 Assignments/Assignment 7/Assignment_7.srcs/sources_1/imports/PATCHED_MIPS_single_cycle/single_cycle_mips_source_initial/memory/dmem.v:22]
WARNING: [Synth 8-5788] Register ram_reg[25] in module dmem is has both Set and reset with same priority. This may cause simulation mismatches. Consider rewriting code  [C:/Users/Sidarth Shahri/Documents/CMPE 140 Assignments/Assignment 7/Assignment_7.srcs/sources_1/imports/PATCHED_MIPS_single_cycle/single_cycle_mips_source_initial/memory/dmem.v:22]
WARNING: [Synth 8-5788] Register ram_reg[26] in module dmem is has both Set and reset with same priority. This may cause simulation mismatches. Consider rewriting code  [C:/Users/Sidarth Shahri/Documents/CMPE 140 Assignments/Assignment 7/Assignment_7.srcs/sources_1/imports/PATCHED_MIPS_single_cycle/single_cycle_mips_source_initial/memory/dmem.v:22]
WARNING: [Synth 8-5788] Register ram_reg[27] in module dmem is has both Set and reset with same priority. This may cause simulation mismatches. Consider rewriting code  [C:/Users/Sidarth Shahri/Documents/CMPE 140 Assignments/Assignment 7/Assignment_7.srcs/sources_1/imports/PATCHED_MIPS_single_cycle/single_cycle_mips_source_initial/memory/dmem.v:22]
WARNING: [Synth 8-5788] Register ram_reg[28] in module dmem is has both Set and reset with same priority. This may cause simulation mismatches. Consider rewriting code  [C:/Users/Sidarth Shahri/Documents/CMPE 140 Assignments/Assignment 7/Assignment_7.srcs/sources_1/imports/PATCHED_MIPS_single_cycle/single_cycle_mips_source_initial/memory/dmem.v:22]
WARNING: [Synth 8-5788] Register ram_reg[29] in module dmem is has both Set and reset with same priority. This may cause simulation mismatches. Consider rewriting code  [C:/Users/Sidarth Shahri/Documents/CMPE 140 Assignments/Assignment 7/Assignment_7.srcs/sources_1/imports/PATCHED_MIPS_single_cycle/single_cycle_mips_source_initial/memory/dmem.v:22]
WARNING: [Synth 8-5788] Register ram_reg[30] in module dmem is has both Set and reset with same priority. This may cause simulation mismatches. Consider rewriting code  [C:/Users/Sidarth Shahri/Documents/CMPE 140 Assignments/Assignment 7/Assignment_7.srcs/sources_1/imports/PATCHED_MIPS_single_cycle/single_cycle_mips_source_initial/memory/dmem.v:22]
WARNING: [Synth 8-5788] Register ram_reg[31] in module dmem is has both Set and reset with same priority. This may cause simulation mismatches. Consider rewriting code  [C:/Users/Sidarth Shahri/Documents/CMPE 140 Assignments/Assignment 7/Assignment_7.srcs/sources_1/imports/PATCHED_MIPS_single_cycle/single_cycle_mips_source_initial/memory/dmem.v:22]
WARNING: [Synth 8-5788] Register ram_reg[32] in module dmem is has both Set and reset with same priority. This may cause simulation mismatches. Consider rewriting code  [C:/Users/Sidarth Shahri/Documents/CMPE 140 Assignments/Assignment 7/Assignment_7.srcs/sources_1/imports/PATCHED_MIPS_single_cycle/single_cycle_mips_source_initial/memory/dmem.v:22]
WARNING: [Synth 8-5788] Register ram_reg[33] in module dmem is has both Set and reset with same priority. This may cause simulation mismatches. Consider rewriting code  [C:/Users/Sidarth Shahri/Documents/CMPE 140 Assignments/Assignment 7/Assignment_7.srcs/sources_1/imports/PATCHED_MIPS_single_cycle/single_cycle_mips_source_initial/memory/dmem.v:22]
WARNING: [Synth 8-5788] Register ram_reg[34] in module dmem is has both Set and reset with same priority. This may cause simulation mismatches. Consider rewriting code  [C:/Users/Sidarth Shahri/Documents/CMPE 140 Assignments/Assignment 7/Assignment_7.srcs/sources_1/imports/PATCHED_MIPS_single_cycle/single_cycle_mips_source_initial/memory/dmem.v:22]
WARNING: [Synth 8-5788] Register ram_reg[35] in module dmem is has both Set and reset with same priority. This may cause simulation mismatches. Consider rewriting code  [C:/Users/Sidarth Shahri/Documents/CMPE 140 Assignments/Assignment 7/Assignment_7.srcs/sources_1/imports/PATCHED_MIPS_single_cycle/single_cycle_mips_source_initial/memory/dmem.v:22]
WARNING: [Synth 8-5788] Register ram_reg[36] in module dmem is has both Set and reset with same priority. This may cause simulation mismatches. Consider rewriting code  [C:/Users/Sidarth Shahri/Documents/CMPE 140 Assignments/Assignment 7/Assignment_7.srcs/sources_1/imports/PATCHED_MIPS_single_cycle/single_cycle_mips_source_initial/memory/dmem.v:22]
WARNING: [Synth 8-5788] Register ram_reg[37] in module dmem is has both Set and reset with same priority. This may cause simulation mismatches. Consider rewriting code  [C:/Users/Sidarth Shahri/Documents/CMPE 140 Assignments/Assignment 7/Assignment_7.srcs/sources_1/imports/PATCHED_MIPS_single_cycle/single_cycle_mips_source_initial/memory/dmem.v:22]
WARNING: [Synth 8-5788] Register ram_reg[38] in module dmem is has both Set and reset with same priority. This may cause simulation mismatches. Consider rewriting code  [C:/Users/Sidarth Shahri/Documents/CMPE 140 Assignments/Assignment 7/Assignment_7.srcs/sources_1/imports/PATCHED_MIPS_single_cycle/single_cycle_mips_source_initial/memory/dmem.v:22]
WARNING: [Synth 8-5788] Register ram_reg[39] in module dmem is has both Set and reset with same priority. This may cause simulation mismatches. Consider rewriting code  [C:/Users/Sidarth Shahri/Documents/CMPE 140 Assignments/Assignment 7/Assignment_7.srcs/sources_1/imports/PATCHED_MIPS_single_cycle/single_cycle_mips_source_initial/memory/dmem.v:22]
WARNING: [Synth 8-5788] Register ram_reg[40] in module dmem is has both Set and reset with same priority. This may cause simulation mismatches. Consider rewriting code  [C:/Users/Sidarth Shahri/Documents/CMPE 140 Assignments/Assignment 7/Assignment_7.srcs/sources_1/imports/PATCHED_MIPS_single_cycle/single_cycle_mips_source_initial/memory/dmem.v:22]
WARNING: [Synth 8-5788] Register ram_reg[41] in module dmem is has both Set and reset with same priority. This may cause simulation mismatches. Consider rewriting code  [C:/Users/Sidarth Shahri/Documents/CMPE 140 Assignments/Assignment 7/Assignment_7.srcs/sources_1/imports/PATCHED_MIPS_single_cycle/single_cycle_mips_source_initial/memory/dmem.v:22]
WARNING: [Synth 8-5788] Register ram_reg[42] in module dmem is has both Set and reset with same priority. This may cause simulation mismatches. Consider rewriting code  [C:/Users/Sidarth Shahri/Documents/CMPE 140 Assignments/Assignment 7/Assignment_7.srcs/sources_1/imports/PATCHED_MIPS_single_cycle/single_cycle_mips_source_initial/memory/dmem.v:22]
WARNING: [Synth 8-5788] Register ram_reg[43] in module dmem is has both Set and reset with same priority. This may cause simulation mismatches. Consider rewriting code  [C:/Users/Sidarth Shahri/Documents/CMPE 140 Assignments/Assignment 7/Assignment_7.srcs/sources_1/imports/PATCHED_MIPS_single_cycle/single_cycle_mips_source_initial/memory/dmem.v:22]
WARNING: [Synth 8-5788] Register ram_reg[44] in module dmem is has both Set and reset with same priority. This may cause simulation mismatches. Consider rewriting code  [C:/Users/Sidarth Shahri/Documents/CMPE 140 Assignments/Assignment 7/Assignment_7.srcs/sources_1/imports/PATCHED_MIPS_single_cycle/single_cycle_mips_source_initial/memory/dmem.v:22]
WARNING: [Synth 8-5788] Register ram_reg[45] in module dmem is has both Set and reset with same priority. This may cause simulation mismatches. Consider rewriting code  [C:/Users/Sidarth Shahri/Documents/CMPE 140 Assignments/Assignment 7/Assignment_7.srcs/sources_1/imports/PATCHED_MIPS_single_cycle/single_cycle_mips_source_initial/memory/dmem.v:22]
WARNING: [Synth 8-5788] Register ram_reg[46] in module dmem is has both Set and reset with same priority. This may cause simulation mismatches. Consider rewriting code  [C:/Users/Sidarth Shahri/Documents/CMPE 140 Assignments/Assignment 7/Assignment_7.srcs/sources_1/imports/PATCHED_MIPS_single_cycle/single_cycle_mips_source_initial/memory/dmem.v:22]
WARNING: [Synth 8-5788] Register ram_reg[47] in module dmem is has both Set and reset with same priority. This may cause simulation mismatches. Consider rewriting code  [C:/Users/Sidarth Shahri/Documents/CMPE 140 Assignments/Assignment 7/Assignment_7.srcs/sources_1/imports/PATCHED_MIPS_single_cycle/single_cycle_mips_source_initial/memory/dmem.v:22]
WARNING: [Synth 8-5788] Register ram_reg[48] in module dmem is has both Set and reset with same priority. This may cause simulation mismatches. Consider rewriting code  [C:/Users/Sidarth Shahri/Documents/CMPE 140 Assignments/Assignment 7/Assignment_7.srcs/sources_1/imports/PATCHED_MIPS_single_cycle/single_cycle_mips_source_initial/memory/dmem.v:22]
WARNING: [Synth 8-5788] Register ram_reg[49] in module dmem is has both Set and reset with same priority. This may cause simulation mismatches. Consider rewriting code  [C:/Users/Sidarth Shahri/Documents/CMPE 140 Assignments/Assignment 7/Assignment_7.srcs/sources_1/imports/PATCHED_MIPS_single_cycle/single_cycle_mips_source_initial/memory/dmem.v:22]
WARNING: [Synth 8-5788] Register ram_reg[50] in module dmem is has both Set and reset with same priority. This may cause simulation mismatches. Consider rewriting code  [C:/Users/Sidarth Shahri/Documents/CMPE 140 Assignments/Assignment 7/Assignment_7.srcs/sources_1/imports/PATCHED_MIPS_single_cycle/single_cycle_mips_source_initial/memory/dmem.v:22]
WARNING: [Synth 8-5788] Register ram_reg[51] in module dmem is has both Set and reset with same priority. This may cause simulation mismatches. Consider rewriting code  [C:/Users/Sidarth Shahri/Documents/CMPE 140 Assignments/Assignment 7/Assignment_7.srcs/sources_1/imports/PATCHED_MIPS_single_cycle/single_cycle_mips_source_initial/memory/dmem.v:22]
WARNING: [Synth 8-5788] Register ram_reg[52] in module dmem is has both Set and reset with same priority. This may cause simulation mismatches. Consider rewriting code  [C:/Users/Sidarth Shahri/Documents/CMPE 140 Assignments/Assignment 7/Assignment_7.srcs/sources_1/imports/PATCHED_MIPS_single_cycle/single_cycle_mips_source_initial/memory/dmem.v:22]
WARNING: [Synth 8-5788] Register ram_reg[53] in module dmem is has both Set and reset with same priority. This may cause simulation mismatches. Consider rewriting code  [C:/Users/Sidarth Shahri/Documents/CMPE 140 Assignments/Assignment 7/Assignment_7.srcs/sources_1/imports/PATCHED_MIPS_single_cycle/single_cycle_mips_source_initial/memory/dmem.v:22]
WARNING: [Synth 8-5788] Register ram_reg[54] in module dmem is has both Set and reset with same priority. This may cause simulation mismatches. Consider rewriting code  [C:/Users/Sidarth Shahri/Documents/CMPE 140 Assignments/Assignment 7/Assignment_7.srcs/sources_1/imports/PATCHED_MIPS_single_cycle/single_cycle_mips_source_initial/memory/dmem.v:22]
WARNING: [Synth 8-5788] Register ram_reg[55] in module dmem is has both Set and reset with same priority. This may cause simulation mismatches. Consider rewriting code  [C:/Users/Sidarth Shahri/Documents/CMPE 140 Assignments/Assignment 7/Assignment_7.srcs/sources_1/imports/PATCHED_MIPS_single_cycle/single_cycle_mips_source_initial/memory/dmem.v:22]
WARNING: [Synth 8-5788] Register ram_reg[56] in module dmem is has both Set and reset with same priority. This may cause simulation mismatches. Consider rewriting code  [C:/Users/Sidarth Shahri/Documents/CMPE 140 Assignments/Assignment 7/Assignment_7.srcs/sources_1/imports/PATCHED_MIPS_single_cycle/single_cycle_mips_source_initial/memory/dmem.v:22]
WARNING: [Synth 8-5788] Register ram_reg[57] in module dmem is has both Set and reset with same priority. This may cause simulation mismatches. Consider rewriting code  [C:/Users/Sidarth Shahri/Documents/CMPE 140 Assignments/Assignment 7/Assignment_7.srcs/sources_1/imports/PATCHED_MIPS_single_cycle/single_cycle_mips_source_initial/memory/dmem.v:22]
WARNING: [Synth 8-5788] Register ram_reg[58] in module dmem is has both Set and reset with same priority. This may cause simulation mismatches. Consider rewriting code  [C:/Users/Sidarth Shahri/Documents/CMPE 140 Assignments/Assignment 7/Assignment_7.srcs/sources_1/imports/PATCHED_MIPS_single_cycle/single_cycle_mips_source_initial/memory/dmem.v:22]
WARNING: [Synth 8-5788] Register ram_reg[59] in module dmem is has both Set and reset with same priority. This may cause simulation mismatches. Consider rewriting code  [C:/Users/Sidarth Shahri/Documents/CMPE 140 Assignments/Assignment 7/Assignment_7.srcs/sources_1/imports/PATCHED_MIPS_single_cycle/single_cycle_mips_source_initial/memory/dmem.v:22]
WARNING: [Synth 8-5788] Register ram_reg[60] in module dmem is has both Set and reset with same priority. This may cause simulation mismatches. Consider rewriting code  [C:/Users/Sidarth Shahri/Documents/CMPE 140 Assignments/Assignment 7/Assignment_7.srcs/sources_1/imports/PATCHED_MIPS_single_cycle/single_cycle_mips_source_initial/memory/dmem.v:22]
WARNING: [Synth 8-5788] Register ram_reg[61] in module dmem is has both Set and reset with same priority. This may cause simulation mismatches. Consider rewriting code  [C:/Users/Sidarth Shahri/Documents/CMPE 140 Assignments/Assignment 7/Assignment_7.srcs/sources_1/imports/PATCHED_MIPS_single_cycle/single_cycle_mips_source_initial/memory/dmem.v:22]
WARNING: [Synth 8-5788] Register ram_reg[62] in module dmem is has both Set and reset with same priority. This may cause simulation mismatches. Consider rewriting code  [C:/Users/Sidarth Shahri/Documents/CMPE 140 Assignments/Assignment 7/Assignment_7.srcs/sources_1/imports/PATCHED_MIPS_single_cycle/single_cycle_mips_source_initial/memory/dmem.v:22]
WARNING: [Synth 8-5788] Register ram_reg[63] in module dmem is has both Set and reset with same priority. This may cause simulation mismatches. Consider rewriting code  [C:/Users/Sidarth Shahri/Documents/CMPE 140 Assignments/Assignment 7/Assignment_7.srcs/sources_1/imports/PATCHED_MIPS_single_cycle/single_cycle_mips_source_initial/memory/dmem.v:22]
INFO: [Synth 8-6155] done synthesizing module 'dmem' (18#1) [C:/Users/Sidarth Shahri/Documents/CMPE 140 Assignments/Assignment 7/Assignment_7.srcs/sources_1/imports/PATCHED_MIPS_single_cycle/single_cycle_mips_source_initial/memory/dmem.v:1]
INFO: [Synth 8-6155] done synthesizing module 'mips_top' (19#1) [C:/Users/Sidarth Shahri/Documents/CMPE 140 Assignments/Assignment 7/Assignment_7.srcs/sources_1/imports/PATCHED_MIPS_single_cycle/single_cycle_mips_source_initial/mips/mips_top.v:1]
INFO: [Synth 8-6157] synthesizing module 'hex_to_7seg' [C:/Users/Sidarth Shahri/Documents/CMPE 140 Assignments/Assignment 7/Assignment_7.srcs/sources_1/imports/PATCHED_MIPS_single_cycle/validation_wrapper/hex_to_7seg.v:1]
INFO: [Synth 8-226] default block is never used [C:/Users/Sidarth Shahri/Documents/CMPE 140 Assignments/Assignment 7/Assignment_7.srcs/sources_1/imports/PATCHED_MIPS_single_cycle/validation_wrapper/hex_to_7seg.v:7]
INFO: [Synth 8-6155] done synthesizing module 'hex_to_7seg' (20#1) [C:/Users/Sidarth Shahri/Documents/CMPE 140 Assignments/Assignment 7/Assignment_7.srcs/sources_1/imports/PATCHED_MIPS_single_cycle/validation_wrapper/hex_to_7seg.v:1]
INFO: [Synth 8-6157] synthesizing module 'led_mux' [C:/Users/Sidarth Shahri/Documents/CMPE 140 Assignments/Assignment 7/Assignment_7.srcs/sources_1/imports/PATCHED_MIPS_single_cycle/validation_wrapper/led_mux.v:1]
INFO: [Synth 8-226] default block is never used [C:/Users/Sidarth Shahri/Documents/CMPE 140 Assignments/Assignment 7/Assignment_7.srcs/sources_1/imports/PATCHED_MIPS_single_cycle/validation_wrapper/led_mux.v:20]
INFO: [Synth 8-6155] done synthesizing module 'led_mux' (21#1) [C:/Users/Sidarth Shahri/Documents/CMPE 140 Assignments/Assignment 7/Assignment_7.srcs/sources_1/imports/PATCHED_MIPS_single_cycle/validation_wrapper/led_mux.v:1]
INFO: [Synth 8-6155] done synthesizing module 'mips_fpga' (22#1) [C:/Users/Sidarth Shahri/Documents/CMPE 140 Assignments/Assignment 7/Assignment_7.srcs/sources_1/imports/validation_wrapper/mips_fpga.v:1]
WARNING: [Synth 8-3331] design datapath has unconnected port instr[31]
WARNING: [Synth 8-3331] design datapath has unconnected port instr[30]
WARNING: [Synth 8-3331] design datapath has unconnected port instr[29]
WARNING: [Synth 8-3331] design datapath has unconnected port instr[28]
WARNING: [Synth 8-3331] design datapath has unconnected port instr[27]
WARNING: [Synth 8-3331] design datapath has unconnected port instr[26]
---------------------------------------------------------------------------------
Finished RTL Elaboration : Time (s): cpu = 00:00:11 ; elapsed = 00:00:12 . Memory (MB): peak = 885.355 ; gain = 123.512
---------------------------------------------------------------------------------

Report Check Netlist: 
+------+------------------+-------+---------+-------+------------------+
|      |Item              |Errors |Warnings |Status |Description       |
+------+------------------+-------+---------+-------+------------------+
|1     |multi_driven_nets |      0|        0|Passed |Multi driven nets |
+------+------------------+-------+---------+-------+------------------+
---------------------------------------------------------------------------------
Start Handling Custom Attributes
---------------------------------------------------------------------------------
---------------------------------------------------------------------------------
Finished Handling Custom Attributes : Time (s): cpu = 00:00:12 ; elapsed = 00:00:13 . Memory (MB): peak = 885.355 ; gain = 123.512
---------------------------------------------------------------------------------
---------------------------------------------------------------------------------
Finished RTL Optimization Phase 1 : Time (s): cpu = 00:00:12 ; elapsed = 00:00:13 . Memory (MB): peak = 885.355 ; gain = 123.512
---------------------------------------------------------------------------------
INFO: [Device 21-403] Loading part xc7a35tcpg236-2L
INFO: [Project 1-570] Preparing netlist for logic optimization

Processing XDC Constraints
Initializing timing engine
Parsing XDC File [C:/Users/Sidarth Shahri/Documents/CMPE 140 Assignments/Assignment 7/Assignment_7.srcs/constrs_1/imports/validation_wrapper/mips_fpga.xdc]
Finished Parsing XDC File [C:/Users/Sidarth Shahri/Documents/CMPE 140 Assignments/Assignment 7/Assignment_7.srcs/constrs_1/imports/validation_wrapper/mips_fpga.xdc]
Completed Processing XDC Constraints

INFO: [Opt 31-138] Pushed 0 inverter(s) to 0 load pin(s).
Netlist sorting complete. Time (s): cpu = 00:00:00 ; elapsed = 00:00:00.004 . Memory (MB): peak = 1229.543 ; gain = 0.000
INFO: [Project 1-111] Unisim Transformation Summary:
No Unisim elements were transformed.

RTL Elaboration Complete:  : Time (s): cpu = 00:01:05 ; elapsed = 00:01:00 . Memory (MB): peak = 1264.625 ; gain = 502.781
54 Infos, 102 Warnings, 0 Critical Warnings and 0 Errors encountered.
synth_design completed successfully
synth_design: Time (s): cpu = 00:01:05 ; elapsed = 00:01:01 . Memory (MB): peak = 1264.625 ; gain = 502.781
launch_simulation
INFO: [Vivado 12-5682] Launching behavioral simulation in 'C:/Users/Sidarth Shahri/Documents/CMPE 140 Assignments/Assignment 7/Assignment_7.sim/sim_1/behav/xsim'
INFO: [SIM-utils-51] Simulation object is 'sim_1'
INFO: [SIM-utils-54] Inspecting design source files for 'tb_mips_top' in fileset 'sim_1'...
INFO: [SIM-utils-43] Exported 'C:/Users/Sidarth Shahri/Documents/CMPE 140 Assignments/Assignment 7/Assignment_7.sim/sim_1/behav/xsim/sll.dat'
INFO: [SIM-utils-43] Exported 'C:/Users/Sidarth Shahri/Documents/CMPE 140 Assignments/Assignment 7/Assignment_7.sim/sim_1/behav/xsim/memfile.dat'
INFO: [SIM-utils-43] Exported 'C:/Users/Sidarth Shahri/Documents/CMPE 140 Assignments/Assignment 7/Assignment_7.sim/sim_1/behav/xsim/test.dat'
INFO: [SIM-utils-43] Exported 'C:/Users/Sidarth Shahri/Documents/CMPE 140 Assignments/Assignment 7/Assignment_7.sim/sim_1/behav/xsim/sll.dat'
INFO: [SIM-utils-43] Exported 'C:/Users/Sidarth Shahri/Documents/CMPE 140 Assignments/Assignment 7/Assignment_7.sim/sim_1/behav/xsim/memfile.dat'
INFO: [SIM-utils-43] Exported 'C:/Users/Sidarth Shahri/Documents/CMPE 140 Assignments/Assignment 7/Assignment_7.sim/sim_1/behav/xsim/test.dat'
INFO: [SIM-utils-43] Exported 'C:/Users/Sidarth Shahri/Documents/CMPE 140 Assignments/Assignment 7/Assignment_7.sim/sim_1/behav/xsim/sll.dat'
INFO: [SIM-utils-43] Exported 'C:/Users/Sidarth Shahri/Documents/CMPE 140 Assignments/Assignment 7/Assignment_7.sim/sim_1/behav/xsim/memfile.dat'
INFO: [USF-XSim-97] Finding global include files...
INFO: [USF-XSim-98] Fetching design files from 'sim_1'...
INFO: [USF-XSim-2] XSim::Compile design
INFO: [USF-XSim-61] Executing 'COMPILE and ANALYZE' step in 'C:/Users/Sidarth Shahri/Documents/CMPE 140 Assignments/Assignment 7/Assignment_7.sim/sim_1/behav/xsim'
"xvlog --incr --relax -prj tb_mips_top_vlog.prj"
INFO: [VRFC 10-2263] Analyzing Verilog file "C:/Users/Sidarth Shahri/Documents/CMPE 140 Assignments/Assignment 7/Assignment_7.srcs/sources_1/imports/PATCHED_MIPS_single_cycle/single_cycle_mips_source_initial/datapath/adder.v" into library xil_defaultlib
INFO: [VRFC 10-311] analyzing module adder
INFO: [VRFC 10-2263] Analyzing Verilog file "C:/Users/Sidarth Shahri/Documents/CMPE 140 Assignments/Assignment 7/Assignment_7.srcs/sources_1/imports/PATCHED_MIPS_single_cycle/single_cycle_mips_source_initial/datapath/alu.v" into library xil_defaultlib
INFO: [VRFC 10-311] analyzing module alu
INFO: [VRFC 10-2263] Analyzing Verilog file "C:/Users/Sidarth Shahri/Documents/CMPE 140 Assignments/Assignment 7/Assignment_7.srcs/sources_1/imports/PATCHED_MIPS_single_cycle/single_cycle_mips_source_initial/control_unit/auxdec.v" into library xil_defaultlib
INFO: [VRFC 10-311] analyzing module auxdec
INFO: [VRFC 10-2263] Analyzing Verilog file "C:/Users/Sidarth Shahri/Documents/CMPE 140 Assignments/Assignment 7/Assignment_7.srcs/sources_1/imports/PATCHED_MIPS_single_cycle/single_cycle_mips_source_initial/control_unit/controlunit.v" into library xil_defaultlib
INFO: [VRFC 10-311] analyzing module controlunit
INFO: [VRFC 10-2263] Analyzing Verilog file "C:/Users/Sidarth Shahri/Documents/CMPE 140 Assignments/Assignment 7/Assignment_7.srcs/sources_1/imports/PATCHED_MIPS_single_cycle/single_cycle_mips_source_initial/datapath/datapath.v" into library xil_defaultlib
INFO: [VRFC 10-311] analyzing module datapath
INFO: [VRFC 10-2263] Analyzing Verilog file "C:/Users/Sidarth Shahri/Documents/CMPE 140 Assignments/Assignment 7/Assignment_7.srcs/sources_1/imports/PATCHED_MIPS_single_cycle/single_cycle_mips_source_initial/memory/dmem.v" into library xil_defaultlib
INFO: [VRFC 10-311] analyzing module dmem
INFO: [VRFC 10-2263] Analyzing Verilog file "C:/Users/Sidarth Shahri/Documents/CMPE 140 Assignments/Assignment 7/Assignment_7.srcs/sources_1/imports/PATCHED_MIPS_single_cycle/single_cycle_mips_source_initial/datapath/dreg.v" into library xil_defaultlib
INFO: [VRFC 10-311] analyzing module dreg
INFO: [VRFC 10-2263] Analyzing Verilog file "C:/Users/Sidarth Shahri/Documents/CMPE 140 Assignments/Assignment 7/Assignment_7.srcs/sources_1/imports/PATCHED_MIPS_single_cycle/single_cycle_mips_source_initial/memory/imem.v" into library xil_defaultlib
INFO: [VRFC 10-311] analyzing module imem
INFO: [VRFC 10-2263] Analyzing Verilog file "C:/Users/Sidarth Shahri/Documents/CMPE 140 Assignments/Assignment 7/Assignment_7.srcs/sources_1/imports/PATCHED_MIPS_single_cycle/single_cycle_mips_source_initial/control_unit/maindec.v" into library xil_defaultlib
INFO: [VRFC 10-311] analyzing module maindec
INFO: [VRFC 10-2263] Analyzing Verilog file "C:/Users/Sidarth Shahri/Documents/CMPE 140 Assignments/Assignment 7/Assignment_7.srcs/sources_1/imports/PATCHED_MIPS_single_cycle/single_cycle_mips_source_initial/mips/mips.v" into library xil_defaultlib
INFO: [VRFC 10-311] analyzing module mips
INFO: [VRFC 10-2263] Analyzing Verilog file "C:/Users/Sidarth Shahri/Documents/CMPE 140 Assignments/Assignment 7/Assignment_7.srcs/sources_1/imports/PATCHED_MIPS_single_cycle/single_cycle_mips_source_initial/mips/mips_top.v" into library xil_defaultlib
INFO: [VRFC 10-311] analyzing module mips_top
INFO: [VRFC 10-2263] Analyzing Verilog file "C:/Users/Sidarth Shahri/Documents/CMPE 140 Assignments/Assignment 7/Assignment_7.srcs/sources_1/new/mult.v" into library xil_defaultlib
INFO: [VRFC 10-311] analyzing module mult
INFO: [VRFC 10-2263] Analyzing Verilog file "C:/Users/Sidarth Shahri/Documents/CMPE 140 Assignments/Assignment 7/Assignment_7.srcs/sources_1/imports/PATCHED_MIPS_single_cycle/single_cycle_mips_source_initial/datapath/mux2.v" into library xil_defaultlib
INFO: [VRFC 10-311] analyzing module mux2
INFO: [VRFC 10-2263] Analyzing Verilog file "C:/Users/Sidarth Shahri/Documents/CMPE 140 Assignments/Assignment 7/Assignment_7.srcs/sources_1/imports/PATCHED_MIPS_single_cycle/single_cycle_mips_source_initial/datapath/regfile.v" into library xil_defaultlib
INFO: [VRFC 10-311] analyzing module regfile
INFO: [VRFC 10-2263] Analyzing Verilog file "C:/Users/Sidarth Shahri/Documents/CMPE 140 Assignments/Assignment 7/Assignment_7.srcs/sources_1/new/shifter.v" into library xil_defaultlib
INFO: [VRFC 10-311] analyzing module shifter
INFO: [VRFC 10-2263] Analyzing Verilog file "C:/Users/Sidarth Shahri/Documents/CMPE 140 Assignments/Assignment 7/Assignment_7.srcs/sources_1/imports/PATCHED_MIPS_single_cycle/single_cycle_mips_source_initial/datapath/signext.v" into library xil_defaultlib
INFO: [VRFC 10-311] analyzing module signext
INFO: [VRFC 10-2263] Analyzing Verilog file "C:/Users/Sidarth Shahri/Documents/CMPE 140 Assignments/Assignment 7/Assignment_7.srcs/sources_1/new/we_dreg.v" into library xil_defaultlib
INFO: [VRFC 10-311] analyzing module we_dreg
INFO: [VRFC 10-2263] Analyzing Verilog file "C:/Users/Sidarth Shahri/Documents/CMPE 140 Assignments/Assignment 7/Assignment_7.srcs/sim_1/imports/testbench/tb_mips_top.v" into library xil_defaultlib
INFO: [VRFC 10-311] analyzing module tb_mips_top
INFO: [USF-XSim-69] 'compile' step finished in '3' seconds
INFO: [USF-XSim-3] XSim::Elaborate design
INFO: [USF-XSim-61] Executing 'ELABORATE' step in 'C:/Users/Sidarth Shahri/Documents/CMPE 140 Assignments/Assignment 7/Assignment_7.sim/sim_1/behav/xsim'
Vivado Simulator 2018.3
Copyright 1986-1999, 2001-2018 Xilinx, Inc. All Rights Reserved.
Running: C:/Xilinx/Vivado/2018.3/bin/unwrapped/win64.o/xelab.exe -wto 85de06427fed4e7b94a481af1c5c1e70 --incr --debug typical --relax --mt 2 -L xil_defaultlib -L unisims_ver -L unimacro_ver -L secureip --snapshot tb_mips_top_behav xil_defaultlib.tb_mips_top xil_defaultlib.glbl -log elaborate.log 
Using 2 slave threads.
Starting static elaboration
Completed static elaboration
Starting simulation data flow analysis
WARNING: [XSIM 43-4099] "C:/Users/Sidarth Shahri/Documents/CMPE 140 Assignments/Assignment 7/Assignment_7.srcs/sources_1/imports/PATCHED_MIPS_single_cycle/single_cycle_mips_source_initial/mips/mips_top.v" Line 1. Module mips_top doesn't have a timescale but at least one module in design has a timescale.
WARNING: [XSIM 43-4099] "C:/Users/Sidarth Shahri/Documents/CMPE 140 Assignments/Assignment 7/Assignment_7.srcs/sources_1/imports/PATCHED_MIPS_single_cycle/single_cycle_mips_source_initial/mips/mips.v" Line 1. Module mips doesn't have a timescale but at least one module in design has a timescale.
WARNING: [XSIM 43-4099] "C:/Users/Sidarth Shahri/Documents/CMPE 140 Assignments/Assignment 7/Assignment_7.srcs/sources_1/imports/PATCHED_MIPS_single_cycle/single_cycle_mips_source_initial/datapath/datapath.v" Line 1. Module datapath doesn't have a timescale but at least one module in design has a timescale.
WARNING: [XSIM 43-4099] "C:/Users/Sidarth Shahri/Documents/CMPE 140 Assignments/Assignment 7/Assignment_7.srcs/sources_1/imports/PATCHED_MIPS_single_cycle/single_cycle_mips_source_initial/datapath/dreg.v" Line 1. Module dreg doesn't have a timescale but at least one module in design has a timescale.
WARNING: [XSIM 43-4099] "C:/Users/Sidarth Shahri/Documents/CMPE 140 Assignments/Assignment 7/Assignment_7.srcs/sources_1/imports/PATCHED_MIPS_single_cycle/single_cycle_mips_source_initial/datapath/adder.v" Line 1. Module adder doesn't have a timescale but at least one module in design has a timescale.
WARNING: [XSIM 43-4099] "C:/Users/Sidarth Shahri/Documents/CMPE 140 Assignments/Assignment 7/Assignment_7.srcs/sources_1/imports/PATCHED_MIPS_single_cycle/single_cycle_mips_source_initial/datapath/adder.v" Line 1. Module adder doesn't have a timescale but at least one module in design has a timescale.
WARNING: [XSIM 43-4099] "C:/Users/Sidarth Shahri/Documents/CMPE 140 Assignments/Assignment 7/Assignment_7.srcs/sources_1/imports/PATCHED_MIPS_single_cycle/single_cycle_mips_source_initial/datapath/alu.v" Line 1. Module alu doesn't have a timescale but at least one module in design has a timescale.
WARNING: [XSIM 43-4099] "C:/Users/Sidarth Shahri/Documents/CMPE 140 Assignments/Assignment 7/Assignment_7.srcs/sources_1/imports/PATCHED_MIPS_single_cycle/single_cycle_mips_source_initial/control_unit/controlunit.v" Line 1. Module controlunit doesn't have a timescale but at least one module in design has a timescale.
WARNING: [XSIM 43-4099] "C:/Users/Sidarth Shahri/Documents/CMPE 140 Assignments/Assignment 7/Assignment_7.srcs/sources_1/imports/PATCHED_MIPS_single_cycle/single_cycle_mips_source_initial/control_unit/maindec.v" Line 1. Module maindec doesn't have a timescale but at least one module in design has a timescale.
WARNING: [XSIM 43-4099] "C:/Users/Sidarth Shahri/Documents/CMPE 140 Assignments/Assignment 7/Assignment_7.srcs/sources_1/imports/PATCHED_MIPS_single_cycle/single_cycle_mips_source_initial/control_unit/auxdec.v" Line 1. Module auxdec doesn't have a timescale but at least one module in design has a timescale.
WARNING: [XSIM 43-4099] "C:/Users/Sidarth Shahri/Documents/CMPE 140 Assignments/Assignment 7/Assignment_7.srcs/sources_1/imports/PATCHED_MIPS_single_cycle/single_cycle_mips_source_initial/memory/imem.v" Line 1. Module imem doesn't have a timescale but at least one module in design has a timescale.
WARNING: [XSIM 43-4099] "C:/Users/Sidarth Shahri/Documents/CMPE 140 Assignments/Assignment 7/Assignment_7.srcs/sources_1/imports/PATCHED_MIPS_single_cycle/single_cycle_mips_source_initial/memory/dmem.v" Line 1. Module dmem doesn't have a timescale but at least one module in design has a timescale.
Completed simulation data flow analysis
Time Resolution for simulation is 1ps
Compiling module xil_defaultlib.dreg
Compiling module xil_defaultlib.adder
Compiling module xil_defaultlib.mux2(WIDTH=32)
Compiling module xil_defaultlib.mux2(WIDTH=5)
Compiling module xil_defaultlib.regfile
Compiling module xil_defaultlib.signext
Compiling module xil_defaultlib.alu
Compiling module xil_defaultlib.mult
Compiling module xil_defaultlib.we_dreg
Compiling module xil_defaultlib.shifter
Compiling module xil_defaultlib.datapath
Compiling module xil_defaultlib.maindec
Compiling module xil_defaultlib.auxdec
Compiling module xil_defaultlib.controlunit
Compiling module xil_defaultlib.mips
Compiling module xil_defaultlib.imem
Compiling module xil_defaultlib.dmem
Compiling module xil_defaultlib.mips_top
Compiling module xil_defaultlib.tb_mips_top
Compiling module xil_defaultlib.glbl
Built simulation snapshot tb_mips_top_behav

****** Webtalk v2018.3 (64-bit)
  **** SW Build 2405991 on Thu Dec  6 23:38:27 MST 2018
  **** IP Build 2404404 on Fri Dec  7 01:43:56 MST 2018
    ** Copyright 1986-2018 Xilinx, Inc. All Rights Reserved.

source C:/Users/Sidarth -notrace
couldn't read file "C:/Users/Sidarth": no such file or directory
INFO: [Common 17-206] Exiting Webtalk at Thu Nov  7 15:41:49 2019...
run_program: Time (s): cpu = 00:00:02 ; elapsed = 00:00:12 . Memory (MB): peak = 1269.344 ; gain = 0.000
INFO: [USF-XSim-69] 'elaborate' step finished in '12' seconds
INFO: [USF-XSim-4] XSim::Simulate design
INFO: [USF-XSim-61] Executing 'SIMULATE' step in 'C:/Users/Sidarth Shahri/Documents/CMPE 140 Assignments/Assignment 7/Assignment_7.sim/sim_1/behav/xsim'
INFO: [USF-XSim-98] *** Running xsim
   with args "tb_mips_top_behav -key {Behavioral:sim_1:Functional:tb_mips_top} -tclbatch {tb_mips_top.tcl} -log {simulate.log}"
INFO: [USF-XSim-8] Loading simulator feature
Vivado Simulator 2018.3
Time resolution is 1 ps
source tb_mips_top.tcl
# set curr_wave [current_wave_config]
# if { [string length $curr_wave] == 0 } {
#   if { [llength [get_objects]] > 0} {
#     add_wave /
#     set_property needs_save false [current_wave_config]
#   } else {
#      send_msg_id Add_Wave-1 WARNING "No top level signals found. Simulator will start without a wave window. If you want to open a wave window go to 'File->New Waveform Configuration' or type 'create_wave_config' in the TCL console."
#   }
# }
# run 1000ns
$finish called at time : 550 ns : File "C:/Users/Sidarth Shahri/Documents/CMPE 140 Assignments/Assignment 7/Assignment_7.srcs/sim_1/imports/testbench/tb_mips_top.v" Line 71
xsim: Time (s): cpu = 00:00:13 ; elapsed = 00:00:10 . Memory (MB): peak = 1289.480 ; gain = 20.137
INFO: [USF-XSim-96] XSim completed. Design snapshot 'tb_mips_top_behav' loaded.
INFO: [USF-XSim-97] XSim simulation ran for 1000ns
launch_simulation: Time (s): cpu = 00:00:20 ; elapsed = 00:00:30 . Memory (MB): peak = 1289.480 ; gain = 20.137
close_sim
