INFO: [VRFC 10-2263] Analyzing Verilog file "C:/Users/Sidarth Shahri/Documents/CMPE 140 Assignments/Assignment_1/Assignment_1.srcs/sources_1/new/CMP_ERROR.v" into library xil_defaultlib
INFO: [VRFC 10-311] analyzing module CMP_ERROR
INFO: [VRFC 10-2263] Analyzing Verilog file "C:/Users/Sidarth Shahri/Documents/CMPE 140 Assignments/Assignment_1/Assignment_1.srcs/sources_1/new/CMP_GT.v" into library xil_defaultlib
INFO: [VRFC 10-311] analyzing module CMP_GT
INFO: [VRFC 10-2263] Analyzing Verilog file "C:/Users/Sidarth Shahri/Documents/CMPE 140 Assignments/Assignment_1/Assignment_1.srcs/sources_1/new/CNT.v" into library xil_defaultlib
INFO: [VRFC 10-311] analyzing module CNT
INFO: [VRFC 10-2263] Analyzing Verilog file "C:/Users/Sidarth Shahri/Documents/CMPE 140 Assignments/Assignment_1/Assignment_1.srcs/sources_1/new/CU.v" into library xil_defaultlib
INFO: [VRFC 10-311] analyzing module CU
INFO: [VRFC 10-2263] Analyzing Verilog file "C:/Users/Sidarth Shahri/Documents/CMPE 140 Assignments/Assignment_1/Assignment_1.srcs/sources_1/new/DP.v" into library xil_defaultlib
INFO: [VRFC 10-311] analyzing module DP
INFO: [VRFC 10-2263] Analyzing Verilog file "C:/Users/Sidarth Shahri/Documents/CMPE 140 Assignments/Assignment_1/Assignment_1.srcs/sources_1/new/Factorial.v" into library xil_defaultlib
INFO: [VRFC 10-311] analyzing module Factorial
INFO: [VRFC 10-2263] Analyzing Verilog file "C:/Users/Sidarth Shahri/Documents/CMPE 140 Assignments/Assignment_1/Assignment_1.srcs/sources_1/new/MUL.v" into library xil_defaultlib
INFO: [VRFC 10-311] analyzing module MUL
INFO: [VRFC 10-2263] Analyzing Verilog file "C:/Users/Sidarth Shahri/Documents/CMPE 140 Assignments/Assignment_1/Assignment_1.srcs/sources_1/new/MUX.v" into library xil_defaultlib
INFO: [VRFC 10-311] analyzing module MUX
INFO: [VRFC 10-2263] Analyzing Verilog file "C:/Users/Sidarth Shahri/Documents/CMPE 140 Assignments/Assignment_1/Assignment_1.srcs/sources_1/new/REG.v" into library xil_defaultlib
INFO: [VRFC 10-311] analyzing module REG
INFO: [VRFC 10-2263] Analyzing Verilog file "C:/Users/Sidarth Shahri/Documents/CMPE 140 Assignments/Assignment_1/Assignment_1.srcs/sources_1/new/Factorial_tb.v" into library xil_defaultlib
INFO: [VRFC 10-311] analyzing module Factorial_tb
