#-----------------------------------------------------------
# Vivado v2018.3 (64-bit)
# SW Build 2405991 on Thu Dec  6 23:38:27 MST 2018
# IP Build 2404404 on Fri Dec  7 01:43:56 MST 2018
# Start of session at: Sat Nov 23 17:41:35 2019
# Process ID: 8812
# Current directory: C:/Users/Sidarth Shahri/Documents/CMPE 140 Assignments/Assignment 8/Single_Cycle_with_Factorial_GPIO
# Command line: vivado.exe -gui_launcher_event rodinguilauncherevent1484 C:\Users\Sidarth Shahri\Documents\CMPE 140 Assignments\Assignment 8\Single_Cycle_with_Factorial_GPIO\Single_Cycle_with_Factorial_GPIO.xpr
# Log file: C:/Users/Sidarth Shahri/Documents/CMPE 140 Assignments/Assignment 8/Single_Cycle_with_Factorial_GPIO/vivado.log
# Journal file: C:/Users/Sidarth Shahri/Documents/CMPE 140 Assignments/Assignment 8/Single_Cycle_with_Factorial_GPIO\vivado.jou
#-----------------------------------------------------------
start_gui
open_project {C:/Users/Sidarth Shahri/Documents/CMPE 140 Assignments/Assignment 8/Single_Cycle_with_Factorial_GPIO/Single_Cycle_with_Factorial_GPIO.xpr}
INFO: [ProjectBase 1-489] The host OS only allows 260 characters in a normal path. The project is stored in a path with more than 80 characters. If you experience issues with IP, Block Designs, or files not being found, please consider moving the project to a location with a shorter path. Alternately consider using the OS subst command to map part of the path to a drive letter.
Current project path is 'C:/Users/Sidarth Shahri/Documents/CMPE 140 Assignments/Assignment 8/Single_Cycle_with_Factorial_GPIO'
Scanning sources...
Finished scanning sources
INFO: [IP_Flow 19-234] Refreshing IP repositories
INFO: [IP_Flow 19-1704] No user IP repositories specified
INFO: [IP_Flow 19-2313] Loaded Vivado IP repository 'C:/Xilinx/Vivado/2018.3/data/ip'.
open_project: Time (s): cpu = 00:00:16 ; elapsed = 00:00:09 . Memory (MB): peak = 731.516 ; gain = 116.852
update_compile_order -fileset sources_1
open_hw
connect_hw_server
INFO: [Labtools 27-2285] Connecting to hw_server url TCP:localhost:3121
INFO: [Labtools 27-2222] Launching hw_server...
INFO: [Labtools 27-2221] Launch Output:

****** Xilinx hw_server v2018.3
  **** Build date : Dec  7 2018-00:40:27
    ** Copyright 1986-2018 Xilinx, Inc. All Rights Reserved.


open_hw_target
INFO: [Labtoolstcl 44-466] Opening hw_target localhost:3121/xilinx_tcf/Digilent/210183AB4454A
open_hw_target: Time (s): cpu = 00:00:06 ; elapsed = 00:00:06 . Memory (MB): peak = 1740.008 ; gain = 937.641
set_property PROGRAM.FILE {C:/Users/Sidarth Shahri/Documents/CMPE 140 Assignments/Assignment 8/Single_Cycle_with_Factorial_GPIO/Single_Cycle_with_Factorial_GPIO.runs/impl_1/fpga_Single_Cycle_SoC.bit} [get_hw_devices xc7a35t_0]
current_hw_device [get_hw_devices xc7a35t_0]
refresh_hw_device -update_hw_probes false [lindex [get_hw_devices xc7a35t_0] 0]
INFO: [Labtools 27-1434] Device xc7a35t (JTAG device index = 0) is programmed with a design that has no supported debug core(s) in it.
set_property PROBES.FILE {} [get_hw_devices xc7a35t_0]
set_property FULL_PROBES.FILE {} [get_hw_devices xc7a35t_0]
set_property PROGRAM.FILE {C:/Users/Sidarth Shahri/Documents/CMPE 140 Assignments/Assignment 8/Single_Cycle_with_Factorial_GPIO/Single_Cycle_with_Factorial_GPIO.runs/impl_1/fpga_Single_Cycle_SoC.bit} [get_hw_devices xc7a35t_0]
program_hw_devices [get_hw_devices xc7a35t_0]
INFO: [Labtools 27-3164] End of startup status: HIGH
refresh_hw_device [lindex [get_hw_devices xc7a35t_0] 0]
INFO: [Labtools 27-1434] Device xc7a35t (JTAG device index = 0) is programmed with a design that has no supported debug core(s) in it.
set_property PROBES.FILE {} [get_hw_devices xc7a35t_0]
set_property FULL_PROBES.FILE {} [get_hw_devices xc7a35t_0]
set_property PROGRAM.FILE {C:/Users/Sidarth Shahri/Documents/CMPE 140 Assignments/Assignment 8/Single_Cycle_with_Factorial_GPIO/Single_Cycle_with_Factorial_GPIO.runs/impl_1/fpga_Single_Cycle_SoC.bit} [get_hw_devices xc7a35t_0]
program_hw_devices [get_hw_devices xc7a35t_0]
INFO: [Labtools 27-3164] End of startup status: HIGH
refresh_hw_device [lindex [get_hw_devices xc7a35t_0] 0]
INFO: [Labtools 27-1434] Device xc7a35t (JTAG device index = 0) is programmed with a design that has no supported debug core(s) in it.
close_hw
reset_run synth_1
launch_runs impl_1 -to_step write_bitstream
[Sat Nov 23 17:50:20 2019] Launched synth_1...
Run output will be captured here: C:/Users/Sidarth Shahri/Documents/CMPE 140 Assignments/Assignment 8/Single_Cycle_with_Factorial_GPIO/Single_Cycle_with_Factorial_GPIO.runs/synth_1/runme.log
[Sat Nov 23 17:50:20 2019] Launched impl_1...
Run output will be captured here: C:/Users/Sidarth Shahri/Documents/CMPE 140 Assignments/Assignment 8/Single_Cycle_with_Factorial_GPIO/Single_Cycle_with_Factorial_GPIO.runs/impl_1/runme.log
reset_run synth_1
launch_runs impl_1 -to_step write_bitstream
[Sat Nov 23 18:13:03 2019] Launched synth_1...
Run output will be captured here: C:/Users/Sidarth Shahri/Documents/CMPE 140 Assignments/Assignment 8/Single_Cycle_with_Factorial_GPIO/Single_Cycle_with_Factorial_GPIO.runs/synth_1/runme.log
[Sat Nov 23 18:13:03 2019] Launched impl_1...
Run output will be captured here: C:/Users/Sidarth Shahri/Documents/CMPE 140 Assignments/Assignment 8/Single_Cycle_with_Factorial_GPIO/Single_Cycle_with_Factorial_GPIO.runs/impl_1/runme.log
open_hw
connect_hw_server
INFO: [Labtools 27-2285] Connecting to hw_server url TCP:localhost:3121
INFO: [Labtools 27-2222] Launching hw_server...
INFO: [Labtools 27-2221] Launch Output:

****** Xilinx hw_server v2018.3
  **** Build date : Dec  7 2018-00:40:27
    ** Copyright 1986-2018 Xilinx, Inc. All Rights Reserved.


open_hw_target
INFO: [Labtoolstcl 44-466] Opening hw_target localhost:3121/xilinx_tcf/Digilent/210183AB4454A
set_property PROGRAM.FILE {C:/Users/Sidarth Shahri/Documents/CMPE 140 Assignments/Assignment 8/Single_Cycle_with_Factorial_GPIO/Single_Cycle_with_Factorial_GPIO.runs/impl_1/fpga_Single_Cycle_SoC.bit} [get_hw_devices xc7a35t_0]
current_hw_device [get_hw_devices xc7a35t_0]
refresh_hw_device -update_hw_probes false [lindex [get_hw_devices xc7a35t_0] 0]
INFO: [Labtools 27-1434] Device xc7a35t (JTAG device index = 0) is programmed with a design that has no supported debug core(s) in it.
set_property PROBES.FILE {} [get_hw_devices xc7a35t_0]
set_property FULL_PROBES.FILE {} [get_hw_devices xc7a35t_0]
set_property PROGRAM.FILE {C:/Users/Sidarth Shahri/Documents/CMPE 140 Assignments/Assignment 8/Single_Cycle_with_Factorial_GPIO/Single_Cycle_with_Factorial_GPIO.runs/impl_1/fpga_Single_Cycle_SoC.bit} [get_hw_devices xc7a35t_0]
program_hw_devices [get_hw_devices xc7a35t_0]
INFO: [Labtools 27-3164] End of startup status: HIGH
refresh_hw_device [lindex [get_hw_devices xc7a35t_0] 0]
INFO: [Labtools 27-1434] Device xc7a35t (JTAG device index = 0) is programmed with a design that has no supported debug core(s) in it.
close_hw
reset_run synth_1
launch_runs impl_1 -to_step write_bitstream
[Sat Nov 23 18:19:25 2019] Launched synth_1...
Run output will be captured here: C:/Users/Sidarth Shahri/Documents/CMPE 140 Assignments/Assignment 8/Single_Cycle_with_Factorial_GPIO/Single_Cycle_with_Factorial_GPIO.runs/synth_1/runme.log
[Sat Nov 23 18:19:25 2019] Launched impl_1...
Run output will be captured here: C:/Users/Sidarth Shahri/Documents/CMPE 140 Assignments/Assignment 8/Single_Cycle_with_Factorial_GPIO/Single_Cycle_with_Factorial_GPIO.runs/impl_1/runme.log
open_hw
connect_hw_server
INFO: [Labtools 27-2285] Connecting to hw_server url TCP:localhost:3121
INFO: [Labtools 27-2222] Launching hw_server...
INFO: [Labtools 27-2221] Launch Output:

****** Xilinx hw_server v2018.3
  **** Build date : Dec  7 2018-00:40:27
    ** Copyright 1986-2018 Xilinx, Inc. All Rights Reserved.


open_hw_target
INFO: [Labtoolstcl 44-466] Opening hw_target localhost:3121/xilinx_tcf/Digilent/210183AB4454A
set_property PROGRAM.FILE {C:/Users/Sidarth Shahri/Documents/CMPE 140 Assignments/Assignment 8/Single_Cycle_with_Factorial_GPIO/Single_Cycle_with_Factorial_GPIO.runs/impl_1/fpga_Single_Cycle_SoC.bit} [get_hw_devices xc7a35t_0]
current_hw_device [get_hw_devices xc7a35t_0]
refresh_hw_device -update_hw_probes false [lindex [get_hw_devices xc7a35t_0] 0]
INFO: [Labtools 27-1434] Device xc7a35t (JTAG device index = 0) is programmed with a design that has no supported debug core(s) in it.
set_property PROBES.FILE {} [get_hw_devices xc7a35t_0]
set_property FULL_PROBES.FILE {} [get_hw_devices xc7a35t_0]
set_property PROGRAM.FILE {C:/Users/Sidarth Shahri/Documents/CMPE 140 Assignments/Assignment 8/Single_Cycle_with_Factorial_GPIO/Single_Cycle_with_Factorial_GPIO.runs/impl_1/fpga_Single_Cycle_SoC.bit} [get_hw_devices xc7a35t_0]
program_hw_devices [get_hw_devices xc7a35t_0]
INFO: [Labtools 27-3164] End of startup status: HIGH
refresh_hw_device [lindex [get_hw_devices xc7a35t_0] 0]
INFO: [Labtools 27-1434] Device xc7a35t (JTAG device index = 0) is programmed with a design that has no supported debug core(s) in it.
close_hw
exit
INFO: [Common 17-206] Exiting Vivado at Sat Nov 23 18:27:39 2019...
