INFO: [VRFC 10-2263] Analyzing Verilog file "C:/Users/Sidarth Shahri/Documents/CMPE 140 Assignments/Assignment 8/Single_Cycle_with_Factorial_GPIO/Single_Cycle_with_Factorial_GPIO.srcs/sources_1/imports/new/CMP_ERROR.v" into library xil_defaultlib
INFO: [VRFC 10-311] analyzing module CMP_ERROR
INFO: [VRFC 10-2263] Analyzing Verilog file "C:/Users/Sidarth Shahri/Documents/CMPE 140 Assignments/Assignment 8/Single_Cycle_with_Factorial_GPIO/Single_Cycle_with_Factorial_GPIO.srcs/sources_1/imports/new/CMP_GT.v" into library xil_defaultlib
INFO: [VRFC 10-311] analyzing module CMP_GT
INFO: [VRFC 10-2263] Analyzing Verilog file "C:/Users/Sidarth Shahri/Documents/CMPE 140 Assignments/Assignment 8/Single_Cycle_with_Factorial_GPIO/Single_Cycle_with_Factorial_GPIO.srcs/sources_1/imports/new/CNT.v" into library xil_defaultlib
INFO: [VRFC 10-311] analyzing module CNT
INFO: [VRFC 10-2263] Analyzing Verilog file "C:/Users/Sidarth Shahri/Documents/CMPE 140 Assignments/Assignment 8/Single_Cycle_with_Factorial_GPIO/Single_Cycle_with_Factorial_GPIO.srcs/sources_1/imports/new/CU.v" into library xil_defaultlib
INFO: [VRFC 10-311] analyzing module CU
INFO: [VRFC 10-2263] Analyzing Verilog file "C:/Users/Sidarth Shahri/Documents/CMPE 140 Assignments/Assignment 8/Single_Cycle_with_Factorial_GPIO/Single_Cycle_with_Factorial_GPIO.srcs/sources_1/imports/new/DP.v" into library xil_defaultlib
INFO: [VRFC 10-311] analyzing module DP
INFO: [VRFC 10-2263] Analyzing Verilog file "C:/Users/Sidarth Shahri/Documents/CMPE 140 Assignments/Assignment 8/Single_Cycle_with_Factorial_GPIO/Single_Cycle_with_Factorial_GPIO.srcs/sources_1/imports/new/Factorial.v" into library xil_defaultlib
INFO: [VRFC 10-311] analyzing module Factorial
INFO: [VRFC 10-2263] Analyzing Verilog file "C:/Users/Sidarth Shahri/Documents/CMPE 140 Assignments/Assignment 8/Single_Cycle_with_Factorial_GPIO/Single_Cycle_with_Factorial_GPIO.srcs/sources_1/imports/new/MUL.v" into library xil_defaultlib
INFO: [VRFC 10-311] analyzing module MUL
INFO: [VRFC 10-2263] Analyzing Verilog file "C:/Users/Sidarth Shahri/Documents/CMPE 140 Assignments/Assignment 8/Single_Cycle_with_Factorial_GPIO/Single_Cycle_with_Factorial_GPIO.srcs/sources_1/imports/new/MUX.v" into library xil_defaultlib
INFO: [VRFC 10-311] analyzing module MUX
INFO: [VRFC 10-2263] Analyzing Verilog file "C:/Users/Sidarth Shahri/Documents/CMPE 140 Assignments/Assignment 8/Single_Cycle_with_Factorial_GPIO/Single_Cycle_with_Factorial_GPIO.srcs/sources_1/imports/new/REG.v" into library xil_defaultlib
INFO: [VRFC 10-311] analyzing module REG
INFO: [VRFC 10-2263] Analyzing Verilog file "C:/Users/Sidarth Shahri/Documents/CMPE 140 Assignments/Assignment 8/Single_Cycle_with_Factorial_GPIO/Single_Cycle_with_Factorial_GPIO.srcs/sources_1/new/fact_ad.v" into library xil_defaultlib
INFO: [VRFC 10-311] analyzing module fact_ad
INFO: [VRFC 10-2263] Analyzing Verilog file "C:/Users/Sidarth Shahri/Documents/CMPE 140 Assignments/Assignment 8/Single_Cycle_with_Factorial_GPIO/Single_Cycle_with_Factorial_GPIO.srcs/sources_1/new/fact_and.v" into library xil_defaultlib
INFO: [VRFC 10-311] analyzing module fact_and
INFO: [VRFC 10-2263] Analyzing Verilog file "C:/Users/Sidarth Shahri/Documents/CMPE 140 Assignments/Assignment 8/Single_Cycle_with_Factorial_GPIO/Single_Cycle_with_Factorial_GPIO.srcs/sources_1/new/fact_done_stat_reg.v" into library xil_defaultlib
INFO: [VRFC 10-311] analyzing module fact_done_stat_reg
INFO: [VRFC 10-2263] Analyzing Verilog file "C:/Users/Sidarth Shahri/Documents/CMPE 140 Assignments/Assignment 8/Single_Cycle_with_Factorial_GPIO/Single_Cycle_with_Factorial_GPIO.srcs/sources_1/new/fact_err_stat_reg.v" into library xil_defaultlib
INFO: [VRFC 10-311] analyzing module fact_err_stat_reg
INFO: [VRFC 10-2263] Analyzing Verilog file "C:/Users/Sidarth Shahri/Documents/CMPE 140 Assignments/Assignment 8/Single_Cycle_with_Factorial_GPIO/Single_Cycle_with_Factorial_GPIO.srcs/sources_1/new/fact_mux4.v" into library xil_defaultlib
INFO: [VRFC 10-311] analyzing module fact_mux4
INFO: [VRFC 10-2263] Analyzing Verilog file "C:/Users/Sidarth Shahri/Documents/CMPE 140 Assignments/Assignment 8/Single_Cycle_with_Factorial_GPIO/Single_Cycle_with_Factorial_GPIO.srcs/sources_1/new/fact_reg.v" into library xil_defaultlib
INFO: [VRFC 10-311] analyzing module fact_reg
INFO: [VRFC 10-2263] Analyzing Verilog file "C:/Users/Sidarth Shahri/Documents/CMPE 140 Assignments/Assignment 8/Single_Cycle_with_Factorial_GPIO/Single_Cycle_with_Factorial_GPIO.srcs/sources_1/new/fact_top.v" into library xil_defaultlib
INFO: [VRFC 10-311] analyzing module fact_top
INFO: [VRFC 10-2263] Analyzing Verilog file "C:/Users/Sidarth Shahri/Documents/CMPE 140 Assignments/Assignment 8/Single_Cycle_with_Factorial_GPIO/Single_Cycle_with_Factorial_GPIO.srcs/sim_1/new/tb_fact_top.v" into library xil_defaultlib
INFO: [VRFC 10-311] analyzing module tb_fact_top
