
*** Running vivado
    with args -log Factorial_FPGA.vds -m64 -product Vivado -mode batch -messageDb vivado.pb -notrace -source Factorial_FPGA.tcl


****** Vivado v2018.3 (64-bit)
  **** SW Build 2405991 on Thu Dec  6 23:38:27 MST 2018
  **** IP Build 2404404 on Fri Dec  7 01:43:56 MST 2018
    ** Copyright 1986-2018 Xilinx, Inc. All Rights Reserved.

source Factorial_FPGA.tcl -notrace
Command: synth_design -top Factorial_FPGA -part xc7a35tcpg236-2L
Starting synth_design
Attempting to get a license for feature 'Synthesis' and/or device 'xc7a35t'
INFO: [Common 17-349] Got license for feature 'Synthesis' and/or device 'xc7a35t'
INFO: Launching helper process for spawning children vivado processes
INFO: Helper process launched with PID 8384 
WARNING: [Synth 8-2292] literal value truncated to fit in 4 bits [C:/Users/Sidarth Shahri/Documents/CMPE 140 Assignments/Assignment_1/Assignment_1.srcs/sources_1/new/bin2hex32.v:35]
WARNING: [Synth 8-2292] literal value truncated to fit in 4 bits [C:/Users/Sidarth Shahri/Documents/CMPE 140 Assignments/Assignment_1/Assignment_1.srcs/sources_1/new/bin2hex32.v:36]
WARNING: [Synth 8-2292] literal value truncated to fit in 4 bits [C:/Users/Sidarth Shahri/Documents/CMPE 140 Assignments/Assignment_1/Assignment_1.srcs/sources_1/new/bin2hex32.v:37]
WARNING: [Synth 8-2292] literal value truncated to fit in 4 bits [C:/Users/Sidarth Shahri/Documents/CMPE 140 Assignments/Assignment_1/Assignment_1.srcs/sources_1/new/bin2hex32.v:38]
WARNING: [Synth 8-2292] literal value truncated to fit in 4 bits [C:/Users/Sidarth Shahri/Documents/CMPE 140 Assignments/Assignment_1/Assignment_1.srcs/sources_1/new/bin2hex32.v:39]
WARNING: [Synth 8-2292] literal value truncated to fit in 4 bits [C:/Users/Sidarth Shahri/Documents/CMPE 140 Assignments/Assignment_1/Assignment_1.srcs/sources_1/new/bin2hex32.v:40]
WARNING: [Synth 8-2292] literal value truncated to fit in 4 bits [C:/Users/Sidarth Shahri/Documents/CMPE 140 Assignments/Assignment_1/Assignment_1.srcs/sources_1/new/bin2hex32.v:41]
WARNING: [Synth 8-2292] literal value truncated to fit in 4 bits [C:/Users/Sidarth Shahri/Documents/CMPE 140 Assignments/Assignment_1/Assignment_1.srcs/sources_1/new/bin2hex32.v:42]
---------------------------------------------------------------------------------
Starting RTL Elaboration : Time (s): cpu = 00:00:02 ; elapsed = 00:00:03 . Memory (MB): peak = 354.023 ; gain = 84.574
---------------------------------------------------------------------------------
INFO: [Synth 8-6157] synthesizing module 'Factorial_FPGA' [C:/Users/Sidarth Shahri/Documents/CMPE 140 Assignments/Assignment_1/Assignment_1.srcs/sources_1/new/Factorial_FPGA.v:23]
INFO: [Synth 8-6157] synthesizing module 'button_debouncer' [C:/Users/Sidarth Shahri/Documents/CMPE 140 Assignments/Assignment_1/Assignment_1.srcs/sources_1/new/button_debouncer.v:25]
	Parameter depth bound to: 16 - type: integer 
	Parameter history_max bound to: 65535 - type: integer 
INFO: [Synth 8-6155] done synthesizing module 'button_debouncer' (1#1) [C:/Users/Sidarth Shahri/Documents/CMPE 140 Assignments/Assignment_1/Assignment_1.srcs/sources_1/new/button_debouncer.v:25]
INFO: [Synth 8-6157] synthesizing module 'Factorial' [C:/Users/Sidarth Shahri/Documents/CMPE 140 Assignments/Assignment_1/Assignment_1.srcs/sources_1/new/Factorial.v:23]
INFO: [Synth 8-6157] synthesizing module 'DP' [C:/Users/Sidarth Shahri/Documents/CMPE 140 Assignments/Assignment_1/Assignment_1.srcs/sources_1/new/DP.v:22]
INFO: [Synth 8-6157] synthesizing module 'CMP_ERROR' [C:/Users/Sidarth Shahri/Documents/CMPE 140 Assignments/Assignment_1/Assignment_1.srcs/sources_1/new/CMP_ERROR.v:3]
INFO: [Synth 8-6155] done synthesizing module 'CMP_ERROR' (2#1) [C:/Users/Sidarth Shahri/Documents/CMPE 140 Assignments/Assignment_1/Assignment_1.srcs/sources_1/new/CMP_ERROR.v:3]
INFO: [Synth 8-6157] synthesizing module 'CMP_GT' [C:/Users/Sidarth Shahri/Documents/CMPE 140 Assignments/Assignment_1/Assignment_1.srcs/sources_1/new/CMP_GT.v:3]
INFO: [Synth 8-6155] done synthesizing module 'CMP_GT' (3#1) [C:/Users/Sidarth Shahri/Documents/CMPE 140 Assignments/Assignment_1/Assignment_1.srcs/sources_1/new/CMP_GT.v:3]
INFO: [Synth 8-6157] synthesizing module 'CNT' [C:/Users/Sidarth Shahri/Documents/CMPE 140 Assignments/Assignment_1/Assignment_1.srcs/sources_1/new/CNT.v:3]
INFO: [Synth 8-6155] done synthesizing module 'CNT' (4#1) [C:/Users/Sidarth Shahri/Documents/CMPE 140 Assignments/Assignment_1/Assignment_1.srcs/sources_1/new/CNT.v:3]
INFO: [Synth 8-6157] synthesizing module 'MUL' [C:/Users/Sidarth Shahri/Documents/CMPE 140 Assignments/Assignment_1/Assignment_1.srcs/sources_1/new/MUL.v:3]
INFO: [Synth 8-6155] done synthesizing module 'MUL' (5#1) [C:/Users/Sidarth Shahri/Documents/CMPE 140 Assignments/Assignment_1/Assignment_1.srcs/sources_1/new/MUL.v:3]
INFO: [Synth 8-6157] synthesizing module 'MUX' [C:/Users/Sidarth Shahri/Documents/CMPE 140 Assignments/Assignment_1/Assignment_1.srcs/sources_1/new/MUX.v:3]
INFO: [Synth 8-6155] done synthesizing module 'MUX' (6#1) [C:/Users/Sidarth Shahri/Documents/CMPE 140 Assignments/Assignment_1/Assignment_1.srcs/sources_1/new/MUX.v:3]
INFO: [Synth 8-6157] synthesizing module 'REG' [C:/Users/Sidarth Shahri/Documents/CMPE 140 Assignments/Assignment_1/Assignment_1.srcs/sources_1/new/REG.v:3]
INFO: [Synth 8-6155] done synthesizing module 'REG' (7#1) [C:/Users/Sidarth Shahri/Documents/CMPE 140 Assignments/Assignment_1/Assignment_1.srcs/sources_1/new/REG.v:3]
INFO: [Synth 8-6155] done synthesizing module 'DP' (8#1) [C:/Users/Sidarth Shahri/Documents/CMPE 140 Assignments/Assignment_1/Assignment_1.srcs/sources_1/new/DP.v:22]
INFO: [Synth 8-6157] synthesizing module 'CU' [C:/Users/Sidarth Shahri/Documents/CMPE 140 Assignments/Assignment_1/Assignment_1.srcs/sources_1/new/CU.v:25]
INFO: [Synth 8-6155] done synthesizing module 'CU' (9#1) [C:/Users/Sidarth Shahri/Documents/CMPE 140 Assignments/Assignment_1/Assignment_1.srcs/sources_1/new/CU.v:25]
INFO: [Synth 8-6155] done synthesizing module 'Factorial' (10#1) [C:/Users/Sidarth Shahri/Documents/CMPE 140 Assignments/Assignment_1/Assignment_1.srcs/sources_1/new/Factorial.v:23]
INFO: [Synth 8-6157] synthesizing module 'clk_gen' [C:/Users/Sidarth Shahri/Documents/CMPE 140 Assignments/Assignment_1/Assignment_1.srcs/sources_1/new/clk_gen.v:5]
INFO: [Synth 8-6155] done synthesizing module 'clk_gen' (11#1) [C:/Users/Sidarth Shahri/Documents/CMPE 140 Assignments/Assignment_1/Assignment_1.srcs/sources_1/new/clk_gen.v:5]
WARNING: [Synth 8-350] instance 'CLK0' of module 'clk_gen' requires 4 connections, but only 3 given [C:/Users/Sidarth Shahri/Documents/CMPE 140 Assignments/Assignment_1/Assignment_1.srcs/sources_1/new/Factorial_FPGA.v:67]
INFO: [Synth 8-6157] synthesizing module 'bin2hex32' [C:/Users/Sidarth Shahri/Documents/CMPE 140 Assignments/Assignment_1/Assignment_1.srcs/sources_1/new/bin2hex32.v:23]
INFO: [Synth 8-6155] done synthesizing module 'bin2hex32' (12#1) [C:/Users/Sidarth Shahri/Documents/CMPE 140 Assignments/Assignment_1/Assignment_1.srcs/sources_1/new/bin2hex32.v:23]
INFO: [Synth 8-6157] synthesizing module 'HILO_MUX' [C:/Users/Sidarth Shahri/Documents/CMPE 140 Assignments/Assignment_1/Assignment_1.srcs/sources_1/new/HILO_MUX.v:23]
INFO: [Synth 8-6155] done synthesizing module 'HILO_MUX' (13#1) [C:/Users/Sidarth Shahri/Documents/CMPE 140 Assignments/Assignment_1/Assignment_1.srcs/sources_1/new/HILO_MUX.v:23]
INFO: [Synth 8-6157] synthesizing module 'hex2led' [C:/Users/Sidarth Shahri/Documents/CMPE 140 Assignments/Assignment_1/Assignment_1.srcs/sources_1/new/hex2led.v:22]
INFO: [Synth 8-226] default block is never used [C:/Users/Sidarth Shahri/Documents/CMPE 140 Assignments/Assignment_1/Assignment_1.srcs/sources_1/new/hex2led.v:29]
INFO: [Synth 8-6155] done synthesizing module 'hex2led' (14#1) [C:/Users/Sidarth Shahri/Documents/CMPE 140 Assignments/Assignment_1/Assignment_1.srcs/sources_1/new/hex2led.v:22]
INFO: [Synth 8-6157] synthesizing module 'LED_MUX' [C:/Users/Sidarth Shahri/Documents/CMPE 140 Assignments/Assignment_1/Assignment_1.srcs/sources_1/new/LED_MUX.v:23]
INFO: [Synth 8-226] default block is never used [C:/Users/Sidarth Shahri/Documents/CMPE 140 Assignments/Assignment_1/Assignment_1.srcs/sources_1/new/LED_MUX.v:42]
INFO: [Synth 8-6155] done synthesizing module 'LED_MUX' (15#1) [C:/Users/Sidarth Shahri/Documents/CMPE 140 Assignments/Assignment_1/Assignment_1.srcs/sources_1/new/LED_MUX.v:23]
INFO: [Synth 8-6155] done synthesizing module 'Factorial_FPGA' (16#1) [C:/Users/Sidarth Shahri/Documents/CMPE 140 Assignments/Assignment_1/Assignment_1.srcs/sources_1/new/Factorial_FPGA.v:23]
---------------------------------------------------------------------------------
Finished RTL Elaboration : Time (s): cpu = 00:00:03 ; elapsed = 00:00:04 . Memory (MB): peak = 387.082 ; gain = 117.633
---------------------------------------------------------------------------------

Report Check Netlist: 
+------+------------------+-------+---------+-------+------------------+
|      |Item              |Errors |Warnings |Status |Description       |
+------+------------------+-------+---------+-------+------------------+
|1     |multi_driven_nets |      0|        0|Passed |Multi driven nets |
+------+------------------+-------+---------+-------+------------------+
---------------------------------------------------------------------------------
Start Handling Custom Attributes
---------------------------------------------------------------------------------
---------------------------------------------------------------------------------
Finished Handling Custom Attributes : Time (s): cpu = 00:00:03 ; elapsed = 00:00:04 . Memory (MB): peak = 387.082 ; gain = 117.633
---------------------------------------------------------------------------------
---------------------------------------------------------------------------------
Finished RTL Optimization Phase 1 : Time (s): cpu = 00:00:03 ; elapsed = 00:00:04 . Memory (MB): peak = 387.082 ; gain = 117.633
---------------------------------------------------------------------------------
INFO: [Device 21-403] Loading part xc7a35tcpg236-2L
INFO: [Project 1-570] Preparing netlist for logic optimization

Processing XDC Constraints
Initializing timing engine
Parsing XDC File [C:/Users/Sidarth Shahri/Documents/CMPE 140 Assignments/Assignment_1/Assignment_1.srcs/constrs_1/new/basys3_factorial_cstr.xdc]
Finished Parsing XDC File [C:/Users/Sidarth Shahri/Documents/CMPE 140 Assignments/Assignment_1/Assignment_1.srcs/constrs_1/new/basys3_factorial_cstr.xdc]
INFO: [Project 1-236] Implementation specific constraints were found while reading constraint file [C:/Users/Sidarth Shahri/Documents/CMPE 140 Assignments/Assignment_1/Assignment_1.srcs/constrs_1/new/basys3_factorial_cstr.xdc]. These constraints will be ignored for synthesis but will be used in implementation. Impacted constraints are listed in the file [.Xil/Factorial_FPGA_propImpl.xdc].
Resolution: To avoid this warning, move constraints listed in [.Xil/Factorial_FPGA_propImpl.xdc] to another XDC file and exclude this new file from synthesis with the used_in_synthesis property (File Properties dialog in GUI) and re-run elaboration/synthesis.
Netlist sorting complete. Time (s): cpu = 00:00:00 ; elapsed = 00:00:00 . Memory (MB): peak = 722.945 ; gain = 0.000
Completed Processing XDC Constraints

Netlist sorting complete. Time (s): cpu = 00:00:00 ; elapsed = 00:00:00 . Memory (MB): peak = 722.945 ; gain = 0.000
INFO: [Project 1-111] Unisim Transformation Summary:
No Unisim elements were transformed.

Netlist sorting complete. Time (s): cpu = 00:00:00 ; elapsed = 00:00:00 . Memory (MB): peak = 722.945 ; gain = 0.000
Constraint Validation Runtime : Time (s): cpu = 00:00:00 ; elapsed = 00:00:00.008 . Memory (MB): peak = 722.945 ; gain = 0.000
---------------------------------------------------------------------------------
Finished Constraint Validation : Time (s): cpu = 00:00:11 ; elapsed = 00:00:13 . Memory (MB): peak = 722.945 ; gain = 453.496
---------------------------------------------------------------------------------
---------------------------------------------------------------------------------
Start Loading Part and Timing Information
---------------------------------------------------------------------------------
Loading part: xc7a35tcpg236-2L
---------------------------------------------------------------------------------
Finished Loading Part and Timing Information : Time (s): cpu = 00:00:11 ; elapsed = 00:00:13 . Memory (MB): peak = 722.945 ; gain = 453.496
---------------------------------------------------------------------------------
---------------------------------------------------------------------------------
Start Applying 'set_property' XDC Constraints
---------------------------------------------------------------------------------
---------------------------------------------------------------------------------
Finished applying 'set_property' XDC Constraints : Time (s): cpu = 00:00:11 ; elapsed = 00:00:13 . Memory (MB): peak = 722.945 ; gain = 453.496
---------------------------------------------------------------------------------
INFO: [Synth 8-5546] ROM "debounced_button0" won't be mapped to RAM because it is too sparse
INFO: [Synth 8-802] inferred FSM for state register 'cs_reg' in module 'CU'
INFO: [Synth 8-5544] ROM "CU_error" won't be mapped to Block RAM because address size (3) smaller than threshold (5)
INFO: [Synth 8-5544] ROM "done" won't be mapped to Block RAM because address size (3) smaller than threshold (5)
INFO: [Synth 8-5544] ROM "sel1" won't be mapped to Block RAM because address size (3) smaller than threshold (5)
INFO: [Synth 8-5544] ROM "en" won't be mapped to Block RAM because address size (3) smaller than threshold (5)
INFO: [Synth 8-5544] ROM "load_cnt" won't be mapped to Block RAM because address size (3) smaller than threshold (5)
INFO: [Synth 8-5544] ROM "ns" won't be mapped to Block RAM because address size (1) smaller than threshold (5)
INFO: [Synth 8-5544] ROM "ns" won't be mapped to Block RAM because address size (1) smaller than threshold (5)
INFO: [Synth 8-5545] ROM "count" won't be mapped to RAM because address size (32) is larger than maximum supported(25)
INFO: [Synth 8-5545] ROM "count1" won't be mapped to RAM because address size (32) is larger than maximum supported(25)
INFO: [Synth 8-5545] ROM "clksec4" won't be mapped to RAM because address size (32) is larger than maximum supported(25)
INFO: [Synth 8-5545] ROM "clk_5KHz" won't be mapped to RAM because address size (32) is larger than maximum supported(25)
---------------------------------------------------------------------------------------------------
                   State |                     New Encoding |                Previous Encoding 
---------------------------------------------------------------------------------------------------
                  state0 |                           000001 |                              000
                  state1 |                           000010 |                              001
                  state5 |                           000100 |                              101
                  state2 |                           001000 |                              010
                  state3 |                           010000 |                              011
                  state4 |                           100000 |                              100
---------------------------------------------------------------------------------------------------
INFO: [Synth 8-3354] encoded FSM with state register 'cs_reg' using encoding 'one-hot' in module 'CU'
---------------------------------------------------------------------------------
Finished RTL Optimization Phase 2 : Time (s): cpu = 00:00:12 ; elapsed = 00:00:14 . Memory (MB): peak = 722.945 ; gain = 453.496
---------------------------------------------------------------------------------

Report RTL Partitions: 
+-+--------------+------------+----------+
| |RTL Partition |Replication |Instances |
+-+--------------+------------+----------+
+-+--------------+------------+----------+
---------------------------------------------------------------------------------
Start RTL Component Statistics 
---------------------------------------------------------------------------------
Detailed RTL Component Info : 
+---Adders : 
	   2 Input     32 Bit       Adders := 2     
	   2 Input      2 Bit       Adders := 1     
+---Registers : 
	               32 Bit    Registers := 3     
	               16 Bit    Registers := 1     
	                2 Bit    Registers := 1     
	                1 Bit    Registers := 3     
+---Multipliers : 
	                32x32  Multipliers := 1     
+---Muxes : 
	   2 Input     32 Bit        Muxes := 4     
	   4 Input      7 Bit        Muxes := 1     
	   6 Input      6 Bit        Muxes := 1     
	   2 Input      6 Bit        Muxes := 3     
	   2 Input      4 Bit        Muxes := 4     
	   4 Input      4 Bit        Muxes := 1     
	   2 Input      1 Bit        Muxes := 3     
	   6 Input      1 Bit        Muxes := 1     
	  16 Input      1 Bit        Muxes := 28    
---------------------------------------------------------------------------------
Finished RTL Component Statistics 
---------------------------------------------------------------------------------
---------------------------------------------------------------------------------
Start RTL Hierarchical Component Statistics 
---------------------------------------------------------------------------------
Hierarchical RTL Component report 
Module button_debouncer 
Detailed RTL Component Info : 
+---Registers : 
	               16 Bit    Registers := 1     
	                1 Bit    Registers := 1     
+---Muxes : 
	   2 Input      1 Bit        Muxes := 1     
Module MUL 
Detailed RTL Component Info : 
+---Multipliers : 
	                32x32  Multipliers := 1     
Module MUX 
Detailed RTL Component Info : 
+---Muxes : 
	   2 Input     32 Bit        Muxes := 1     
Module REG 
Detailed RTL Component Info : 
+---Registers : 
	               32 Bit    Registers := 1     
Module CU 
Detailed RTL Component Info : 
+---Muxes : 
	   6 Input      6 Bit        Muxes := 1     
	   2 Input      6 Bit        Muxes := 3     
	   6 Input      1 Bit        Muxes := 1     
Module clk_gen 
Detailed RTL Component Info : 
+---Adders : 
	   2 Input     32 Bit       Adders := 2     
+---Registers : 
	               32 Bit    Registers := 2     
	                1 Bit    Registers := 2     
+---Muxes : 
	   2 Input     32 Bit        Muxes := 2     
	   2 Input      1 Bit        Muxes := 2     
Module HILO_MUX 
Detailed RTL Component Info : 
+---Muxes : 
	   2 Input      4 Bit        Muxes := 4     
Module hex2led 
Detailed RTL Component Info : 
+---Muxes : 
	  16 Input      1 Bit        Muxes := 7     
Module LED_MUX 
Detailed RTL Component Info : 
+---Adders : 
	   2 Input      2 Bit       Adders := 1     
+---Registers : 
	                2 Bit    Registers := 1     
+---Muxes : 
	   4 Input      7 Bit        Muxes := 1     
	   4 Input      4 Bit        Muxes := 1     
---------------------------------------------------------------------------------
Finished RTL Hierarchical Component Statistics
---------------------------------------------------------------------------------
---------------------------------------------------------------------------------
Start Part Resource Summary
---------------------------------------------------------------------------------
Part Resources:
DSPs: 90 (col length:60)
BRAMs: 100 (col length: RAMB18 60 RAMB36 30)
---------------------------------------------------------------------------------
Finished Part Resource Summary
---------------------------------------------------------------------------------
---------------------------------------------------------------------------------
Start Cross Boundary and Area Optimization
---------------------------------------------------------------------------------
Warning: Parallel synthesis criteria is not met 
INFO: [Synth 8-5546] ROM "BUT/debounced_button0" won't be mapped to RAM because it is too sparse
INFO: [Synth 8-5545] ROM "CLK0/count1" won't be mapped to RAM because address size (32) is larger than maximum supported(25)
INFO: [Synth 8-5545] ROM "CLK0/clk_5KHz" won't be mapped to RAM because address size (32) is larger than maximum supported(25)
INFO: [Synth 8-5845] Not enough pipeline registers after wide multiplier. Recommended levels of pipeline registers is 4 [C:/Users/Sidarth Shahri/Documents/CMPE 140 Assignments/Assignment_1/Assignment_1.srcs/sources_1/new/MUL.v:9]
DSP Report: Generating DSP FACTO/DP0/U3/Z0, operation Mode is: A2*B2.
DSP Report: register B is absorbed into DSP FACTO/DP0/U3/Z0.
DSP Report: register A is absorbed into DSP FACTO/DP0/U3/Z0.
DSP Report: operator FACTO/DP0/U3/Z0 is absorbed into DSP FACTO/DP0/U3/Z0.
DSP Report: operator FACTO/DP0/U3/Z0 is absorbed into DSP FACTO/DP0/U3/Z0.
DSP Report: Generating DSP FACTO/DP0/U3/Z0, operation Mode is: (PCIN>>17)+A2*B2.
DSP Report: register B is absorbed into DSP FACTO/DP0/U3/Z0.
DSP Report: register A is absorbed into DSP FACTO/DP0/U3/Z0.
DSP Report: operator FACTO/DP0/U3/Z0 is absorbed into DSP FACTO/DP0/U3/Z0.
DSP Report: operator FACTO/DP0/U3/Z0 is absorbed into DSP FACTO/DP0/U3/Z0.
DSP Report: Generating DSP FACTO/DP0/U3/Z0, operation Mode is: A2*B2.
DSP Report: register B is absorbed into DSP FACTO/DP0/U3/Z0.
DSP Report: register A is absorbed into DSP FACTO/DP0/U3/Z0.
DSP Report: operator FACTO/DP0/U3/Z0 is absorbed into DSP FACTO/DP0/U3/Z0.
DSP Report: operator FACTO/DP0/U3/Z0 is absorbed into DSP FACTO/DP0/U3/Z0.
DSP Report: Generating DSP FACTO/DP0/U3/Z0, operation Mode is: (PCIN>>17)+A2*B2.
DSP Report: register B is absorbed into DSP FACTO/DP0/U3/Z0.
DSP Report: register A is absorbed into DSP FACTO/DP0/U3/Z0.
DSP Report: operator FACTO/DP0/U3/Z0 is absorbed into DSP FACTO/DP0/U3/Z0.
DSP Report: operator FACTO/DP0/U3/Z0 is absorbed into DSP FACTO/DP0/U3/Z0.
---------------------------------------------------------------------------------
Finished Cross Boundary and Area Optimization : Time (s): cpu = 00:00:15 ; elapsed = 00:00:17 . Memory (MB): peak = 722.945 ; gain = 453.496
---------------------------------------------------------------------------------
---------------------------------------------------------------------------------
Start ROM, RAM, DSP and Shift Register Reporting
---------------------------------------------------------------------------------

DSP: Preliminary Mapping  Report (see note below)
+---------------+------------------+--------+--------+--------+--------+--------+------+------+------+------+-------+------+------+
|Module Name    | DSP Mapping      | A Size | B Size | C Size | D Size | P Size | AREG | BREG | CREG | DREG | ADREG | MREG | PREG | 
+---------------+------------------+--------+--------+--------+--------+--------+------+------+------+------+-------+------+------+
|Factorial_FPGA | A2*B2            | 18     | 16     | -      | -      | 48     | 1    | 1    | -    | -    | -     | 0    | 0    | 
|Factorial_FPGA | (PCIN>>17)+A2*B2 | 16     | 16     | -      | -      | 48     | 1    | 1    | -    | -    | -     | 0    | 0    | 
|Factorial_FPGA | A2*B2            | 18     | 18     | -      | -      | 48     | 1    | 1    | -    | -    | -     | 0    | 0    | 
|Factorial_FPGA | (PCIN>>17)+A2*B2 | 18     | 16     | -      | -      | 48     | 1    | 1    | -    | -    | -     | 0    | 0    | 
+---------------+------------------+--------+--------+--------+--------+--------+------+------+------+------+-------+------+------+

Note: The table above is a preliminary report that shows the DSPs inferred at the current stage of the synthesis flow. Some DSP may be reimplemented as non DSP primitives later in the synthesis flow. Multiple instantiated DSPs are reported only once.
---------------------------------------------------------------------------------
Finished ROM, RAM, DSP and Shift Register Reporting
---------------------------------------------------------------------------------

Report RTL Partitions: 
+-+--------------+------------+----------+
| |RTL Partition |Replication |Instances |
+-+--------------+------------+----------+
+-+--------------+------------+----------+
---------------------------------------------------------------------------------
Start Applying XDC Timing Constraints
---------------------------------------------------------------------------------
---------------------------------------------------------------------------------
Finished Applying XDC Timing Constraints : Time (s): cpu = 00:00:29 ; elapsed = 00:00:31 . Memory (MB): peak = 760.680 ; gain = 491.230
---------------------------------------------------------------------------------
---------------------------------------------------------------------------------
Start Timing Optimization
---------------------------------------------------------------------------------
---------------------------------------------------------------------------------
Finished Timing Optimization : Time (s): cpu = 00:00:29 ; elapsed = 00:00:31 . Memory (MB): peak = 780.547 ; gain = 511.098
---------------------------------------------------------------------------------

Report RTL Partitions: 
+-+--------------+------------+----------+
| |RTL Partition |Replication |Instances |
+-+--------------+------------+----------+
+-+--------------+------------+----------+
---------------------------------------------------------------------------------
Start Technology Mapping
---------------------------------------------------------------------------------
---------------------------------------------------------------------------------
Finished Technology Mapping : Time (s): cpu = 00:00:29 ; elapsed = 00:00:31 . Memory (MB): peak = 783.391 ; gain = 513.941
---------------------------------------------------------------------------------

Report RTL Partitions: 
+-+--------------+------------+----------+
| |RTL Partition |Replication |Instances |
+-+--------------+------------+----------+
+-+--------------+------------+----------+
---------------------------------------------------------------------------------
Start IO Insertion
---------------------------------------------------------------------------------
---------------------------------------------------------------------------------
Start Flattening Before IO Insertion
---------------------------------------------------------------------------------
---------------------------------------------------------------------------------
Finished Flattening Before IO Insertion
---------------------------------------------------------------------------------
---------------------------------------------------------------------------------
Start Final Netlist Cleanup
---------------------------------------------------------------------------------
---------------------------------------------------------------------------------
Finished Final Netlist Cleanup
---------------------------------------------------------------------------------
---------------------------------------------------------------------------------
Finished IO Insertion : Time (s): cpu = 00:00:30 ; elapsed = 00:00:32 . Memory (MB): peak = 783.391 ; gain = 513.941
---------------------------------------------------------------------------------

Report Check Netlist: 
+------+------------------+-------+---------+-------+------------------+
|      |Item              |Errors |Warnings |Status |Description       |
+------+------------------+-------+---------+-------+------------------+
|1     |multi_driven_nets |      0|        0|Passed |Multi driven nets |
+------+------------------+-------+---------+-------+------------------+
---------------------------------------------------------------------------------
Start Renaming Generated Instances
---------------------------------------------------------------------------------
---------------------------------------------------------------------------------
Finished Renaming Generated Instances : Time (s): cpu = 00:00:30 ; elapsed = 00:00:32 . Memory (MB): peak = 783.391 ; gain = 513.941
---------------------------------------------------------------------------------

Report RTL Partitions: 
+-+--------------+------------+----------+
| |RTL Partition |Replication |Instances |
+-+--------------+------------+----------+
+-+--------------+------------+----------+
---------------------------------------------------------------------------------
Start Rebuilding User Hierarchy
---------------------------------------------------------------------------------
---------------------------------------------------------------------------------
Finished Rebuilding User Hierarchy : Time (s): cpu = 00:00:31 ; elapsed = 00:00:32 . Memory (MB): peak = 783.391 ; gain = 513.941
---------------------------------------------------------------------------------
---------------------------------------------------------------------------------
Start Renaming Generated Ports
---------------------------------------------------------------------------------
---------------------------------------------------------------------------------
Finished Renaming Generated Ports : Time (s): cpu = 00:00:31 ; elapsed = 00:00:32 . Memory (MB): peak = 783.391 ; gain = 513.941
---------------------------------------------------------------------------------
---------------------------------------------------------------------------------
Start Handling Custom Attributes
---------------------------------------------------------------------------------
---------------------------------------------------------------------------------
Finished Handling Custom Attributes : Time (s): cpu = 00:00:31 ; elapsed = 00:00:32 . Memory (MB): peak = 783.391 ; gain = 513.941
---------------------------------------------------------------------------------
---------------------------------------------------------------------------------
Start Renaming Generated Nets
---------------------------------------------------------------------------------
---------------------------------------------------------------------------------
Finished Renaming Generated Nets : Time (s): cpu = 00:00:31 ; elapsed = 00:00:32 . Memory (MB): peak = 783.391 ; gain = 513.941
---------------------------------------------------------------------------------
---------------------------------------------------------------------------------
Start Writing Synthesis Report
---------------------------------------------------------------------------------

Report BlackBoxes: 
+-+--------------+----------+
| |BlackBox name |Instances |
+-+--------------+----------+
+-+--------------+----------+

Report Cell Usage: 
+------+--------+------+
|      |Cell    |Count |
+------+--------+------+
|1     |BUFG    |     2|
|2     |CARRY4  |    28|
|3     |DSP48E1 |     3|
|4     |LUT1    |    32|
|5     |LUT2    |   138|
|6     |LUT3    |    13|
|7     |LUT4    |    35|
|8     |LUT5    |    13|
|9     |LUT6    |    33|
|10    |FDRE    |   122|
|11    |IBUF    |     9|
|12    |OBUF    |    13|
+------+--------+------+

Report Instance Areas: 
+------+---------+-----------------+------+
|      |Instance |Module           |Cells |
+------+---------+-----------------+------+
|1     |top      |                 |   441|
|2     |  BUT    |button_debouncer |    20|
|3     |  CLK0   |clk_gen          |    56|
|4     |  FACTO  |Factorial        |   333|
|5     |    CU0  |CU               |    48|
|6     |    DP0  |DP               |   285|
|7     |      R1 |REG              |    83|
|8     |      U2 |CNT              |   179|
|9     |      U3 |MUL              |    23|
|10    |  U3     |LED_MUX          |     8|
+------+---------+-----------------+------+
---------------------------------------------------------------------------------
Finished Writing Synthesis Report : Time (s): cpu = 00:00:31 ; elapsed = 00:00:32 . Memory (MB): peak = 783.391 ; gain = 513.941
---------------------------------------------------------------------------------
Synthesis finished with 0 errors, 0 critical warnings and 0 warnings.
Synthesis Optimization Runtime : Time (s): cpu = 00:00:22 ; elapsed = 00:00:26 . Memory (MB): peak = 783.391 ; gain = 178.078
Synthesis Optimization Complete : Time (s): cpu = 00:00:31 ; elapsed = 00:00:33 . Memory (MB): peak = 783.391 ; gain = 513.941
INFO: [Project 1-571] Translating synthesized netlist
INFO: [Netlist 29-17] Analyzing 31 Unisim elements for replacement
INFO: [Netlist 29-28] Unisim Transformation completed in 0 CPU seconds
INFO: [Project 1-570] Preparing netlist for logic optimization
INFO: [Opt 31-138] Pushed 0 inverter(s) to 0 load pin(s).
Netlist sorting complete. Time (s): cpu = 00:00:00 ; elapsed = 00:00:00.001 . Memory (MB): peak = 783.391 ; gain = 0.000
INFO: [Project 1-111] Unisim Transformation Summary:
No Unisim elements were transformed.

INFO: [Common 17-83] Releasing license: Synthesis
64 Infos, 9 Warnings, 0 Critical Warnings and 0 Errors encountered.
synth_design completed successfully
synth_design: Time (s): cpu = 00:00:33 ; elapsed = 00:00:35 . Memory (MB): peak = 783.391 ; gain = 513.941
Netlist sorting complete. Time (s): cpu = 00:00:00 ; elapsed = 00:00:00 . Memory (MB): peak = 783.391 ; gain = 0.000
WARNING: [Constraints 18-5210] No constraints selected for write.
Resolution: This message can indicate that there are no constraints for the design, or it can indicate that the used_in flags are set such that the constraints are ignored. This later case is used when running synth_design to not write synthesis constraints to the resulting checkpoint. Instead, project constraints are read when the synthesized design is opened.
INFO: [Common 17-1381] The checkpoint 'C:/Users/Sidarth Shahri/Documents/CMPE 140 Assignments/Assignment_1/Assignment_1.runs/synth_1/Factorial_FPGA.dcp' has been generated.
INFO: [runtcl-4] Executing : report_utilization -file Factorial_FPGA_utilization_synth.rpt -pb Factorial_FPGA_utilization_synth.pb
INFO: [Common 17-206] Exiting Vivado at Tue Sep 10 00:09:52 2019...
