#-----------------------------------------------------------
# Vivado v2018.3 (64-bit)
# SW Build 2405991 on Thu Dec  6 23:38:27 MST 2018
# IP Build 2404404 on Fri Dec  7 01:43:56 MST 2018
# Start of session at: Fri Oct 18 15:31:14 2019
# Process ID: 7412
# Current directory: C:/Users/Sidarth Shahri/Documents/CMPE 140 Assignments/Assignment 6/Vivado Files
# Command line: vivado.exe -gui_launcher_event rodinguilauncherevent5264 C:\Users\Sidarth Shahri\Documents\CMPE 140 Assignments\Assignment 6\Vivado Files\Assignment_5.xpr
# Log file: C:/Users/Sidarth Shahri/Documents/CMPE 140 Assignments/Assignment 6/Vivado Files/vivado.log
# Journal file: C:/Users/Sidarth Shahri/Documents/CMPE 140 Assignments/Assignment 6/Vivado Files\vivado.jou
#-----------------------------------------------------------
start_gui
open_project {C:/Users/Sidarth Shahri/Documents/CMPE 140 Assignments/Assignment 6/Vivado Files/Assignment_5.xpr}
INFO: [Project 1-313] Project file moved from 'C:/Users/Sidarth Shahri/Documents/CMPE 140 Assignments/Assignment 5/Vivado Files' since last save.
Scanning sources...
Finished scanning sources
INFO: [IP_Flow 19-234] Refreshing IP repositories
INFO: [IP_Flow 19-1704] No user IP repositories specified
INFO: [IP_Flow 19-2313] Loaded Vivado IP repository 'C:/Xilinx/Vivado/2018.3/data/ip'.
open_project: Time (s): cpu = 00:00:12 ; elapsed = 00:00:09 . Memory (MB): peak = 621.277 ; gain = 57.137
update_compile_order -fileset sources_1
import_files -norecurse {Z:/Downloads/basys3_single_cycle_mips_validation/led_mux.v Z:/Downloads/basys3_single_cycle_mips_validation/button_debouncer.v Z:/Downloads/basys3_single_cycle_mips_validation/mips_fpga.v Z:/Downloads/basys3_single_cycle_mips_validation/hex_to_7seg.v Z:/Downloads/basys3_single_cycle_mips_validation/clk_gen.v}
import_files: Time (s): cpu = 00:00:05 ; elapsed = 00:00:07 . Memory (MB): peak = 691.242 ; gain = 0.000
update_compile_order -fileset sources_1
update_compile_order -fileset sources_1
add_files -fileset constrs_1 -norecurse Z:/Downloads/basys3_single_cycle_mips_validation/mips_fpga.xdc
import_files -fileset constrs_1 Z:/Downloads/basys3_single_cycle_mips_validation/mips_fpga.xdc
launch_runs synth_1
[Fri Oct 18 15:35:05 2019] Launched synth_1...
Run output will be captured here: C:/Users/Sidarth Shahri/Documents/CMPE 140 Assignments/Assignment 6/Vivado Files/Assignment_5.runs/synth_1/runme.log
launch_runs impl_1
[Fri Oct 18 15:36:05 2019] Launched impl_1...
Run output will be captured here: C:/Users/Sidarth Shahri/Documents/CMPE 140 Assignments/Assignment 6/Vivado Files/Assignment_5.runs/impl_1/runme.log
launch_runs impl_1 -to_step write_bitstream
[Fri Oct 18 15:38:39 2019] Launched impl_1...
Run output will be captured here: C:/Users/Sidarth Shahri/Documents/CMPE 140 Assignments/Assignment 6/Vivado Files/Assignment_5.runs/impl_1/runme.log
open_hw
connect_hw_server
INFO: [Labtools 27-2285] Connecting to hw_server url TCP:localhost:3121
INFO: [Labtools 27-2222] Launching hw_server...
INFO: [Labtools 27-2221] Launch Output:

****** Xilinx hw_server v2018.3
  **** Build date : Dec  7 2018-00:40:27
    ** Copyright 1986-2018 Xilinx, Inc. All Rights Reserved.


open_hw_target
INFO: [Labtoolstcl 44-466] Opening hw_target localhost:3121/xilinx_tcf/Digilent/210183AB4454A
set_property PROGRAM.FILE {C:/Users/Sidarth Shahri/Documents/CMPE 140 Assignments/Assignment 6/Vivado Files/Assignment_5.runs/impl_1/mips_fpga.bit} [get_hw_devices xc7a35t_0]
current_hw_device [get_hw_devices xc7a35t_0]
refresh_hw_device -update_hw_probes false [lindex [get_hw_devices xc7a35t_0] 0]
INFO: [Labtools 27-1434] Device xc7a35t (JTAG device index = 0) is programmed with a design that has no supported debug core(s) in it.
set_property PROBES.FILE {} [get_hw_devices xc7a35t_0]
set_property FULL_PROBES.FILE {} [get_hw_devices xc7a35t_0]
set_property PROGRAM.FILE {C:/Users/Sidarth Shahri/Documents/CMPE 140 Assignments/Assignment 6/Vivado Files/Assignment_5.runs/impl_1/mips_fpga.bit} [get_hw_devices xc7a35t_0]
program_hw_devices [get_hw_devices xc7a35t_0]
INFO: [Labtools 27-3164] End of startup status: HIGH
refresh_hw_device [lindex [get_hw_devices xc7a35t_0] 0]
INFO: [Labtools 27-1434] Device xc7a35t (JTAG device index = 0) is programmed with a design that has no supported debug core(s) in it.
set_property PROBES.FILE {} [get_hw_devices xc7a35t_0]
set_property FULL_PROBES.FILE {} [get_hw_devices xc7a35t_0]
set_property PROGRAM.FILE {C:/Users/Sidarth Shahri/Documents/CMPE 140 Assignments/Assignment 6/Vivado Files/Assignment_5.runs/impl_1/mips_fpga.bit} [get_hw_devices xc7a35t_0]
program_hw_devices [get_hw_devices xc7a35t_0]
INFO: [Labtools 27-3164] End of startup status: HIGH
refresh_hw_device [lindex [get_hw_devices xc7a35t_0] 0]
INFO: [Labtools 27-1434] Device xc7a35t (JTAG device index = 0) is programmed with a design that has no supported debug core(s) in it.
launch_simulation
INFO: [Vivado 12-5682] Launching behavioral simulation in 'C:/Users/Sidarth Shahri/Documents/CMPE 140 Assignments/Assignment 6/Vivado Files/Assignment_5.sim/sim_1/behav/xsim'
INFO: [SIM-utils-51] Simulation object is 'sim_1'
INFO: [SIM-utils-54] Inspecting design source files for 'tb_mips_top' in fileset 'sim_1'...
INFO: [SIM-utils-43] Exported 'C:/Users/Sidarth Shahri/Documents/CMPE 140 Assignments/Assignment 6/Vivado Files/Assignment_5.sim/sim_1/behav/xsim/memfile.dat'
INFO: [SIM-utils-43] Exported 'C:/Users/Sidarth Shahri/Documents/CMPE 140 Assignments/Assignment 6/Vivado Files/Assignment_5.sim/sim_1/behav/xsim/memfile.dat'
INFO: [USF-XSim-97] Finding global include files...
INFO: [USF-XSim-98] Fetching design files from 'sim_1'...
INFO: [USF-XSim-2] XSim::Compile design
INFO: [USF-XSim-61] Executing 'COMPILE and ANALYZE' step in 'C:/Users/Sidarth Shahri/Documents/CMPE 140 Assignments/Assignment 6/Vivado Files/Assignment_5.sim/sim_1/behav/xsim'
"xvlog --incr --relax -prj tb_mips_top_vlog.prj"
INFO: [VRFC 10-2263] Analyzing Verilog file "C:/Users/Sidarth Shahri/Documents/CMPE 140 Assignments/Assignment 6/Vivado Files/Assignment_5.srcs/sources_1/imports/datapath/adder.v" into library xil_defaultlib
INFO: [VRFC 10-311] analyzing module adder
INFO: [VRFC 10-2263] Analyzing Verilog file "C:/Users/Sidarth Shahri/Documents/CMPE 140 Assignments/Assignment 6/Vivado Files/Assignment_5.srcs/sources_1/imports/datapath/alu.v" into library xil_defaultlib
INFO: [VRFC 10-311] analyzing module alu
INFO: [VRFC 10-2263] Analyzing Verilog file "C:/Users/Sidarth Shahri/Documents/CMPE 140 Assignments/Assignment 6/Vivado Files/Assignment_5.srcs/sources_1/imports/control_unit/auxdec.v" into library xil_defaultlib
INFO: [VRFC 10-311] analyzing module auxdec
INFO: [VRFC 10-2263] Analyzing Verilog file "C:/Users/Sidarth Shahri/Documents/CMPE 140 Assignments/Assignment 6/Vivado Files/Assignment_5.srcs/sources_1/imports/control_unit/controlunit.v" into library xil_defaultlib
INFO: [VRFC 10-311] analyzing module controlunit
INFO: [VRFC 10-2263] Analyzing Verilog file "C:/Users/Sidarth Shahri/Documents/CMPE 140 Assignments/Assignment 6/Vivado Files/Assignment_5.srcs/sources_1/imports/datapath/datapath.v" into library xil_defaultlib
INFO: [VRFC 10-311] analyzing module datapath
INFO: [VRFC 10-2263] Analyzing Verilog file "C:/Users/Sidarth Shahri/Documents/CMPE 140 Assignments/Assignment 6/Vivado Files/Assignment_5.srcs/sources_1/imports/memory/dmem.v" into library xil_defaultlib
INFO: [VRFC 10-311] analyzing module dmem
INFO: [VRFC 10-2263] Analyzing Verilog file "C:/Users/Sidarth Shahri/Documents/CMPE 140 Assignments/Assignment 6/Vivado Files/Assignment_5.srcs/sources_1/imports/datapath/dreg.v" into library xil_defaultlib
INFO: [VRFC 10-311] analyzing module dreg
INFO: [VRFC 10-2263] Analyzing Verilog file "C:/Users/Sidarth Shahri/Documents/CMPE 140 Assignments/Assignment 6/Vivado Files/Assignment_5.srcs/sources_1/imports/memory/imem.v" into library xil_defaultlib
INFO: [VRFC 10-311] analyzing module imem
INFO: [VRFC 10-2263] Analyzing Verilog file "C:/Users/Sidarth Shahri/Documents/CMPE 140 Assignments/Assignment 6/Vivado Files/Assignment_5.srcs/sources_1/imports/control_unit/maindec.v" into library xil_defaultlib
INFO: [VRFC 10-311] analyzing module maindec
INFO: [VRFC 10-2263] Analyzing Verilog file "C:/Users/Sidarth Shahri/Documents/CMPE 140 Assignments/Assignment 6/Vivado Files/Assignment_5.srcs/sources_1/imports/mips/mips.v" into library xil_defaultlib
INFO: [VRFC 10-311] analyzing module mips
INFO: [VRFC 10-2263] Analyzing Verilog file "C:/Users/Sidarth Shahri/Documents/CMPE 140 Assignments/Assignment 6/Vivado Files/Assignment_5.srcs/sources_1/imports/mips/mips_top.v" into library xil_defaultlib
INFO: [VRFC 10-311] analyzing module mips_top
INFO: [VRFC 10-2263] Analyzing Verilog file "C:/Users/Sidarth Shahri/Documents/CMPE 140 Assignments/Assignment 6/Vivado Files/Assignment_5.srcs/sources_1/imports/datapath/mux2.v" into library xil_defaultlib
INFO: [VRFC 10-311] analyzing module mux2
INFO: [VRFC 10-2263] Analyzing Verilog file "C:/Users/Sidarth Shahri/Documents/CMPE 140 Assignments/Assignment 6/Vivado Files/Assignment_5.srcs/sources_1/imports/datapath/regfile.v" into library xil_defaultlib
INFO: [VRFC 10-311] analyzing module regfile
INFO: [VRFC 10-2263] Analyzing Verilog file "C:/Users/Sidarth Shahri/Documents/CMPE 140 Assignments/Assignment 6/Vivado Files/Assignment_5.srcs/sources_1/imports/datapath/signext.v" into library xil_defaultlib
INFO: [VRFC 10-311] analyzing module signext
INFO: [VRFC 10-2263] Analyzing Verilog file "C:/Users/Sidarth Shahri/Documents/CMPE 140 Assignments/Assignment 6/Vivado Files/Assignment_5.srcs/sim_1/imports/testbench/tb_mips_top.v" into library xil_defaultlib
INFO: [VRFC 10-311] analyzing module tb_mips_top
INFO: [VRFC 10-2263] Analyzing Verilog file "C:/Users/Sidarth Shahri/Documents/CMPE 140 Assignments/Assignment 6/Vivado Files/Assignment_5.sim/sim_1/behav/xsim/glbl.v" into library xil_defaultlib
INFO: [VRFC 10-311] analyzing module glbl
INFO: [USF-XSim-69] 'compile' step finished in '2' seconds
INFO: [USF-XSim-3] XSim::Elaborate design
INFO: [USF-XSim-61] Executing 'ELABORATE' step in 'C:/Users/Sidarth Shahri/Documents/CMPE 140 Assignments/Assignment 6/Vivado Files/Assignment_5.sim/sim_1/behav/xsim'
Vivado Simulator 2018.3
Copyright 1986-1999, 2001-2018 Xilinx, Inc. All Rights Reserved.
Running: C:/Xilinx/Vivado/2018.3/bin/unwrapped/win64.o/xelab.exe -wto 6e68be9fb6ff42ef948408929e15a97e --incr --debug typical --relax --mt 2 -L xil_defaultlib -L unisims_ver -L unimacro_ver -L secureip --snapshot tb_mips_top_behav xil_defaultlib.tb_mips_top xil_defaultlib.glbl -log elaborate.log 
Using 2 slave threads.
Starting static elaboration
Completed static elaboration
Starting simulation data flow analysis
WARNING: [XSIM 43-4100] "C:/Users/Sidarth Shahri/Documents/CMPE 140 Assignments/Assignment 6/Vivado Files/Assignment_5.sim/sim_1/behav/xsim/glbl.v" Line 6. Module glbl has a timescale but at least one module in design doesn't have timescale.
Completed simulation data flow analysis
Time Resolution for simulation is 1ps
Compiling module xil_defaultlib.dreg
Compiling module xil_defaultlib.adder
Compiling module xil_defaultlib.mux2(WIDTH=32)
Compiling module xil_defaultlib.mux2(WIDTH=5)
Compiling module xil_defaultlib.regfile
Compiling module xil_defaultlib.signext
Compiling module xil_defaultlib.alu
Compiling module xil_defaultlib.datapath
Compiling module xil_defaultlib.maindec
Compiling module xil_defaultlib.auxdec
Compiling module xil_defaultlib.controlunit
Compiling module xil_defaultlib.mips
Compiling module xil_defaultlib.imem
Compiling module xil_defaultlib.dmem
Compiling module xil_defaultlib.mips_top
Compiling module xil_defaultlib.tb_mips_top
Compiling module xil_defaultlib.glbl
Built simulation snapshot tb_mips_top_behav

****** Webtalk v2018.3 (64-bit)
  **** SW Build 2405991 on Thu Dec  6 23:38:27 MST 2018
  **** IP Build 2404404 on Fri Dec  7 01:43:56 MST 2018
    ** Copyright 1986-2018 Xilinx, Inc. All Rights Reserved.

source C:/Users/Sidarth -notrace
couldn't read file "C:/Users/Sidarth": no such file or directory
INFO: [Common 17-206] Exiting Webtalk at Fri Oct 18 15:47:02 2019...
run_program: Time (s): cpu = 00:00:00 ; elapsed = 00:00:05 . Memory (MB): peak = 1687.555 ; gain = 0.000
INFO: [USF-XSim-69] 'elaborate' step finished in '5' seconds
INFO: [USF-XSim-4] XSim::Simulate design
INFO: [USF-XSim-61] Executing 'SIMULATE' step in 'C:/Users/Sidarth Shahri/Documents/CMPE 140 Assignments/Assignment 6/Vivado Files/Assignment_5.sim/sim_1/behav/xsim'
INFO: [USF-XSim-98] *** Running xsim
   with args "tb_mips_top_behav -key {Behavioral:sim_1:Functional:tb_mips_top} -tclbatch {tb_mips_top.tcl} -log {simulate.log}"
INFO: [USF-XSim-8] Loading simulator feature
Vivado Simulator 2018.3
Time resolution is 1 ps
source tb_mips_top.tcl
# set curr_wave [current_wave_config]
# if { [string length $curr_wave] == 0 } {
#   if { [llength [get_objects]] > 0} {
#     add_wave /
#     set_property needs_save false [current_wave_config]
#   } else {
#      send_msg_id Add_Wave-1 WARNING "No top level signals found. Simulator will start without a wave window. If you want to open a wave window go to 'File->New Waveform Configuration' or type 'create_wave_config' in the TCL console."
#   }
# }
# run 1000ns
$finish called at time : 170 ns : File "C:/Users/Sidarth Shahri/Documents/CMPE 140 Assignments/Assignment 6/Vivado Files/Assignment_5.srcs/sim_1/imports/testbench/tb_mips_top.v" Line 44
xsim: Time (s): cpu = 00:00:05 ; elapsed = 00:00:06 . Memory (MB): peak = 1717.023 ; gain = 24.914
INFO: [USF-XSim-96] XSim completed. Design snapshot 'tb_mips_top_behav' loaded.
INFO: [USF-XSim-97] XSim simulation ran for 1000ns
launch_simulation: Time (s): cpu = 00:00:08 ; elapsed = 00:00:15 . Memory (MB): peak = 1717.023 ; gain = 36.930
set_property PROBES.FILE {} [get_hw_devices xc7a35t_0]
set_property FULL_PROBES.FILE {} [get_hw_devices xc7a35t_0]
set_property PROGRAM.FILE {C:/Users/Sidarth Shahri/Documents/CMPE 140 Assignments/Assignment 6/Vivado Files/Assignment_5.runs/impl_1/mips_fpga.bit} [get_hw_devices xc7a35t_0]
program_hw_devices [get_hw_devices xc7a35t_0]
INFO: [Labtools 27-3164] End of startup status: HIGH
refresh_hw_device [lindex [get_hw_devices xc7a35t_0] 0]
INFO: [Labtools 27-1434] Device xc7a35t (JTAG device index = 0) is programmed with a design that has no supported debug core(s) in it.
ERROR: [Labtoolstcl 44-513] HW Target shutdown. Closing target: localhost:3121/xilinx_tcf/Digilent/210183AB4454A
INFO: [Labtoolstcl 44-466] Opening hw_target localhost:3121/xilinx_tcf/Digilent/210183AB4454A
INFO: [Labtools 27-1434] Device xc7a35t (JTAG device index = 0) is programmed with a design that has no supported debug core(s) in it.
WARNING: [Labtoolstcl 44-129] No matching hw_ila_data was found.
ERROR: [Labtoolstcl 44-513] HW Target shutdown. Closing target: localhost:3121/xilinx_tcf/Digilent/210183AB4454A
disconnect_hw_server localhost:3121
connect_hw_server
INFO: [Labtools 27-2285] Connecting to hw_server url TCP:localhost:3121
open_hw_target
INFO: [Labtoolstcl 44-466] Opening hw_target localhost:3121/xilinx_tcf/Digilent/210183AB4454A
set_property PROGRAM.FILE {C:/Users/Sidarth Shahri/Documents/CMPE 140 Assignments/Assignment 6/Vivado Files/Assignment_5.runs/impl_1/mips_fpga.bit} [get_hw_devices xc7a35t_0]
current_hw_device [get_hw_devices xc7a35t_0]
refresh_hw_device -update_hw_probes false [lindex [get_hw_devices xc7a35t_0] 0]
INFO: [Labtools 27-1434] Device xc7a35t (JTAG device index = 0) is programmed with a design that has no supported debug core(s) in it.
ERROR: [Labtoolstcl 44-513] HW Target shutdown. Closing target: localhost:3121/xilinx_tcf/Digilent/210183AB4454A
disconnect_hw_server localhost:3121
connect_hw_server
INFO: [Labtools 27-2285] Connecting to hw_server url TCP:localhost:3121
ERROR: [Labtoolstcl 44-494] There is no active target available for server at localhost.
 Targets(s) ", jsn-Basys3-210183AB4454A" may be locked by another hw_server.
disconnect_hw_server localhost:3121
connect_hw_server
INFO: [Labtools 27-2285] Connecting to hw_server url TCP:localhost:3121
open_hw_target
INFO: [Labtoolstcl 44-466] Opening hw_target localhost:3121/xilinx_tcf/Digilent/210183AB4454A
set_property PROGRAM.FILE {C:/Users/Sidarth Shahri/Documents/CMPE 140 Assignments/Assignment 6/Vivado Files/Assignment_5.runs/impl_1/mips_fpga.bit} [get_hw_devices xc7a35t_0]
current_hw_device [get_hw_devices xc7a35t_0]
refresh_hw_device -update_hw_probes false [lindex [get_hw_devices xc7a35t_0] 0]
INFO: [Labtools 27-1434] Device xc7a35t (JTAG device index = 0) is programmed with a design that has no supported debug core(s) in it.
set_property PROBES.FILE {} [get_hw_devices xc7a35t_0]
set_property FULL_PROBES.FILE {} [get_hw_devices xc7a35t_0]
set_property PROGRAM.FILE {C:/Users/Sidarth Shahri/Documents/CMPE 140 Assignments/Assignment 6/Vivado Files/Assignment_5.runs/impl_1/mips_fpga.bit} [get_hw_devices xc7a35t_0]
program_hw_devices [get_hw_devices xc7a35t_0]
INFO: [Labtools 27-3164] End of startup status: HIGH
refresh_hw_device [lindex [get_hw_devices xc7a35t_0] 0]
INFO: [Labtools 27-1434] Device xc7a35t (JTAG device index = 0) is programmed with a design that has no supported debug core(s) in it.
synth_design -rtl -name rtl_1
Command: synth_design -rtl -name rtl_1
Starting synth_design
Using part: xc7a35tcpg236-2L
Top: mips_fpga
---------------------------------------------------------------------------------
Starting RTL Elaboration : Time (s): cpu = 00:00:03 ; elapsed = 00:00:03 . Memory (MB): peak = 1859.121 ; gain = 92.004
---------------------------------------------------------------------------------
INFO: [Synth 8-6157] synthesizing module 'mips_fpga' [C:/Users/Sidarth Shahri/Documents/CMPE 140 Assignments/Assignment 6/Vivado Files/Assignment_5.srcs/sources_1/imports/basys3_single_cycle_mips_validation/mips_fpga.v:1]
INFO: [Synth 8-6157] synthesizing module 'clk_gen' [C:/Users/Sidarth Shahri/Documents/CMPE 140 Assignments/Assignment 6/Vivado Files/Assignment_5.srcs/sources_1/imports/basys3_single_cycle_mips_validation/clk_gen.v:1]
INFO: [Synth 8-6155] done synthesizing module 'clk_gen' (1#1) [C:/Users/Sidarth Shahri/Documents/CMPE 140 Assignments/Assignment 6/Vivado Files/Assignment_5.srcs/sources_1/imports/basys3_single_cycle_mips_validation/clk_gen.v:1]
INFO: [Synth 8-6157] synthesizing module 'button_debouncer' [C:/Users/Sidarth Shahri/Documents/CMPE 140 Assignments/Assignment 6/Vivado Files/Assignment_5.srcs/sources_1/imports/basys3_single_cycle_mips_validation/button_debouncer.v:1]
	Parameter depth bound to: 16 - type: integer 
	Parameter history_max bound to: 65535 - type: integer 
INFO: [Synth 8-6155] done synthesizing module 'button_debouncer' (2#1) [C:/Users/Sidarth Shahri/Documents/CMPE 140 Assignments/Assignment 6/Vivado Files/Assignment_5.srcs/sources_1/imports/basys3_single_cycle_mips_validation/button_debouncer.v:1]
INFO: [Synth 8-6157] synthesizing module 'mips_top' [C:/Users/Sidarth Shahri/Documents/CMPE 140 Assignments/Assignment 6/Vivado Files/Assignment_5.srcs/sources_1/imports/mips/mips_top.v:1]
INFO: [Synth 8-6157] synthesizing module 'mips' [C:/Users/Sidarth Shahri/Documents/CMPE 140 Assignments/Assignment 6/Vivado Files/Assignment_5.srcs/sources_1/imports/mips/mips.v:1]
INFO: [Synth 8-6157] synthesizing module 'datapath' [C:/Users/Sidarth Shahri/Documents/CMPE 140 Assignments/Assignment 6/Vivado Files/Assignment_5.srcs/sources_1/imports/datapath/datapath.v:1]
INFO: [Synth 8-6157] synthesizing module 'dreg' [C:/Users/Sidarth Shahri/Documents/CMPE 140 Assignments/Assignment 6/Vivado Files/Assignment_5.srcs/sources_1/imports/datapath/dreg.v:1]
	Parameter WIDTH bound to: 32 - type: integer 
INFO: [Synth 8-6155] done synthesizing module 'dreg' (3#1) [C:/Users/Sidarth Shahri/Documents/CMPE 140 Assignments/Assignment 6/Vivado Files/Assignment_5.srcs/sources_1/imports/datapath/dreg.v:1]
INFO: [Synth 8-6157] synthesizing module 'adder' [C:/Users/Sidarth Shahri/Documents/CMPE 140 Assignments/Assignment 6/Vivado Files/Assignment_5.srcs/sources_1/imports/datapath/adder.v:1]
INFO: [Synth 8-6155] done synthesizing module 'adder' (4#1) [C:/Users/Sidarth Shahri/Documents/CMPE 140 Assignments/Assignment 6/Vivado Files/Assignment_5.srcs/sources_1/imports/datapath/adder.v:1]
INFO: [Synth 8-6157] synthesizing module 'mux2' [C:/Users/Sidarth Shahri/Documents/CMPE 140 Assignments/Assignment 6/Vivado Files/Assignment_5.srcs/sources_1/imports/datapath/mux2.v:1]
	Parameter WIDTH bound to: 32 - type: integer 
INFO: [Synth 8-6155] done synthesizing module 'mux2' (5#1) [C:/Users/Sidarth Shahri/Documents/CMPE 140 Assignments/Assignment 6/Vivado Files/Assignment_5.srcs/sources_1/imports/datapath/mux2.v:1]
INFO: [Synth 8-6157] synthesizing module 'mux2__parameterized0' [C:/Users/Sidarth Shahri/Documents/CMPE 140 Assignments/Assignment 6/Vivado Files/Assignment_5.srcs/sources_1/imports/datapath/mux2.v:1]
	Parameter WIDTH bound to: 5 - type: integer 
INFO: [Synth 8-6155] done synthesizing module 'mux2__parameterized0' (5#1) [C:/Users/Sidarth Shahri/Documents/CMPE 140 Assignments/Assignment 6/Vivado Files/Assignment_5.srcs/sources_1/imports/datapath/mux2.v:1]
INFO: [Synth 8-6157] synthesizing module 'regfile' [C:/Users/Sidarth Shahri/Documents/CMPE 140 Assignments/Assignment 6/Vivado Files/Assignment_5.srcs/sources_1/imports/datapath/regfile.v:1]
INFO: [Synth 8-6155] done synthesizing module 'regfile' (6#1) [C:/Users/Sidarth Shahri/Documents/CMPE 140 Assignments/Assignment 6/Vivado Files/Assignment_5.srcs/sources_1/imports/datapath/regfile.v:1]
INFO: [Synth 8-6157] synthesizing module 'signext' [C:/Users/Sidarth Shahri/Documents/CMPE 140 Assignments/Assignment 6/Vivado Files/Assignment_5.srcs/sources_1/imports/datapath/signext.v:1]
INFO: [Synth 8-6155] done synthesizing module 'signext' (7#1) [C:/Users/Sidarth Shahri/Documents/CMPE 140 Assignments/Assignment 6/Vivado Files/Assignment_5.srcs/sources_1/imports/datapath/signext.v:1]
INFO: [Synth 8-6157] synthesizing module 'alu' [C:/Users/Sidarth Shahri/Documents/CMPE 140 Assignments/Assignment 6/Vivado Files/Assignment_5.srcs/sources_1/imports/datapath/alu.v:1]
INFO: [Synth 8-155] case statement is not full and has no default [C:/Users/Sidarth Shahri/Documents/CMPE 140 Assignments/Assignment 6/Vivado Files/Assignment_5.srcs/sources_1/imports/datapath/alu.v:12]
INFO: [Synth 8-6155] done synthesizing module 'alu' (8#1) [C:/Users/Sidarth Shahri/Documents/CMPE 140 Assignments/Assignment 6/Vivado Files/Assignment_5.srcs/sources_1/imports/datapath/alu.v:1]
INFO: [Synth 8-6155] done synthesizing module 'datapath' (9#1) [C:/Users/Sidarth Shahri/Documents/CMPE 140 Assignments/Assignment 6/Vivado Files/Assignment_5.srcs/sources_1/imports/datapath/datapath.v:1]
INFO: [Synth 8-6157] synthesizing module 'controlunit' [C:/Users/Sidarth Shahri/Documents/CMPE 140 Assignments/Assignment 6/Vivado Files/Assignment_5.srcs/sources_1/imports/control_unit/controlunit.v:1]
INFO: [Synth 8-6157] synthesizing module 'maindec' [C:/Users/Sidarth Shahri/Documents/CMPE 140 Assignments/Assignment 6/Vivado Files/Assignment_5.srcs/sources_1/imports/control_unit/maindec.v:1]
INFO: [Synth 8-6155] done synthesizing module 'maindec' (10#1) [C:/Users/Sidarth Shahri/Documents/CMPE 140 Assignments/Assignment 6/Vivado Files/Assignment_5.srcs/sources_1/imports/control_unit/maindec.v:1]
INFO: [Synth 8-6157] synthesizing module 'auxdec' [C:/Users/Sidarth Shahri/Documents/CMPE 140 Assignments/Assignment 6/Vivado Files/Assignment_5.srcs/sources_1/imports/control_unit/auxdec.v:1]
INFO: [Synth 8-6155] done synthesizing module 'auxdec' (11#1) [C:/Users/Sidarth Shahri/Documents/CMPE 140 Assignments/Assignment 6/Vivado Files/Assignment_5.srcs/sources_1/imports/control_unit/auxdec.v:1]
INFO: [Synth 8-6155] done synthesizing module 'controlunit' (12#1) [C:/Users/Sidarth Shahri/Documents/CMPE 140 Assignments/Assignment 6/Vivado Files/Assignment_5.srcs/sources_1/imports/control_unit/controlunit.v:1]
INFO: [Synth 8-6155] done synthesizing module 'mips' (13#1) [C:/Users/Sidarth Shahri/Documents/CMPE 140 Assignments/Assignment 6/Vivado Files/Assignment_5.srcs/sources_1/imports/mips/mips.v:1]
INFO: [Synth 8-6157] synthesizing module 'imem' [C:/Users/Sidarth Shahri/Documents/CMPE 140 Assignments/Assignment 6/Vivado Files/Assignment_5.srcs/sources_1/imports/memory/imem.v:1]
CRITICAL WARNING: [Synth 8-4445] could not open $readmem data file 'memfile.dat'; please make sure the file is added to project and has read permission, ignoring [C:/Users/Sidarth Shahri/Documents/CMPE 140 Assignments/Assignment 6/Vivado Files/Assignment_5.srcs/sources_1/imports/memory/imem.v:9]

Warning: Trying to implement RAM in registers. Block RAM or DRAM implementation is not possible for one or more of the following reasons :
	1: Unable to determine number of words or word size in RAM. 
	2: No valid read/write found for RAM. 
RAM dissolved into registers
WARNING: [Synth 8-3848] Net rom in module/entity imem does not have driver. [C:/Users/Sidarth Shahri/Documents/CMPE 140 Assignments/Assignment 6/Vivado Files/Assignment_5.srcs/sources_1/imports/memory/imem.v:6]
WARNING: [Synth 8-3848] Net rom in module/entity imem does not have driver. [C:/Users/Sidarth Shahri/Documents/CMPE 140 Assignments/Assignment 6/Vivado Files/Assignment_5.srcs/sources_1/imports/memory/imem.v:6]
WARNING: [Synth 8-3848] Net rom in module/entity imem does not have driver. [C:/Users/Sidarth Shahri/Documents/CMPE 140 Assignments/Assignment 6/Vivado Files/Assignment_5.srcs/sources_1/imports/memory/imem.v:6]
WARNING: [Synth 8-3848] Net rom in module/entity imem does not have driver. [C:/Users/Sidarth Shahri/Documents/CMPE 140 Assignments/Assignment 6/Vivado Files/Assignment_5.srcs/sources_1/imports/memory/imem.v:6]
WARNING: [Synth 8-3848] Net rom in module/entity imem does not have driver. [C:/Users/Sidarth Shahri/Documents/CMPE 140 Assignments/Assignment 6/Vivado Files/Assignment_5.srcs/sources_1/imports/memory/imem.v:6]
WARNING: [Synth 8-3848] Net rom in module/entity imem does not have driver. [C:/Users/Sidarth Shahri/Documents/CMPE 140 Assignments/Assignment 6/Vivado Files/Assignment_5.srcs/sources_1/imports/memory/imem.v:6]
WARNING: [Synth 8-3848] Net rom in module/entity imem does not have driver. [C:/Users/Sidarth Shahri/Documents/CMPE 140 Assignments/Assignment 6/Vivado Files/Assignment_5.srcs/sources_1/imports/memory/imem.v:6]
WARNING: [Synth 8-3848] Net rom in module/entity imem does not have driver. [C:/Users/Sidarth Shahri/Documents/CMPE 140 Assignments/Assignment 6/Vivado Files/Assignment_5.srcs/sources_1/imports/memory/imem.v:6]
WARNING: [Synth 8-3848] Net rom in module/entity imem does not have driver. [C:/Users/Sidarth Shahri/Documents/CMPE 140 Assignments/Assignment 6/Vivado Files/Assignment_5.srcs/sources_1/imports/memory/imem.v:6]
WARNING: [Synth 8-3848] Net rom in module/entity imem does not have driver. [C:/Users/Sidarth Shahri/Documents/CMPE 140 Assignments/Assignment 6/Vivado Files/Assignment_5.srcs/sources_1/imports/memory/imem.v:6]
WARNING: [Synth 8-3848] Net rom in module/entity imem does not have driver. [C:/Users/Sidarth Shahri/Documents/CMPE 140 Assignments/Assignment 6/Vivado Files/Assignment_5.srcs/sources_1/imports/memory/imem.v:6]
WARNING: [Synth 8-3848] Net rom in module/entity imem does not have driver. [C:/Users/Sidarth Shahri/Documents/CMPE 140 Assignments/Assignment 6/Vivado Files/Assignment_5.srcs/sources_1/imports/memory/imem.v:6]
WARNING: [Synth 8-3848] Net rom in module/entity imem does not have driver. [C:/Users/Sidarth Shahri/Documents/CMPE 140 Assignments/Assignment 6/Vivado Files/Assignment_5.srcs/sources_1/imports/memory/imem.v:6]
WARNING: [Synth 8-3848] Net rom in module/entity imem does not have driver. [C:/Users/Sidarth Shahri/Documents/CMPE 140 Assignments/Assignment 6/Vivado Files/Assignment_5.srcs/sources_1/imports/memory/imem.v:6]
WARNING: [Synth 8-3848] Net rom in module/entity imem does not have driver. [C:/Users/Sidarth Shahri/Documents/CMPE 140 Assignments/Assignment 6/Vivado Files/Assignment_5.srcs/sources_1/imports/memory/imem.v:6]
WARNING: [Synth 8-3848] Net rom in module/entity imem does not have driver. [C:/Users/Sidarth Shahri/Documents/CMPE 140 Assignments/Assignment 6/Vivado Files/Assignment_5.srcs/sources_1/imports/memory/imem.v:6]
WARNING: [Synth 8-3848] Net rom in module/entity imem does not have driver. [C:/Users/Sidarth Shahri/Documents/CMPE 140 Assignments/Assignment 6/Vivado Files/Assignment_5.srcs/sources_1/imports/memory/imem.v:6]
WARNING: [Synth 8-3848] Net rom in module/entity imem does not have driver. [C:/Users/Sidarth Shahri/Documents/CMPE 140 Assignments/Assignment 6/Vivado Files/Assignment_5.srcs/sources_1/imports/memory/imem.v:6]
WARNING: [Synth 8-3848] Net rom in module/entity imem does not have driver. [C:/Users/Sidarth Shahri/Documents/CMPE 140 Assignments/Assignment 6/Vivado Files/Assignment_5.srcs/sources_1/imports/memory/imem.v:6]
WARNING: [Synth 8-3848] Net rom in module/entity imem does not have driver. [C:/Users/Sidarth Shahri/Documents/CMPE 140 Assignments/Assignment 6/Vivado Files/Assignment_5.srcs/sources_1/imports/memory/imem.v:6]
WARNING: [Synth 8-3848] Net rom in module/entity imem does not have driver. [C:/Users/Sidarth Shahri/Documents/CMPE 140 Assignments/Assignment 6/Vivado Files/Assignment_5.srcs/sources_1/imports/memory/imem.v:6]
WARNING: [Synth 8-3848] Net rom in module/entity imem does not have driver. [C:/Users/Sidarth Shahri/Documents/CMPE 140 Assignments/Assignment 6/Vivado Files/Assignment_5.srcs/sources_1/imports/memory/imem.v:6]
WARNING: [Synth 8-3848] Net rom in module/entity imem does not have driver. [C:/Users/Sidarth Shahri/Documents/CMPE 140 Assignments/Assignment 6/Vivado Files/Assignment_5.srcs/sources_1/imports/memory/imem.v:6]
WARNING: [Synth 8-3848] Net rom in module/entity imem does not have driver. [C:/Users/Sidarth Shahri/Documents/CMPE 140 Assignments/Assignment 6/Vivado Files/Assignment_5.srcs/sources_1/imports/memory/imem.v:6]
WARNING: [Synth 8-3848] Net rom in module/entity imem does not have driver. [C:/Users/Sidarth Shahri/Documents/CMPE 140 Assignments/Assignment 6/Vivado Files/Assignment_5.srcs/sources_1/imports/memory/imem.v:6]
WARNING: [Synth 8-3848] Net rom in module/entity imem does not have driver. [C:/Users/Sidarth Shahri/Documents/CMPE 140 Assignments/Assignment 6/Vivado Files/Assignment_5.srcs/sources_1/imports/memory/imem.v:6]
WARNING: [Synth 8-3848] Net rom in module/entity imem does not have driver. [C:/Users/Sidarth Shahri/Documents/CMPE 140 Assignments/Assignment 6/Vivado Files/Assignment_5.srcs/sources_1/imports/memory/imem.v:6]
WARNING: [Synth 8-3848] Net rom in module/entity imem does not have driver. [C:/Users/Sidarth Shahri/Documents/CMPE 140 Assignments/Assignment 6/Vivado Files/Assignment_5.srcs/sources_1/imports/memory/imem.v:6]
WARNING: [Synth 8-3848] Net rom in module/entity imem does not have driver. [C:/Users/Sidarth Shahri/Documents/CMPE 140 Assignments/Assignment 6/Vivado Files/Assignment_5.srcs/sources_1/imports/memory/imem.v:6]
WARNING: [Synth 8-3848] Net rom in module/entity imem does not have driver. [C:/Users/Sidarth Shahri/Documents/CMPE 140 Assignments/Assignment 6/Vivado Files/Assignment_5.srcs/sources_1/imports/memory/imem.v:6]
WARNING: [Synth 8-3848] Net rom in module/entity imem does not have driver. [C:/Users/Sidarth Shahri/Documents/CMPE 140 Assignments/Assignment 6/Vivado Files/Assignment_5.srcs/sources_1/imports/memory/imem.v:6]
WARNING: [Synth 8-3848] Net rom in module/entity imem does not have driver. [C:/Users/Sidarth Shahri/Documents/CMPE 140 Assignments/Assignment 6/Vivado Files/Assignment_5.srcs/sources_1/imports/memory/imem.v:6]
WARNING: [Synth 8-3848] Net rom in module/entity imem does not have driver. [C:/Users/Sidarth Shahri/Documents/CMPE 140 Assignments/Assignment 6/Vivado Files/Assignment_5.srcs/sources_1/imports/memory/imem.v:6]
WARNING: [Synth 8-3848] Net rom in module/entity imem does not have driver. [C:/Users/Sidarth Shahri/Documents/CMPE 140 Assignments/Assignment 6/Vivado Files/Assignment_5.srcs/sources_1/imports/memory/imem.v:6]
WARNING: [Synth 8-3848] Net rom in module/entity imem does not have driver. [C:/Users/Sidarth Shahri/Documents/CMPE 140 Assignments/Assignment 6/Vivado Files/Assignment_5.srcs/sources_1/imports/memory/imem.v:6]
WARNING: [Synth 8-3848] Net rom in module/entity imem does not have driver. [C:/Users/Sidarth Shahri/Documents/CMPE 140 Assignments/Assignment 6/Vivado Files/Assignment_5.srcs/sources_1/imports/memory/imem.v:6]
WARNING: [Synth 8-3848] Net rom in module/entity imem does not have driver. [C:/Users/Sidarth Shahri/Documents/CMPE 140 Assignments/Assignment 6/Vivado Files/Assignment_5.srcs/sources_1/imports/memory/imem.v:6]
WARNING: [Synth 8-3848] Net rom in module/entity imem does not have driver. [C:/Users/Sidarth Shahri/Documents/CMPE 140 Assignments/Assignment 6/Vivado Files/Assignment_5.srcs/sources_1/imports/memory/imem.v:6]
WARNING: [Synth 8-3848] Net rom in module/entity imem does not have driver. [C:/Users/Sidarth Shahri/Documents/CMPE 140 Assignments/Assignment 6/Vivado Files/Assignment_5.srcs/sources_1/imports/memory/imem.v:6]
WARNING: [Synth 8-3848] Net rom in module/entity imem does not have driver. [C:/Users/Sidarth Shahri/Documents/CMPE 140 Assignments/Assignment 6/Vivado Files/Assignment_5.srcs/sources_1/imports/memory/imem.v:6]
WARNING: [Synth 8-3848] Net rom in module/entity imem does not have driver. [C:/Users/Sidarth Shahri/Documents/CMPE 140 Assignments/Assignment 6/Vivado Files/Assignment_5.srcs/sources_1/imports/memory/imem.v:6]
WARNING: [Synth 8-3848] Net rom in module/entity imem does not have driver. [C:/Users/Sidarth Shahri/Documents/CMPE 140 Assignments/Assignment 6/Vivado Files/Assignment_5.srcs/sources_1/imports/memory/imem.v:6]
WARNING: [Synth 8-3848] Net rom in module/entity imem does not have driver. [C:/Users/Sidarth Shahri/Documents/CMPE 140 Assignments/Assignment 6/Vivado Files/Assignment_5.srcs/sources_1/imports/memory/imem.v:6]
WARNING: [Synth 8-3848] Net rom in module/entity imem does not have driver. [C:/Users/Sidarth Shahri/Documents/CMPE 140 Assignments/Assignment 6/Vivado Files/Assignment_5.srcs/sources_1/imports/memory/imem.v:6]
WARNING: [Synth 8-3848] Net rom in module/entity imem does not have driver. [C:/Users/Sidarth Shahri/Documents/CMPE 140 Assignments/Assignment 6/Vivado Files/Assignment_5.srcs/sources_1/imports/memory/imem.v:6]
WARNING: [Synth 8-3848] Net rom in module/entity imem does not have driver. [C:/Users/Sidarth Shahri/Documents/CMPE 140 Assignments/Assignment 6/Vivado Files/Assignment_5.srcs/sources_1/imports/memory/imem.v:6]
WARNING: [Synth 8-3848] Net rom in module/entity imem does not have driver. [C:/Users/Sidarth Shahri/Documents/CMPE 140 Assignments/Assignment 6/Vivado Files/Assignment_5.srcs/sources_1/imports/memory/imem.v:6]
WARNING: [Synth 8-3848] Net rom in module/entity imem does not have driver. [C:/Users/Sidarth Shahri/Documents/CMPE 140 Assignments/Assignment 6/Vivado Files/Assignment_5.srcs/sources_1/imports/memory/imem.v:6]
WARNING: [Synth 8-3848] Net rom in module/entity imem does not have driver. [C:/Users/Sidarth Shahri/Documents/CMPE 140 Assignments/Assignment 6/Vivado Files/Assignment_5.srcs/sources_1/imports/memory/imem.v:6]
WARNING: [Synth 8-3848] Net rom in module/entity imem does not have driver. [C:/Users/Sidarth Shahri/Documents/CMPE 140 Assignments/Assignment 6/Vivado Files/Assignment_5.srcs/sources_1/imports/memory/imem.v:6]
WARNING: [Synth 8-3848] Net rom in module/entity imem does not have driver. [C:/Users/Sidarth Shahri/Documents/CMPE 140 Assignments/Assignment 6/Vivado Files/Assignment_5.srcs/sources_1/imports/memory/imem.v:6]
WARNING: [Synth 8-3848] Net rom in module/entity imem does not have driver. [C:/Users/Sidarth Shahri/Documents/CMPE 140 Assignments/Assignment 6/Vivado Files/Assignment_5.srcs/sources_1/imports/memory/imem.v:6]
WARNING: [Synth 8-3848] Net rom in module/entity imem does not have driver. [C:/Users/Sidarth Shahri/Documents/CMPE 140 Assignments/Assignment 6/Vivado Files/Assignment_5.srcs/sources_1/imports/memory/imem.v:6]
WARNING: [Synth 8-3848] Net rom in module/entity imem does not have driver. [C:/Users/Sidarth Shahri/Documents/CMPE 140 Assignments/Assignment 6/Vivado Files/Assignment_5.srcs/sources_1/imports/memory/imem.v:6]
WARNING: [Synth 8-3848] Net rom in module/entity imem does not have driver. [C:/Users/Sidarth Shahri/Documents/CMPE 140 Assignments/Assignment 6/Vivado Files/Assignment_5.srcs/sources_1/imports/memory/imem.v:6]
WARNING: [Synth 8-3848] Net rom in module/entity imem does not have driver. [C:/Users/Sidarth Shahri/Documents/CMPE 140 Assignments/Assignment 6/Vivado Files/Assignment_5.srcs/sources_1/imports/memory/imem.v:6]
WARNING: [Synth 8-3848] Net rom in module/entity imem does not have driver. [C:/Users/Sidarth Shahri/Documents/CMPE 140 Assignments/Assignment 6/Vivado Files/Assignment_5.srcs/sources_1/imports/memory/imem.v:6]
WARNING: [Synth 8-3848] Net rom in module/entity imem does not have driver. [C:/Users/Sidarth Shahri/Documents/CMPE 140 Assignments/Assignment 6/Vivado Files/Assignment_5.srcs/sources_1/imports/memory/imem.v:6]
WARNING: [Synth 8-3848] Net rom in module/entity imem does not have driver. [C:/Users/Sidarth Shahri/Documents/CMPE 140 Assignments/Assignment 6/Vivado Files/Assignment_5.srcs/sources_1/imports/memory/imem.v:6]
WARNING: [Synth 8-3848] Net rom in module/entity imem does not have driver. [C:/Users/Sidarth Shahri/Documents/CMPE 140 Assignments/Assignment 6/Vivado Files/Assignment_5.srcs/sources_1/imports/memory/imem.v:6]
WARNING: [Synth 8-3848] Net rom in module/entity imem does not have driver. [C:/Users/Sidarth Shahri/Documents/CMPE 140 Assignments/Assignment 6/Vivado Files/Assignment_5.srcs/sources_1/imports/memory/imem.v:6]
WARNING: [Synth 8-3848] Net rom in module/entity imem does not have driver. [C:/Users/Sidarth Shahri/Documents/CMPE 140 Assignments/Assignment 6/Vivado Files/Assignment_5.srcs/sources_1/imports/memory/imem.v:6]
WARNING: [Synth 8-3848] Net rom in module/entity imem does not have driver. [C:/Users/Sidarth Shahri/Documents/CMPE 140 Assignments/Assignment 6/Vivado Files/Assignment_5.srcs/sources_1/imports/memory/imem.v:6]
WARNING: [Synth 8-3848] Net rom in module/entity imem does not have driver. [C:/Users/Sidarth Shahri/Documents/CMPE 140 Assignments/Assignment 6/Vivado Files/Assignment_5.srcs/sources_1/imports/memory/imem.v:6]
INFO: [Synth 8-6155] done synthesizing module 'imem' (14#1) [C:/Users/Sidarth Shahri/Documents/CMPE 140 Assignments/Assignment 6/Vivado Files/Assignment_5.srcs/sources_1/imports/memory/imem.v:1]
INFO: [Synth 8-6157] synthesizing module 'dmem' [C:/Users/Sidarth Shahri/Documents/CMPE 140 Assignments/Assignment 6/Vivado Files/Assignment_5.srcs/sources_1/imports/memory/dmem.v:1]
INFO: [Synth 8-6155] done synthesizing module 'dmem' (15#1) [C:/Users/Sidarth Shahri/Documents/CMPE 140 Assignments/Assignment 6/Vivado Files/Assignment_5.srcs/sources_1/imports/memory/dmem.v:1]
INFO: [Synth 8-6155] done synthesizing module 'mips_top' (16#1) [C:/Users/Sidarth Shahri/Documents/CMPE 140 Assignments/Assignment 6/Vivado Files/Assignment_5.srcs/sources_1/imports/mips/mips_top.v:1]
INFO: [Synth 8-6157] synthesizing module 'hex_to_7seg' [C:/Users/Sidarth Shahri/Documents/CMPE 140 Assignments/Assignment 6/Vivado Files/Assignment_5.srcs/sources_1/imports/basys3_single_cycle_mips_validation/hex_to_7seg.v:1]
INFO: [Synth 8-226] default block is never used [C:/Users/Sidarth Shahri/Documents/CMPE 140 Assignments/Assignment 6/Vivado Files/Assignment_5.srcs/sources_1/imports/basys3_single_cycle_mips_validation/hex_to_7seg.v:7]
INFO: [Synth 8-6155] done synthesizing module 'hex_to_7seg' (17#1) [C:/Users/Sidarth Shahri/Documents/CMPE 140 Assignments/Assignment 6/Vivado Files/Assignment_5.srcs/sources_1/imports/basys3_single_cycle_mips_validation/hex_to_7seg.v:1]
INFO: [Synth 8-6157] synthesizing module 'led_mux' [C:/Users/Sidarth Shahri/Documents/CMPE 140 Assignments/Assignment 6/Vivado Files/Assignment_5.srcs/sources_1/imports/basys3_single_cycle_mips_validation/led_mux.v:1]
INFO: [Synth 8-226] default block is never used [C:/Users/Sidarth Shahri/Documents/CMPE 140 Assignments/Assignment 6/Vivado Files/Assignment_5.srcs/sources_1/imports/basys3_single_cycle_mips_validation/led_mux.v:20]
INFO: [Synth 8-6155] done synthesizing module 'led_mux' (18#1) [C:/Users/Sidarth Shahri/Documents/CMPE 140 Assignments/Assignment 6/Vivado Files/Assignment_5.srcs/sources_1/imports/basys3_single_cycle_mips_validation/led_mux.v:1]
INFO: [Synth 8-6155] done synthesizing module 'mips_fpga' (19#1) [C:/Users/Sidarth Shahri/Documents/CMPE 140 Assignments/Assignment 6/Vivado Files/Assignment_5.srcs/sources_1/imports/basys3_single_cycle_mips_validation/mips_fpga.v:1]
WARNING: [Synth 8-3331] design datapath has unconnected port instr[31]
WARNING: [Synth 8-3331] design datapath has unconnected port instr[30]
WARNING: [Synth 8-3331] design datapath has unconnected port instr[29]
WARNING: [Synth 8-3331] design datapath has unconnected port instr[28]
WARNING: [Synth 8-3331] design datapath has unconnected port instr[27]
WARNING: [Synth 8-3331] design datapath has unconnected port instr[26]
---------------------------------------------------------------------------------
Finished RTL Elaboration : Time (s): cpu = 00:00:04 ; elapsed = 00:00:05 . Memory (MB): peak = 1898.867 ; gain = 131.750
---------------------------------------------------------------------------------

Report Check Netlist: 
+------+------------------+-------+---------+-------+------------------+
|      |Item              |Errors |Warnings |Status |Description       |
+------+------------------+-------+---------+-------+------------------+
|1     |multi_driven_nets |      0|        0|Passed |Multi driven nets |
+------+------------------+-------+---------+-------+------------------+
---------------------------------------------------------------------------------
Start Handling Custom Attributes
---------------------------------------------------------------------------------
---------------------------------------------------------------------------------
Finished Handling Custom Attributes : Time (s): cpu = 00:00:04 ; elapsed = 00:00:05 . Memory (MB): peak = 1898.867 ; gain = 131.750
---------------------------------------------------------------------------------
---------------------------------------------------------------------------------
Finished RTL Optimization Phase 1 : Time (s): cpu = 00:00:04 ; elapsed = 00:00:05 . Memory (MB): peak = 1898.867 ; gain = 131.750
---------------------------------------------------------------------------------
INFO: [Device 21-403] Loading part xc7a35tcpg236-2L
INFO: [Project 1-570] Preparing netlist for logic optimization

Processing XDC Constraints
Initializing timing engine
Parsing XDC File [C:/Users/Sidarth Shahri/Documents/CMPE 140 Assignments/Assignment 6/Vivado Files/Assignment_5.srcs/constrs_1/imports/basys3_single_cycle_mips_validation/mips_fpga.xdc]
Finished Parsing XDC File [C:/Users/Sidarth Shahri/Documents/CMPE 140 Assignments/Assignment 6/Vivado Files/Assignment_5.srcs/constrs_1/imports/basys3_single_cycle_mips_validation/mips_fpga.xdc]
Completed Processing XDC Constraints

INFO: [Opt 31-138] Pushed 0 inverter(s) to 0 load pin(s).
Netlist sorting complete. Time (s): cpu = 00:00:00 ; elapsed = 00:00:00.001 . Memory (MB): peak = 2209.391 ; gain = 0.000
INFO: [Project 1-111] Unisim Transformation Summary:
No Unisim elements were transformed.

RTL Elaboration Complete:  : Time (s): cpu = 00:00:28 ; elapsed = 00:00:28 . Memory (MB): peak = 2252.855 ; gain = 485.738
47 Infos, 70 Warnings, 1 Critical Warnings and 0 Errors encountered.
synth_design completed successfully
synth_design: Time (s): cpu = 00:00:28 ; elapsed = 00:00:29 . Memory (MB): peak = 2252.855 ; gain = 485.738
close_design
close_hw
import_files -norecurse {{C:/Users/Sidarth Shahri/Documents/CMPE 140 Assignments/Assignment 5/Vivado Files/Assignment_5.srcs/sim_1/imports/single_cycle_mips_source_initial/memfile.dat}}
reset_run impl_1 -prev_step 
launch_runs impl_1 -to_step write_bitstream
[Fri Oct 18 16:05:23 2019] Launched impl_1...
Run output will be captured here: C:/Users/Sidarth Shahri/Documents/CMPE 140 Assignments/Assignment 6/Vivado Files/Assignment_5.runs/impl_1/runme.log
reset_run synth_1
WARNING: [Vivado 12-1017] Problems encountered:
1. Failed to delete one or more files in run directory C:/Users/Sidarth Shahri/Documents/CMPE 140 Assignments/Assignment 6/Vivado Files/Assignment_5.runs/synth_1

launch_runs synth_1
[Fri Oct 18 16:06:28 2019] Launched synth_1...
Run output will be captured here: C:/Users/Sidarth Shahri/Documents/CMPE 140 Assignments/Assignment 6/Vivado Files/Assignment_5.runs/synth_1/runme.log
launch_runs impl_1
[Fri Oct 18 16:07:20 2019] Launched impl_1...
Run output will be captured here: C:/Users/Sidarth Shahri/Documents/CMPE 140 Assignments/Assignment 6/Vivado Files/Assignment_5.runs/impl_1/runme.log
launch_runs impl_1 -to_step write_bitstream
[Fri Oct 18 16:08:34 2019] Launched impl_1...
Run output will be captured here: C:/Users/Sidarth Shahri/Documents/CMPE 140 Assignments/Assignment 6/Vivado Files/Assignment_5.runs/impl_1/runme.log
open_hw
connect_hw_server
INFO: [Labtools 27-2285] Connecting to hw_server url TCP:localhost:3121
INFO: [Labtools 27-2222] Launching hw_server...
INFO: [Labtools 27-2221] Launch Output:

****** Xilinx hw_server v2018.3
  **** Build date : Dec  7 2018-00:40:27
    ** Copyright 1986-2018 Xilinx, Inc. All Rights Reserved.


open_hw_target
INFO: [Labtoolstcl 44-466] Opening hw_target localhost:3121/xilinx_tcf/Digilent/210183AB4454A
set_property PROGRAM.FILE {C:/Users/Sidarth Shahri/Documents/CMPE 140 Assignments/Assignment 6/Vivado Files/Assignment_5.runs/impl_1/mips_fpga.bit} [get_hw_devices xc7a35t_0]
current_hw_device [get_hw_devices xc7a35t_0]
refresh_hw_device -update_hw_probes false [lindex [get_hw_devices xc7a35t_0] 0]
INFO: [Labtools 27-1434] Device xc7a35t (JTAG device index = 0) is programmed with a design that has no supported debug core(s) in it.
set_property PROBES.FILE {} [get_hw_devices xc7a35t_0]
set_property FULL_PROBES.FILE {} [get_hw_devices xc7a35t_0]
set_property PROGRAM.FILE {C:/Users/Sidarth Shahri/Documents/CMPE 140 Assignments/Assignment 6/Vivado Files/Assignment_5.runs/impl_1/mips_fpga.bit} [get_hw_devices xc7a35t_0]
program_hw_devices [get_hw_devices xc7a35t_0]
INFO: [Labtools 27-3164] End of startup status: HIGH
refresh_hw_device [lindex [get_hw_devices xc7a35t_0] 0]
INFO: [Labtools 27-1434] Device xc7a35t (JTAG device index = 0) is programmed with a design that has no supported debug core(s) in it.
set_property PROBES.FILE {} [get_hw_devices xc7a35t_0]
set_property FULL_PROBES.FILE {} [get_hw_devices xc7a35t_0]
set_property PROGRAM.FILE {C:/Users/Sidarth Shahri/Documents/CMPE 140 Assignments/Assignment 6/Vivado Files/Assignment_5.runs/impl_1/mips_fpga.bit} [get_hw_devices xc7a35t_0]
program_hw_devices [get_hw_devices xc7a35t_0]
INFO: [Labtools 27-3164] End of startup status: HIGH
refresh_hw_device [lindex [get_hw_devices xc7a35t_0] 0]
INFO: [Labtools 27-1434] Device xc7a35t (JTAG device index = 0) is programmed with a design that has no supported debug core(s) in it.
close_sim
INFO: [Common 17-41] Interrupt caught. Command should exit soon.
