#-----------------------------------------------------------
# Vivado v2018.3 (64-bit)
# SW Build 2405991 on Thu Dec  6 23:38:27 MST 2018
# IP Build 2404404 on Fri Dec  7 01:43:56 MST 2018
# Start of session at: Fri Nov  1 15:32:01 2019
# Process ID: 4652
# Current directory: C:/Users/Sidarth Shahri/Documents/CMPE 140 Assignments/Assignment 7
# Command line: vivado.exe -gui_launcher_event rodinguilauncherevent5596 C:\Users\Sidarth Shahri\Documents\CMPE 140 Assignments\Assignment 7\Assignment_7.xpr
# Log file: C:/Users/Sidarth Shahri/Documents/CMPE 140 Assignments/Assignment 7/vivado.log
# Journal file: C:/Users/Sidarth Shahri/Documents/CMPE 140 Assignments/Assignment 7\vivado.jou
#-----------------------------------------------------------
start_gui
open_project {C:/Users/Sidarth Shahri/Documents/CMPE 140 Assignments/Assignment 7/Assignment_7.xpr}
Scanning sources...
Finished scanning sources
INFO: [IP_Flow 19-234] Refreshing IP repositories
INFO: [IP_Flow 19-1704] No user IP repositories specified
INFO: [IP_Flow 19-2313] Loaded Vivado IP repository 'C:/Xilinx/Vivado/2018.3/data/ip'.
open_project: Time (s): cpu = 00:00:16 ; elapsed = 00:00:12 . Memory (MB): peak = 635.465 ; gain = 76.148
update_compile_order -fileset sources_1
reset_run synth_1
launch_runs impl_1 -to_step write_bitstream
[Fri Nov  1 15:48:56 2019] Launched synth_1...
Run output will be captured here: C:/Users/Sidarth Shahri/Documents/CMPE 140 Assignments/Assignment 7/Assignment_7.runs/synth_1/runme.log
[Fri Nov  1 15:48:57 2019] Launched impl_1...
Run output will be captured here: C:/Users/Sidarth Shahri/Documents/CMPE 140 Assignments/Assignment 7/Assignment_7.runs/impl_1/runme.log
open_hw
connect_hw_server
INFO: [Labtools 27-2285] Connecting to hw_server url TCP:localhost:3121
INFO: [Labtools 27-2222] Launching hw_server...
INFO: [Labtools 27-2221] Launch Output:

****** Xilinx hw_server v2018.3
  **** Build date : Dec  7 2018-00:40:27
    ** Copyright 1986-2018 Xilinx, Inc. All Rights Reserved.


connect_hw_server: Time (s): cpu = 00:00:01 ; elapsed = 00:00:06 . Memory (MB): peak = 757.945 ; gain = 0.000
open_hw_target
INFO: [Labtoolstcl 44-466] Opening hw_target localhost:3121/xilinx_tcf/Digilent/210183AB4454A
open_hw_target: Time (s): cpu = 00:00:06 ; elapsed = 00:00:07 . Memory (MB): peak = 1685.520 ; gain = 927.574
set_property PROGRAM.FILE {C:/Users/Sidarth Shahri/Documents/CMPE 140 Assignments/Assignment 7/Assignment_7.runs/impl_1/mips_fpga.bit} [get_hw_devices xc7a35t_0]
current_hw_device [get_hw_devices xc7a35t_0]
refresh_hw_device -update_hw_probes false [lindex [get_hw_devices xc7a35t_0] 0]
INFO: [Labtools 27-1434] Device xc7a35t (JTAG device index = 0) is programmed with a design that has no supported debug core(s) in it.
set_property PROBES.FILE {} [get_hw_devices xc7a35t_0]
set_property FULL_PROBES.FILE {} [get_hw_devices xc7a35t_0]
set_property PROGRAM.FILE {C:/Users/Sidarth Shahri/Documents/CMPE 140 Assignments/Assignment 7/Assignment_7.runs/impl_1/mips_fpga.bit} [get_hw_devices xc7a35t_0]
program_hw_devices [get_hw_devices xc7a35t_0]
INFO: [Labtools 27-3164] End of startup status: HIGH
refresh_hw_device [lindex [get_hw_devices xc7a35t_0] 0]
INFO: [Labtools 27-1434] Device xc7a35t (JTAG device index = 0) is programmed with a design that has no supported debug core(s) in it.
exit
INFO: [Common 17-206] Exiting Vivado at Fri Nov  1 18:55:52 2019...
