#
# A fatal error has been detected by the Java Runtime Environment:
#
#  EXCEPTION_ACCESS_VIOLATION (0xc0000005) at pc=0x00007ffa90ff1846, pid=2488, tid=7600
#
# JRE version: Java(TM) SE Runtime Environment (9.0+11) (build 9.0.4+11)
# Java VM: Java HotSpot(TM) 64-Bit Server VM (9.0.4+11, mixed mode, tiered, compressed oops, g1 gc, windows-amd64)
# Problematic frame:
# C  [librdi_filemgmt.dll+0x241846]
#
# No core dump will be written. Minidumps are not enabled by default on client versions of Windows
#
# If you would like to submit a bug report, please visit:
#   http://bugreport.java.com/bugreport/crash.jsp
# The crash happened outside the Java Virtual Machine in native code.
# See problematic frame for where to report the bug.
#

---------------  S U M M A R Y ------------

Command Line: -Dsun.java2d.pmoffscreen=false -Dsun.java2d.xrender=false -Dsun.java2d.d3d=false -Dsun.awt.nopixfmt=true -Dsun.java2d.dpiaware=true -Dsun.java2d.uiScale.enabled=false -Xverify:none -Dswing.aatext=true -XX:-UsePerfData -Djdk.map.althashing.threshold=512 -XX:StringTableSize=4072 --add-opens=java.base/java.nio=ALL-UNNAMED --add-opens=java.desktop/sun.swing=ALL-UNNAMED --add-opens=java.desktop/javax.swing=ALL-UNNAMED --add-opens=java.desktop/javax.swing.tree=ALL-UNNAMED --add-opens=java.desktop/javax.swing.plaf.basic=ALL-UNNAMED --add-opens=java.desktop/javax.swing.plaf.synth=ALL-UNNAMED --add-opens=java.desktop/com.sun.awt=ALL-UNNAMED -XX:NewSize=60m -XX:MaxNewSize=60m -Xms128m -Xmx3072m -Xss5m 

Host: Intel(R) Core(TM) i5-4308U CPU @ 2.80GHz, 2 cores, 7G,  Windows 10 , 64 bit Build 16299 (10.0.16299.1087)
Time: Thu Sep 05 15:54:43 2019 US Mountain Standard Time elapsed time: 9249 seconds (0d 2h 34m 9s)

---------------  T H R E A D  ---------------

Current thread (0x0000022ffb601000):  JavaThread "AWT-EventQueue-1" [_thread_in_native, id=7600, stack(0x000000e9dc400000,0x000000e9dc900000)]

Stack: [0x000000e9dc400000,0x000000e9dc900000],  sp=0x000000e9dc8fd300,  free space=5108k
Native frames: (J=compiled Java code, j=interpreted, Vv=VM code, C=native code)
C  [librdi_filemgmt.dll+0x241846]
C  [librdi_filemgmt.dll+0x23ff12]
C  [librdi_filemgmt.dll+0x2553c8]
C  0x0000022feb1698d2

Java frames: (J=compiled Java code, j=interpreted, Vv=VM code)
J 20455  ui.data.srcscan.srcscani.EditorAssist_createFoldInfoIter(JLjava/lang/String;)J (0 bytes) @ 0x0000022feb169835 [0x0000022feb1697e0+0x0000000000000055]
J 21171 c1 ui.data.k.a.a.sg(Ljava/lang/String;)V (155 bytes) @ 0x0000022fe3d3897c [0x0000022fe3d38360+0x000000000000061c]
J 21646 c1 ui.views.V.a.ab.b(Lui/data/k/a/a;Ljava/lang/String;)V (118 bytes) @ 0x0000022fe2da3d44 [0x0000022fe2da2b40+0x0000000000001204]
J 21169 c1 ui.views.V.a.ab.gEu()V (52 bytes) @ 0x0000022fe3c1acec [0x0000022fe3c19ec0+0x0000000000000e2c]
J 21168 c1 ui.views.V.a.as.finished()V (81 bytes) @ 0x0000022fe3b19edc [0x0000022fe3b19d00+0x00000000000001dc]
J 19031 c1 ui.frmwork.x.run()V (15 bytes) @ 0x0000022fe2d3e44c [0x0000022fe2d3e2e0+0x000000000000016c]
J 16215 c2 java.awt.EventQueue$3.run()Ljava/lang/Void; java.desktop@9.0.4 (60 bytes) @ 0x0000022fea716254 [0x0000022fea715d00+0x0000000000000554]
J 13966 c2 java.awt.EventQueue$3.run()Ljava/lang/Object; java.desktop@9.0.4 (5 bytes) @ 0x0000022feaa07354 [0x0000022feaa07320+0x0000000000000034]
v  ~StubRoutines::call_stub
J 2988  java.security.AccessController.doPrivileged(Ljava/security/PrivilegedAction;Ljava/security/AccessControlContext;)Ljava/lang/Object; java.base@9.0.4 (0 bytes) @ 0x0000022fea17ebc6 [0x0000022fea17eb60+0x0000000000000066]
J 14498 c2 ui.frmwork.b.d.dispatchEvent(Ljava/awt/AWTEvent;)V (34 bytes) @ 0x0000022feaab830c [0x0000022feaab7da0+0x000000000000056c]
J 19133 c2 java.awt.EventDispatchThread.pumpOneEventForFilters(I)V java.desktop@9.0.4 (218 bytes) @ 0x0000022fea9dd418 [0x0000022fea9dcf60+0x00000000000004b8]
J 15934% c2 java.awt.EventDispatchThread.pumpEventsForFilter(ILjava/awt/Conditional;Ljava/awt/EventFilter;)V java.desktop@9.0.4 (47 bytes) @ 0x0000022fea2846c0 [0x0000022fea2845c0+0x0000000000000100]
j  java.awt.EventDispatchThread.pumpEventsForHierarchy(ILjava/awt/Conditional;Ljava/awt/Component;)V+11 java.desktop@9.0.4
j  java.awt.EventDispatchThread.pumpEvents(ILjava/awt/Conditional;)V+4 java.desktop@9.0.4
j  java.awt.EventDispatchThread.pumpEvents(Ljava/awt/Conditional;)V+3 java.desktop@9.0.4
j  java.awt.EventDispatchThread.run()V+9 java.desktop@9.0.4
v  ~StubRoutines::call_stub

siginfo: EXCEPTION_ACCESS_VIOLATION (0xc0000005), reading address 0x0000000000000000


Register to memory mapping:

RIP=0x00007ffa90ff1846 librdi_filemgmt.dll
RAX=0x0000000000000001 is an unknown value
RBX=0x0000022f857e1bc0 is an unknown value
RCX=0x0000022fd952d5e0 is an unknown value
RDX=0x0000000000000000 is an unknown value
RSP=0x000000e9dc8fd300 is pointing into the stack for thread: 0x0000022ffb601000
RBP=0x000000e9dc8fd460 is pointing into the stack for thread: 0x0000022ffb601000
RSI=0x0000000000000000 is an unknown value
RDI=0x0000022ffeb47010 is an unknown value
R8 =0x0000022fcc4b0de0 is an unknown value
R9 =0x0000000000008000 is an unknown value
R10=0x0000022fd9c18020 is an unknown value
R11=0x000000e9dc8fb230 is pointing into the stack for thread: 0x0000022ffb601000
R12=0x0000022fd8e50370 is an unknown value
R13=0x0000000000000000 is an unknown value
R14=0x0000000000000000 is an unknown value
R15=0x000000e9dc8fd538 is pointing into the stack for thread: 0x0000022ffb601000


Registers:
RAX=0x0000000000000001, RBX=0x0000022f857e1bc0, RCX=0x0000022fd952d5e0, RDX=0x0000000000000000
RSP=0x000000e9dc8fd300, RBP=0x000000e9dc8fd460, RSI=0x0000000000000000, RDI=0x0000022ffeb47010
R8 =0x0000022fcc4b0de0, R9 =0x0000000000008000, R10=0x0000022fd9c18020, R11=0x000000e9dc8fb230
R12=0x0000022fd8e50370, R13=0x0000000000000000, R14=0x0000000000000000, R15=0x000000e9dc8fd538
RIP=0x00007ffa90ff1846, EFLAGS=0x0000000000010283

Top of Stack: (sp=0x000000e9dc8fd300)
0x000000e9dc8fd300:   0000022f857e1bb8 0000000000000000
0x000000e9dc8fd310:   0000022f857e1bb8 00007ffa90dd6950
0x000000e9dc8fd320:   fffffffffffffffe 0000022fd9c1e000
0x000000e9dc8fd330:   0000000000000010 0000000000000000
0x000000e9dc8fd340:   000000000000000f 0000022fd9c1d800
0x000000e9dc8fd350:   0000022fd8e50370 0000000000000000
0x000000e9dc8fd360:   000000000000000f 000000417a5f3827
0x000000e9dc8fd370:   0000000000000069 0000022fd8e50370
0x000000e9dc8fd380:   000000e9dc8fd460 00007ffa90feff12
0x000000e9dc8fd390:   00008c1630d9e949 0000000000000000
0x000000e9dc8fd3a0:   0000000000000069 0000022ffeb47010
0x000000e9dc8fd3b0:   0000000000000069 0000022ffb601218
0x000000e9dc8fd3c0:   0000022ffb601218 0000022ffb61fe70
0x000000e9dc8fd3d0:   000000e9dc8fd570 00007ffa910053c8
0x000000e9dc8fd3e0:   0000000000000069 0000000000000069
0x000000e9dc8fd3f0:   0000022ffb61fe70 0000022fff6d1d40 

Instructions: (pc=0x00007ffa90ff1846)
0x00007ffa90ff1826:   66 66 0f 1f 84 00 00 00 00 00 48 8b 13 48 c7 44
0x00007ffa90ff1836:   24 40 0f 00 00 00 4c 89 74 24 38 c6 44 24 28 00
0x00007ffa90ff1846:   80 3a 00 75 05 4d 8b c6 eb 0e 49 83 c8 ff 49 ff
0x00007ffa90ff1856:   c0 42 80 3c 02 00 75 f6 48 8d 4c 24 28 e8 d8 3a 



---------------  P R O C E S S  ---------------

Java Threads: ( => current thread )
  0x0000022ffeff8800 JavaThread "Code Inspector" [_thread_in_native, id=5796, stack(0x000000f6af400000,0x000000f6af900000)]
  0x0000022ffd178000 JavaThread "Monitor File Timestamp Swing Worker" [_thread_blocked, id=324, stack(0x000000f63ce00000,0x000000f63d300000)]
  0x0000022ffd17e000 JavaThread "Timer-14" [_thread_blocked, id=8156, stack(0x000000f63c900000,0x000000f63ce00000)]
  0x0000022ffd17c800 JavaThread "Monitor File Timestamp Swing Worker" [_thread_blocked, id=5464, stack(0x000000f5f2800000,0x000000f5f2d00000)]
  0x0000022fd94b8800 JavaThread "Timer-13" [_thread_blocked, id=2268, stack(0x000000f5f2300000,0x000000f5f2800000)]
  0x0000022ffd17f800 JavaThread "Timer-6" [_thread_blocked, id=992, stack(0x000000f322a00000,0x000000f322f00000)]
  0x0000022ffd180800 JavaThread "Monitor File Timestamp Swing Worker" [_thread_blocked, id=4100, stack(0x000000f2b8000000,0x000000f2b8500000)]
  0x0000022ffd17b000 JavaThread "Timer-4" [_thread_blocked, id=4376, stack(0x000000f2b7b00000,0x000000f2b8000000)]
  0x0000022ffd17f000 JavaThread "Monitor File Timestamp Swing Worker" [_thread_blocked, id=6364, stack(0x000000f29f000000,0x000000f29f500000)]
  0x0000022ffd179000 JavaThread "Timer-3" [_thread_blocked, id=6476, stack(0x000000f29eb00000,0x000000f29f000000)]
  0x0000022ffd17d800 JavaThread "Monitor File Timestamp Swing Worker" [_thread_blocked, id=6964, stack(0x000000f29e100000,0x000000f29e600000)]
  0x0000022ffd17c000 JavaThread "Timer-2" [_thread_blocked, id=3528, stack(0x000000f29dc00000,0x000000f29e100000)]
  0x0000022ffd17a800 JavaThread "Monitor File Timestamp Swing Worker" [_thread_blocked, id=964, stack(0x000000f29cd00000,0x000000f29d200000)]
  0x0000022ffd179800 JavaThread "Timer-1" [_thread_blocked, id=6700, stack(0x000000f29c800000,0x000000f29cd00000)]
  0x0000022ffd176000 JavaThread "SyntheticaAnimation 50" daemon [_thread_blocked, id=4968, stack(0x000000f137100000,0x000000f137600000)]
  0x0000022fd94ba000 JavaThread "Image Animator 3" daemon [_thread_blocked, id=2328, stack(0x000000e99cc00000,0x000000e99d100000)]
  0x0000022ffd176800 JavaThread "Swing-Shell" daemon [_thread_blocked, id=6612, stack(0x000000e9fcd00000,0x000000e9fd200000)]
  0x0000022ffd175000 JavaThread "SyntheticaAnimation 50" daemon [_thread_blocked, id=2376, stack(0x000000e9fa500000,0x000000e9faa00000)]
  0x0000022ffd173000 JavaThread "hw_ila_monitor" [_thread_blocked, id=1352, stack(0x000000e9e2d00000,0x000000e9e3200000)]
  0x0000022ffd177800 JavaThread "Update Runs Swing Worker" [_thread_blocked, id=7436, stack(0x000000e9e2800000,0x000000e9e2d00000)]
  0x0000022fd94b3800 JavaThread "Refresh Filesets Swing Worker" [_thread_blocked, id=6400, stack(0x000000e9e1e00000,0x000000e9e2300000)]
  0x0000022fd94b9800 JavaThread "SyntheticaAnimation 70" daemon [_thread_blocked, id=7648, stack(0x000000e9e1900000,0x000000e9e1e00000)]
  0x0000022fd94b6800 JavaThread "SyntheticaAnimation 25" daemon [_thread_blocked, id=3020, stack(0x000000e9e0500000,0x000000e9e0a00000)]
  0x0000022fd94b5800 JavaThread "SyntheticaAnimation 50" daemon [_thread_blocked, id=6936, stack(0x000000e9e0000000,0x000000e9e0500000)]
  0x0000022fd94b8000 JavaThread "Monitor HEventQueue" [_thread_blocked, id=244, stack(0x000000e9dfb00000,0x000000e9e0000000)]
  0x0000022fd94b5000 JavaThread "Batik CleanerThread" daemon [_thread_blocked, id=5192, stack(0x000000e9de200000,0x000000e9de700000)]
  0x0000022fd94b4000 JavaThread "SyntheticaCleanerThread" daemon [_thread_blocked, id=3776, stack(0x000000e9dc900000,0x000000e9dce00000)]
=>0x0000022ffb601000 JavaThread "AWT-EventQueue-1" [_thread_in_native, id=7600, stack(0x000000e9dc400000,0x000000e9dc900000)]
  0x0000022ffbcae000 JavaThread "AWT-Shutdown" [_thread_blocked, id=5316, stack(0x000000e9dbf00000,0x000000e9dc400000)]
  0x0000022fdb9fb000 JavaThread "Process Messages" [_thread_blocked, id=6004, stack(0x000000e9dba00000,0x000000e9dbf00000)]
  0x0000022ffc0c3800 JavaThread "Thread-1" [_thread_in_native, id=4212, stack(0x000000e9d5500000,0x000000e9d6900000)]
  0x0000022fdb9b3800 JavaThread "TimerQueue" daemon [_thread_blocked, id=7676, stack(0x000000e9dab00000,0x000000e9db000000)]
  0x0000022fdb32e000 JavaThread "AWT-Windows" daemon [_thread_in_native, id=7208, stack(0x000000e9da600000,0x000000e9dab00000)]
  0x0000022fdb4d7000 JavaThread "Java2D Disposer" daemon [_thread_blocked, id=184, stack(0x000000e9d9c00000,0x000000e9da100000)]
  0x0000022fdaa6e000 JavaThread "Service Thread" daemon [_thread_blocked, id=4372, stack(0x000000e9d9600000,0x000000e9d9b00000)]
  0x0000022fd9178800 JavaThread "Common-Cleaner" daemon [_thread_blocked, id=8124, stack(0x000000e9d9100000,0x000000e9d9600000)]
  0x0000022fd94b7000 JavaThread "Sweeper thread" daemon [_thread_blocked, id=6732, stack(0x000000e9d8c00000,0x000000e9d9100000)]
  0x0000022fd91d7800 JavaThread "C1 CompilerThread1" daemon [_thread_blocked, id=2284, stack(0x000000e9d8b00000,0x000000e9d8c00000)]
  0x0000022fd9e62800 JavaThread "C2 CompilerThread0" daemon [_thread_blocked, id=7608, stack(0x000000e9d8a00000,0x000000e9d8b00000)]
  0x0000022fd43d8000 JavaThread "Attach Listener" daemon [_thread_blocked, id=2836, stack(0x000000e9d8500000,0x000000e9d8a00000)]
  0x0000022fd43d7800 JavaThread "Signal Dispatcher" daemon [_thread_blocked, id=4448, stack(0x000000e9d8000000,0x000000e9d8500000)]
  0x0000022fd92db800 JavaThread "Finalizer" daemon [_thread_blocked, id=6036, stack(0x000000e9d7b00000,0x000000e9d8000000)]
  0x0000022fd90fc800 JavaThread "Reference Handler" daemon [_thread_blocked, id=6240, stack(0x000000e9d7600000,0x000000e9d7b00000)]
  0x0000022fcff4e800 JavaThread "main" [_thread_blocked, id=3400, stack(0x000000e9d6d00000,0x000000e9d6e00000)]

Other Threads:
  0x0000022fd96ce800 VMThread "VM Thread" [stack: 0x000000e9d7500000,0x000000e9d7600000] [id=7224]
  0x0000022fd8c5f800 WatcherThread [stack: 0x000000e9d9b00000,0x000000e9d9c00000] [id=3396]
  0x0000022fd3ef0000 GCTaskThread "GC Thread#0" [stack: 0x000000e9d6e00000,0x000000e9d6f00000] [id=5320]
  0x0000022fd9e74800 GCTaskThread "GC Thread#1" [stack: 0x000000e9d6f00000,0x000000e9d7000000] [id=2040]
  0x0000022fd9e1d000 ConcurrentGCThread "G1 Main Marker" [stack: 0x000000e9d7300000,0x000000e9d7400000] [id=5096]
  0x0000022fd42f5800 ConcurrentGCThread "G1 Marker#0" [stack: 0x000000e9d7400000,0x000000e9d7500000] [id=848]
  0x0000022fd3ff2800 ConcurrentGCThread "G1 Refine#0" [stack: 0x000000e9d7100000,0x000000e9d7200000] [id=4516]
  0x0000022fd4516800 ConcurrentGCThread "G1 Refine#1" [stack: 0x000000e9d7000000,0x000000e9d7100000] [id=7788]
  0x0000022fd9c5c800 ConcurrentGCThread "G1 Young RemSet Sampling" [stack: 0x000000e9d7200000,0x000000e9d7300000] [id=5740]

Threads with active compile tasks:

VM state:not at safepoint (normal execution)

VM Mutex/Monitor currently owned by a thread: None

Heap address: 0x0000000700000000, size: 3072 MB, Compressed Oops mode: Zero based, Oop shift amount: 3
Narrow klass base: 0x0000000000000000, Narrow klass shift: 3
Compressed class space size: 1073741824 Address: 0x00000007c0000000

Heap:
 garbage-first heap   total 224256K, used 139712K [0x0000000700000000, 0x00000007001006d8, 0x00000007c0000000)
  region size 1024K, 59 young (60416K), 2 survivors (2048K)
 Metaspace       used 76529K, capacity 79236K, committed 82864K, reserved 1120256K
  class space    used 10137K, capacity 10668K, committed 11440K, reserved 1048576K
Heap Regions: E=young(eden), S=young(survivor), O=old, HS=humongous(starts), HC=humongous(continues), CS=collection set, F=free, A=archive, TS=gc time stamp, AC=allocation context, TAMS=top-at-mark-start (previous, next)
|   0|0x0000000700000000, 0x00000007000ffff0, 0x0000000700100000| 99%| O|  |TS  0|AC  0|TAMS 0x0000000700000000, 0x0000000700000000|
|   1|0x0000000700100000, 0x0000000700200000, 0x0000000700200000|100%|HS|  |TS  0|AC  0|TAMS 0x0000000700100000, 0x0000000700100000|
|   2|0x0000000700200000, 0x0000000700300000, 0x0000000700300000|100%|HC|  |TS  0|AC  0|TAMS 0x0000000700200000, 0x0000000700200000|
|   3|0x0000000700300000, 0x0000000700400000, 0x0000000700400000|100%|HS|  |TS  0|AC  0|TAMS 0x0000000700300000, 0x0000000700300000|
|   4|0x0000000700400000, 0x00000007004ffff0, 0x0000000700500000| 99%| O|  |TS  0|AC  0|TAMS 0x0000000700400000, 0x0000000700400000|
|   5|0x0000000700500000, 0x00000007005fffd8, 0x0000000700600000| 99%| O|  |TS  0|AC  0|TAMS 0x0000000700500000, 0x0000000700500000|
|   6|0x0000000700600000, 0x00000007006fffe0, 0x0000000700700000| 99%| O|  |TS  0|AC  0|TAMS 0x0000000700600000, 0x0000000700600000|
|   7|0x0000000700700000, 0x00000007007fffb8, 0x0000000700800000| 99%| O|  |TS  0|AC  0|TAMS 0x0000000700700000, 0x0000000700700000|
|   8|0x0000000700800000, 0x00000007008ffff0, 0x0000000700900000| 99%| O|  |TS  0|AC  0|TAMS 0x0000000700800000, 0x0000000700800000|
|   9|0x0000000700900000, 0x00000007009f6d68, 0x0000000700a00000| 96%| O|  |TS  0|AC  0|TAMS 0x0000000700900000, 0x0000000700900000|
|  10|0x0000000700a00000, 0x0000000700ae2c18, 0x0000000700b00000| 88%| O|  |TS  0|AC  0|TAMS 0x0000000700a00000, 0x0000000700a00000|
|  11|0x0000000700b00000, 0x0000000700bb9e60, 0x0000000700c00000| 72%| O|  |TS  0|AC  0|TAMS 0x0000000700b00000, 0x0000000700b00000|
|  12|0x0000000700c00000, 0x0000000700d00000, 0x0000000700d00000|100%|HS|  |TS  0|AC  0|TAMS 0x0000000700c00000, 0x0000000700c00000|
|  13|0x0000000700d00000, 0x0000000700e00000, 0x0000000700e00000|100%|HC|  |TS  0|AC  0|TAMS 0x0000000700d00000, 0x0000000700d00000|
|  14|0x0000000700e00000, 0x0000000700eefdc0, 0x0000000700f00000| 93%| O|  |TS  0|AC  0|TAMS 0x0000000700e00000, 0x0000000700e00000|
|  15|0x0000000700f00000, 0x0000000700ffdae8, 0x0000000701000000| 99%| O|  |TS  0|AC  0|TAMS 0x0000000700f00000, 0x0000000700f00000|
|  16|0x0000000701000000, 0x00000007010fffa0, 0x0000000701100000| 99%| O|  |TS  0|AC  0|TAMS 0x0000000701000000, 0x0000000701000000|
|  17|0x0000000701100000, 0x00000007011ffff0, 0x0000000701200000| 99%| O|  |TS  0|AC  0|TAMS 0x0000000701100000, 0x0000000701100000|
|  18|0x0000000701200000, 0x00000007012ffff0, 0x0000000701300000| 99%| O|  |TS  0|AC  0|TAMS 0x0000000701200000, 0x0000000701200000|
|  19|0x0000000701300000, 0x00000007013ff518, 0x0000000701400000| 99%| O|  |TS  0|AC  0|TAMS 0x0000000701300000, 0x0000000701300000|
|  20|0x0000000701400000, 0x00000007014ffc98, 0x0000000701500000| 99%| O|  |TS  0|AC  0|TAMS 0x0000000701400000, 0x0000000701400000|
|  21|0x0000000701500000, 0x0000000701600000, 0x0000000701600000|100%|HS|  |TS  0|AC  0|TAMS 0x0000000701500000, 0x0000000701500000|
|  22|0x0000000701600000, 0x0000000701700000, 0x0000000701700000|100%|HS|  |TS  0|AC  0|TAMS 0x0000000701600000, 0x0000000701600000|
|  23|0x0000000701700000, 0x00000007017ffff8, 0x0000000701800000| 99%| O|  |TS  0|AC  0|TAMS 0x0000000701700000, 0x0000000701700000|
|  24|0x0000000701800000, 0x00000007018ffc08, 0x0000000701900000| 99%| O|  |TS  0|AC  0|TAMS 0x0000000701800000, 0x0000000701800000|
|  25|0x0000000701900000, 0x00000007019fffd8, 0x0000000701a00000| 99%| O|  |TS  0|AC  0|TAMS 0x0000000701900000, 0x0000000701900000|
|  26|0x0000000701a00000, 0x0000000701affff0, 0x0000000701b00000| 99%| O|  |TS  0|AC  0|TAMS 0x0000000701a00000, 0x0000000701a00000|
|  27|0x0000000701b00000, 0x0000000701bffff8, 0x0000000701c00000| 99%| O|  |TS  0|AC  0|TAMS 0x0000000701b00000, 0x0000000701b00000|
|  28|0x0000000701c00000, 0x0000000701cfff10, 0x0000000701d00000| 99%| O|  |TS  0|AC  0|TAMS 0x0000000701c00000, 0x0000000701c00000|
|  29|0x0000000701d00000, 0x0000000701dffff0, 0x0000000701e00000| 99%| O|  |TS  0|AC  0|TAMS 0x0000000701d00000, 0x0000000701d00000|
|  30|0x0000000701e00000, 0x0000000701effff8, 0x0000000701f00000| 99%| O|  |TS  0|AC  0|TAMS 0x0000000701e00000, 0x0000000701e00000|
|  31|0x0000000701f00000, 0x0000000701fffff8, 0x0000000702000000| 99%| O|  |TS  0|AC  0|TAMS 0x0000000701f00000, 0x0000000701f00000|
|  32|0x0000000702000000, 0x00000007020ffff0, 0x0000000702100000| 99%| O|  |TS  0|AC  0|TAMS 0x0000000702000000, 0x0000000702000000|
|  33|0x0000000702100000, 0x0000000702200000, 0x0000000702200000|100%| O|  |TS  0|AC  0|TAMS 0x0000000702100000, 0x0000000702100000|
|  34|0x0000000702200000, 0x00000007022fffe8, 0x0000000702300000| 99%| O|  |TS  0|AC  0|TAMS 0x0000000702200000, 0x0000000702200000|
|  35|0x0000000702300000, 0x00000007023ffff0, 0x0000000702400000| 99%| O|  |TS  0|AC  0|TAMS 0x0000000702300000, 0x0000000702300000|
|  36|0x0000000702400000, 0x00000007024ffff8, 0x0000000702500000| 99%| O|  |TS  0|AC  0|TAMS 0x0000000702400000, 0x0000000702400000|
|  37|0x0000000702500000, 0x00000007025f73a8, 0x0000000702600000| 96%| O|  |TS  0|AC  0|TAMS 0x0000000702500000, 0x0000000702500000|
|  38|0x0000000702600000, 0x00000007026fffe8, 0x0000000702700000| 99%| O|  |TS  0|AC  0|TAMS 0x0000000702600000, 0x0000000702600000|
|  39|0x0000000702700000, 0x00000007027ffff8, 0x0000000702800000| 99%| O|  |TS  0|AC  0|TAMS 0x0000000702700000, 0x0000000702700000|
|  40|0x0000000702800000, 0x00000007028ffd80, 0x0000000702900000| 99%| O|  |TS  0|AC  0|TAMS 0x0000000702800000, 0x0000000702800000|
|  41|0x0000000702900000, 0x00000007029ffff8, 0x0000000702a00000| 99%| O|  |TS  0|AC  0|TAMS 0x0000000702900000, 0x0000000702900000|
|  42|0x0000000702a00000, 0x0000000702b00000, 0x0000000702b00000|100%| O|  |TS  0|AC  0|TAMS 0x0000000702a00000, 0x0000000702a00000|
|  43|0x0000000702b00000, 0x0000000702bffff0, 0x0000000702c00000| 99%| O|  |TS  0|AC  0|TAMS 0x0000000702b00000, 0x0000000702b00000|
|  44|0x0000000702c00000, 0x0000000702cfffe8, 0x0000000702d00000| 99%| O|  |TS  0|AC  0|TAMS 0x0000000702c00000, 0x0000000702c00000|
|  45|0x0000000702d00000, 0x0000000702dffff0, 0x0000000702e00000| 99%| O|  |TS  0|AC  0|TAMS 0x0000000702d00000, 0x0000000702d00000|
|  46|0x0000000702e00000, 0x0000000702effec0, 0x0000000702f00000| 99%| O|  |TS  0|AC  0|TAMS 0x0000000702e00000, 0x0000000702e00000|
|  47|0x0000000702f00000, 0x0000000702fffff8, 0x0000000703000000| 99%| O|  |TS  0|AC  0|TAMS 0x0000000702f00000, 0x0000000702f00000|
|  48|0x0000000703000000, 0x00000007030ffff0, 0x0000000703100000| 99%| O|  |TS  0|AC  0|TAMS 0x0000000703000000, 0x0000000703000000|
|  49|0x0000000703100000, 0x0000000703200000, 0x0000000703200000|100%| O|  |TS  0|AC  0|TAMS 0x0000000703100000, 0x0000000703100000|
|  50|0x0000000703200000, 0x00000007032ffff0, 0x0000000703300000| 99%| O|  |TS  0|AC  0|TAMS 0x0000000703200000, 0x0000000703200000|
|  51|0x0000000703300000, 0x00000007033ffff8, 0x0000000703400000| 99%| O|  |TS  0|AC  0|TAMS 0x0000000703300000, 0x0000000703300000|
|  52|0x0000000703400000, 0x0000000703500000, 0x0000000703500000|100%|HS|  |TS  0|AC  0|TAMS 0x0000000703400000, 0x0000000703400000|
|  53|0x0000000703500000, 0x0000000703600000, 0x0000000703600000|100%|HC|  |TS  0|AC  0|TAMS 0x0000000703500000, 0x0000000703500000|
|  54|0x0000000703600000, 0x0000000703700000, 0x0000000703700000|100%|HC|  |TS  0|AC  0|TAMS 0x0000000703600000, 0x0000000703600000|
|  55|0x0000000703700000, 0x0000000703800000, 0x0000000703800000|100%|HC|  |TS  0|AC  0|TAMS 0x0000000703700000, 0x0000000703700000|
|  56|0x0000000703800000, 0x00000007038fffc8, 0x0000000703900000| 99%| O|  |TS  0|AC  0|TAMS 0x0000000703800000, 0x0000000703800000|
|  57|0x0000000703900000, 0x0000000703998248, 0x0000000703a00000| 59%| O|  |TS  0|AC  0|TAMS 0x0000000703900000, 0x0000000703900000|
|  58|0x0000000703a00000, 0x0000000703b00000, 0x0000000703b00000|100%| O|  |TS 51|AC  0|TAMS 0x0000000703a00000, 0x0000000703a00000|
|  59|0x0000000703b00000, 0x0000000703b61400, 0x0000000703c00000| 37%| O|  |TS 65|AC  0|TAMS 0x0000000703b00000, 0x0000000703b00000|
|  60|0x0000000703c00000, 0x0000000703c00000, 0x0000000703d00000|  0%| F|  |TS  0|AC  0|TAMS 0x0000000703c00000, 0x0000000703c00000|
|  61|0x0000000703d00000, 0x0000000703d00000, 0x0000000703e00000|  0%| F|  |TS  0|AC  0|TAMS 0x0000000703d00000, 0x0000000703d00000|
|  62|0x0000000703e00000, 0x0000000703e00000, 0x0000000703f00000|  0%| F|  |TS  0|AC  0|TAMS 0x0000000703e00000, 0x0000000703e00000|
|  63|0x0000000703f00000, 0x0000000703f00000, 0x0000000704000000|  0%| F|  |TS  0|AC  0|TAMS 0x0000000703f00000, 0x0000000703f00000|
|  64|0x0000000704000000, 0x0000000704000000, 0x0000000704100000|  0%| F|  |TS  0|AC  0|TAMS 0x0000000704000000, 0x0000000704000000|
|  65|0x0000000704100000, 0x0000000704100000, 0x0000000704200000|  0%| F|  |TS  0|AC  0|TAMS 0x0000000704100000, 0x0000000704100000|
|  66|0x0000000704200000, 0x0000000704200000, 0x0000000704300000|  0%| F|  |TS  0|AC  0|TAMS 0x0000000704200000, 0x0000000704200000|
|  67|0x0000000704300000, 0x0000000704300000, 0x0000000704400000|  0%| F|  |TS  0|AC  0|TAMS 0x0000000704300000, 0x0000000704300000|
|  68|0x0000000704400000, 0x0000000704400000, 0x0000000704500000|  0%| F|  |TS  0|AC  0|TAMS 0x0000000704400000, 0x0000000704400000|
|  69|0x0000000704500000, 0x0000000704500000, 0x0000000704600000|  0%| F|  |TS  0|AC  0|TAMS 0x0000000704500000, 0x0000000704500000|
|  70|0x0000000704600000, 0x0000000704600000, 0x0000000704700000|  0%| F|  |TS  0|AC  0|TAMS 0x0000000704600000, 0x0000000704600000|
|  71|0x0000000704700000, 0x0000000704700000, 0x0000000704800000|  0%| F|  |TS  0|AC  0|TAMS 0x0000000704700000, 0x0000000704700000|
|  72|0x0000000704800000, 0x0000000704800000, 0x0000000704900000|  0%| F|  |TS  0|AC  0|TAMS 0x0000000704800000, 0x0000000704800000|
|  73|0x0000000704900000, 0x0000000704900000, 0x0000000704a00000|  0%| F|  |TS  0|AC  0|TAMS 0x0000000704900000, 0x0000000704900000|
|  74|0x0000000704a00000, 0x0000000704a00000, 0x0000000704b00000|  0%| F|  |TS  0|AC  0|TAMS 0x0000000704a00000, 0x0000000704a00000|
|  75|0x0000000704b00000, 0x0000000704b00000, 0x0000000704c00000|  0%| F|  |TS  0|AC  0|TAMS 0x0000000704b00000, 0x0000000704b00000|
|  76|0x0000000704c00000, 0x0000000704c00000, 0x0000000704d00000|  0%| F|  |TS  0|AC  0|TAMS 0x0000000704c00000, 0x0000000704c00000|
|  77|0x0000000704d00000, 0x0000000704d00000, 0x0000000704e00000|  0%| F|  |TS  0|AC  0|TAMS 0x0000000704d00000, 0x0000000704d00000|
|  78|0x0000000704e00000, 0x0000000704e00000, 0x0000000704f00000|  0%| F|  |TS  0|AC  0|TAMS 0x0000000704e00000, 0x0000000704e00000|
|  79|0x0000000704f00000, 0x0000000704f00000, 0x0000000705000000|  0%| F|  |TS  0|AC  0|TAMS 0x0000000704f00000, 0x0000000704f00000|
|  80|0x0000000705000000, 0x0000000705100000, 0x0000000705100000|100%|HS|  |TS  0|AC  0|TAMS 0x0000000705000000, 0x0000000705000000|
|  81|0x0000000705100000, 0x0000000705100000, 0x0000000705200000|  0%| F|  |TS  0|AC  0|TAMS 0x0000000705100000, 0x0000000705100000|
|  82|0x0000000705200000, 0x0000000705300000, 0x0000000705300000|100%|HS|  |TS  0|AC  0|TAMS 0x0000000705200000, 0x0000000705200000|
|  83|0x0000000705300000, 0x0000000705400000, 0x0000000705400000|100%|HC|  |TS  0|AC  0|TAMS 0x0000000705300000, 0x0000000705300000|
|  84|0x0000000705400000, 0x0000000705500000, 0x0000000705500000|100%|HC|  |TS  0|AC  0|TAMS 0x0000000705400000, 0x0000000705400000|
|  85|0x0000000705500000, 0x0000000705600000, 0x0000000705600000|100%|HC|  |TS  0|AC  0|TAMS 0x0000000705500000, 0x0000000705500000|
|  86|0x0000000705600000, 0x0000000705700000, 0x0000000705700000|100%|HC|  |TS  0|AC  0|TAMS 0x0000000705600000, 0x0000000705600000|
|  87|0x0000000705700000, 0x0000000705800000, 0x0000000705800000|100%|HC|  |TS  0|AC  0|TAMS 0x0000000705700000, 0x0000000705700000|
|  88|0x0000000705800000, 0x0000000705900000, 0x0000000705900000|100%|HC|  |TS  0|AC  0|TAMS 0x0000000705800000, 0x0000000705800000|
|  89|0x0000000705900000, 0x0000000705a00000, 0x0000000705a00000|100%|HC|  |TS  0|AC  0|TAMS 0x0000000705900000, 0x0000000705900000|
|  90|0x0000000705a00000, 0x0000000705b00000, 0x0000000705b00000|100%|HC|  |TS  0|AC  0|TAMS 0x0000000705a00000, 0x0000000705a00000|
|  91|0x0000000705b00000, 0x0000000705c00000, 0x0000000705c00000|100%|HC|  |TS  0|AC  0|TAMS 0x0000000705b00000, 0x0000000705b00000|
|  92|0x0000000705c00000, 0x0000000705d00000, 0x0000000705d00000|100%|HC|  |TS  0|AC  0|TAMS 0x0000000705c00000, 0x0000000705c00000|
|  93|0x0000000705d00000, 0x0000000705e00000, 0x0000000705e00000|100%|HC|  |TS  0|AC  0|TAMS 0x0000000705d00000, 0x0000000705d00000|
|  94|0x0000000705e00000, 0x0000000705f00000, 0x0000000705f00000|100%|HC|  |TS  0|AC  0|TAMS 0x0000000705e00000, 0x0000000705e00000|
|  95|0x0000000705f00000, 0x0000000706000000, 0x0000000706000000|100%|HC|  |TS  0|AC  0|TAMS 0x0000000705f00000, 0x0000000705f00000|
|  96|0x0000000706000000, 0x0000000706100000, 0x0000000706100000|100%|HC|  |TS  0|AC  0|TAMS 0x0000000706000000, 0x0000000706000000|
|  97|0x0000000706100000, 0x0000000706200000, 0x0000000706200000|100%|HC|  |TS  0|AC  0|TAMS 0x0000000706100000, 0x0000000706100000|
|  98|0x0000000706200000, 0x0000000706300000, 0x0000000706300000|100%|HC|  |TS  0|AC  0|TAMS 0x0000000706200000, 0x0000000706200000|
|  99|0x0000000706300000, 0x0000000706400000, 0x0000000706400000|100%|HC|  |TS  0|AC  0|TAMS 0x0000000706300000, 0x0000000706300000|
| 100|0x0000000706400000, 0x0000000706500000, 0x0000000706500000|100%|HC|  |TS  0|AC  0|TAMS 0x0000000706400000, 0x0000000706400000|
| 101|0x0000000706500000, 0x0000000706500000, 0x0000000706600000|  0%| F|  |TS  0|AC  0|TAMS 0x0000000706500000, 0x0000000706500000|
| 102|0x0000000706600000, 0x0000000706600000, 0x0000000706700000|  0%| F|  |TS  0|AC  0|TAMS 0x0000000706600000, 0x0000000706600000|
| 103|0x0000000706700000, 0x0000000706700000, 0x0000000706800000|  0%| F|  |TS  0|AC  0|TAMS 0x0000000706700000, 0x0000000706700000|
| 104|0x0000000706800000, 0x0000000706800000, 0x0000000706900000|  0%| F|  |TS  0|AC  0|TAMS 0x0000000706800000, 0x0000000706800000|
| 105|0x0000000706900000, 0x0000000706900000, 0x0000000706a00000|  0%| F|  |TS  0|AC  0|TAMS 0x0000000706900000, 0x0000000706900000|
| 106|0x0000000706a00000, 0x0000000706a00000, 0x0000000706b00000|  0%| F|  |TS  0|AC  0|TAMS 0x0000000706a00000, 0x0000000706a00000|
| 107|0x0000000706b00000, 0x0000000706b00000, 0x0000000706c00000|  0%| F|  |TS  0|AC  0|TAMS 0x0000000706b00000, 0x0000000706b00000|
| 108|0x0000000706c00000, 0x0000000706c00000, 0x0000000706d00000|  0%| F|  |TS  0|AC  0|TAMS 0x0000000706c00000, 0x0000000706c00000|
| 109|0x0000000706d00000, 0x0000000706d00000, 0x0000000706e00000|  0%| F|  |TS  0|AC  0|TAMS 0x0000000706d00000, 0x0000000706d00000|
| 110|0x0000000706e00000, 0x0000000706e00000, 0x0000000706f00000|  0%| F|  |TS  0|AC  0|TAMS 0x0000000706e00000, 0x0000000706e00000|
| 111|0x0000000706f00000, 0x0000000706f00000, 0x0000000707000000|  0%| F|  |TS  0|AC  0|TAMS 0x0000000706f00000, 0x0000000706f00000|
| 112|0x0000000707000000, 0x0000000707000000, 0x0000000707100000|  0%| F|  |TS  0|AC  0|TAMS 0x0000000707000000, 0x0000000707000000|
| 113|0x0000000707100000, 0x0000000707100000, 0x0000000707200000|  0%| F|  |TS  0|AC  0|TAMS 0x0000000707100000, 0x0000000707100000|
| 114|0x0000000707200000, 0x0000000707200000, 0x0000000707300000|  0%| F|  |TS  0|AC  0|TAMS 0x0000000707200000, 0x0000000707200000|
| 115|0x0000000707300000, 0x0000000707300000, 0x0000000707400000|  0%| F|  |TS  0|AC  0|TAMS 0x0000000707300000, 0x0000000707300000|
| 116|0x0000000707400000, 0x0000000707400000, 0x0000000707500000|  0%| F|  |TS  0|AC  0|TAMS 0x0000000707400000, 0x0000000707400000|
| 117|0x0000000707500000, 0x0000000707500000, 0x0000000707600000|  0%| F|  |TS  0|AC  0|TAMS 0x0000000707500000, 0x0000000707500000|
| 118|0x0000000707600000, 0x0000000707600000, 0x0000000707700000|  0%| F|  |TS  0|AC  0|TAMS 0x0000000707600000, 0x0000000707600000|
| 119|0x0000000707700000, 0x0000000707700000, 0x0000000707800000|  0%| F|  |TS  0|AC  0|TAMS 0x0000000707700000, 0x0000000707700000|
| 120|0x0000000707800000, 0x0000000707800000, 0x0000000707900000|  0%| F|  |TS  0|AC  0|TAMS 0x0000000707800000, 0x0000000707800000|
| 121|0x0000000707900000, 0x0000000707900000, 0x0000000707a00000|  0%| F|  |TS  0|AC  0|TAMS 0x0000000707900000, 0x0000000707900000|
| 122|0x0000000707a00000, 0x0000000707a00000, 0x0000000707b00000|  0%| F|  |TS  0|AC  0|TAMS 0x0000000707a00000, 0x0000000707a00000|
| 123|0x0000000707b00000, 0x0000000707b00000, 0x0000000707c00000|  0%| F|  |TS  0|AC  0|TAMS 0x0000000707b00000, 0x0000000707b00000|
| 124|0x0000000707c00000, 0x0000000707c00000, 0x0000000707d00000|  0%| F|  |TS  0|AC  0|TAMS 0x0000000707c00000, 0x0000000707c00000|
| 125|0x0000000707d00000, 0x0000000707d00000, 0x0000000707e00000|  0%| F|  |TS  0|AC  0|TAMS 0x0000000707d00000, 0x0000000707d00000|
| 126|0x0000000707e00000, 0x0000000707e00000, 0x0000000707f00000|  0%| F|  |TS  0|AC  0|TAMS 0x0000000707e00000, 0x0000000707e00000|
| 127|0x0000000707f00000, 0x0000000707f00000, 0x0000000708000000|  0%| F|  |TS  0|AC  0|TAMS 0x0000000707f00000, 0x0000000707f00000|
| 128|0x0000000708000000, 0x0000000708000000, 0x0000000708100000|  0%| F|  |TS  0|AC  0|TAMS 0x0000000708000000, 0x0000000708000000|
| 129|0x0000000708100000, 0x0000000708100000, 0x0000000708200000|  0%| F|  |TS  0|AC  0|TAMS 0x0000000708100000, 0x0000000708100000|
| 130|0x0000000708200000, 0x0000000708200000, 0x0000000708300000|  0%| F|  |TS  0|AC  0|TAMS 0x0000000708200000, 0x0000000708200000|
| 131|0x0000000708300000, 0x0000000708300000, 0x0000000708400000|  0%| F|  |TS  0|AC  0|TAMS 0x0000000708300000, 0x0000000708300000|
| 132|0x0000000708400000, 0x0000000708400000, 0x0000000708500000|  0%| F|  |TS  0|AC  0|TAMS 0x0000000708400000, 0x0000000708400000|
| 133|0x0000000708500000, 0x0000000708500000, 0x0000000708600000|  0%| F|  |TS  0|AC  0|TAMS 0x0000000708500000, 0x0000000708500000|
| 134|0x0000000708600000, 0x0000000708600000, 0x0000000708700000|  0%| F|  |TS  0|AC  0|TAMS 0x0000000708600000, 0x0000000708600000|
| 135|0x0000000708700000, 0x0000000708700000, 0x0000000708800000|  0%| F|  |TS  0|AC  0|TAMS 0x0000000708700000, 0x0000000708700000|
| 136|0x0000000708800000, 0x0000000708800000, 0x0000000708900000|  0%| F|  |TS  0|AC  0|TAMS 0x0000000708800000, 0x0000000708800000|
| 137|0x0000000708900000, 0x0000000708900000, 0x0000000708a00000|  0%| F|  |TS  0|AC  0|TAMS 0x0000000708900000, 0x0000000708900000|
| 138|0x0000000708a00000, 0x0000000708a00000, 0x0000000708b00000|  0%| F|  |TS  0|AC  0|TAMS 0x0000000708a00000, 0x0000000708a00000|
| 139|0x0000000708b00000, 0x0000000708b00000, 0x0000000708c00000|  0%| F|  |TS  0|AC  0|TAMS 0x0000000708b00000, 0x0000000708b00000|
| 140|0x0000000708c00000, 0x0000000708c00000, 0x0000000708d00000|  0%| F|  |TS  0|AC  0|TAMS 0x0000000708c00000, 0x0000000708c00000|
| 141|0x0000000708d00000, 0x0000000708d00000, 0x0000000708e00000|  0%| F|  |TS  0|AC  0|TAMS 0x0000000708d00000, 0x0000000708d00000|
| 142|0x0000000708e00000, 0x0000000708e00000, 0x0000000708f00000|  0%| F|  |TS  0|AC  0|TAMS 0x0000000708e00000, 0x0000000708e00000|
| 143|0x0000000708f00000, 0x0000000708f00000, 0x0000000709000000|  0%| F|  |TS  0|AC  0|TAMS 0x0000000708f00000, 0x0000000708f00000|
| 144|0x0000000709000000, 0x0000000709000000, 0x0000000709100000|  0%| F|  |TS  0|AC  0|TAMS 0x0000000709000000, 0x0000000709000000|
| 145|0x0000000709100000, 0x0000000709100000, 0x0000000709200000|  0%| F|  |TS  0|AC  0|TAMS 0x0000000709100000, 0x0000000709100000|
| 146|0x0000000709200000, 0x0000000709200000, 0x0000000709300000|  0%| F|  |TS  0|AC  0|TAMS 0x0000000709200000, 0x0000000709200000|
| 147|0x0000000709300000, 0x0000000709300000, 0x0000000709400000|  0%| F|  |TS  0|AC  0|TAMS 0x0000000709300000, 0x0000000709300000|
| 148|0x0000000709400000, 0x0000000709400000, 0x0000000709500000|  0%| F|  |TS  0|AC  0|TAMS 0x0000000709400000, 0x0000000709400000|
| 149|0x0000000709500000, 0x0000000709500000, 0x0000000709600000|  0%| F|  |TS  0|AC  0|TAMS 0x0000000709500000, 0x0000000709500000|
| 150|0x0000000709600000, 0x0000000709600000, 0x0000000709700000|  0%| F|  |TS  0|AC  0|TAMS 0x0000000709600000, 0x0000000709600000|
| 151|0x0000000709700000, 0x0000000709700000, 0x0000000709800000|  0%| F|  |TS  0|AC  0|TAMS 0x0000000709700000, 0x0000000709700000|
| 152|0x0000000709800000, 0x0000000709800000, 0x0000000709900000|  0%| F|  |TS  0|AC  0|TAMS 0x0000000709800000, 0x0000000709800000|
| 153|0x0000000709900000, 0x0000000709900000, 0x0000000709a00000|  0%| F|  |TS  0|AC  0|TAMS 0x0000000709900000, 0x0000000709900000|
| 154|0x0000000709a00000, 0x0000000709a00000, 0x0000000709b00000|  0%| F|  |TS  0|AC  0|TAMS 0x0000000709a00000, 0x0000000709a00000|
| 155|0x0000000709b00000, 0x0000000709b00000, 0x0000000709c00000|  0%| F|  |TS  0|AC  0|TAMS 0x0000000709b00000, 0x0000000709b00000|
| 156|0x0000000709c00000, 0x0000000709c00000, 0x0000000709d00000|  0%| F|  |TS 61|AC  0|TAMS 0x0000000709c00000, 0x0000000709c00000|
| 157|0x0000000709d00000, 0x0000000709d00000, 0x0000000709e00000|  0%| F|  |TS 65|AC  0|TAMS 0x0000000709d00000, 0x0000000709d00000|
| 158|0x0000000709e00000, 0x0000000709e00000, 0x0000000709f00000|  0%| F|  |TS 65|AC  0|TAMS 0x0000000709e00000, 0x0000000709e00000|
| 159|0x0000000709f00000, 0x000000070a000000, 0x000000070a000000|100%| S|CS|TS 65|AC  0|TAMS 0x0000000709f00000, 0x0000000709f00000|
| 160|0x000000070a000000, 0x000000070a100000, 0x000000070a100000|100%| S|CS|TS 65|AC  0|TAMS 0x000000070a000000, 0x000000070a000000|
| 161|0x000000070a100000, 0x000000070a100000, 0x000000070a200000|  0%| F|  |TS 65|AC  0|TAMS 0x000000070a100000, 0x000000070a100000|
| 162|0x000000070a200000, 0x000000070a2736a0, 0x000000070a300000| 45%| E|  |TS 65|AC  0|TAMS 0x000000070a200000, 0x000000070a200000|
| 163|0x000000070a300000, 0x000000070a400000, 0x000000070a400000|100%| E|CS|TS 65|AC  0|TAMS 0x000000070a300000, 0x000000070a300000|
| 164|0x000000070a400000, 0x000000070a500000, 0x000000070a500000|100%| E|CS|TS 65|AC  0|TAMS 0x000000070a400000, 0x000000070a400000|
| 165|0x000000070a500000, 0x000000070a600000, 0x000000070a600000|100%| E|CS|TS 65|AC  0|TAMS 0x000000070a500000, 0x000000070a500000|
| 166|0x000000070a600000, 0x000000070a700000, 0x000000070a700000|100%| E|CS|TS 65|AC  0|TAMS 0x000000070a600000, 0x000000070a600000|
| 167|0x000000070a700000, 0x000000070a800000, 0x000000070a800000|100%| E|CS|TS 65|AC  0|TAMS 0x000000070a700000, 0x000000070a700000|
| 168|0x000000070a800000, 0x000000070a900000, 0x000000070a900000|100%| E|CS|TS 65|AC  0|TAMS 0x000000070a800000, 0x000000070a800000|
| 169|0x000000070a900000, 0x000000070aa00000, 0x000000070aa00000|100%| E|CS|TS 65|AC  0|TAMS 0x000000070a900000, 0x000000070a900000|
| 170|0x000000070aa00000, 0x000000070ab00000, 0x000000070ab00000|100%| E|CS|TS 65|AC  0|TAMS 0x000000070aa00000, 0x000000070aa00000|
| 171|0x000000070ab00000, 0x000000070ac00000, 0x000000070ac00000|100%| E|CS|TS 65|AC  0|TAMS 0x000000070ab00000, 0x000000070ab00000|
| 172|0x000000070ac00000, 0x000000070ad00000, 0x000000070ad00000|100%| E|CS|TS 65|AC  0|TAMS 0x000000070ac00000, 0x000000070ac00000|
| 173|0x000000070ad00000, 0x000000070ae00000, 0x000000070ae00000|100%| E|CS|TS 65|AC  0|TAMS 0x000000070ad00000, 0x000000070ad00000|
| 174|0x000000070ae00000, 0x000000070af00000, 0x000000070af00000|100%| E|CS|TS 65|AC  0|TAMS 0x000000070ae00000, 0x000000070ae00000|
| 175|0x000000070af00000, 0x000000070b000000, 0x000000070b000000|100%| E|CS|TS 65|AC  0|TAMS 0x000000070af00000, 0x000000070af00000|
| 176|0x000000070b000000, 0x000000070b100000, 0x000000070b100000|100%| E|CS|TS 65|AC  0|TAMS 0x000000070b000000, 0x000000070b000000|
| 177|0x000000070b100000, 0x000000070b200000, 0x000000070b200000|100%| E|CS|TS 65|AC  0|TAMS 0x000000070b100000, 0x000000070b100000|
| 178|0x000000070b200000, 0x000000070b300000, 0x000000070b300000|100%| E|CS|TS 65|AC  0|TAMS 0x000000070b200000, 0x000000070b200000|
| 179|0x000000070b300000, 0x000000070b400000, 0x000000070b400000|100%| E|CS|TS 65|AC  0|TAMS 0x000000070b300000, 0x000000070b300000|
| 180|0x000000070b400000, 0x000000070b500000, 0x000000070b500000|100%| E|CS|TS 65|AC  0|TAMS 0x000000070b400000, 0x000000070b400000|
| 181|0x000000070b500000, 0x000000070b600000, 0x000000070b600000|100%| E|CS|TS 65|AC  0|TAMS 0x000000070b500000, 0x000000070b500000|
| 182|0x000000070b600000, 0x000000070b700000, 0x000000070b700000|100%| E|CS|TS 65|AC  0|TAMS 0x000000070b600000, 0x000000070b600000|
| 183|0x000000070b700000, 0x000000070b800000, 0x000000070b800000|100%| E|CS|TS 65|AC  0|TAMS 0x000000070b700000, 0x000000070b700000|
| 184|0x000000070b800000, 0x000000070b900000, 0x000000070b900000|100%| E|CS|TS 65|AC  0|TAMS 0x000000070b800000, 0x000000070b800000|
| 185|0x000000070b900000, 0x000000070ba00000, 0x000000070ba00000|100%| E|CS|TS 65|AC  0|TAMS 0x000000070b900000, 0x000000070b900000|
| 186|0x000000070ba00000, 0x000000070bb00000, 0x000000070bb00000|100%| E|CS|TS 65|AC  0|TAMS 0x000000070ba00000, 0x000000070ba00000|
| 187|0x000000070bb00000, 0x000000070bc00000, 0x000000070bc00000|100%| E|CS|TS 65|AC  0|TAMS 0x000000070bb00000, 0x000000070bb00000|
| 188|0x000000070bc00000, 0x000000070bd00000, 0x000000070bd00000|100%| E|CS|TS 65|AC  0|TAMS 0x000000070bc00000, 0x000000070bc00000|
| 189|0x000000070bd00000, 0x000000070be00000, 0x000000070be00000|100%| E|CS|TS 65|AC  0|TAMS 0x000000070bd00000, 0x000000070bd00000|
| 190|0x000000070be00000, 0x000000070bf00000, 0x000000070bf00000|100%| E|CS|TS 65|AC  0|TAMS 0x000000070be00000, 0x000000070be00000|
| 191|0x000000070bf00000, 0x000000070c000000, 0x000000070c000000|100%| E|CS|TS 65|AC  0|TAMS 0x000000070bf00000, 0x000000070bf00000|
| 192|0x000000070c000000, 0x000000070c100000, 0x000000070c100000|100%| E|CS|TS 65|AC  0|TAMS 0x000000070c000000, 0x000000070c000000|
| 193|0x000000070c100000, 0x000000070c200000, 0x000000070c200000|100%| E|CS|TS 65|AC  0|TAMS 0x000000070c100000, 0x000000070c100000|
| 194|0x000000070c200000, 0x000000070c300000, 0x000000070c300000|100%| E|CS|TS 65|AC  0|TAMS 0x000000070c200000, 0x000000070c200000|
| 195|0x000000070c300000, 0x000000070c400000, 0x000000070c400000|100%| E|CS|TS 65|AC  0|TAMS 0x000000070c300000, 0x000000070c300000|
| 196|0x000000070c400000, 0x000000070c500000, 0x000000070c500000|100%| E|CS|TS 65|AC  0|TAMS 0x000000070c400000, 0x000000070c400000|
| 197|0x000000070c500000, 0x000000070c600000, 0x000000070c600000|100%| E|CS|TS 65|AC  0|TAMS 0x000000070c500000, 0x000000070c500000|
| 198|0x000000070c600000, 0x000000070c700000, 0x000000070c700000|100%| E|CS|TS 65|AC  0|TAMS 0x000000070c600000, 0x000000070c600000|
| 199|0x000000070c700000, 0x000000070c800000, 0x000000070c800000|100%| E|CS|TS 65|AC  0|TAMS 0x000000070c700000, 0x000000070c700000|
| 200|0x000000070c800000, 0x000000070c900000, 0x000000070c900000|100%| E|CS|TS 65|AC  0|TAMS 0x000000070c800000, 0x000000070c800000|
| 201|0x000000070c900000, 0x000000070ca00000, 0x000000070ca00000|100%| E|CS|TS 65|AC  0|TAMS 0x000000070c900000, 0x000000070c900000|
| 202|0x000000070ca00000, 0x000000070cb00000, 0x000000070cb00000|100%| E|CS|TS 65|AC  0|TAMS 0x000000070ca00000, 0x000000070ca00000|
| 203|0x000000070cb00000, 0x000000070cc00000, 0x000000070cc00000|100%| E|CS|TS 65|AC  0|TAMS 0x000000070cb00000, 0x000000070cb00000|
| 204|0x000000070cc00000, 0x000000070cd00000, 0x000000070cd00000|100%| E|CS|TS 65|AC  0|TAMS 0x000000070cc00000, 0x000000070cc00000|
| 205|0x000000070cd00000, 0x000000070ce00000, 0x000000070ce00000|100%| E|CS|TS 65|AC  0|TAMS 0x000000070cd00000, 0x000000070cd00000|
| 206|0x000000070ce00000, 0x000000070cf00000, 0x000000070cf00000|100%| E|CS|TS 65|AC  0|TAMS 0x000000070ce00000, 0x000000070ce00000|
| 207|0x000000070cf00000, 0x000000070d000000, 0x000000070d000000|100%| E|CS|TS 65|AC  0|TAMS 0x000000070cf00000, 0x000000070cf00000|
| 208|0x000000070d000000, 0x000000070d100000, 0x000000070d100000|100%| E|CS|TS 65|AC  0|TAMS 0x000000070d000000, 0x000000070d000000|
| 209|0x000000070d100000, 0x000000070d200000, 0x000000070d200000|100%| E|CS|TS 65|AC  0|TAMS 0x000000070d100000, 0x000000070d100000|
| 210|0x000000070d200000, 0x000000070d300000, 0x000000070d300000|100%| E|CS|TS 65|AC  0|TAMS 0x000000070d200000, 0x000000070d200000|
| 211|0x000000070d300000, 0x000000070d400000, 0x000000070d400000|100%| E|CS|TS 65|AC  0|TAMS 0x000000070d300000, 0x000000070d300000|
| 212|0x000000070d400000, 0x000000070d500000, 0x000000070d500000|100%| E|CS|TS 65|AC  0|TAMS 0x000000070d400000, 0x000000070d400000|
| 213|0x000000070d500000, 0x000000070d600000, 0x000000070d600000|100%| E|CS|TS 65|AC  0|TAMS 0x000000070d500000, 0x000000070d500000|
| 214|0x000000070d600000, 0x000000070d700000, 0x000000070d700000|100%| E|CS|TS 65|AC  0|TAMS 0x000000070d600000, 0x000000070d600000|
| 215|0x000000070d700000, 0x000000070d800000, 0x000000070d800000|100%| E|CS|TS 65|AC  0|TAMS 0x000000070d700000, 0x000000070d700000|
| 216|0x000000070d800000, 0x000000070d900000, 0x000000070d900000|100%| E|CS|TS 65|AC  0|TAMS 0x000000070d800000, 0x000000070d800000|
| 217|0x000000070d900000, 0x000000070da00000, 0x000000070da00000|100%| E|CS|TS 65|AC  0|TAMS 0x000000070d900000, 0x000000070d900000|
| 218|0x000000070da00000, 0x000000070db00000, 0x000000070db00000|100%| E|CS|TS 65|AC  0|TAMS 0x000000070da00000, 0x000000070da00000|

Card table byte_map: [0x0000022fd6060000,0x0000022fd6660000] byte_map_base: 0x0000022fd2860000

Marking Bits (Prev, Next): (CMBitMap*) 0x0000022fd9c5da58, (CMBitMap*) 0x0000022fd9c5da20
 Prev Bits: [0x0000022ff4580000, 0x0000022ff7580000)
 Next Bits: [0x0000022ff1580000, 0x0000022ff4580000)

Polling page: 0x0000022fcfed0000

CodeHeap 'non-profiled nmethods': size=120064Kb used=18709Kb max_used=18717Kb free=101354Kb
 bounds [0x0000022fea040000, 0x0000022feb290000, 0x0000022ff1580000]
CodeHeap 'profiled nmethods': size=120000Kb used=38842Kb max_used=40964Kb free=81157Kb
 bounds [0x0000022fe2b10000, 0x0000022fe53a0000, 0x0000022fea040000]
CodeHeap 'non-nmethods': size=5696Kb used=1727Kb max_used=1786Kb free=3968Kb
 bounds [0x0000022fe2580000, 0x0000022fe27f0000, 0x0000022fe2b10000]
 total_blobs=30485 nmethods=16032 adapters=1036
 compilation: enabled

Compilation events (10 events):
Event: 9240.592 Thread 0x0000022fd9e62800 21687       4       javax.swing.JScrollBar::setBlockIncrement (19 bytes)
Event: 9240.593 Thread 0x0000022fd9e62800 nmethod 21687 0x0000022feb13f410 code [0x0000022feb13f5a0, 0x0000022feb13f648]
Event: 9242.758 Thread 0x0000022fd9e62800 21688       4       com.jidesoft.editor.marker.MarkerArea::updateMarkerAreaHeight (113 bytes)
Event: 9242.819 Thread 0x0000022fd9e62800 nmethod 21688 0x0000022feb17d890 code [0x0000022feb17db60, 0x0000022feb17f3d0]
Event: 9247.246 Thread 0x0000022fd9e62800 21689   !   4       java.awt.DefaultKeyboardFocusManager::pumpApprovedKeyEvents (130 bytes)
Event: 9247.248 Thread 0x0000022fd9e62800 nmethod 21689 0x0000022feb17d390 code [0x0000022feb17d520, 0x0000022feb17d758]
Event: 9247.252 Thread 0x0000022fd9e62800 21690       4       javax.swing.plaf.synth.SynthScrollBarUI::update (44 bytes)
Event: 9247.269 Thread 0x0000022fd9e62800 nmethod 21690 0x0000022feb17bf90 code [0x0000022feb17c200, 0x0000022feb17cb60]
Event: 9247.269 Thread 0x0000022fd9e62800 21691       4       javax.swing.plaf.synth.SynthScrollBarUI::paintBorder (24 bytes)
Event: 9247.274 Thread 0x0000022fd9e62800 nmethod 21691 0x0000022feb17b790 code [0x0000022feb17b980, 0x0000022feb17bc28]

GC Heap History (10 events):
Event: 9091.094 GC heap before
{Heap before GC invocations=247 (full 7):
 garbage-first heap   total 224256K, used 140855K [0x0000000700000000, 0x00000007001006d8, 0x00000007c0000000)
  region size 1024K, 60 young (61440K), 3 survivors (3072K)
 Metaspace       used 76526K, capacity 79172K, committed 82864K, reserved 1120256K
  class space    used 10137K, capacity 10668K, committed 11440K, reserved 1048576K
}
Event: 9091.106 GC heap after
{Heap after GC invocations=248 (full 7):
 garbage-first heap   total 224256K, used 82478K [0x0000000700000000, 0x00000007001006d8, 0x00000007c0000000)
  region size 1024K, 3 young (3072K), 3 survivors (3072K)
 Metaspace       used 76526K, capacity 79172K, committed 82864K, reserved 1120256K
  class space    used 10137K, capacity 10668K, committed 11440K, reserved 1048576K
}
Event: 9123.168 GC heap before
{Heap before GC invocations=248 (full 7):
 garbage-first heap   total 224256K, used 140846K [0x0000000700000000, 0x00000007001006d8, 0x00000007c0000000)
  region size 1024K, 60 young (61440K), 3 survivors (3072K)
 Metaspace       used 76527K, capacity 79172K, committed 82864K, reserved 1120256K
  class space    used 10137K, capacity 10668K, committed 11440K, reserved 1048576K
}
Event: 9123.177 GC heap after
{Heap after GC invocations=249 (full 7):
 garbage-first heap   total 224256K, used 82555K [0x0000000700000000, 0x00000007001006d8, 0x00000007c0000000)
  region size 1024K, 3 young (3072K), 3 survivors (3072K)
 Metaspace       used 76527K, capacity 79172K, committed 82864K, reserved 1120256K
  class space    used 10137K, capacity 10668K, committed 11440K, reserved 1048576K
}
Event: 9157.594 GC heap before
{Heap before GC invocations=249 (full 7):
 garbage-first heap   total 224256K, used 140923K [0x0000000700000000, 0x00000007001006d8, 0x00000007c0000000)
  region size 1024K, 60 young (61440K), 3 survivors (3072K)
 Metaspace       used 76529K, capacity 79236K, committed 82864K, reserved 1120256K
  class space    used 10137K, capacity 10668K, committed 11440K, reserved 1048576K
}
Event: 9157.609 GC heap after
{Heap after GC invocations=250 (full 7):
 garbage-first heap   total 224256K, used 82338K [0x0000000700000000, 0x00000007001006d8, 0x00000007c0000000)
  region size 1024K, 2 young (2048K), 2 survivors (2048K)
 Metaspace       used 76529K, capacity 79236K, committed 82864K, reserved 1120256K
  class space    used 10137K, capacity 10668K, committed 11440K, reserved 1048576K
}
Event: 9182.291 GC heap before
{Heap before GC invocations=250 (full 7):
 garbage-first heap   total 224256K, used 141730K [0x0000000700000000, 0x00000007001006d8, 0x00000007c0000000)
  region size 1024K, 60 young (61440K), 2 survivors (2048K)
 Metaspace       used 76529K, capacity 79236K, committed 82864K, reserved 1120256K
  class space    used 10137K, capacity 10668K, committed 11440K, reserved 1048576K
}
Event: 9182.302 GC heap after
{Heap after GC invocations=251 (full 7):
 garbage-first heap   total 224256K, used 82363K [0x0000000700000000, 0x00000007001006d8, 0x00000007c0000000)
  region size 1024K, 2 young (2048K), 2 survivors (2048K)
 Metaspace       used 76529K, capacity 79236K, committed 82864K, reserved 1120256K
  class space    used 10137K, capacity 10668K, committed 11440K, reserved 1048576K
}
Event: 9217.281 GC heap before
{Heap before GC invocations=251 (full 7):
 garbage-first heap   total 224256K, used 141755K [0x0000000700000000, 0x00000007001006d8, 0x00000007c0000000)
  region size 1024K, 60 young (61440K), 2 survivors (2048K)
 Metaspace       used 76529K, capacity 79236K, committed 82864K, reserved 1120256K
  class space    used 10137K, capacity 10668K, committed 11440K, reserved 1048576K
}
Event: 9217.295 GC heap after
{Heap after GC invocations=252 (full 7):
 garbage-first heap   total 224256K, used 82368K [0x0000000700000000, 0x00000007001006d8, 0x00000007c0000000)
  region size 1024K, 2 young (2048K), 2 survivors (2048K)
 Metaspace       used 76529K, capacity 79236K, committed 82864K, reserved 1120256K
  class space    used 10137K, capacity 10668K, committed 11440K, reserved 1048576K
}

Deoptimization events (10 events):
Event: 8599.041 Thread 0x0000022ffb601000 Uncommon trap: reason=unstable_if action=reinterpret pc=0x0000022feb0260f8 method=ui.views.S.b.h.guv()V @ 67 c2
Event: 8599.041 Thread 0x0000022ffb601000 Uncommon trap: reason=unstable_if action=reinterpret pc=0x0000022feaf1376c method=ui.views.S.b.d.Yo(Ljava/lang/String;)V @ 67 c2
Event: 8599.042 Thread 0x0000022ffb601000 Uncommon trap: reason=bimorphic_or_optimized_type_check action=maybe_recompile pc=0x0000022fea4d4bd8 method=javax.swing.text.SimpleAttributeSet.getAttribute(Ljava/lang/Object;)Ljava/lang/Object; @ 14 c2
Event: 8599.043 Thread 0x0000022ffb601000 Uncommon trap: reason=unstable_if action=reinterpret pc=0x0000022feb00c90c method=javax.swing.text.GlyphView.paintTextUsingColor(Ljava/awt/Graphics;Ljava/awt/Shape;Ljava/awt/Color;II)V @ 33 c2
Event: 8862.792 Thread 0x0000022ffb601000 Uncommon trap: reason=unstable_if action=reinterpret pc=0x0000022feaf49bc0 method=java.util.WeakHashMap.transfer([Ljava/util/WeakHashMap$Entry;[Ljava/util/WeakHashMap$Entry;)V @ 38 c2
Event: 9071.622 Thread 0x0000022ffdead800 Uncommon trap: reason=predicate action=maybe_recompile pc=0x0000022fea1bf1bc method=java.util.LinkedList.toArray([Ljava/lang/Object;)[Ljava/lang/Object; @ 42 c2
Event: 9090.822 Thread 0x0000022ffdea9000 Uncommon trap: reason=array_check action=maybe_recompile pc=0x0000022fea1bc9bc method=java.util.LinkedList.toArray([Ljava/lang/Object;)[Ljava/lang/Object; @ 52 c2
Event: 9090.824 Thread 0x0000022ffdea9800 Uncommon trap: reason=array_check action=maybe_recompile pc=0x0000022fea1bc9bc method=java.util.LinkedList.toArray([Ljava/lang/Object;)[Ljava/lang/Object; @ 52 c2
Event: 9097.381 Thread 0x0000022ffdea9000 Uncommon trap: reason=array_check action=maybe_recompile pc=0x0000022fea1bc9bc method=java.util.LinkedList.toArray([Ljava/lang/Object;)[Ljava/lang/Object; @ 52 c2
Event: 9097.385 Thread 0x0000022ffdeac000 Uncommon trap: reason=array_check action=maybe_recompile pc=0x0000022fea1bc9bc method=java.util.LinkedList.toArray([Ljava/lang/Object;)[Ljava/lang/Object; @ 52 c2

Classes redefined (0 events):
No events

Internal exceptions (10 events):
Event: 8180.326 Thread 0x0000022ffd17c800 Exception <a 'java/lang/InterruptedException'{0x000000070c89cf30}: sleep interrupted> (0x000000070c89cf30) thrown at [t:/workspace/hotspot/src/share/vm/prims/jvm.cpp, line 3023]
Event: 8184.320 Thread 0x0000022ffd178000 Exception <a 'java/lang/InterruptedException'{0x000000070d1812e8}: sleep interrupted> (0x000000070d1812e8) thrown at [t:/workspace/hotspot/src/share/vm/prims/jvm.cpp, line 2984]
Event: 8214.780 Thread 0x0000022ffd174800 Exception <a 'java/lang/InterruptedException'{0x000000070a8c8ac0}: sleep interrupted> (0x000000070a8c8ac0) thrown at [t:/workspace/hotspot/src/share/vm/prims/jvm.cpp, line 3023]
Event: 8218.239 Thread 0x0000022ffd174800 Exception <a 'java/lang/InterruptedException'{0x000000070d906818}: sleep interrupted> (0x000000070d906818) thrown at [t:/workspace/hotspot/src/share/vm/prims/jvm.cpp, line 2984]
Event: 8522.080 Thread 0x0000022ffd174800 Exception <a 'java/lang/InterruptedException'{0x000000070d76f4e8}: sleep interrupted> (0x000000070d76f4e8) thrown at [t:/workspace/hotspot/src/share/vm/prims/jvm.cpp, line 3023]
Event: 8524.767 Thread 0x0000022ffd17c800 Exception <a 'java/lang/InterruptedException'{0x000000070d680d78}: sleep interrupted> (0x000000070d680d78) thrown at [t:/workspace/hotspot/src/share/vm/prims/jvm.cpp, line 2984]
Event: 8578.912 Thread 0x0000022ffd174800 Exception <a 'java/lang/InterruptedException'{0x000000070d579180}: sleep interrupted> (0x000000070d579180) thrown at [t:/workspace/hotspot/src/share/vm/prims/jvm.cpp, line 3023]
Event: 8582.738 Thread 0x0000022ffd17c800 Exception <a 'java/lang/InterruptedException'{0x000000070d8005e8}: sleep interrupted> (0x000000070d8005e8) thrown at [t:/workspace/hotspot/src/share/vm/prims/jvm.cpp, line 2984]
Event: 8628.722 Thread 0x0000022ffd17c800 Exception <a 'java/lang/InterruptedException'{0x000000070da92648}: sleep interrupted> (0x000000070da92648) thrown at [t:/workspace/hotspot/src/share/vm/prims/jvm.cpp, line 2984]
Event: 8865.751 Thread 0x0000022ffd174800 Exception <a 'java/lang/InterruptedException'{0x000000070cd00040}: sleep interrupted> (0x000000070cd00040) thrown at [t:/workspace/hotspot/src/share/vm/prims/jvm.cpp, line 3023]

Events (10 events):
Event: 9248.322 Thread 0x0000022ffeff8000 Thread added: 0x0000022ffeff8000
Event: 9248.325 Thread 0x0000022ffeff8000 Thread exited: 0x0000022ffeff8000
Event: 9248.788 Thread 0x0000022ffeff8000 Thread added: 0x0000022ffeff8000
Event: 9248.788 Thread 0x0000022ffeff8800 Thread added: 0x0000022ffeff8800
Event: 9248.806 Thread 0x0000022ffeff8000 Thread exited: 0x0000022ffeff8000
Event: 9249.324 Thread 0x0000022ffeffe000 Thread added: 0x0000022ffeffe000
Event: 9249.326 Thread 0x0000022ffeffe000 Thread exited: 0x0000022ffeffe000
Event: 9249.404 Thread 0x0000022ffeff8000 Thread added: 0x0000022ffeff8000
Event: 9249.404 Thread 0x0000022ffeffa000 Thread added: 0x0000022ffeffa000
Event: 9249.419 Thread 0x0000022ffeffa000 Thread exited: 0x0000022ffeffa000


Dynamic libraries:
0x00007ff741370000 - 0x00007ff7413a0000 	C:\Xilinx\Vivado\2018.3\bin\unwrapped\win64.o\vivado.exe
0x00007ffabdae0000 - 0x00007ffabdcc0000 	C:\WINDOWS\SYSTEM32\ntdll.dll
0x00007ffabcbd0000 - 0x00007ffabcc7e000 	C:\WINDOWS\System32\KERNEL32.DLL
0x00007ffaba0a0000 - 0x00007ffaba306000 	C:\WINDOWS\System32\KERNELBASE.dll
0x00007ffab9f80000 - 0x00007ffaba074000 	C:\WINDOWS\System32\ucrtbase.dll
0x00007ffab62a0000 - 0x00007ffab62b4000 	C:\Xilinx\Vivado\2018.3\lib\win64.o\libboost_signals.dll
0x00007ffa93c40000 - 0x00007ffa94ad4000 	C:\Xilinx\Vivado\2018.3\lib\win64.o\librdi_common.dll
0x00007ffabc410000 - 0x00007ffabc59f000 	C:\WINDOWS\System32\USER32.dll
0x00007ffaba080000 - 0x00007ffaba0a0000 	C:\WINDOWS\System32\win32u.dll
0x00007ffab5ba0000 - 0x00007ffab5bb4000 	C:\Xilinx\Vivado\2018.3\lib\win64.o\librdi_commonmain.dll
0x00007ffabd930000 - 0x00007ffabd958000 	C:\WINDOWS\System32\GDI32.dll
0x00007ffabad60000 - 0x00007ffabaef3000 	C:\WINDOWS\System32\gdi32full.dll
0x00007ffab9ee0000 - 0x00007ffab9f7b000 	C:\WINDOWS\System32\msvcp_win.dll
0x00007ffaab500000 - 0x00007ffaab59c000 	C:\WINDOWS\SYSTEM32\MSVCP140.dll
0x00007ffabd880000 - 0x00007ffabd921000 	C:\WINDOWS\System32\ADVAPI32.dll
0x00007ffabce20000 - 0x00007ffabcebd000 	C:\WINDOWS\System32\msvcrt.dll
0x00007ffabc600000 - 0x00007ffabc65b000 	C:\WINDOWS\System32\sechost.dll
0x00007ffab6620000 - 0x00007ffab6636000 	C:\WINDOWS\SYSTEM32\VCRUNTIME140.dll
0x00007ffabc8a0000 - 0x00007ffabc9bf000 	C:\WINDOWS\System32\RPCRT4.dll
0x00007ffabafd0000 - 0x00007ffabc408000 	C:\WINDOWS\System32\SHELL32.dll
0x00007ffabad10000 - 0x00007ffabad5a000 	C:\WINDOWS\System32\cfgmgr32.dll
0x00007ffabc9c0000 - 0x00007ffabca66000 	C:\WINDOWS\System32\shcore.dll
0x00007ffabced0000 - 0x00007ffabd1d6000 	C:\WINDOWS\System32\combase.dll
0x00007ffaa72d0000 - 0x00007ffaa763e000 	C:\Xilinx\Vivado\2018.3\lib\win64.o\libCOIN-all.dll
0x00007ffabac30000 - 0x00007ffabaca2000 	C:\WINDOWS\System32\bcryptPrimitives.dll
0x00007ffaba4e0000 - 0x00007ffabac27000 	C:\WINDOWS\System32\windows.storage.dll
0x00007ffaa5f00000 - 0x00007ffaa61b5000 	C:\Xilinx\Vivado\2018.3\lib\win64.o\libXil_lmgr11.dll
0x00007ffabd6a0000 - 0x00007ffabd6f1000 	C:\WINDOWS\System32\shlwapi.dll
0x00007ffabd9a0000 - 0x00007ffabdaaa000 	C:\WINDOWS\System32\COMDLG32.dll
0x00007ffab9e50000 - 0x00007ffab9e61000 	C:\WINDOWS\System32\kernel.appcore.dll
0x00007ffabc660000 - 0x00007ffabc724000 	C:\WINDOWS\System32\OLEAUT32.dll
0x00007ffab9e70000 - 0x00007ffab9ebc000 	C:\WINDOWS\System32\powrprof.dll
0x00007ffabca70000 - 0x00007ffabcbb9000 	C:\WINDOWS\System32\ole32.dll
0x00007ffab9e30000 - 0x00007ffab9e4b000 	C:\WINDOWS\System32\profapi.dll
0x00007ffabd1e0000 - 0x00007ffabd24c000 	C:\WINDOWS\System32\WS2_32.dll
0x00007ffabacb0000 - 0x00007ffabad09000 	C:\WINDOWS\System32\WINTRUST.dll
0x00007ffab9ec0000 - 0x00007ffab9ed2000 	C:\WINDOWS\System32\MSASN1.dll
0x00007ffaba310000 - 0x00007ffaba4de000 	C:\WINDOWS\System32\CRYPT32.dll
0x00007ffab5b80000 - 0x00007ffab5b94000 	C:\Xilinx\Vivado\2018.3\lib\win64.o\libboost_date_time.dll
0x00007ffab4800000 - 0x00007ffab4826000 	C:\Xilinx\Vivado\2018.3\lib\win64.o\libboost_filesystem.dll
0x00007ffaaaf30000 - 0x00007ffaaafaf000 	C:\Xilinx\Vivado\2018.3\lib\win64.o\libboost_program_options.dll
0x00007ffaaae10000 - 0x00007ffaaaf24000 	C:\Xilinx\Vivado\2018.3\lib\win64.o\libboost_regex.dll
0x00007ffab6470000 - 0x00007ffab647b000 	C:\Xilinx\Vivado\2018.3\lib\win64.o\libboost_system.dll
0x00007ffab47d0000 - 0x00007ffab47f1000 	C:\Xilinx\Vivado\2018.3\lib\win64.o\libboost_thread.dll
0x00007ffab63f0000 - 0x00007ffab63ff000 	C:\Xilinx\Vivado\2018.3\lib\win64.o\libboost_xilinx.dll
0x00007ffaaa580000 - 0x00007ffaaa602000 	C:\Xilinx\Vivado\2018.3\lib\win64.o\libhdlpsolve.dll
0x00007ffaaa610000 - 0x00007ffaaa6b5000 	C:\Xilinx\Vivado\2018.3\lib\win64.o\libhdxml.dll
0x00007ffab4720000 - 0x00007ffab474e000 	C:\Xilinx\Vivado\2018.3\lib\win64.o\libisl_sysinfo.dll
0x00007ffa933f0000 - 0x00007ffa93c3e600 	C:\Xilinx\Vivado\2018.3\lib\win64.o\libisl_iostreams.dll
0x00007ffaaad00000 - 0x00007ffaaad65000 	C:\Xilinx\Vivado\2018.3\lib\win64.o\liblmx6.0.dll
0x00007ffab4060000 - 0x00007ffab407a000 	C:\Xilinx\Vivado\2018.3\lib\win64.o\pthreadVC2.dll
0x00007ffaa94b0000 - 0x00007ffaa95d1000 	C:\Xilinx\Vivado\2018.3\lib\win64.o\librdi_commonxillic.dll
0x00007ffab4030000 - 0x00007ffab4051000 	C:\Xilinx\Vivado\2018.3\lib\win64.o\librdizlib.dll
0x00007ffab3f90000 - 0x00007ffab3fac000 	C:\Xilinx\Vivado\2018.3\lib\win64.o\librdiconfig.dll
0x0000000012000000 - 0x0000000012272000 	C:\Xilinx\Vivado\2018.3\lib\win64.o\xerces-c_3_1.dll
0x0000000054350000 - 0x000000005447b000 	C:\Xilinx\Vivado\2018.3\lib\win64.o\tcl85t.dll
0x00007ffab6330000 - 0x00007ffab633a000 	C:\Xilinx\Vivado\2018.3\lib\win64.o\librdi_commonversion.dll
0x00007ffaa95e0000 - 0x00007ffaa9a83000 	C:\WINDOWS\SYSTEM32\WININET.dll
0x00007ffaae430000 - 0x00007ffaae447000 	C:\WINDOWS\SYSTEM32\NETAPI32.dll
0x00007ffab5330000 - 0x00007ffab540e000 	C:\WINDOWS\SYSTEM32\WINHTTP.dll
0x00007ffaaf360000 - 0x00007ffaaf529000 	C:\WINDOWS\SYSTEM32\urlmon.dll
0x00007ffabafb0000 - 0x00007ffabafcd000 	C:\WINDOWS\System32\imagehlp.dll
0x00007ffaa1a50000 - 0x00007ffaa1af6000 	C:\WINDOWS\WinSxS\amd64_microsoft.windows.common-controls_6595b64144ccf1df_5.82.16299.1087_none_f72face3a4a7ba56\COMCTL32.dll
0x00007ffab62e0000 - 0x00007ffab62e9000 	C:\WINDOWS\SYSTEM32\WSOCK32.dll
0x00007ffab3f60000 - 0x00007ffab3f8e000 	C:\WINDOWS\SYSTEM32\VCOMP140.DLL
0x00007ffa91950000 - 0x00007ffa927e1000 	C:\Xilinx\Vivado\2018.3\lib\win64.o\gurobi65.dll
0x00007ffab49b0000 - 0x00007ffab49bd000 	C:\Xilinx\Vivado\2018.3\lib\win64.o\libboost_chrono.dll
0x00007ffab2b20000 - 0x00007ffab2b3b000 	C:\Xilinx\Vivado\2018.3\lib\win64.o\libboost_iostreams.dll
0x00007ffab2af0000 - 0x00007ffab2b15000 	C:\Xilinx\Vivado\2018.3\lib\win64.o\libisl_iosutils.dll
0x00007ffaafcb0000 - 0x00007ffaaff4f000 	C:\WINDOWS\SYSTEM32\iertutil.dll
0x00007ffab9840000 - 0x00007ffab984b000 	C:\WINDOWS\SYSTEM32\CRYPTBASE.DLL
0x00007ffab94f0000 - 0x00007ffab94fe000 	C:\WINDOWS\SYSTEM32\NETUTILS.DLL
0x00007ffab5120000 - 0x00007ffab513a000 	C:\WINDOWS\SYSTEM32\dhcpcsvc.DLL
0x00007ffabcbc0000 - 0x00007ffabcbc8000 	C:\WINDOWS\System32\NSI.dll
0x00007ffabd970000 - 0x00007ffabd99d000 	C:\WINDOWS\System32\IMM32.DLL
0x00007ffaa5110000 - 0x00007ffaa5605000 	C:\Xilinx\Vivado\2018.3\lib\win64.o\librdi_commontasks.dll
0x0000000053920000 - 0x0000000054345000 	C:\Xilinx\Vivado\2018.3\tps\win64\jre9.0.4\bin\server\jvm.dll
0x00007ffabd960000 - 0x00007ffabd968000 	C:\WINDOWS\System32\PSAPI.DLL
0x00007ffa9d090000 - 0x00007ffa9d30f000 	C:\Xilinx\Vivado\2018.3\lib\win64.o\librdi_sio.dll
0x00007ffaae330000 - 0x00007ffaae33a000 	C:\WINDOWS\SYSTEM32\VERSION.dll
0x00007ffab3b30000 - 0x00007ffab3b53000 	C:\WINDOWS\SYSTEM32\WINMM.dll
0x00007ffaa9b20000 - 0x00007ffaa9c0f000 	C:\WINDOWS\SYSTEM32\MSVCR120.dll
0x00007ffab93f0000 - 0x00007ffab9429000 	C:\WINDOWS\SYSTEM32\IPHLPAPI.DLL
0x00007ffab3aa0000 - 0x00007ffab3aca000 	C:\WINDOWS\SYSTEM32\WINMMBASE.dll
0x00007ffab9660000 - 0x00007ffab96c6000 	C:\WINDOWS\SYSTEM32\MSWSOCK.DLL
0x00007ffa8e430000 - 0x00007ffa907f2000 	C:\Xilinx\Vivado\2018.3\lib\win64.o\librdi_tcltasks.dll
0x00007ffa9bae0000 - 0x00007ffa9bebc000 	C:\Xilinx\Vivado\2018.3\lib\win64.o\librdi_bitstream.dll
0x00007ffaa8650000 - 0x00007ffaa87ce000 	C:\Xilinx\Vivado\2018.3\lib\win64.o\librdi_board.dll
0x00007ffaa9440000 - 0x00007ffaa94aa000 	C:\Xilinx\Vivado\2018.3\lib\win64.o\librdi_boarddep.dll
0x00007ffaa7c90000 - 0x00007ffaa7d6c000 	C:\Xilinx\Vivado\2018.3\lib\win64.o\librdi_chipscope.dll
0x00007ffaa4f50000 - 0x00007ffaa5109000 	C:\Xilinx\Vivado\2018.3\lib\win64.o\librdi_chipscopeimpl.dll
0x00007ffa8cb20000 - 0x00007ffa8e425000 	C:\Xilinx\Vivado\2018.3\lib\win64.o\librdi_constraints.dll
0x00007ffa8ad00000 - 0x00007ffa8cb1f000 	C:\Xilinx\Vivado\2018.3\lib\win64.o\librdi_coregen.dll
0x00007ffa92d10000 - 0x00007ffa933ea000 	C:\Xilinx\Vivado\2018.3\lib\win64.o\librdi_coregenipxact.dll
0x00007ffa86f00000 - 0x00007ffa8acfb000 	C:\Xilinx\Vivado\2018.3\lib\win64.o\librdi_designutils.dll
0x00007ffa9b7c0000 - 0x00007ffa9badb000 	C:\Xilinx\Vivado\2018.3\lib\win64.o\librdi_dlyest.dll
0x00007ffa913f0000 - 0x00007ffa91950000 	C:\Xilinx\Vivado\2018.3\lib\win64.o\librdi_drc.dll
0x00007ffa761a0000 - 0x00007ffa86ef2000 	C:\Xilinx\Vivado\2018.3\lib\win64.o\librdi_device.dll
0x00007ffaa7bc0000 - 0x00007ffaa7c82000 	C:\Xilinx\Vivado\2018.3\lib\win64.o\librdi_dsp.dll
0x00007ffa96790000 - 0x00007ffa96a6a000 	C:\Xilinx\Vivado\2018.3\lib\win64.o\librdi_guitools.dll
0x00007ffa90db0000 - 0x00007ffa913ef000 	C:\Xilinx\Vivado\2018.3\lib\win64.o\librdi_filemgmt.dll
0x00007ffaa93e0000 - 0x00007ffaa943d000 	C:\Xilinx\Vivado\2018.3\lib\win64.o\librdi_hdf.dll
0x00007ffa75b80000 - 0x00007ffa76195000 	C:\Xilinx\Vivado\2018.3\lib\win64.o\librdi_memdata.dll
0x00007ffaa8df0000 - 0x00007ffaa8e61000 	C:\Xilinx\Vivado\2018.3\lib\win64.o\librdi_memoryarray.dll
0x00007ffa747e0000 - 0x00007ffa75b71000 	C:\Xilinx\Vivado\2018.3\lib\win64.o\librdi_implflow.dll
0x00007ffa707f0000 - 0x00007ffa70e2b000 	C:\Xilinx\Vivado\2018.3\lib\win64.o\librdi_netlist.dll
0x00007ffa70e30000 - 0x00007ffa747dc000 	C:\Xilinx\Vivado\2018.3\lib\win64.o\librdi_mig.dll
0x00007ffaa8600000 - 0x00007ffaa8650000 	C:\Xilinx\Vivado\2018.3\lib\win64.o\librdi_pfi.dll
0x00007ffa958f0000 - 0x00007ffa95bf7000 	C:\Xilinx\Vivado\2018.3\lib\win64.o\librdi_platform.dll
0x00007ffa6e2d0000 - 0x00007ffa707e4000 	C:\Xilinx\Vivado\2018.3\lib\win64.o\librdi_place.dll
0x00007ffa6dbd0000 - 0x00007ffa6e2c5000 	C:\Xilinx\Vivado\2018.3\lib\win64.o\librdi_power.dll
0x00007ffa6d670000 - 0x00007ffa6dbc6000 	C:\Xilinx\Vivado\2018.3\lib\win64.o\librdi_project.dll
0x00007ffa6cf70000 - 0x00007ffa6d663000 	C:\Xilinx\Vivado\2018.3\lib\win64.o\librdi_psta.dll
0x00007ffa92930000 - 0x00007ffa92d07000 	C:\Xilinx\Vivado\2018.3\lib\win64.o\librdi_runs.dll
0x00007ffa6c890000 - 0x00007ffa6cf69000 	C:\Xilinx\Vivado\2018.3\lib\win64.o\librdi_rsb.dll
0x00007ffaa76f0000 - 0x00007ffaa77c8000 	C:\Xilinx\Vivado\2018.3\lib\win64.o\librdi_runsbase.dll
0x00007ffaa10c0000 - 0x00007ffaa12e8000 	C:\Xilinx\Vivado\2018.3\lib\win64.o\librdi_simdata.dll
0x00007ffa6bb00000 - 0x00007ffa6c88d000 	C:\Xilinx\Vivado\2018.3\lib\win64.o\librdi_timing.dll
0x00007ffaa6230000 - 0x00007ffaa6384000 	C:\Xilinx\Vivado\2018.3\lib\win64.o\librdi_advchipscopeimpl.dll
0x00007ffaa8250000 - 0x00007ffaa829c000 	C:\Xilinx\Vivado\2018.3\lib\win64.o\libboost_serialization.dll
0x00007ffaa7210000 - 0x00007ffaa72c8000 	C:\Xilinx\Vivado\2018.3\lib\win64.o\librdi_hip_devdesign.dll
0x00007ffaa4ea0000 - 0x00007ffaa4f4b000 	C:\Xilinx\Vivado\2018.3\lib\win64.o\librdi_ipconfig_readwrite.dll
0x00007ffaaa440000 - 0x00007ffaaa478000 	C:\Xilinx\Vivado\2018.3\lib\win64.o\librdi_noc_frameworks.dll
0x00007ffa6afb0000 - 0x00007ffa6baf7000 	C:\Xilinx\Vivado\2018.3\lib\win64.o\libverific.dll
0x00007ffa9f070000 - 0x00007ffa9f1b8000 	C:\Xilinx\Vivado\2018.3\lib\win64.o\librdi_containers.dll
0x00007ffa6abf0000 - 0x00007ffa6afa5000 	C:\Xilinx\Vivado\2018.3\lib\win64.o\librdi_hip_config.dll
0x00007ffaa7b20000 - 0x00007ffaa7bbe000 	C:\Xilinx\Vivado\2018.3\lib\win64.o\libise.dll
0x00007ffaa71c0000 - 0x00007ffaa7209000 	C:\Xilinx\Vivado\2018.3\lib\win64.o\librdi_wavedata_SimpleApi.dll

VM Arguments:
jvm_args: -Dsun.java2d.pmoffscreen=false -Dsun.java2d.xrender=false -Dsun.java2d.d3d=false -Dsun.awt.nopixfmt=true -Dsun.java2d.dpiaware=true -Dsun.java2d.uiScale.enabled=false -Xverify:none -Dswing.aatext=true -XX:-UsePerfData -Djdk.map.althashing.threshold=512 -XX:StringTableSize=4072 --add-opens=java.base/java.nio=ALL-UNNAMED --add-opens=java.desktop/sun.swing=ALL-UNNAMED --add-opens=java.desktop/javax.swing=ALL-UNNAMED --add-opens=java.desktop/javax.swing.tree=ALL-UNNAMED --add-opens=java.desktop/javax.swing.plaf.basic=ALL-UNNAMED --add-opens=java.desktop/javax.swing.plaf.synth=ALL-UNNAMED --add-opens=java.desktop/com.sun.awt=ALL-UNNAMED -XX:NewSize=60m -XX:MaxNewSize=60m -Xms128m -Xmx3072m -Xss5m 
java_command: <unknown>
java_class_path (initial): C:/Xilinx/Vivado/2018.3\lib\classes\alloy.jar;C:/Xilinx/Vivado/2018.3\lib\classes\autopilot.scelaborator.jar;C:/Xilinx/Vivado/2018.3\lib\classes\autopilot.sourceprocessor.jar;C:/Xilinx/Vivado/2018.3\lib\classes\autopilot.tbprocessor.jar;C:/Xilinx/Vivado/2018.3\lib\classes\batik-anim.jar;C:/Xilinx/Vivado/2018.3\lib\classes\batik-awt-util.jar;C:/Xilinx/Vivado/2018.3\lib\classes\batik-bridge.jar;C:/Xilinx/Vivado/2018.3\lib\classes\batik-codec.jar;C:/Xilinx/Vivado/2018.3\lib\classes\batik-css.jar;C:/Xilinx/Vivado/2018.3\lib\classes\batik-dom.jar;C:/Xilinx/Vivado/2018.3\lib\classes\batik-ext.jar;C:/Xilinx/Vivado/2018.3\lib\classes\batik-gui-util.jar;C:/Xilinx/Vivado/2018.3\lib\classes\batik-gvt.jar;C:/Xilinx/Vivado/2018.3\lib\classes\batik-parser.jar;C:/Xilinx/Vivado/2018.3\lib\classes\batik-script.jar;C:/Xilinx/Vivado/2018.3\lib\classes\batik-svg-dom.jar;C:/Xilinx/Vivado/2018.3\lib\classes\batik-swing.jar;C:/Xilinx/Vivado/2018.3\lib\classes\batik-transcoder.jar;C:/Xilinx/Vivado/2018.3\lib\classes\batik-util.jar;C:/Xilinx/Vivado/2018.3\lib\classes\batik-xml.jar;C:/Xilinx/Vivado/2018.3\lib\classes\com.ibm.icu_4.4.2.v20110208.jar;C:/Xilinx/Vivado/2018.3\lib\classes\commons-collections4-4.1.jar;C:/Xilinx/Vivado/2018.3\lib\classes\commons-math-2.2.jar;C:/Xilinx/Vivado/2018.3\lib\classes\dom4j-1.6.1.jar;C:/Xilinx/Vivado/2018.3\lib\classes\guava-18.0.jar;C:/Xilinx/Vivado/2018.3\lib\classes\help.jar;C:/Xilinx/Vivado/2018.3\lib\classes\hsqldb.jar;C:/Xilinx/Vivado/2018.3\lib\classes\jargs.jar;C:/Xilinx/Vivado/2018.3\lib\classes\jaxb-api-2.3.0.jar;C:/Xilinx/Vivado/2018.3\lib\classes\jh.jar;C:/Xilinx/Vivado/2018.3\lib\classes\jide-action.jar;C:/Xilinx/Vivado/2018.3\lib\classes\jide-charts.jar;C:/Xilinx/Vivado/2018.3\lib\classes\jide-common.jar;C:/Xilinx/Vivado/2018.3\lib\classes\jide-components.jar;C:/Xilinx/Vivado/2018.3\lib\classes\jide-dashboard.jar;C:/Xilinx/Vivado/2018.3\lib\classes\jide-data.jar;C:/Xilinx/Vivado/2018.3\lib\classes\jide-dialogs.jar
Launcher Type: generic

Logging:
Log output configuration:
#0: stdout all=warning uptime,level,tags
#1: stderr all=off uptime,level,tags

Environment Variables:
PATH=C:/Xilinx/Vivado/2018.3/bin;C:/Xilinx/Vivado/2018.3/lib/win64.o;C:/Xilinx/Vivado/2018.3/tps/win64/jre9.0.4/bin/server;C:/Xilinx/Vivado/2018.3/tps/win64/jre9.0.4/bin;C:/Xilinx/Vivado/2018.3/ids_lite/ISE/bin/nt64;C:/Xilinx/Vivado/2018.3/ids_lite/ISE/lib/nt64;C:\Program Files (x86)\Parallels\Parallels Tools\Applications;C:\Program Files (x86)\Intel\iCLS Client\;C:\Program Files\Intel\iCLS Client\;C:\WINDOWS\system32;C:\WINDOWS;C:\WINDOWS\System32\Wbem;C:\WINDOWS\System32\WindowsPowerShell\v1.0\;C:\Users\Sidarth Shahri\AppData\Local\Microsoft\WindowsApps;;C:/Xilinx/Vivado/2018.3\tps\mingw\6.2.0\win64.o\nt\bin;C:/Xilinx/Vivado/2018.3\tps\mingw\6.2.0\win64.o\nt\libexec\gcc\x86_64-w64-mingw32\6.2.0
USERNAME=Sidarth Shahri
OS=Windows_NT
PROCESSOR_IDENTIFIER=Intel64 Family 6 Model 69 Stepping 1, GenuineIntel



---------------  S Y S T E M  ---------------

OS: Windows 10 , 64 bit Build 16299 (10.0.16299.1087)

CPU:total 2 (initial active 2) (2 cores per cpu, 1 threads per core) family 6 model 69 stepping 1, cmov, cx8, fxsr, mmx, sse, sse2, sse3, ssse3, sse4.1, sse4.2, popcnt, avx, avx2, aes, clmul, erms, lzcnt, tsc, bmi1, bmi2, fma

Memory: 4k page, physical 8365388k(5545420k free), swap 9676108k(6665256k free)

vm_info: Java HotSpot(TM) 64-Bit Server VM (9.0.4+11) for windows-amd64 JRE (9.0.4+11), built on Dec 20 2017 02:18:54 by "mach5one" with MS VC++ 12.0 (VS2013)

END.
