#-----------------------------------------------------------
# Vivado v2018.3 (64-bit)
# SW Build 2405991 on Thu Dec  6 23:38:27 MST 2018
# IP Build 2404404 on Fri Dec  7 01:43:56 MST 2018
# Start of session at: Fri Sep  6 15:53:54 2019
# Process ID: 8076
# Current directory: C:/Users/Sidarth Shahri/Documents/CMPE 140 Assignments/Assignment_1
# Command line: vivado.exe -gui_launcher_event rodinguilauncherevent7764 C:\Users\Sidarth Shahri\Documents\CMPE 140 Assignments\Assignment_1\Assignment_1.xpr
# Log file: C:/Users/Sidarth Shahri/Documents/CMPE 140 Assignments/Assignment_1/vivado.log
# Journal file: C:/Users/Sidarth Shahri/Documents/CMPE 140 Assignments/Assignment_1\vivado.jou
#-----------------------------------------------------------
start_gui
open_project {C:/Users/Sidarth Shahri/Documents/CMPE 140 Assignments/Assignment_1/Assignment_1.xpr}
Scanning sources...
Finished scanning sources
INFO: [IP_Flow 19-234] Refreshing IP repositories
INFO: [IP_Flow 19-1704] No user IP repositories specified
INFO: [IP_Flow 19-2313] Loaded Vivado IP repository 'C:/Xilinx/Vivado/2018.3/data/ip'.
open_project: Time (s): cpu = 00:00:18 ; elapsed = 00:00:17 . Memory (MB): peak = 620.027 ; gain = 56.941
update_compile_order -fileset sources_1
close [ open {C:/Users/Sidarth Shahri/Documents/CMPE 140 Assignments/Assignment_1/Assignment_1.srcs/sources_1/new/arbiter.v} w ]
add_files {{C:/Users/Sidarth Shahri/Documents/CMPE 140 Assignments/Assignment_1/Assignment_1.srcs/sources_1/new/arbiter.v}}
update_compile_order -fileset sources_1
set_property top arbiter_tb [get_filesets sim_1]
set_property top_lib xil_defaultlib [get_filesets sim_1]
launch_simulation
INFO: [Vivado 12-5682] Launching behavioral simulation in 'C:/Users/Sidarth Shahri/Documents/CMPE 140 Assignments/Assignment_1/Assignment_1.sim/sim_1/behav/xsim'
INFO: [SIM-utils-51] Simulation object is 'sim_1'
INFO: [SIM-utils-54] Inspecting design source files for 'arbiter_tb' in fileset 'sim_1'...
INFO: [USF-XSim-97] Finding global include files...
INFO: [USF-XSim-98] Fetching design files from 'sim_1'...
INFO: [USF-XSim-2] XSim::Compile design
INFO: [USF-XSim-61] Executing 'COMPILE and ANALYZE' step in 'C:/Users/Sidarth Shahri/Documents/CMPE 140 Assignments/Assignment_1/Assignment_1.sim/sim_1/behav/xsim'
"xvlog --incr --relax -prj arbiter_tb_vlog.prj"
INFO: [VRFC 10-2263] Analyzing Verilog file "C:/Users/Sidarth Shahri/Documents/CMPE 140 Assignments/Assignment_1/Assignment_1.srcs/sources_1/new/arbiter.v" into library xil_defaultlib
INFO: [VRFC 10-311] analyzing module arbiter
INFO: [VRFC 10-311] analyzing module arbiter_tb
INFO: [VRFC 10-2263] Analyzing Verilog file "C:/Users/Sidarth Shahri/Documents/CMPE 140 Assignments/Assignment_1/Assignment_1.sim/sim_1/behav/xsim/glbl.v" into library xil_defaultlib
INFO: [VRFC 10-311] analyzing module glbl
INFO: [USF-XSim-69] 'compile' step finished in '3' seconds
INFO: [USF-XSim-3] XSim::Elaborate design
INFO: [USF-XSim-61] Executing 'ELABORATE' step in 'C:/Users/Sidarth Shahri/Documents/CMPE 140 Assignments/Assignment_1/Assignment_1.sim/sim_1/behav/xsim'
Vivado Simulator 2018.3
Copyright 1986-1999, 2001-2018 Xilinx, Inc. All Rights Reserved.
Running: C:/Xilinx/Vivado/2018.3/bin/unwrapped/win64.o/xelab.exe -wto f7df011542a24b1a9422b89c017ab7f3 --incr --debug typical --relax --mt 2 -L xil_defaultlib -L unisims_ver -L unimacro_ver -L secureip --snapshot arbiter_tb_behav xil_defaultlib.arbiter_tb xil_defaultlib.glbl -log elaborate.log 
Using 2 slave threads.
Starting static elaboration
Completed static elaboration
Starting simulation data flow analysis
WARNING: [XSIM 43-4100] "C:/Users/Sidarth Shahri/Documents/CMPE 140 Assignments/Assignment_1/Assignment_1.sim/sim_1/behav/xsim/glbl.v" Line 6. Module glbl has a timescale but at least one module in design doesn't have timescale.
Completed simulation data flow analysis
Time Resolution for simulation is 1ps
Compiling module xil_defaultlib.arbiter
Compiling module xil_defaultlib.arbiter_tb
Compiling module xil_defaultlib.glbl
Built simulation snapshot arbiter_tb_behav

****** Webtalk v2018.3 (64-bit)
  **** SW Build 2405991 on Thu Dec  6 23:38:27 MST 2018
  **** IP Build 2404404 on Fri Dec  7 01:43:56 MST 2018
    ** Copyright 1986-2018 Xilinx, Inc. All Rights Reserved.

source C:/Users/Sidarth -notrace
couldn't read file "C:/Users/Sidarth": no such file or directory
INFO: [Common 17-206] Exiting Webtalk at Fri Sep  6 16:01:16 2019...
run_program: Time (s): cpu = 00:00:01 ; elapsed = 00:00:06 . Memory (MB): peak = 672.988 ; gain = 0.000
INFO: [USF-XSim-69] 'elaborate' step finished in '6' seconds
INFO: [USF-XSim-4] XSim::Simulate design
INFO: [USF-XSim-61] Executing 'SIMULATE' step in 'C:/Users/Sidarth Shahri/Documents/CMPE 140 Assignments/Assignment_1/Assignment_1.sim/sim_1/behav/xsim'
INFO: [USF-XSim-98] *** Running xsim
   with args "arbiter_tb_behav -key {Behavioral:sim_1:Functional:arbiter_tb} -tclbatch {arbiter_tb.tcl} -log {simulate.log}"
INFO: [USF-XSim-8] Loading simulator feature
Vivado Simulator 2018.3
Time resolution is 1 ps
source arbiter_tb.tcl
# set curr_wave [current_wave_config]
# if { [string length $curr_wave] == 0 } {
#   if { [llength [get_objects]] > 0} {
#     add_wave /
#     set_property needs_save false [current_wave_config]
#   } else {
#      send_msg_id Add_Wave-1 WARNING "No top level signals found. Simulator will start without a wave window. If you want to open a wave window go to 'File->New Waveform Configuration' or type 'create_wave_config' in the TCL console."
#   }
# }
# run 1000ns
req0=0,req1=0,gnt0=x,gnt1=x
req0=0,req1=0,gnt0=0,gnt1=0
req0=1,req1=0,gnt0=0,gnt1=0
req0=1,req1=0,gnt0=1,gnt1=0
req0=0,req1=0,gnt0=1,gnt1=0
req0=0,req1=1,gnt0=1,gnt1=0
req0=0,req1=1,gnt0=0,gnt1=1
req0=0,req1=0,gnt0=0,gnt1=1
req0=1,req1=1,gnt0=0,gnt1=1
req0=1,req1=1,gnt0=1,gnt1=0
req0=0,req1=0,gnt0=1,gnt1=0
$finish called at time : 90 ns : File "C:/Users/Sidarth Shahri/Documents/CMPE 140 Assignments/Assignment_1/Assignment_1.srcs/sources_1/new/arbiter.v" Line 48
xsim: Time (s): cpu = 00:00:11 ; elapsed = 00:00:11 . Memory (MB): peak = 699.332 ; gain = 26.344
INFO: [USF-XSim-96] XSim completed. Design snapshot 'arbiter_tb_behav' loaded.
INFO: [USF-XSim-97] XSim simulation ran for 1000ns
launch_simulation: Time (s): cpu = 00:00:14 ; elapsed = 00:00:23 . Memory (MB): peak = 699.332 ; gain = 26.863
add_bp {C:/Users/Sidarth Shahri/Documents/CMPE 140 Assignments/Assignment_1/Assignment_1.srcs/sources_1/new/arbiter.v} 15
remove_bps -file {C:/Users/Sidarth Shahri/Documents/CMPE 140 Assignments/Assignment_1/Assignment_1.srcs/sources_1/new/arbiter.v} -line 15
set_property top CNT_tb [get_filesets sim_1]
set_property top_lib xil_defaultlib [get_filesets sim_1]
launch_simulation
INFO: [Vivado 12-5682] Launching behavioral simulation in 'C:/Users/Sidarth Shahri/Documents/CMPE 140 Assignments/Assignment_1/Assignment_1.sim/sim_1/behav/xsim'
INFO: [SIM-utils-51] Simulation object is 'sim_1'
INFO: [SIM-utils-54] Inspecting design source files for 'CNT_tb' in fileset 'sim_1'...
INFO: [USF-XSim-97] Finding global include files...
INFO: [USF-XSim-98] Fetching design files from 'sim_1'...
INFO: [USF-XSim-2] XSim::Compile design
INFO: [USF-XSim-61] Executing 'COMPILE and ANALYZE' step in 'C:/Users/Sidarth Shahri/Documents/CMPE 140 Assignments/Assignment_1/Assignment_1.sim/sim_1/behav/xsim'
"xvlog --incr --relax -prj CNT_tb_vlog.prj"
INFO: [VRFC 10-2263] Analyzing Verilog file "C:/Users/Sidarth Shahri/Documents/CMPE 140 Assignments/Assignment_1/Assignment_1.srcs/sources_1/new/CNT.v" into library xil_defaultlib
INFO: [VRFC 10-311] analyzing module CNT
INFO: [VRFC 10-311] analyzing module CNT_tb
INFO: [USF-XSim-69] 'compile' step finished in '2' seconds
INFO: [USF-XSim-3] XSim::Elaborate design
INFO: [USF-XSim-61] Executing 'ELABORATE' step in 'C:/Users/Sidarth Shahri/Documents/CMPE 140 Assignments/Assignment_1/Assignment_1.sim/sim_1/behav/xsim'
Vivado Simulator 2018.3
Copyright 1986-1999, 2001-2018 Xilinx, Inc. All Rights Reserved.
Running: C:/Xilinx/Vivado/2018.3/bin/unwrapped/win64.o/xelab.exe -wto f7df011542a24b1a9422b89c017ab7f3 --incr --debug typical --relax --mt 2 -L xil_defaultlib -L unisims_ver -L unimacro_ver -L secureip --snapshot CNT_tb_behav xil_defaultlib.CNT_tb xil_defaultlib.glbl -log elaborate.log 
Using 2 slave threads.
Starting static elaboration
Completed static elaboration
Starting simulation data flow analysis
Completed simulation data flow analysis
Time Resolution for simulation is 1ps
Compiling module xil_defaultlib.CNT
Compiling module xil_defaultlib.CNT_tb
Compiling module xil_defaultlib.glbl
Built simulation snapshot CNT_tb_behav

****** Webtalk v2018.3 (64-bit)
  **** SW Build 2405991 on Thu Dec  6 23:38:27 MST 2018
  **** IP Build 2404404 on Fri Dec  7 01:43:56 MST 2018
    ** Copyright 1986-2018 Xilinx, Inc. All Rights Reserved.

source C:/Users/Sidarth -notrace
couldn't read file "C:/Users/Sidarth": no such file or directory
INFO: [Common 17-206] Exiting Webtalk at Fri Sep  6 16:19:08 2019...
INFO: [USF-XSim-69] 'elaborate' step finished in '3' seconds
INFO: [USF-XSim-4] XSim::Simulate design
INFO: [USF-XSim-61] Executing 'SIMULATE' step in 'C:/Users/Sidarth Shahri/Documents/CMPE 140 Assignments/Assignment_1/Assignment_1.sim/sim_1/behav/xsim'
INFO: [USF-XSim-98] *** Running xsim
   with args "CNT_tb_behav -key {Behavioral:sim_1:Functional:CNT_tb} -tclbatch {CNT_tb.tcl} -log {simulate.log}"
INFO: [USF-XSim-8] Loading simulator feature
Vivado Simulator 2018.3
Time resolution is 1 ps
source CNT_tb.tcl
# set curr_wave [current_wave_config]
# if { [string length $curr_wave] == 0 } {
#   if { [llength [get_objects]] > 0} {
#     add_wave /
#     set_property needs_save false [current_wave_config]
#   } else {
#      send_msg_id Add_Wave-1 WARNING "No top level signals found. Simulator will start without a wave window. If you want to open a wave window go to 'File->New Waveform Configuration' or type 'create_wave_config' in the TCL console."
#   }
# }
# run 1000ns
$finish called at time : 40 ns : File "C:/Users/Sidarth Shahri/Documents/CMPE 140 Assignments/Assignment_1/Assignment_1.srcs/sources_1/new/CNT.v" Line 37
INFO: [USF-XSim-96] XSim completed. Design snapshot 'CNT_tb_behav' loaded.
INFO: [USF-XSim-97] XSim simulation ran for 1000ns
launch_simulation: Time (s): cpu = 00:00:03 ; elapsed = 00:00:08 . Memory (MB): peak = 832.668 ; gain = 0.000
close_sim
INFO: [Simtcl 6-16] Simulation closed
launch_simulation
INFO: [Vivado 12-5682] Launching behavioral simulation in 'C:/Users/Sidarth Shahri/Documents/CMPE 140 Assignments/Assignment_1/Assignment_1.sim/sim_1/behav/xsim'
INFO: [SIM-utils-51] Simulation object is 'sim_1'
INFO: [SIM-utils-54] Inspecting design source files for 'CNT_tb' in fileset 'sim_1'...
INFO: [USF-XSim-97] Finding global include files...
INFO: [USF-XSim-98] Fetching design files from 'sim_1'...
INFO: [USF-XSim-2] XSim::Compile design
INFO: [USF-XSim-61] Executing 'COMPILE and ANALYZE' step in 'C:/Users/Sidarth Shahri/Documents/CMPE 140 Assignments/Assignment_1/Assignment_1.sim/sim_1/behav/xsim'
"xvlog --incr --relax -prj CNT_tb_vlog.prj"
INFO: [VRFC 10-2263] Analyzing Verilog file "C:/Users/Sidarth Shahri/Documents/CMPE 140 Assignments/Assignment_1/Assignment_1.srcs/sources_1/new/CNT.v" into library xil_defaultlib
INFO: [VRFC 10-311] analyzing module CNT
INFO: [VRFC 10-311] analyzing module CNT_tb
INFO: [USF-XSim-69] 'compile' step finished in '1' seconds
INFO: [USF-XSim-3] XSim::Elaborate design
INFO: [USF-XSim-61] Executing 'ELABORATE' step in 'C:/Users/Sidarth Shahri/Documents/CMPE 140 Assignments/Assignment_1/Assignment_1.sim/sim_1/behav/xsim'
Vivado Simulator 2018.3
Copyright 1986-1999, 2001-2018 Xilinx, Inc. All Rights Reserved.
Running: C:/Xilinx/Vivado/2018.3/bin/unwrapped/win64.o/xelab.exe -wto f7df011542a24b1a9422b89c017ab7f3 --incr --debug typical --relax --mt 2 -L xil_defaultlib -L unisims_ver -L unimacro_ver -L secureip --snapshot CNT_tb_behav xil_defaultlib.CNT_tb xil_defaultlib.glbl -log elaborate.log 
Using 2 slave threads.
Starting static elaboration
Completed static elaboration
Starting simulation data flow analysis
Completed simulation data flow analysis
Time Resolution for simulation is 1ps
Compiling module xil_defaultlib.CNT
Compiling module xil_defaultlib.CNT_tb
Compiling module xil_defaultlib.glbl
Built simulation snapshot CNT_tb_behav
INFO: [USF-XSim-69] 'elaborate' step finished in '2' seconds
INFO: [USF-XSim-4] XSim::Simulate design
INFO: [USF-XSim-61] Executing 'SIMULATE' step in 'C:/Users/Sidarth Shahri/Documents/CMPE 140 Assignments/Assignment_1/Assignment_1.sim/sim_1/behav/xsim'
INFO: [USF-XSim-98] *** Running xsim
   with args "CNT_tb_behav -key {Behavioral:sim_1:Functional:CNT_tb} -tclbatch {CNT_tb.tcl} -log {simulate.log}"
INFO: [USF-XSim-8] Loading simulator feature
Vivado Simulator 2018.3
Time resolution is 1 ps
source CNT_tb.tcl
# set curr_wave [current_wave_config]
# if { [string length $curr_wave] == 0 } {
#   if { [llength [get_objects]] > 0} {
#     add_wave /
#     set_property needs_save false [current_wave_config]
#   } else {
#      send_msg_id Add_Wave-1 WARNING "No top level signals found. Simulator will start without a wave window. If you want to open a wave window go to 'File->New Waveform Configuration' or type 'create_wave_config' in the TCL console."
#   }
# }
# run 1000ns
$finish called at time : 70 ns : File "C:/Users/Sidarth Shahri/Documents/CMPE 140 Assignments/Assignment_1/Assignment_1.srcs/sources_1/new/CNT.v" Line 37
INFO: [USF-XSim-96] XSim completed. Design snapshot 'CNT_tb_behav' loaded.
INFO: [USF-XSim-97] XSim simulation ran for 1000ns
launch_simulation: Time (s): cpu = 00:00:03 ; elapsed = 00:00:07 . Memory (MB): peak = 832.668 ; gain = 0.000
close_sim
INFO: [Simtcl 6-16] Simulation closed
launch_simulation
INFO: [Vivado 12-5682] Launching behavioral simulation in 'C:/Users/Sidarth Shahri/Documents/CMPE 140 Assignments/Assignment_1/Assignment_1.sim/sim_1/behav/xsim'
INFO: [SIM-utils-51] Simulation object is 'sim_1'
INFO: [SIM-utils-54] Inspecting design source files for 'CNT_tb' in fileset 'sim_1'...
INFO: [USF-XSim-97] Finding global include files...
INFO: [USF-XSim-98] Fetching design files from 'sim_1'...
INFO: [USF-XSim-2] XSim::Compile design
INFO: [USF-XSim-61] Executing 'COMPILE and ANALYZE' step in 'C:/Users/Sidarth Shahri/Documents/CMPE 140 Assignments/Assignment_1/Assignment_1.sim/sim_1/behav/xsim'
"xvlog --incr --relax -prj CNT_tb_vlog.prj"
INFO: [VRFC 10-2263] Analyzing Verilog file "C:/Users/Sidarth Shahri/Documents/CMPE 140 Assignments/Assignment_1/Assignment_1.srcs/sources_1/new/CNT.v" into library xil_defaultlib
INFO: [VRFC 10-311] analyzing module CNT
INFO: [VRFC 10-311] analyzing module CNT_tb
INFO: [USF-XSim-69] 'compile' step finished in '2' seconds
INFO: [USF-XSim-3] XSim::Elaborate design
INFO: [USF-XSim-61] Executing 'ELABORATE' step in 'C:/Users/Sidarth Shahri/Documents/CMPE 140 Assignments/Assignment_1/Assignment_1.sim/sim_1/behav/xsim'
Vivado Simulator 2018.3
Copyright 1986-1999, 2001-2018 Xilinx, Inc. All Rights Reserved.
Running: C:/Xilinx/Vivado/2018.3/bin/unwrapped/win64.o/xelab.exe -wto f7df011542a24b1a9422b89c017ab7f3 --incr --debug typical --relax --mt 2 -L xil_defaultlib -L unisims_ver -L unimacro_ver -L secureip --snapshot CNT_tb_behav xil_defaultlib.CNT_tb xil_defaultlib.glbl -log elaborate.log 
Using 2 slave threads.
Starting static elaboration
Completed static elaboration
Starting simulation data flow analysis
Completed simulation data flow analysis
Time Resolution for simulation is 1ps
Compiling module xil_defaultlib.CNT
Compiling module xil_defaultlib.CNT_tb
Compiling module xil_defaultlib.glbl
Built simulation snapshot CNT_tb_behav
INFO: [USF-XSim-69] 'elaborate' step finished in '2' seconds
INFO: [USF-XSim-4] XSim::Simulate design
INFO: [USF-XSim-61] Executing 'SIMULATE' step in 'C:/Users/Sidarth Shahri/Documents/CMPE 140 Assignments/Assignment_1/Assignment_1.sim/sim_1/behav/xsim'
INFO: [USF-XSim-98] *** Running xsim
   with args "CNT_tb_behav -key {Behavioral:sim_1:Functional:CNT_tb} -tclbatch {CNT_tb.tcl} -log {simulate.log}"
INFO: [USF-XSim-8] Loading simulator feature
Vivado Simulator 2018.3
Time resolution is 1 ps
source CNT_tb.tcl
# set curr_wave [current_wave_config]
# if { [string length $curr_wave] == 0 } {
#   if { [llength [get_objects]] > 0} {
#     add_wave /
#     set_property needs_save false [current_wave_config]
#   } else {
#      send_msg_id Add_Wave-1 WARNING "No top level signals found. Simulator will start without a wave window. If you want to open a wave window go to 'File->New Waveform Configuration' or type 'create_wave_config' in the TCL console."
#   }
# }
# run 1000ns
$finish called at time : 80 ns : File "C:/Users/Sidarth Shahri/Documents/CMPE 140 Assignments/Assignment_1/Assignment_1.srcs/sources_1/new/CNT.v" Line 37
INFO: [USF-XSim-96] XSim completed. Design snapshot 'CNT_tb_behav' loaded.
INFO: [USF-XSim-97] XSim simulation ran for 1000ns
launch_simulation: Time (s): cpu = 00:00:04 ; elapsed = 00:00:07 . Memory (MB): peak = 838.465 ; gain = 0.000
close_sim
INFO: [Simtcl 6-16] Simulation closed
launch_simulation
INFO: [Vivado 12-5682] Launching behavioral simulation in 'C:/Users/Sidarth Shahri/Documents/CMPE 140 Assignments/Assignment_1/Assignment_1.sim/sim_1/behav/xsim'
INFO: [SIM-utils-51] Simulation object is 'sim_1'
INFO: [SIM-utils-54] Inspecting design source files for 'CNT_tb' in fileset 'sim_1'...
INFO: [USF-XSim-97] Finding global include files...
INFO: [USF-XSim-98] Fetching design files from 'sim_1'...
INFO: [USF-XSim-2] XSim::Compile design
INFO: [USF-XSim-61] Executing 'COMPILE and ANALYZE' step in 'C:/Users/Sidarth Shahri/Documents/CMPE 140 Assignments/Assignment_1/Assignment_1.sim/sim_1/behav/xsim'
"xvlog --incr --relax -prj CNT_tb_vlog.prj"
INFO: [VRFC 10-2263] Analyzing Verilog file "C:/Users/Sidarth Shahri/Documents/CMPE 140 Assignments/Assignment_1/Assignment_1.srcs/sources_1/new/CNT.v" into library xil_defaultlib
INFO: [VRFC 10-311] analyzing module CNT
INFO: [VRFC 10-311] analyzing module CNT_tb
INFO: [USF-XSim-69] 'compile' step finished in '2' seconds
INFO: [USF-XSim-3] XSim::Elaborate design
INFO: [USF-XSim-61] Executing 'ELABORATE' step in 'C:/Users/Sidarth Shahri/Documents/CMPE 140 Assignments/Assignment_1/Assignment_1.sim/sim_1/behav/xsim'
Vivado Simulator 2018.3
Copyright 1986-1999, 2001-2018 Xilinx, Inc. All Rights Reserved.
Running: C:/Xilinx/Vivado/2018.3/bin/unwrapped/win64.o/xelab.exe -wto f7df011542a24b1a9422b89c017ab7f3 --incr --debug typical --relax --mt 2 -L xil_defaultlib -L unisims_ver -L unimacro_ver -L secureip --snapshot CNT_tb_behav xil_defaultlib.CNT_tb xil_defaultlib.glbl -log elaborate.log 
Using 2 slave threads.
Starting static elaboration
Completed static elaboration
Starting simulation data flow analysis
Completed simulation data flow analysis
Time Resolution for simulation is 1ps
Compiling module xil_defaultlib.CNT
Compiling module xil_defaultlib.CNT_tb
Compiling module xil_defaultlib.glbl
Built simulation snapshot CNT_tb_behav
INFO: [USF-XSim-69] 'elaborate' step finished in '1' seconds
INFO: [USF-XSim-4] XSim::Simulate design
INFO: [USF-XSim-61] Executing 'SIMULATE' step in 'C:/Users/Sidarth Shahri/Documents/CMPE 140 Assignments/Assignment_1/Assignment_1.sim/sim_1/behav/xsim'
INFO: [USF-XSim-98] *** Running xsim
   with args "CNT_tb_behav -key {Behavioral:sim_1:Functional:CNT_tb} -tclbatch {CNT_tb.tcl} -log {simulate.log}"
INFO: [USF-XSim-8] Loading simulator feature
Vivado Simulator 2018.3
Time resolution is 1 ps
source CNT_tb.tcl
# set curr_wave [current_wave_config]
# if { [string length $curr_wave] == 0 } {
#   if { [llength [get_objects]] > 0} {
#     add_wave /
#     set_property needs_save false [current_wave_config]
#   } else {
#      send_msg_id Add_Wave-1 WARNING "No top level signals found. Simulator will start without a wave window. If you want to open a wave window go to 'File->New Waveform Configuration' or type 'create_wave_config' in the TCL console."
#   }
# }
# run 1000ns
$finish called at time : 110 ns : File "C:/Users/Sidarth Shahri/Documents/CMPE 140 Assignments/Assignment_1/Assignment_1.srcs/sources_1/new/CNT.v" Line 37
INFO: [USF-XSim-96] XSim completed. Design snapshot 'CNT_tb_behav' loaded.
INFO: [USF-XSim-97] XSim simulation ran for 1000ns
launch_simulation: Time (s): cpu = 00:00:02 ; elapsed = 00:00:07 . Memory (MB): peak = 890.832 ; gain = 0.000
close_sim
INFO: [Simtcl 6-16] Simulation closed
launch_simulation
INFO: [Vivado 12-5682] Launching behavioral simulation in 'C:/Users/Sidarth Shahri/Documents/CMPE 140 Assignments/Assignment_1/Assignment_1.sim/sim_1/behav/xsim'
INFO: [SIM-utils-51] Simulation object is 'sim_1'
INFO: [SIM-utils-54] Inspecting design source files for 'CNT_tb' in fileset 'sim_1'...
INFO: [USF-XSim-97] Finding global include files...
INFO: [USF-XSim-98] Fetching design files from 'sim_1'...
INFO: [USF-XSim-2] XSim::Compile design
INFO: [USF-XSim-61] Executing 'COMPILE and ANALYZE' step in 'C:/Users/Sidarth Shahri/Documents/CMPE 140 Assignments/Assignment_1/Assignment_1.sim/sim_1/behav/xsim'
"xvlog --incr --relax -prj CNT_tb_vlog.prj"
INFO: [VRFC 10-2263] Analyzing Verilog file "C:/Users/Sidarth Shahri/Documents/CMPE 140 Assignments/Assignment_1/Assignment_1.srcs/sources_1/new/CNT.v" into library xil_defaultlib
INFO: [VRFC 10-311] analyzing module CNT
ERROR: [VRFC 10-1412] syntax error near = [C:/Users/Sidarth Shahri/Documents/CMPE 140 Assignments/Assignment_1/Assignment_1.srcs/sources_1/new/CNT.v:15]
ERROR: [VRFC 10-2865] module 'CNT' ignored due to previous errors [C:/Users/Sidarth Shahri/Documents/CMPE 140 Assignments/Assignment_1/Assignment_1.srcs/sources_1/new/CNT.v:3]
INFO: [VRFC 10-311] analyzing module CNT_tb
ERROR: [VRFC 10-2865] module 'CNT_tb' ignored due to previous errors [C:/Users/Sidarth Shahri/Documents/CMPE 140 Assignments/Assignment_1/Assignment_1.srcs/sources_1/new/CNT.v:23]
INFO: [USF-XSim-69] 'compile' step finished in '1' seconds
INFO: [USF-XSim-99] Step results log file:'C:/Users/Sidarth Shahri/Documents/CMPE 140 Assignments/Assignment_1/Assignment_1.sim/sim_1/behav/xsim/xvlog.log'
ERROR: [USF-XSim-62] 'compile' step failed with error(s). Please check the Tcl console output or 'C:/Users/Sidarth Shahri/Documents/CMPE 140 Assignments/Assignment_1/Assignment_1.sim/sim_1/behav/xsim/xvlog.log' file for more information.
ERROR: [Vivado 12-4473] Detected error while running simulation. Please correct the issue and retry this operation.
ERROR: [Common 17-39] 'launch_simulation' failed due to earlier errors.
launch_simulation
INFO: [Vivado 12-5682] Launching behavioral simulation in 'C:/Users/Sidarth Shahri/Documents/CMPE 140 Assignments/Assignment_1/Assignment_1.sim/sim_1/behav/xsim'
INFO: [SIM-utils-51] Simulation object is 'sim_1'
INFO: [SIM-utils-54] Inspecting design source files for 'CNT_tb' in fileset 'sim_1'...
INFO: [USF-XSim-97] Finding global include files...
INFO: [USF-XSim-98] Fetching design files from 'sim_1'...
INFO: [USF-XSim-2] XSim::Compile design
INFO: [USF-XSim-61] Executing 'COMPILE and ANALYZE' step in 'C:/Users/Sidarth Shahri/Documents/CMPE 140 Assignments/Assignment_1/Assignment_1.sim/sim_1/behav/xsim'
"xvlog --incr --relax -prj CNT_tb_vlog.prj"
INFO: [VRFC 10-2263] Analyzing Verilog file "C:/Users/Sidarth Shahri/Documents/CMPE 140 Assignments/Assignment_1/Assignment_1.srcs/sources_1/new/CNT.v" into library xil_defaultlib
INFO: [VRFC 10-311] analyzing module CNT
INFO: [VRFC 10-311] analyzing module CNT_tb
INFO: [USF-XSim-69] 'compile' step finished in '2' seconds
INFO: [USF-XSim-3] XSim::Elaborate design
INFO: [USF-XSim-61] Executing 'ELABORATE' step in 'C:/Users/Sidarth Shahri/Documents/CMPE 140 Assignments/Assignment_1/Assignment_1.sim/sim_1/behav/xsim'
Vivado Simulator 2018.3
Copyright 1986-1999, 2001-2018 Xilinx, Inc. All Rights Reserved.
Running: C:/Xilinx/Vivado/2018.3/bin/unwrapped/win64.o/xelab.exe -wto f7df011542a24b1a9422b89c017ab7f3 --incr --debug typical --relax --mt 2 -L xil_defaultlib -L unisims_ver -L unimacro_ver -L secureip --snapshot CNT_tb_behav xil_defaultlib.CNT_tb xil_defaultlib.glbl -log elaborate.log 
Using 2 slave threads.
Starting static elaboration
Completed static elaboration
Starting simulation data flow analysis
Completed simulation data flow analysis
Time Resolution for simulation is 1ps
Compiling module xil_defaultlib.CNT
Compiling module xil_defaultlib.CNT_tb
Compiling module xil_defaultlib.glbl
Built simulation snapshot CNT_tb_behav
INFO: [USF-XSim-69] 'elaborate' step finished in '2' seconds
INFO: [USF-XSim-4] XSim::Simulate design
INFO: [USF-XSim-61] Executing 'SIMULATE' step in 'C:/Users/Sidarth Shahri/Documents/CMPE 140 Assignments/Assignment_1/Assignment_1.sim/sim_1/behav/xsim'
INFO: [USF-XSim-98] *** Running xsim
   with args "CNT_tb_behav -key {Behavioral:sim_1:Functional:CNT_tb} -tclbatch {CNT_tb.tcl} -log {simulate.log}"
INFO: [USF-XSim-8] Loading simulator feature
Vivado Simulator 2018.3
Time resolution is 1 ps
source CNT_tb.tcl
# set curr_wave [current_wave_config]
# if { [string length $curr_wave] == 0 } {
#   if { [llength [get_objects]] > 0} {
#     add_wave /
#     set_property needs_save false [current_wave_config]
#   } else {
#      send_msg_id Add_Wave-1 WARNING "No top level signals found. Simulator will start without a wave window. If you want to open a wave window go to 'File->New Waveform Configuration' or type 'create_wave_config' in the TCL console."
#   }
# }
# run 1000ns
INFO: [USF-XSim-96] XSim completed. Design snapshot 'CNT_tb_behav' loaded.
INFO: [USF-XSim-97] XSim simulation ran for 1000ns
launch_simulation: Time (s): cpu = 00:00:03 ; elapsed = 00:00:07 . Memory (MB): peak = 1225.285 ; gain = 0.000
close_sim
INFO: [Simtcl 6-16] Simulation closed
launch_simulation
INFO: [Vivado 12-5682] Launching behavioral simulation in 'C:/Users/Sidarth Shahri/Documents/CMPE 140 Assignments/Assignment_1/Assignment_1.sim/sim_1/behav/xsim'
INFO: [SIM-utils-51] Simulation object is 'sim_1'
INFO: [SIM-utils-54] Inspecting design source files for 'CNT_tb' in fileset 'sim_1'...
INFO: [USF-XSim-97] Finding global include files...
INFO: [USF-XSim-98] Fetching design files from 'sim_1'...
INFO: [USF-XSim-2] XSim::Compile design
INFO: [USF-XSim-61] Executing 'COMPILE and ANALYZE' step in 'C:/Users/Sidarth Shahri/Documents/CMPE 140 Assignments/Assignment_1/Assignment_1.sim/sim_1/behav/xsim'
"xvlog --incr --relax -prj CNT_tb_vlog.prj"
INFO: [VRFC 10-2263] Analyzing Verilog file "C:/Users/Sidarth Shahri/Documents/CMPE 140 Assignments/Assignment_1/Assignment_1.srcs/sources_1/new/CNT.v" into library xil_defaultlib
INFO: [VRFC 10-311] analyzing module CNT
INFO: [VRFC 10-311] analyzing module CNT_tb
INFO: [USF-XSim-69] 'compile' step finished in '1' seconds
INFO: [USF-XSim-3] XSim::Elaborate design
INFO: [USF-XSim-61] Executing 'ELABORATE' step in 'C:/Users/Sidarth Shahri/Documents/CMPE 140 Assignments/Assignment_1/Assignment_1.sim/sim_1/behav/xsim'
Vivado Simulator 2018.3
Copyright 1986-1999, 2001-2018 Xilinx, Inc. All Rights Reserved.
Running: C:/Xilinx/Vivado/2018.3/bin/unwrapped/win64.o/xelab.exe -wto f7df011542a24b1a9422b89c017ab7f3 --incr --debug typical --relax --mt 2 -L xil_defaultlib -L unisims_ver -L unimacro_ver -L secureip --snapshot CNT_tb_behav xil_defaultlib.CNT_tb xil_defaultlib.glbl -log elaborate.log 
Using 2 slave threads.
Starting static elaboration
Completed static elaboration
Starting simulation data flow analysis
Completed simulation data flow analysis
Time Resolution for simulation is 1ps
Compiling module xil_defaultlib.CNT
Compiling module xil_defaultlib.CNT_tb
Compiling module xil_defaultlib.glbl
Built simulation snapshot CNT_tb_behav
INFO: [USF-XSim-69] 'elaborate' step finished in '1' seconds
INFO: [USF-XSim-4] XSim::Simulate design
INFO: [USF-XSim-61] Executing 'SIMULATE' step in 'C:/Users/Sidarth Shahri/Documents/CMPE 140 Assignments/Assignment_1/Assignment_1.sim/sim_1/behav/xsim'
INFO: [USF-XSim-98] *** Running xsim
   with args "CNT_tb_behav -key {Behavioral:sim_1:Functional:CNT_tb} -tclbatch {CNT_tb.tcl} -log {simulate.log}"
INFO: [USF-XSim-8] Loading simulator feature
Vivado Simulator 2018.3
Time resolution is 1 ps
source CNT_tb.tcl
# set curr_wave [current_wave_config]
# if { [string length $curr_wave] == 0 } {
#   if { [llength [get_objects]] > 0} {
#     add_wave /
#     set_property needs_save false [current_wave_config]
#   } else {
#      send_msg_id Add_Wave-1 WARNING "No top level signals found. Simulator will start without a wave window. If you want to open a wave window go to 'File->New Waveform Configuration' or type 'create_wave_config' in the TCL console."
#   }
# }
# run 1000ns
$finish called at time : 70 ns : File "C:/Users/Sidarth Shahri/Documents/CMPE 140 Assignments/Assignment_1/Assignment_1.srcs/sources_1/new/CNT.v" Line 37
INFO: [USF-XSim-96] XSim completed. Design snapshot 'CNT_tb_behav' loaded.
INFO: [USF-XSim-97] XSim simulation ran for 1000ns
launch_simulation: Time (s): cpu = 00:00:03 ; elapsed = 00:00:07 . Memory (MB): peak = 1225.285 ; gain = 0.000
current_sim simulation_1
close_sim
INFO: [Simtcl 6-16] Simulation closed
set_property top Factorial [get_filesets sim_1]
close_sim
INFO: [Simtcl 6-16] Simulation closed
export_ip_user_files -of_objects  [get_files {{C:/Users/Sidarth Shahri/Documents/CMPE 140 Assignments/Assignment_1/Assignment_1.srcs/sources_1/new/arbiter.v}}] -no_script -reset -force -quiet
remove_files  {{C:/Users/Sidarth Shahri/Documents/CMPE 140 Assignments/Assignment_1/Assignment_1.srcs/sources_1/new/arbiter.v}}
file delete -force {C:/Users/Sidarth Shahri/Documents/CMPE 140 Assignments/Assignment_1/Assignment_1.srcs/sources_1/new/arbiter.v}
set_property top DP_tb [get_filesets sim_1]
set_property top_lib xil_defaultlib [get_filesets sim_1]
launch_simulation
INFO: [Vivado 12-5682] Launching behavioral simulation in 'C:/Users/Sidarth Shahri/Documents/CMPE 140 Assignments/Assignment_1/Assignment_1.sim/sim_1/behav/xsim'
INFO: [SIM-utils-51] Simulation object is 'sim_1'
INFO: [SIM-utils-54] Inspecting design source files for 'DP_tb' in fileset 'sim_1'...
INFO: [USF-XSim-97] Finding global include files...
INFO: [USF-XSim-98] Fetching design files from 'sim_1'...
INFO: [USF-XSim-2] XSim::Compile design
INFO: [USF-XSim-61] Executing 'COMPILE and ANALYZE' step in 'C:/Users/Sidarth Shahri/Documents/CMPE 140 Assignments/Assignment_1/Assignment_1.sim/sim_1/behav/xsim'
"xvlog --incr --relax -prj DP_tb_vlog.prj"
INFO: [VRFC 10-2263] Analyzing Verilog file "C:/Users/Sidarth Shahri/Documents/CMPE 140 Assignments/Assignment_1/Assignment_1.srcs/sources_1/new/CMP_ERROR.v" into library xil_defaultlib
INFO: [VRFC 10-311] analyzing module CMP_ERROR
INFO: [VRFC 10-2263] Analyzing Verilog file "C:/Users/Sidarth Shahri/Documents/CMPE 140 Assignments/Assignment_1/Assignment_1.srcs/sources_1/new/CMP_GT.v" into library xil_defaultlib
INFO: [VRFC 10-311] analyzing module CMP_GT
INFO: [VRFC 10-2263] Analyzing Verilog file "C:/Users/Sidarth Shahri/Documents/CMPE 140 Assignments/Assignment_1/Assignment_1.srcs/sources_1/new/CNT.v" into library xil_defaultlib
INFO: [VRFC 10-311] analyzing module CNT
INFO: [VRFC 10-2263] Analyzing Verilog file "C:/Users/Sidarth Shahri/Documents/CMPE 140 Assignments/Assignment_1/Assignment_1.srcs/sources_1/new/MUL.v" into library xil_defaultlib
INFO: [VRFC 10-311] analyzing module MUL
INFO: [VRFC 10-2263] Analyzing Verilog file "C:/Users/Sidarth Shahri/Documents/CMPE 140 Assignments/Assignment_1/Assignment_1.srcs/sources_1/new/MUX.v" into library xil_defaultlib
INFO: [VRFC 10-311] analyzing module MUX
INFO: [VRFC 10-2263] Analyzing Verilog file "C:/Users/Sidarth Shahri/Documents/CMPE 140 Assignments/Assignment_1/Assignment_1.srcs/sources_1/new/REG.v" into library xil_defaultlib
INFO: [VRFC 10-311] analyzing module REG
INFO: [VRFC 10-2263] Analyzing Verilog file "C:/Users/Sidarth Shahri/Documents/CMPE 140 Assignments/Assignment_1/Assignment_1.srcs/sources_1/new/DP.v" into library xil_defaultlib
INFO: [VRFC 10-311] analyzing module DP
INFO: [VRFC 10-311] analyzing module DP_tb
INFO: [USF-XSim-69] 'compile' step finished in '2' seconds
INFO: [USF-XSim-3] XSim::Elaborate design
INFO: [USF-XSim-61] Executing 'ELABORATE' step in 'C:/Users/Sidarth Shahri/Documents/CMPE 140 Assignments/Assignment_1/Assignment_1.sim/sim_1/behav/xsim'
Vivado Simulator 2018.3
Copyright 1986-1999, 2001-2018 Xilinx, Inc. All Rights Reserved.
Running: C:/Xilinx/Vivado/2018.3/bin/unwrapped/win64.o/xelab.exe -wto f7df011542a24b1a9422b89c017ab7f3 --incr --debug typical --relax --mt 2 -L xil_defaultlib -L unisims_ver -L unimacro_ver -L secureip --snapshot DP_tb_behav xil_defaultlib.DP_tb xil_defaultlib.glbl -log elaborate.log 
Using 2 slave threads.
Starting static elaboration
ERROR: [VRFC 10-3180] cannot find port 'sel0' on this module [C:/Users/Sidarth Shahri/Documents/CMPE 140 Assignments/Assignment_1/Assignment_1.srcs/sources_1/new/DP.v:86]
ERROR: [XSIM 43-3322] Static elaboration of top level Verilog design unit(s) in library work failed.
INFO: [USF-XSim-69] 'elaborate' step finished in '1' seconds
INFO: [USF-XSim-99] Step results log file:'C:/Users/Sidarth Shahri/Documents/CMPE 140 Assignments/Assignment_1/Assignment_1.sim/sim_1/behav/xsim/elaborate.log'
ERROR: [USF-XSim-62] 'elaborate' step failed with error(s). Please check the Tcl console output or 'C:/Users/Sidarth Shahri/Documents/CMPE 140 Assignments/Assignment_1/Assignment_1.sim/sim_1/behav/xsim/elaborate.log' file for more information.
ERROR: [Vivado 12-4473] Detected error while running simulation. Please correct the issue and retry this operation.
ERROR: [Common 17-39] 'launch_simulation' failed due to earlier errors.
launch_simulation
INFO: [Vivado 12-5682] Launching behavioral simulation in 'C:/Users/Sidarth Shahri/Documents/CMPE 140 Assignments/Assignment_1/Assignment_1.sim/sim_1/behav/xsim'
INFO: [SIM-utils-51] Simulation object is 'sim_1'
INFO: [SIM-utils-54] Inspecting design source files for 'DP_tb' in fileset 'sim_1'...
INFO: [USF-XSim-97] Finding global include files...
INFO: [USF-XSim-98] Fetching design files from 'sim_1'...
INFO: [USF-XSim-2] XSim::Compile design
INFO: [USF-XSim-61] Executing 'COMPILE and ANALYZE' step in 'C:/Users/Sidarth Shahri/Documents/CMPE 140 Assignments/Assignment_1/Assignment_1.sim/sim_1/behav/xsim'
"xvlog --incr --relax -prj DP_tb_vlog.prj"
INFO: [VRFC 10-2263] Analyzing Verilog file "C:/Users/Sidarth Shahri/Documents/CMPE 140 Assignments/Assignment_1/Assignment_1.srcs/sources_1/new/MUL.v" into library xil_defaultlib
INFO: [VRFC 10-311] analyzing module MUL
INFO: [VRFC 10-2263] Analyzing Verilog file "C:/Users/Sidarth Shahri/Documents/CMPE 140 Assignments/Assignment_1/Assignment_1.srcs/sources_1/new/MUX.v" into library xil_defaultlib
INFO: [VRFC 10-311] analyzing module MUX
INFO: [VRFC 10-2263] Analyzing Verilog file "C:/Users/Sidarth Shahri/Documents/CMPE 140 Assignments/Assignment_1/Assignment_1.srcs/sources_1/new/REG.v" into library xil_defaultlib
INFO: [VRFC 10-311] analyzing module REG
INFO: [VRFC 10-2263] Analyzing Verilog file "C:/Users/Sidarth Shahri/Documents/CMPE 140 Assignments/Assignment_1/Assignment_1.srcs/sources_1/new/DP.v" into library xil_defaultlib
INFO: [VRFC 10-311] analyzing module DP
INFO: [VRFC 10-311] analyzing module DP_tb
INFO: [USF-XSim-69] 'compile' step finished in '1' seconds
INFO: [USF-XSim-3] XSim::Elaborate design
INFO: [USF-XSim-61] Executing 'ELABORATE' step in 'C:/Users/Sidarth Shahri/Documents/CMPE 140 Assignments/Assignment_1/Assignment_1.sim/sim_1/behav/xsim'
Vivado Simulator 2018.3
Copyright 1986-1999, 2001-2018 Xilinx, Inc. All Rights Reserved.
Running: C:/Xilinx/Vivado/2018.3/bin/unwrapped/win64.o/xelab.exe -wto f7df011542a24b1a9422b89c017ab7f3 --incr --debug typical --relax --mt 2 -L xil_defaultlib -L unisims_ver -L unimacro_ver -L secureip --snapshot DP_tb_behav xil_defaultlib.DP_tb xil_defaultlib.glbl -log elaborate.log 
Using 2 slave threads.
Starting static elaboration
Completed static elaboration
Starting simulation data flow analysis
Completed simulation data flow analysis
Time Resolution for simulation is 1ps
Compiling module xil_defaultlib.CMP_ERROR
Compiling module xil_defaultlib.CMP_GT
Compiling module xil_defaultlib.CNT
Compiling module xil_defaultlib.MUL
Compiling module xil_defaultlib.MUX
Compiling module xil_defaultlib.REG
Compiling module xil_defaultlib.DP
Compiling module xil_defaultlib.DP_tb
Compiling module xil_defaultlib.glbl
Built simulation snapshot DP_tb_behav

****** Webtalk v2018.3 (64-bit)
  **** SW Build 2405991 on Thu Dec  6 23:38:27 MST 2018
  **** IP Build 2404404 on Fri Dec  7 01:43:56 MST 2018
    ** Copyright 1986-2018 Xilinx, Inc. All Rights Reserved.

source C:/Users/Sidarth -notrace
couldn't read file "C:/Users/Sidarth": no such file or directory
INFO: [Common 17-206] Exiting Webtalk at Fri Sep  6 17:15:42 2019...
INFO: [USF-XSim-69] 'elaborate' step finished in '3' seconds
INFO: [USF-XSim-4] XSim::Simulate design
INFO: [USF-XSim-61] Executing 'SIMULATE' step in 'C:/Users/Sidarth Shahri/Documents/CMPE 140 Assignments/Assignment_1/Assignment_1.sim/sim_1/behav/xsim'
INFO: [USF-XSim-98] *** Running xsim
   with args "DP_tb_behav -key {Behavioral:sim_1:Functional:DP_tb} -tclbatch {DP_tb.tcl} -log {simulate.log}"
INFO: [USF-XSim-8] Loading simulator feature
Vivado Simulator 2018.3
Time resolution is 1 ps
source DP_tb.tcl
# set curr_wave [current_wave_config]
# if { [string length $curr_wave] == 0 } {
#   if { [llength [get_objects]] > 0} {
#     add_wave /
#     set_property needs_save false [current_wave_config]
#   } else {
#      send_msg_id Add_Wave-1 WARNING "No top level signals found. Simulator will start without a wave window. If you want to open a wave window go to 'File->New Waveform Configuration' or type 'create_wave_config' in the TCL console."
#   }
# }
# run 1000ns
Start DP Test
Finished DP Test
INFO: [USF-XSim-96] XSim completed. Design snapshot 'DP_tb_behav' loaded.
INFO: [USF-XSim-97] XSim simulation ran for 1000ns
launch_simulation: Time (s): cpu = 00:00:04 ; elapsed = 00:00:09 . Memory (MB): peak = 1225.285 ; gain = 0.000
close_sim
INFO: [Simtcl 6-16] Simulation closed
launch_simulation
INFO: [Vivado 12-5682] Launching behavioral simulation in 'C:/Users/Sidarth Shahri/Documents/CMPE 140 Assignments/Assignment_1/Assignment_1.sim/sim_1/behav/xsim'
INFO: [SIM-utils-51] Simulation object is 'sim_1'
INFO: [SIM-utils-54] Inspecting design source files for 'DP_tb' in fileset 'sim_1'...
INFO: [USF-XSim-97] Finding global include files...
INFO: [USF-XSim-98] Fetching design files from 'sim_1'...
INFO: [USF-XSim-2] XSim::Compile design
INFO: [USF-XSim-61] Executing 'COMPILE and ANALYZE' step in 'C:/Users/Sidarth Shahri/Documents/CMPE 140 Assignments/Assignment_1/Assignment_1.sim/sim_1/behav/xsim'
"xvlog --incr --relax -prj DP_tb_vlog.prj"
INFO: [VRFC 10-2263] Analyzing Verilog file "C:/Users/Sidarth Shahri/Documents/CMPE 140 Assignments/Assignment_1/Assignment_1.srcs/sources_1/new/CMP_ERROR.v" into library xil_defaultlib
INFO: [VRFC 10-311] analyzing module CMP_ERROR
INFO: [VRFC 10-2263] Analyzing Verilog file "C:/Users/Sidarth Shahri/Documents/CMPE 140 Assignments/Assignment_1/Assignment_1.srcs/sources_1/new/CMP_GT.v" into library xil_defaultlib
INFO: [VRFC 10-311] analyzing module CMP_GT
INFO: [VRFC 10-2263] Analyzing Verilog file "C:/Users/Sidarth Shahri/Documents/CMPE 140 Assignments/Assignment_1/Assignment_1.srcs/sources_1/new/CNT.v" into library xil_defaultlib
INFO: [VRFC 10-311] analyzing module CNT
INFO: [VRFC 10-2263] Analyzing Verilog file "C:/Users/Sidarth Shahri/Documents/CMPE 140 Assignments/Assignment_1/Assignment_1.srcs/sources_1/new/MUL.v" into library xil_defaultlib
INFO: [VRFC 10-311] analyzing module MUL
INFO: [VRFC 10-2263] Analyzing Verilog file "C:/Users/Sidarth Shahri/Documents/CMPE 140 Assignments/Assignment_1/Assignment_1.srcs/sources_1/new/MUX.v" into library xil_defaultlib
INFO: [VRFC 10-311] analyzing module MUX
INFO: [VRFC 10-2263] Analyzing Verilog file "C:/Users/Sidarth Shahri/Documents/CMPE 140 Assignments/Assignment_1/Assignment_1.srcs/sources_1/new/REG.v" into library xil_defaultlib
INFO: [VRFC 10-311] analyzing module REG
INFO: [VRFC 10-2263] Analyzing Verilog file "C:/Users/Sidarth Shahri/Documents/CMPE 140 Assignments/Assignment_1/Assignment_1.srcs/sources_1/new/DP.v" into library xil_defaultlib
INFO: [VRFC 10-311] analyzing module DP
INFO: [VRFC 10-311] analyzing module DP_tb
INFO: [USF-XSim-69] 'compile' step finished in '1' seconds
INFO: [USF-XSim-3] XSim::Elaborate design
INFO: [USF-XSim-61] Executing 'ELABORATE' step in 'C:/Users/Sidarth Shahri/Documents/CMPE 140 Assignments/Assignment_1/Assignment_1.sim/sim_1/behav/xsim'
Vivado Simulator 2018.3
Copyright 1986-1999, 2001-2018 Xilinx, Inc. All Rights Reserved.
Running: C:/Xilinx/Vivado/2018.3/bin/unwrapped/win64.o/xelab.exe -wto f7df011542a24b1a9422b89c017ab7f3 --incr --debug typical --relax --mt 2 -L xil_defaultlib -L unisims_ver -L unimacro_ver -L secureip --snapshot DP_tb_behav xil_defaultlib.DP_tb xil_defaultlib.glbl -log elaborate.log 
Using 2 slave threads.
Starting static elaboration
Completed static elaboration
Starting simulation data flow analysis
Completed simulation data flow analysis
Time Resolution for simulation is 1ps
Compiling module xil_defaultlib.CMP_ERROR
Compiling module xil_defaultlib.CMP_GT
Compiling module xil_defaultlib.CNT
Compiling module xil_defaultlib.MUL
Compiling module xil_defaultlib.MUX
Compiling module xil_defaultlib.REG
Compiling module xil_defaultlib.DP
Compiling module xil_defaultlib.DP_tb
Compiling module xil_defaultlib.glbl
Built simulation snapshot DP_tb_behav
INFO: [USF-XSim-69] 'elaborate' step finished in '2' seconds
INFO: [USF-XSim-4] XSim::Simulate design
INFO: [USF-XSim-61] Executing 'SIMULATE' step in 'C:/Users/Sidarth Shahri/Documents/CMPE 140 Assignments/Assignment_1/Assignment_1.sim/sim_1/behav/xsim'
INFO: [USF-XSim-98] *** Running xsim
   with args "DP_tb_behav -key {Behavioral:sim_1:Functional:DP_tb} -tclbatch {DP_tb.tcl} -log {simulate.log}"
INFO: [USF-XSim-8] Loading simulator feature
Vivado Simulator 2018.3
Time resolution is 1 ps
source DP_tb.tcl
# set curr_wave [current_wave_config]
# if { [string length $curr_wave] == 0 } {
#   if { [llength [get_objects]] > 0} {
#     add_wave /
#     set_property needs_save false [current_wave_config]
#   } else {
#      send_msg_id Add_Wave-1 WARNING "No top level signals found. Simulator will start without a wave window. If you want to open a wave window go to 'File->New Waveform Configuration' or type 'create_wave_config' in the TCL console."
#   }
# }
# run 1000ns
Start DP Test
Finished DP Test
INFO: [USF-XSim-96] XSim completed. Design snapshot 'DP_tb_behav' loaded.
INFO: [USF-XSim-97] XSim simulation ran for 1000ns
launch_simulation: Time (s): cpu = 00:00:03 ; elapsed = 00:00:08 . Memory (MB): peak = 1225.285 ; gain = 0.000
close_sim
INFO: [Simtcl 6-16] Simulation closed
launch_simulation
INFO: [Vivado 12-5682] Launching behavioral simulation in 'C:/Users/Sidarth Shahri/Documents/CMPE 140 Assignments/Assignment_1/Assignment_1.sim/sim_1/behav/xsim'
INFO: [SIM-utils-51] Simulation object is 'sim_1'
INFO: [SIM-utils-54] Inspecting design source files for 'DP_tb' in fileset 'sim_1'...
INFO: [USF-XSim-97] Finding global include files...
INFO: [USF-XSim-98] Fetching design files from 'sim_1'...
INFO: [USF-XSim-2] XSim::Compile design
INFO: [USF-XSim-61] Executing 'COMPILE and ANALYZE' step in 'C:/Users/Sidarth Shahri/Documents/CMPE 140 Assignments/Assignment_1/Assignment_1.sim/sim_1/behav/xsim'
"xvlog --incr --relax -prj DP_tb_vlog.prj"
INFO: [VRFC 10-2263] Analyzing Verilog file "C:/Users/Sidarth Shahri/Documents/CMPE 140 Assignments/Assignment_1/Assignment_1.srcs/sources_1/new/CMP_ERROR.v" into library xil_defaultlib
INFO: [VRFC 10-311] analyzing module CMP_ERROR
INFO: [VRFC 10-2263] Analyzing Verilog file "C:/Users/Sidarth Shahri/Documents/CMPE 140 Assignments/Assignment_1/Assignment_1.srcs/sources_1/new/CMP_GT.v" into library xil_defaultlib
INFO: [VRFC 10-311] analyzing module CMP_GT
INFO: [VRFC 10-2263] Analyzing Verilog file "C:/Users/Sidarth Shahri/Documents/CMPE 140 Assignments/Assignment_1/Assignment_1.srcs/sources_1/new/CNT.v" into library xil_defaultlib
INFO: [VRFC 10-311] analyzing module CNT
INFO: [VRFC 10-2263] Analyzing Verilog file "C:/Users/Sidarth Shahri/Documents/CMPE 140 Assignments/Assignment_1/Assignment_1.srcs/sources_1/new/MUL.v" into library xil_defaultlib
INFO: [VRFC 10-311] analyzing module MUL
INFO: [VRFC 10-2263] Analyzing Verilog file "C:/Users/Sidarth Shahri/Documents/CMPE 140 Assignments/Assignment_1/Assignment_1.srcs/sources_1/new/MUX.v" into library xil_defaultlib
INFO: [VRFC 10-311] analyzing module MUX
INFO: [VRFC 10-2263] Analyzing Verilog file "C:/Users/Sidarth Shahri/Documents/CMPE 140 Assignments/Assignment_1/Assignment_1.srcs/sources_1/new/REG.v" into library xil_defaultlib
INFO: [VRFC 10-311] analyzing module REG
INFO: [VRFC 10-2263] Analyzing Verilog file "C:/Users/Sidarth Shahri/Documents/CMPE 140 Assignments/Assignment_1/Assignment_1.srcs/sources_1/new/DP.v" into library xil_defaultlib
INFO: [VRFC 10-311] analyzing module DP
INFO: [VRFC 10-311] analyzing module DP_tb
INFO: [USF-XSim-69] 'compile' step finished in '2' seconds
INFO: [USF-XSim-3] XSim::Elaborate design
INFO: [USF-XSim-61] Executing 'ELABORATE' step in 'C:/Users/Sidarth Shahri/Documents/CMPE 140 Assignments/Assignment_1/Assignment_1.sim/sim_1/behav/xsim'
Vivado Simulator 2018.3
Copyright 1986-1999, 2001-2018 Xilinx, Inc. All Rights Reserved.
Running: C:/Xilinx/Vivado/2018.3/bin/unwrapped/win64.o/xelab.exe -wto f7df011542a24b1a9422b89c017ab7f3 --incr --debug typical --relax --mt 2 -L xil_defaultlib -L unisims_ver -L unimacro_ver -L secureip --snapshot DP_tb_behav xil_defaultlib.DP_tb xil_defaultlib.glbl -log elaborate.log 
Using 2 slave threads.
Starting static elaboration
Completed static elaboration
Starting simulation data flow analysis
Completed simulation data flow analysis
Time Resolution for simulation is 1ps
Compiling module xil_defaultlib.CMP_ERROR
Compiling module xil_defaultlib.CMP_GT
Compiling module xil_defaultlib.CNT
Compiling module xil_defaultlib.MUL
Compiling module xil_defaultlib.MUX
Compiling module xil_defaultlib.REG
Compiling module xil_defaultlib.DP
Compiling module xil_defaultlib.DP_tb
Compiling module xil_defaultlib.glbl
Built simulation snapshot DP_tb_behav
INFO: [USF-XSim-69] 'elaborate' step finished in '2' seconds
INFO: [USF-XSim-4] XSim::Simulate design
INFO: [USF-XSim-61] Executing 'SIMULATE' step in 'C:/Users/Sidarth Shahri/Documents/CMPE 140 Assignments/Assignment_1/Assignment_1.sim/sim_1/behav/xsim'
INFO: [USF-XSim-98] *** Running xsim
   with args "DP_tb_behav -key {Behavioral:sim_1:Functional:DP_tb} -tclbatch {DP_tb.tcl} -log {simulate.log}"
INFO: [USF-XSim-8] Loading simulator feature
Vivado Simulator 2018.3
Time resolution is 1 ps
source DP_tb.tcl
# set curr_wave [current_wave_config]
# if { [string length $curr_wave] == 0 } {
#   if { [llength [get_objects]] > 0} {
#     add_wave /
#     set_property needs_save false [current_wave_config]
#   } else {
#      send_msg_id Add_Wave-1 WARNING "No top level signals found. Simulator will start without a wave window. If you want to open a wave window go to 'File->New Waveform Configuration' or type 'create_wave_config' in the TCL console."
#   }
# }
# run 1000ns
Start DP Test
Finished DP Test
INFO: [USF-XSim-96] XSim completed. Design snapshot 'DP_tb_behav' loaded.
INFO: [USF-XSim-97] XSim simulation ran for 1000ns
launch_simulation: Time (s): cpu = 00:00:04 ; elapsed = 00:00:08 . Memory (MB): peak = 1225.285 ; gain = 0.000
close_sim
INFO: [Simtcl 6-16] Simulation closed
launch_simulation
INFO: [Vivado 12-5682] Launching behavioral simulation in 'C:/Users/Sidarth Shahri/Documents/CMPE 140 Assignments/Assignment_1/Assignment_1.sim/sim_1/behav/xsim'
INFO: [SIM-utils-51] Simulation object is 'sim_1'
INFO: [SIM-utils-54] Inspecting design source files for 'DP_tb' in fileset 'sim_1'...
INFO: [USF-XSim-97] Finding global include files...
INFO: [USF-XSim-98] Fetching design files from 'sim_1'...
INFO: [USF-XSim-2] XSim::Compile design
INFO: [USF-XSim-61] Executing 'COMPILE and ANALYZE' step in 'C:/Users/Sidarth Shahri/Documents/CMPE 140 Assignments/Assignment_1/Assignment_1.sim/sim_1/behav/xsim'
"xvlog --incr --relax -prj DP_tb_vlog.prj"
INFO: [VRFC 10-2263] Analyzing Verilog file "C:/Users/Sidarth Shahri/Documents/CMPE 140 Assignments/Assignment_1/Assignment_1.srcs/sources_1/new/CMP_ERROR.v" into library xil_defaultlib
INFO: [VRFC 10-311] analyzing module CMP_ERROR
INFO: [VRFC 10-2263] Analyzing Verilog file "C:/Users/Sidarth Shahri/Documents/CMPE 140 Assignments/Assignment_1/Assignment_1.srcs/sources_1/new/CMP_GT.v" into library xil_defaultlib
INFO: [VRFC 10-311] analyzing module CMP_GT
INFO: [VRFC 10-2263] Analyzing Verilog file "C:/Users/Sidarth Shahri/Documents/CMPE 140 Assignments/Assignment_1/Assignment_1.srcs/sources_1/new/CNT.v" into library xil_defaultlib
INFO: [VRFC 10-311] analyzing module CNT
INFO: [VRFC 10-2263] Analyzing Verilog file "C:/Users/Sidarth Shahri/Documents/CMPE 140 Assignments/Assignment_1/Assignment_1.srcs/sources_1/new/MUL.v" into library xil_defaultlib
INFO: [VRFC 10-311] analyzing module MUL
INFO: [VRFC 10-2263] Analyzing Verilog file "C:/Users/Sidarth Shahri/Documents/CMPE 140 Assignments/Assignment_1/Assignment_1.srcs/sources_1/new/MUX.v" into library xil_defaultlib
INFO: [VRFC 10-311] analyzing module MUX
INFO: [VRFC 10-2263] Analyzing Verilog file "C:/Users/Sidarth Shahri/Documents/CMPE 140 Assignments/Assignment_1/Assignment_1.srcs/sources_1/new/REG.v" into library xil_defaultlib
INFO: [VRFC 10-311] analyzing module REG
INFO: [VRFC 10-2263] Analyzing Verilog file "C:/Users/Sidarth Shahri/Documents/CMPE 140 Assignments/Assignment_1/Assignment_1.srcs/sources_1/new/DP.v" into library xil_defaultlib
INFO: [VRFC 10-311] analyzing module DP
INFO: [VRFC 10-311] analyzing module DP_tb
INFO: [USF-XSim-69] 'compile' step finished in '1' seconds
INFO: [USF-XSim-3] XSim::Elaborate design
INFO: [USF-XSim-61] Executing 'ELABORATE' step in 'C:/Users/Sidarth Shahri/Documents/CMPE 140 Assignments/Assignment_1/Assignment_1.sim/sim_1/behav/xsim'
Vivado Simulator 2018.3
Copyright 1986-1999, 2001-2018 Xilinx, Inc. All Rights Reserved.
Running: C:/Xilinx/Vivado/2018.3/bin/unwrapped/win64.o/xelab.exe -wto f7df011542a24b1a9422b89c017ab7f3 --incr --debug typical --relax --mt 2 -L xil_defaultlib -L unisims_ver -L unimacro_ver -L secureip --snapshot DP_tb_behav xil_defaultlib.DP_tb xil_defaultlib.glbl -log elaborate.log 
Using 2 slave threads.
Starting static elaboration
Completed static elaboration
Starting simulation data flow analysis
Completed simulation data flow analysis
Time Resolution for simulation is 1ps
Compiling module xil_defaultlib.CMP_ERROR
Compiling module xil_defaultlib.CMP_GT
Compiling module xil_defaultlib.CNT
Compiling module xil_defaultlib.MUL
Compiling module xil_defaultlib.MUX
Compiling module xil_defaultlib.REG
Compiling module xil_defaultlib.DP
Compiling module xil_defaultlib.DP_tb
Compiling module xil_defaultlib.glbl
Built simulation snapshot DP_tb_behav
INFO: [USF-XSim-69] 'elaborate' step finished in '1' seconds
INFO: [USF-XSim-4] XSim::Simulate design
INFO: [USF-XSim-61] Executing 'SIMULATE' step in 'C:/Users/Sidarth Shahri/Documents/CMPE 140 Assignments/Assignment_1/Assignment_1.sim/sim_1/behav/xsim'
INFO: [USF-XSim-98] *** Running xsim
   with args "DP_tb_behav -key {Behavioral:sim_1:Functional:DP_tb} -tclbatch {DP_tb.tcl} -log {simulate.log}"
INFO: [USF-XSim-8] Loading simulator feature
Vivado Simulator 2018.3
Time resolution is 1 ps
source DP_tb.tcl
# set curr_wave [current_wave_config]
# if { [string length $curr_wave] == 0 } {
#   if { [llength [get_objects]] > 0} {
#     add_wave /
#     set_property needs_save false [current_wave_config]
#   } else {
#      send_msg_id Add_Wave-1 WARNING "No top level signals found. Simulator will start without a wave window. If you want to open a wave window go to 'File->New Waveform Configuration' or type 'create_wave_config' in the TCL console."
#   }
# }
# run 1000ns
Start DP Test
Finished DP Test
INFO: [USF-XSim-96] XSim completed. Design snapshot 'DP_tb_behav' loaded.
INFO: [USF-XSim-97] XSim simulation ran for 1000ns
launch_simulation: Time (s): cpu = 00:00:03 ; elapsed = 00:00:08 . Memory (MB): peak = 1225.285 ; gain = 0.000
close_sim
INFO: [Simtcl 6-16] Simulation closed
launch_simulation
INFO: [Vivado 12-5682] Launching behavioral simulation in 'C:/Users/Sidarth Shahri/Documents/CMPE 140 Assignments/Assignment_1/Assignment_1.sim/sim_1/behav/xsim'
INFO: [SIM-utils-51] Simulation object is 'sim_1'
INFO: [SIM-utils-54] Inspecting design source files for 'DP_tb' in fileset 'sim_1'...
INFO: [USF-XSim-97] Finding global include files...
INFO: [USF-XSim-98] Fetching design files from 'sim_1'...
INFO: [USF-XSim-2] XSim::Compile design
INFO: [USF-XSim-61] Executing 'COMPILE and ANALYZE' step in 'C:/Users/Sidarth Shahri/Documents/CMPE 140 Assignments/Assignment_1/Assignment_1.sim/sim_1/behav/xsim'
"xvlog --incr --relax -prj DP_tb_vlog.prj"
INFO: [VRFC 10-2263] Analyzing Verilog file "C:/Users/Sidarth Shahri/Documents/CMPE 140 Assignments/Assignment_1/Assignment_1.srcs/sources_1/new/CMP_ERROR.v" into library xil_defaultlib
INFO: [VRFC 10-311] analyzing module CMP_ERROR
INFO: [VRFC 10-2263] Analyzing Verilog file "C:/Users/Sidarth Shahri/Documents/CMPE 140 Assignments/Assignment_1/Assignment_1.srcs/sources_1/new/CMP_GT.v" into library xil_defaultlib
INFO: [VRFC 10-311] analyzing module CMP_GT
INFO: [VRFC 10-2263] Analyzing Verilog file "C:/Users/Sidarth Shahri/Documents/CMPE 140 Assignments/Assignment_1/Assignment_1.srcs/sources_1/new/CNT.v" into library xil_defaultlib
INFO: [VRFC 10-311] analyzing module CNT
INFO: [VRFC 10-2263] Analyzing Verilog file "C:/Users/Sidarth Shahri/Documents/CMPE 140 Assignments/Assignment_1/Assignment_1.srcs/sources_1/new/MUL.v" into library xil_defaultlib
INFO: [VRFC 10-311] analyzing module MUL
INFO: [VRFC 10-2263] Analyzing Verilog file "C:/Users/Sidarth Shahri/Documents/CMPE 140 Assignments/Assignment_1/Assignment_1.srcs/sources_1/new/MUX.v" into library xil_defaultlib
INFO: [VRFC 10-311] analyzing module MUX
INFO: [VRFC 10-2263] Analyzing Verilog file "C:/Users/Sidarth Shahri/Documents/CMPE 140 Assignments/Assignment_1/Assignment_1.srcs/sources_1/new/REG.v" into library xil_defaultlib
INFO: [VRFC 10-311] analyzing module REG
INFO: [VRFC 10-2263] Analyzing Verilog file "C:/Users/Sidarth Shahri/Documents/CMPE 140 Assignments/Assignment_1/Assignment_1.srcs/sources_1/new/DP.v" into library xil_defaultlib
INFO: [VRFC 10-311] analyzing module DP
INFO: [VRFC 10-311] analyzing module DP_tb
INFO: [USF-XSim-69] 'compile' step finished in '2' seconds
INFO: [USF-XSim-3] XSim::Elaborate design
INFO: [USF-XSim-61] Executing 'ELABORATE' step in 'C:/Users/Sidarth Shahri/Documents/CMPE 140 Assignments/Assignment_1/Assignment_1.sim/sim_1/behav/xsim'
Vivado Simulator 2018.3
Copyright 1986-1999, 2001-2018 Xilinx, Inc. All Rights Reserved.
Running: C:/Xilinx/Vivado/2018.3/bin/unwrapped/win64.o/xelab.exe -wto f7df011542a24b1a9422b89c017ab7f3 --incr --debug typical --relax --mt 2 -L xil_defaultlib -L unisims_ver -L unimacro_ver -L secureip --snapshot DP_tb_behav xil_defaultlib.DP_tb xil_defaultlib.glbl -log elaborate.log 
Using 2 slave threads.
Starting static elaboration
Completed static elaboration
Starting simulation data flow analysis
Completed simulation data flow analysis
Time Resolution for simulation is 1ps
Compiling module xil_defaultlib.CMP_ERROR
Compiling module xil_defaultlib.CMP_GT
Compiling module xil_defaultlib.CNT
Compiling module xil_defaultlib.MUL
Compiling module xil_defaultlib.MUX
Compiling module xil_defaultlib.REG
Compiling module xil_defaultlib.DP
Compiling module xil_defaultlib.DP_tb
Compiling module xil_defaultlib.glbl
Built simulation snapshot DP_tb_behav
INFO: [USF-XSim-69] 'elaborate' step finished in '2' seconds
INFO: [USF-XSim-4] XSim::Simulate design
INFO: [USF-XSim-61] Executing 'SIMULATE' step in 'C:/Users/Sidarth Shahri/Documents/CMPE 140 Assignments/Assignment_1/Assignment_1.sim/sim_1/behav/xsim'
INFO: [USF-XSim-98] *** Running xsim
   with args "DP_tb_behav -key {Behavioral:sim_1:Functional:DP_tb} -tclbatch {DP_tb.tcl} -log {simulate.log}"
INFO: [USF-XSim-8] Loading simulator feature
Vivado Simulator 2018.3
Time resolution is 1 ps
source DP_tb.tcl
# set curr_wave [current_wave_config]
# if { [string length $curr_wave] == 0 } {
#   if { [llength [get_objects]] > 0} {
#     add_wave /
#     set_property needs_save false [current_wave_config]
#   } else {
#      send_msg_id Add_Wave-1 WARNING "No top level signals found. Simulator will start without a wave window. If you want to open a wave window go to 'File->New Waveform Configuration' or type 'create_wave_config' in the TCL console."
#   }
# }
# run 1000ns
Start DP Test
Finished DP Test
INFO: [USF-XSim-96] XSim completed. Design snapshot 'DP_tb_behav' loaded.
INFO: [USF-XSim-97] XSim simulation ran for 1000ns
launch_simulation: Time (s): cpu = 00:00:05 ; elapsed = 00:00:07 . Memory (MB): peak = 1225.285 ; gain = 0.000
close_sim
INFO: [Simtcl 6-16] Simulation closed
launch_simulation
INFO: [Vivado 12-5682] Launching behavioral simulation in 'C:/Users/Sidarth Shahri/Documents/CMPE 140 Assignments/Assignment_1/Assignment_1.sim/sim_1/behav/xsim'
INFO: [SIM-utils-51] Simulation object is 'sim_1'
INFO: [SIM-utils-54] Inspecting design source files for 'DP_tb' in fileset 'sim_1'...
INFO: [USF-XSim-97] Finding global include files...
INFO: [USF-XSim-98] Fetching design files from 'sim_1'...
INFO: [USF-XSim-2] XSim::Compile design
INFO: [USF-XSim-61] Executing 'COMPILE and ANALYZE' step in 'C:/Users/Sidarth Shahri/Documents/CMPE 140 Assignments/Assignment_1/Assignment_1.sim/sim_1/behav/xsim'
"xvlog --incr --relax -prj DP_tb_vlog.prj"
INFO: [VRFC 10-2263] Analyzing Verilog file "C:/Users/Sidarth Shahri/Documents/CMPE 140 Assignments/Assignment_1/Assignment_1.srcs/sources_1/new/CMP_ERROR.v" into library xil_defaultlib
INFO: [VRFC 10-311] analyzing module CMP_ERROR
INFO: [VRFC 10-2263] Analyzing Verilog file "C:/Users/Sidarth Shahri/Documents/CMPE 140 Assignments/Assignment_1/Assignment_1.srcs/sources_1/new/CMP_GT.v" into library xil_defaultlib
INFO: [VRFC 10-311] analyzing module CMP_GT
INFO: [VRFC 10-2263] Analyzing Verilog file "C:/Users/Sidarth Shahri/Documents/CMPE 140 Assignments/Assignment_1/Assignment_1.srcs/sources_1/new/CNT.v" into library xil_defaultlib
INFO: [VRFC 10-311] analyzing module CNT
INFO: [VRFC 10-2263] Analyzing Verilog file "C:/Users/Sidarth Shahri/Documents/CMPE 140 Assignments/Assignment_1/Assignment_1.srcs/sources_1/new/MUL.v" into library xil_defaultlib
INFO: [VRFC 10-311] analyzing module MUL
INFO: [VRFC 10-2263] Analyzing Verilog file "C:/Users/Sidarth Shahri/Documents/CMPE 140 Assignments/Assignment_1/Assignment_1.srcs/sources_1/new/MUX.v" into library xil_defaultlib
INFO: [VRFC 10-311] analyzing module MUX
INFO: [VRFC 10-2263] Analyzing Verilog file "C:/Users/Sidarth Shahri/Documents/CMPE 140 Assignments/Assignment_1/Assignment_1.srcs/sources_1/new/REG.v" into library xil_defaultlib
INFO: [VRFC 10-311] analyzing module REG
INFO: [VRFC 10-2263] Analyzing Verilog file "C:/Users/Sidarth Shahri/Documents/CMPE 140 Assignments/Assignment_1/Assignment_1.srcs/sources_1/new/DP.v" into library xil_defaultlib
INFO: [VRFC 10-311] analyzing module DP
INFO: [VRFC 10-311] analyzing module DP_tb
INFO: [USF-XSim-69] 'compile' step finished in '1' seconds
INFO: [USF-XSim-3] XSim::Elaborate design
INFO: [USF-XSim-61] Executing 'ELABORATE' step in 'C:/Users/Sidarth Shahri/Documents/CMPE 140 Assignments/Assignment_1/Assignment_1.sim/sim_1/behav/xsim'
Vivado Simulator 2018.3
Copyright 1986-1999, 2001-2018 Xilinx, Inc. All Rights Reserved.
Running: C:/Xilinx/Vivado/2018.3/bin/unwrapped/win64.o/xelab.exe -wto f7df011542a24b1a9422b89c017ab7f3 --incr --debug typical --relax --mt 2 -L xil_defaultlib -L unisims_ver -L unimacro_ver -L secureip --snapshot DP_tb_behav xil_defaultlib.DP_tb xil_defaultlib.glbl -log elaborate.log 
Using 2 slave threads.
Starting static elaboration
Completed static elaboration
Starting simulation data flow analysis
Completed simulation data flow analysis
Time Resolution for simulation is 1ps
Compiling module xil_defaultlib.CMP_ERROR
Compiling module xil_defaultlib.CMP_GT
Compiling module xil_defaultlib.CNT
Compiling module xil_defaultlib.MUL
Compiling module xil_defaultlib.MUX
Compiling module xil_defaultlib.REG
Compiling module xil_defaultlib.DP
Compiling module xil_defaultlib.DP_tb
Compiling module xil_defaultlib.glbl
Built simulation snapshot DP_tb_behav
INFO: [USF-XSim-69] 'elaborate' step finished in '2' seconds
INFO: [USF-XSim-4] XSim::Simulate design
INFO: [USF-XSim-61] Executing 'SIMULATE' step in 'C:/Users/Sidarth Shahri/Documents/CMPE 140 Assignments/Assignment_1/Assignment_1.sim/sim_1/behav/xsim'
INFO: [USF-XSim-98] *** Running xsim
   with args "DP_tb_behav -key {Behavioral:sim_1:Functional:DP_tb} -tclbatch {DP_tb.tcl} -log {simulate.log}"
INFO: [USF-XSim-8] Loading simulator feature
Vivado Simulator 2018.3
Time resolution is 1 ps
source DP_tb.tcl
# set curr_wave [current_wave_config]
# if { [string length $curr_wave] == 0 } {
#   if { [llength [get_objects]] > 0} {
#     add_wave /
#     set_property needs_save false [current_wave_config]
#   } else {
#      send_msg_id Add_Wave-1 WARNING "No top level signals found. Simulator will start without a wave window. If you want to open a wave window go to 'File->New Waveform Configuration' or type 'create_wave_config' in the TCL console."
#   }
# }
# run 1000ns
Start DP Test
Finished DP Test
INFO: [USF-XSim-96] XSim completed. Design snapshot 'DP_tb_behav' loaded.
INFO: [USF-XSim-97] XSim simulation ran for 1000ns
launch_simulation: Time (s): cpu = 00:00:03 ; elapsed = 00:00:08 . Memory (MB): peak = 1225.285 ; gain = 0.000
close_sim
INFO: [Simtcl 6-16] Simulation closed
launch_simulation
INFO: [Vivado 12-5682] Launching behavioral simulation in 'C:/Users/Sidarth Shahri/Documents/CMPE 140 Assignments/Assignment_1/Assignment_1.sim/sim_1/behav/xsim'
INFO: [SIM-utils-51] Simulation object is 'sim_1'
INFO: [SIM-utils-54] Inspecting design source files for 'DP_tb' in fileset 'sim_1'...
INFO: [USF-XSim-97] Finding global include files...
INFO: [USF-XSim-98] Fetching design files from 'sim_1'...
INFO: [USF-XSim-2] XSim::Compile design
INFO: [USF-XSim-61] Executing 'COMPILE and ANALYZE' step in 'C:/Users/Sidarth Shahri/Documents/CMPE 140 Assignments/Assignment_1/Assignment_1.sim/sim_1/behav/xsim'
"xvlog --incr --relax -prj DP_tb_vlog.prj"
INFO: [VRFC 10-2263] Analyzing Verilog file "C:/Users/Sidarth Shahri/Documents/CMPE 140 Assignments/Assignment_1/Assignment_1.srcs/sources_1/new/CMP_ERROR.v" into library xil_defaultlib
INFO: [VRFC 10-311] analyzing module CMP_ERROR
INFO: [VRFC 10-2263] Analyzing Verilog file "C:/Users/Sidarth Shahri/Documents/CMPE 140 Assignments/Assignment_1/Assignment_1.srcs/sources_1/new/CMP_GT.v" into library xil_defaultlib
INFO: [VRFC 10-311] analyzing module CMP_GT
INFO: [VRFC 10-2263] Analyzing Verilog file "C:/Users/Sidarth Shahri/Documents/CMPE 140 Assignments/Assignment_1/Assignment_1.srcs/sources_1/new/CNT.v" into library xil_defaultlib
INFO: [VRFC 10-311] analyzing module CNT
INFO: [VRFC 10-2263] Analyzing Verilog file "C:/Users/Sidarth Shahri/Documents/CMPE 140 Assignments/Assignment_1/Assignment_1.srcs/sources_1/new/MUL.v" into library xil_defaultlib
INFO: [VRFC 10-311] analyzing module MUL
INFO: [VRFC 10-2263] Analyzing Verilog file "C:/Users/Sidarth Shahri/Documents/CMPE 140 Assignments/Assignment_1/Assignment_1.srcs/sources_1/new/MUX.v" into library xil_defaultlib
INFO: [VRFC 10-311] analyzing module MUX
INFO: [VRFC 10-2263] Analyzing Verilog file "C:/Users/Sidarth Shahri/Documents/CMPE 140 Assignments/Assignment_1/Assignment_1.srcs/sources_1/new/REG.v" into library xil_defaultlib
INFO: [VRFC 10-311] analyzing module REG
INFO: [VRFC 10-2263] Analyzing Verilog file "C:/Users/Sidarth Shahri/Documents/CMPE 140 Assignments/Assignment_1/Assignment_1.srcs/sources_1/new/DP.v" into library xil_defaultlib
INFO: [VRFC 10-311] analyzing module DP
INFO: [VRFC 10-311] analyzing module DP_tb
INFO: [USF-XSim-69] 'compile' step finished in '2' seconds
INFO: [USF-XSim-3] XSim::Elaborate design
INFO: [USF-XSim-61] Executing 'ELABORATE' step in 'C:/Users/Sidarth Shahri/Documents/CMPE 140 Assignments/Assignment_1/Assignment_1.sim/sim_1/behav/xsim'
Vivado Simulator 2018.3
Copyright 1986-1999, 2001-2018 Xilinx, Inc. All Rights Reserved.
Running: C:/Xilinx/Vivado/2018.3/bin/unwrapped/win64.o/xelab.exe -wto f7df011542a24b1a9422b89c017ab7f3 --incr --debug typical --relax --mt 2 -L xil_defaultlib -L unisims_ver -L unimacro_ver -L secureip --snapshot DP_tb_behav xil_defaultlib.DP_tb xil_defaultlib.glbl -log elaborate.log 
Using 2 slave threads.
Starting static elaboration
Completed static elaboration
Starting simulation data flow analysis
Completed simulation data flow analysis
Time Resolution for simulation is 1ps
Compiling module xil_defaultlib.CMP_ERROR
Compiling module xil_defaultlib.CMP_GT
Compiling module xil_defaultlib.CNT
Compiling module xil_defaultlib.MUL
Compiling module xil_defaultlib.MUX
Compiling module xil_defaultlib.REG
Compiling module xil_defaultlib.DP
Compiling module xil_defaultlib.DP_tb
Compiling module xil_defaultlib.glbl
Built simulation snapshot DP_tb_behav
INFO: [USF-XSim-69] 'elaborate' step finished in '2' seconds
INFO: [USF-XSim-4] XSim::Simulate design
INFO: [USF-XSim-61] Executing 'SIMULATE' step in 'C:/Users/Sidarth Shahri/Documents/CMPE 140 Assignments/Assignment_1/Assignment_1.sim/sim_1/behav/xsim'
INFO: [USF-XSim-98] *** Running xsim
   with args "DP_tb_behav -key {Behavioral:sim_1:Functional:DP_tb} -tclbatch {DP_tb.tcl} -log {simulate.log}"
INFO: [USF-XSim-8] Loading simulator feature
Vivado Simulator 2018.3
Time resolution is 1 ps
source DP_tb.tcl
# set curr_wave [current_wave_config]
# if { [string length $curr_wave] == 0 } {
#   if { [llength [get_objects]] > 0} {
#     add_wave /
#     set_property needs_save false [current_wave_config]
#   } else {
#      send_msg_id Add_Wave-1 WARNING "No top level signals found. Simulator will start without a wave window. If you want to open a wave window go to 'File->New Waveform Configuration' or type 'create_wave_config' in the TCL console."
#   }
# }
# run 1000ns
Start DP Test
Finished DP Test
INFO: [USF-XSim-96] XSim completed. Design snapshot 'DP_tb_behav' loaded.
INFO: [USF-XSim-97] XSim simulation ran for 1000ns
launch_simulation: Time (s): cpu = 00:00:04 ; elapsed = 00:00:08 . Memory (MB): peak = 1225.285 ; gain = 0.000
close_sim
INFO: [Simtcl 6-16] Simulation closed
launch_simulation
INFO: [Vivado 12-5682] Launching behavioral simulation in 'C:/Users/Sidarth Shahri/Documents/CMPE 140 Assignments/Assignment_1/Assignment_1.sim/sim_1/behav/xsim'
INFO: [SIM-utils-51] Simulation object is 'sim_1'
INFO: [SIM-utils-54] Inspecting design source files for 'DP_tb' in fileset 'sim_1'...
INFO: [USF-XSim-97] Finding global include files...
INFO: [USF-XSim-98] Fetching design files from 'sim_1'...
INFO: [USF-XSim-2] XSim::Compile design
INFO: [USF-XSim-61] Executing 'COMPILE and ANALYZE' step in 'C:/Users/Sidarth Shahri/Documents/CMPE 140 Assignments/Assignment_1/Assignment_1.sim/sim_1/behav/xsim'
"xvlog --incr --relax -prj DP_tb_vlog.prj"
INFO: [VRFC 10-2263] Analyzing Verilog file "C:/Users/Sidarth Shahri/Documents/CMPE 140 Assignments/Assignment_1/Assignment_1.srcs/sources_1/new/CMP_ERROR.v" into library xil_defaultlib
INFO: [VRFC 10-311] analyzing module CMP_ERROR
INFO: [VRFC 10-2263] Analyzing Verilog file "C:/Users/Sidarth Shahri/Documents/CMPE 140 Assignments/Assignment_1/Assignment_1.srcs/sources_1/new/CMP_GT.v" into library xil_defaultlib
INFO: [VRFC 10-311] analyzing module CMP_GT
INFO: [VRFC 10-2263] Analyzing Verilog file "C:/Users/Sidarth Shahri/Documents/CMPE 140 Assignments/Assignment_1/Assignment_1.srcs/sources_1/new/CNT.v" into library xil_defaultlib
INFO: [VRFC 10-311] analyzing module CNT
INFO: [VRFC 10-2263] Analyzing Verilog file "C:/Users/Sidarth Shahri/Documents/CMPE 140 Assignments/Assignment_1/Assignment_1.srcs/sources_1/new/MUL.v" into library xil_defaultlib
INFO: [VRFC 10-311] analyzing module MUL
INFO: [VRFC 10-2263] Analyzing Verilog file "C:/Users/Sidarth Shahri/Documents/CMPE 140 Assignments/Assignment_1/Assignment_1.srcs/sources_1/new/MUX.v" into library xil_defaultlib
INFO: [VRFC 10-311] analyzing module MUX
INFO: [VRFC 10-2263] Analyzing Verilog file "C:/Users/Sidarth Shahri/Documents/CMPE 140 Assignments/Assignment_1/Assignment_1.srcs/sources_1/new/REG.v" into library xil_defaultlib
INFO: [VRFC 10-311] analyzing module REG
INFO: [VRFC 10-2263] Analyzing Verilog file "C:/Users/Sidarth Shahri/Documents/CMPE 140 Assignments/Assignment_1/Assignment_1.srcs/sources_1/new/DP.v" into library xil_defaultlib
INFO: [VRFC 10-311] analyzing module DP
INFO: [VRFC 10-311] analyzing module DP_tb
INFO: [USF-XSim-69] 'compile' step finished in '2' seconds
INFO: [USF-XSim-3] XSim::Elaborate design
INFO: [USF-XSim-61] Executing 'ELABORATE' step in 'C:/Users/Sidarth Shahri/Documents/CMPE 140 Assignments/Assignment_1/Assignment_1.sim/sim_1/behav/xsim'
Vivado Simulator 2018.3
Copyright 1986-1999, 2001-2018 Xilinx, Inc. All Rights Reserved.
Running: C:/Xilinx/Vivado/2018.3/bin/unwrapped/win64.o/xelab.exe -wto f7df011542a24b1a9422b89c017ab7f3 --incr --debug typical --relax --mt 2 -L xil_defaultlib -L unisims_ver -L unimacro_ver -L secureip --snapshot DP_tb_behav xil_defaultlib.DP_tb xil_defaultlib.glbl -log elaborate.log 
Using 2 slave threads.
Starting static elaboration
Completed static elaboration
Starting simulation data flow analysis
Completed simulation data flow analysis
Time Resolution for simulation is 1ps
Compiling module xil_defaultlib.CMP_ERROR
Compiling module xil_defaultlib.CMP_GT
Compiling module xil_defaultlib.CNT
Compiling module xil_defaultlib.MUL
Compiling module xil_defaultlib.MUX
Compiling module xil_defaultlib.REG
Compiling module xil_defaultlib.DP
Compiling module xil_defaultlib.DP_tb
Compiling module xil_defaultlib.glbl
Built simulation snapshot DP_tb_behav
INFO: [USF-XSim-69] 'elaborate' step finished in '2' seconds
INFO: [USF-XSim-4] XSim::Simulate design
INFO: [USF-XSim-61] Executing 'SIMULATE' step in 'C:/Users/Sidarth Shahri/Documents/CMPE 140 Assignments/Assignment_1/Assignment_1.sim/sim_1/behav/xsim'
INFO: [USF-XSim-98] *** Running xsim
   with args "DP_tb_behav -key {Behavioral:sim_1:Functional:DP_tb} -tclbatch {DP_tb.tcl} -log {simulate.log}"
INFO: [USF-XSim-8] Loading simulator feature
Vivado Simulator 2018.3
Time resolution is 1 ps
source DP_tb.tcl
# set curr_wave [current_wave_config]
# if { [string length $curr_wave] == 0 } {
#   if { [llength [get_objects]] > 0} {
#     add_wave /
#     set_property needs_save false [current_wave_config]
#   } else {
#      send_msg_id Add_Wave-1 WARNING "No top level signals found. Simulator will start without a wave window. If you want to open a wave window go to 'File->New Waveform Configuration' or type 'create_wave_config' in the TCL console."
#   }
# }
# run 1000ns
Start DP Test
Finished DP Test
INFO: [USF-XSim-96] XSim completed. Design snapshot 'DP_tb_behav' loaded.
INFO: [USF-XSim-97] XSim simulation ran for 1000ns
launch_simulation: Time (s): cpu = 00:00:03 ; elapsed = 00:00:07 . Memory (MB): peak = 1225.285 ; gain = 0.000
close_sim
INFO: [Simtcl 6-16] Simulation closed
launch_simulation
INFO: [Vivado 12-5682] Launching behavioral simulation in 'C:/Users/Sidarth Shahri/Documents/CMPE 140 Assignments/Assignment_1/Assignment_1.sim/sim_1/behav/xsim'
INFO: [SIM-utils-51] Simulation object is 'sim_1'
INFO: [SIM-utils-54] Inspecting design source files for 'DP_tb' in fileset 'sim_1'...
INFO: [USF-XSim-97] Finding global include files...
INFO: [USF-XSim-98] Fetching design files from 'sim_1'...
INFO: [USF-XSim-2] XSim::Compile design
INFO: [USF-XSim-61] Executing 'COMPILE and ANALYZE' step in 'C:/Users/Sidarth Shahri/Documents/CMPE 140 Assignments/Assignment_1/Assignment_1.sim/sim_1/behav/xsim'
"xvlog --incr --relax -prj DP_tb_vlog.prj"
INFO: [VRFC 10-2263] Analyzing Verilog file "C:/Users/Sidarth Shahri/Documents/CMPE 140 Assignments/Assignment_1/Assignment_1.srcs/sources_1/new/CMP_ERROR.v" into library xil_defaultlib
INFO: [VRFC 10-311] analyzing module CMP_ERROR
INFO: [VRFC 10-2263] Analyzing Verilog file "C:/Users/Sidarth Shahri/Documents/CMPE 140 Assignments/Assignment_1/Assignment_1.srcs/sources_1/new/CMP_GT.v" into library xil_defaultlib
INFO: [VRFC 10-311] analyzing module CMP_GT
INFO: [VRFC 10-2263] Analyzing Verilog file "C:/Users/Sidarth Shahri/Documents/CMPE 140 Assignments/Assignment_1/Assignment_1.srcs/sources_1/new/CNT.v" into library xil_defaultlib
INFO: [VRFC 10-311] analyzing module CNT
INFO: [VRFC 10-2263] Analyzing Verilog file "C:/Users/Sidarth Shahri/Documents/CMPE 140 Assignments/Assignment_1/Assignment_1.srcs/sources_1/new/MUL.v" into library xil_defaultlib
INFO: [VRFC 10-311] analyzing module MUL
INFO: [VRFC 10-2263] Analyzing Verilog file "C:/Users/Sidarth Shahri/Documents/CMPE 140 Assignments/Assignment_1/Assignment_1.srcs/sources_1/new/MUX.v" into library xil_defaultlib
INFO: [VRFC 10-311] analyzing module MUX
INFO: [VRFC 10-2263] Analyzing Verilog file "C:/Users/Sidarth Shahri/Documents/CMPE 140 Assignments/Assignment_1/Assignment_1.srcs/sources_1/new/REG.v" into library xil_defaultlib
INFO: [VRFC 10-311] analyzing module REG
INFO: [VRFC 10-2263] Analyzing Verilog file "C:/Users/Sidarth Shahri/Documents/CMPE 140 Assignments/Assignment_1/Assignment_1.srcs/sources_1/new/DP.v" into library xil_defaultlib
INFO: [VRFC 10-311] analyzing module DP
INFO: [VRFC 10-311] analyzing module DP_tb
INFO: [USF-XSim-69] 'compile' step finished in '2' seconds
INFO: [USF-XSim-3] XSim::Elaborate design
INFO: [USF-XSim-61] Executing 'ELABORATE' step in 'C:/Users/Sidarth Shahri/Documents/CMPE 140 Assignments/Assignment_1/Assignment_1.sim/sim_1/behav/xsim'
Vivado Simulator 2018.3
Copyright 1986-1999, 2001-2018 Xilinx, Inc. All Rights Reserved.
Running: C:/Xilinx/Vivado/2018.3/bin/unwrapped/win64.o/xelab.exe -wto f7df011542a24b1a9422b89c017ab7f3 --incr --debug typical --relax --mt 2 -L xil_defaultlib -L unisims_ver -L unimacro_ver -L secureip --snapshot DP_tb_behav xil_defaultlib.DP_tb xil_defaultlib.glbl -log elaborate.log 
Using 2 slave threads.
Starting static elaboration
Completed static elaboration
Starting simulation data flow analysis
Completed simulation data flow analysis
Time Resolution for simulation is 1ps
Compiling module xil_defaultlib.CMP_ERROR
Compiling module xil_defaultlib.CMP_GT
Compiling module xil_defaultlib.CNT
Compiling module xil_defaultlib.MUL
Compiling module xil_defaultlib.MUX
Compiling module xil_defaultlib.REG
Compiling module xil_defaultlib.DP
Compiling module xil_defaultlib.DP_tb
Compiling module xil_defaultlib.glbl
Built simulation snapshot DP_tb_behav
INFO: [USF-XSim-69] 'elaborate' step finished in '2' seconds
INFO: [USF-XSim-4] XSim::Simulate design
INFO: [USF-XSim-61] Executing 'SIMULATE' step in 'C:/Users/Sidarth Shahri/Documents/CMPE 140 Assignments/Assignment_1/Assignment_1.sim/sim_1/behav/xsim'
INFO: [USF-XSim-98] *** Running xsim
   with args "DP_tb_behav -key {Behavioral:sim_1:Functional:DP_tb} -tclbatch {DP_tb.tcl} -log {simulate.log}"
INFO: [USF-XSim-8] Loading simulator feature
Vivado Simulator 2018.3
Time resolution is 1 ps
source DP_tb.tcl
# set curr_wave [current_wave_config]
# if { [string length $curr_wave] == 0 } {
#   if { [llength [get_objects]] > 0} {
#     add_wave /
#     set_property needs_save false [current_wave_config]
#   } else {
#      send_msg_id Add_Wave-1 WARNING "No top level signals found. Simulator will start without a wave window. If you want to open a wave window go to 'File->New Waveform Configuration' or type 'create_wave_config' in the TCL console."
#   }
# }
# run 1000ns
Start DP Test
Finished DP Test
INFO: [USF-XSim-96] XSim completed. Design snapshot 'DP_tb_behav' loaded.
INFO: [USF-XSim-97] XSim simulation ran for 1000ns
launch_simulation: Time (s): cpu = 00:00:04 ; elapsed = 00:00:07 . Memory (MB): peak = 1225.285 ; gain = 0.000
close_sim
INFO: [Simtcl 6-16] Simulation closed
close [ open {C:/Users/Sidarth Shahri/Documents/CMPE 140 Assignments/Assignment_1/Assignment_1.srcs/sources_1/new/DP_tb.v} w ]
add_files {{C:/Users/Sidarth Shahri/Documents/CMPE 140 Assignments/Assignment_1/Assignment_1.srcs/sources_1/new/DP_tb.v}}
update_compile_order -fileset sources_1
close_project
open_project {C:/Users/Sidarth Shahri/Downloads/Basys-3-Abacus-2018.2-3/vivado_proj/Basys-3-Abacus.xpr}
Scanning sources...
Finished scanning sources
WARNING: [filemgmt 56-3] IP Repository Path: Could not find the directory 'C:/Users/Sidarth Shahri/repo'.
INFO: [IP_Flow 19-234] Refreshing IP repositories
WARNING: [IP_Flow 19-2248] Failed to load user IP repository 'c:/Users/Sidarth Shahri/repo'; Can't find the specified path.
If this directory should no longer be in your list of user repositories, go to the IP Settings dialog and remove it.
INFO: [IP_Flow 19-2313] Loaded Vivado IP repository 'C:/Xilinx/Vivado/2018.3/data/ip'.
open_project: Time (s): cpu = 00:00:08 ; elapsed = 00:00:06 . Memory (MB): peak = 1225.285 ; gain = 0.000
update_compile_order -fileset sources_1
close_project
open_project {C:/Users/Sidarth Shahri/Documents/CMPE 140 Assignments/Assignment_1/Assignment_1.xpr}
Scanning sources...
Finished scanning sources
INFO: [IP_Flow 19-234] Refreshing IP repositories
INFO: [IP_Flow 19-1704] No user IP repositories specified
INFO: [IP_Flow 19-2313] Loaded Vivado IP repository 'C:/Xilinx/Vivado/2018.3/data/ip'.
update_compile_order -fileset sources_1
close [ open {C:/Users/Sidarth Shahri/Documents/CMPE 140 Assignments/Assignment_1/Assignment_1.srcs/sources_1/new/CU_tb.v} w ]
add_files {{C:/Users/Sidarth Shahri/Documents/CMPE 140 Assignments/Assignment_1/Assignment_1.srcs/sources_1/new/CU_tb.v}}
update_compile_order -fileset sources_1
exit
INFO: [Common 17-206] Exiting Vivado at Fri Sep  6 17:50:46 2019...
