#-----------------------------------------------------------
# Vivado v2018.3 (64-bit)
# SW Build 2405991 on Thu Dec  6 23:38:27 MST 2018
# IP Build 2404404 on Fri Dec  7 01:43:56 MST 2018
# Start of session at: Tue Nov  5 11:48:03 2019
# Process ID: 6168
# Current directory: C:/Users/Sidarth Shahri/Documents/CMPE 140 Assignments/Assignment 7
# Command line: vivado.exe -gui_launcher_event rodinguilauncherevent3380 C:\Users\Sidarth Shahri\Documents\CMPE 140 Assignments\Assignment 7\Assignment_7.xpr
# Log file: C:/Users/Sidarth Shahri/Documents/CMPE 140 Assignments/Assignment 7/vivado.log
# Journal file: C:/Users/Sidarth Shahri/Documents/CMPE 140 Assignments/Assignment 7\vivado.jou
#-----------------------------------------------------------
start_gui
open_project {C:/Users/Sidarth Shahri/Documents/CMPE 140 Assignments/Assignment 7/Assignment_7.xpr}
Scanning sources...
Finished scanning sources
INFO: [IP_Flow 19-234] Refreshing IP repositories
INFO: [IP_Flow 19-1704] No user IP repositories specified
INFO: [IP_Flow 19-2313] Loaded Vivado IP repository 'C:/Xilinx/Vivado/2018.3/data/ip'.
open_project: Time (s): cpu = 00:00:17 ; elapsed = 00:00:12 . Memory (MB): peak = 663.676 ; gain = 98.887
update_compile_order -fileset sources_1
open_hw
connect_hw_server
INFO: [Labtools 27-2285] Connecting to hw_server url TCP:localhost:3121
INFO: [Labtools 27-2222] Launching hw_server...
INFO: [Labtools 27-2221] Launch Output:

****** Xilinx hw_server v2018.3
  **** Build date : Dec  7 2018-00:40:27
    ** Copyright 1986-2018 Xilinx, Inc. All Rights Reserved.


connect_hw_server: Time (s): cpu = 00:00:02 ; elapsed = 00:00:06 . Memory (MB): peak = 747.602 ; gain = 0.000
open_hw_target
INFO: [Labtoolstcl 44-466] Opening hw_target localhost:3121/xilinx_tcf/Digilent/210183AB4454A
open_hw_target: Time (s): cpu = 00:00:08 ; elapsed = 00:00:08 . Memory (MB): peak = 1681.063 ; gain = 933.461
set_property PROGRAM.FILE {C:/Users/Sidarth Shahri/Documents/CMPE 140 Assignments/Assignment 7/Assignment_7.runs/impl_1/mips_fpga.bit} [get_hw_devices xc7a35t_0]
current_hw_device [get_hw_devices xc7a35t_0]
refresh_hw_device -update_hw_probes false [lindex [get_hw_devices xc7a35t_0] 0]
INFO: [Labtools 27-1434] Device xc7a35t (JTAG device index = 0) is programmed with a design that has no supported debug core(s) in it.
set_property PROBES.FILE {} [get_hw_devices xc7a35t_0]
set_property FULL_PROBES.FILE {} [get_hw_devices xc7a35t_0]
set_property PROGRAM.FILE {C:/Users/Sidarth Shahri/Documents/CMPE 140 Assignments/Assignment 7/Assignment_7.runs/impl_1/mips_fpga.bit} [get_hw_devices xc7a35t_0]
program_hw_devices [get_hw_devices xc7a35t_0]
INFO: [Labtools 27-3164] End of startup status: HIGH
refresh_hw_device [lindex [get_hw_devices xc7a35t_0] 0]
INFO: [Labtools 27-1434] Device xc7a35t (JTAG device index = 0) is programmed with a design that has no supported debug core(s) in it.
set_property PROBES.FILE {} [get_hw_devices xc7a35t_0]
set_property FULL_PROBES.FILE {} [get_hw_devices xc7a35t_0]
set_property PROGRAM.FILE {C:/Users/Sidarth Shahri/Documents/CMPE 140 Assignments/Assignment 7/Assignment_7.runs/impl_1/mips_fpga.bit} [get_hw_devices xc7a35t_0]
program_hw_devices [get_hw_devices xc7a35t_0]
INFO: [Labtools 27-3164] End of startup status: HIGH
refresh_hw_device [lindex [get_hw_devices xc7a35t_0] 0]
INFO: [Labtools 27-1434] Device xc7a35t (JTAG device index = 0) is programmed with a design that has no supported debug core(s) in it.
close_hw
launch_simulation
INFO: [Vivado 12-5682] Launching behavioral simulation in 'C:/Users/Sidarth Shahri/Documents/CMPE 140 Assignments/Assignment 7/Assignment_7.sim/sim_1/behav/xsim'
INFO: [SIM-utils-51] Simulation object is 'sim_1'
INFO: [SIM-utils-54] Inspecting design source files for 'tb_mips_top' in fileset 'sim_1'...
INFO: [SIM-utils-43] Exported 'C:/Users/Sidarth Shahri/Documents/CMPE 140 Assignments/Assignment 7/Assignment_7.sim/sim_1/behav/xsim/memfile.dat'
INFO: [SIM-utils-43] Exported 'C:/Users/Sidarth Shahri/Documents/CMPE 140 Assignments/Assignment 7/Assignment_7.sim/sim_1/behav/xsim/memfile.dat'
INFO: [SIM-utils-43] Exported 'C:/Users/Sidarth Shahri/Documents/CMPE 140 Assignments/Assignment 7/Assignment_7.sim/sim_1/behav/xsim/test.dat'
INFO: [SIM-utils-43] Exported 'C:/Users/Sidarth Shahri/Documents/CMPE 140 Assignments/Assignment 7/Assignment_7.sim/sim_1/behav/xsim/sll.dat'
INFO: [SIM-utils-43] Exported 'C:/Users/Sidarth Shahri/Documents/CMPE 140 Assignments/Assignment 7/Assignment_7.sim/sim_1/behav/xsim/memfile.dat'
INFO: [SIM-utils-43] Exported 'C:/Users/Sidarth Shahri/Documents/CMPE 140 Assignments/Assignment 7/Assignment_7.sim/sim_1/behav/xsim/test.dat'
INFO: [SIM-utils-43] Exported 'C:/Users/Sidarth Shahri/Documents/CMPE 140 Assignments/Assignment 7/Assignment_7.sim/sim_1/behav/xsim/sll.dat'
INFO: [USF-XSim-97] Finding global include files...
INFO: [USF-XSim-98] Fetching design files from 'sim_1'...
INFO: [USF-XSim-2] XSim::Compile design
INFO: [USF-XSim-61] Executing 'COMPILE and ANALYZE' step in 'C:/Users/Sidarth Shahri/Documents/CMPE 140 Assignments/Assignment 7/Assignment_7.sim/sim_1/behav/xsim'
"xvlog --incr --relax -prj tb_mips_top_vlog.prj"
INFO: [VRFC 10-2263] Analyzing Verilog file "C:/Users/Sidarth Shahri/Documents/CMPE 140 Assignments/Assignment 7/Assignment_7.srcs/sources_1/imports/PATCHED_MIPS_single_cycle/single_cycle_mips_source_initial/datapath/adder.v" into library xil_defaultlib
INFO: [VRFC 10-311] analyzing module adder
INFO: [VRFC 10-2263] Analyzing Verilog file "C:/Users/Sidarth Shahri/Documents/CMPE 140 Assignments/Assignment 7/Assignment_7.srcs/sources_1/imports/PATCHED_MIPS_single_cycle/single_cycle_mips_source_initial/datapath/alu.v" into library xil_defaultlib
INFO: [VRFC 10-311] analyzing module alu
INFO: [VRFC 10-2263] Analyzing Verilog file "C:/Users/Sidarth Shahri/Documents/CMPE 140 Assignments/Assignment 7/Assignment_7.srcs/sources_1/imports/PATCHED_MIPS_single_cycle/single_cycle_mips_source_initial/control_unit/auxdec.v" into library xil_defaultlib
INFO: [VRFC 10-311] analyzing module auxdec
INFO: [VRFC 10-2263] Analyzing Verilog file "C:/Users/Sidarth Shahri/Documents/CMPE 140 Assignments/Assignment 7/Assignment_7.srcs/sources_1/imports/PATCHED_MIPS_single_cycle/single_cycle_mips_source_initial/control_unit/controlunit.v" into library xil_defaultlib
INFO: [VRFC 10-311] analyzing module controlunit
INFO: [VRFC 10-2263] Analyzing Verilog file "C:/Users/Sidarth Shahri/Documents/CMPE 140 Assignments/Assignment 7/Assignment_7.srcs/sources_1/imports/PATCHED_MIPS_single_cycle/single_cycle_mips_source_initial/datapath/datapath.v" into library xil_defaultlib
INFO: [VRFC 10-311] analyzing module datapath
INFO: [VRFC 10-2263] Analyzing Verilog file "C:/Users/Sidarth Shahri/Documents/CMPE 140 Assignments/Assignment 7/Assignment_7.srcs/sources_1/imports/PATCHED_MIPS_single_cycle/single_cycle_mips_source_initial/memory/dmem.v" into library xil_defaultlib
INFO: [VRFC 10-311] analyzing module dmem
INFO: [VRFC 10-2263] Analyzing Verilog file "C:/Users/Sidarth Shahri/Documents/CMPE 140 Assignments/Assignment 7/Assignment_7.srcs/sources_1/imports/PATCHED_MIPS_single_cycle/single_cycle_mips_source_initial/datapath/dreg.v" into library xil_defaultlib
INFO: [VRFC 10-311] analyzing module dreg
INFO: [VRFC 10-2263] Analyzing Verilog file "C:/Users/Sidarth Shahri/Documents/CMPE 140 Assignments/Assignment 7/Assignment_7.srcs/sources_1/imports/PATCHED_MIPS_single_cycle/single_cycle_mips_source_initial/memory/imem.v" into library xil_defaultlib
INFO: [VRFC 10-311] analyzing module imem
INFO: [VRFC 10-2263] Analyzing Verilog file "C:/Users/Sidarth Shahri/Documents/CMPE 140 Assignments/Assignment 7/Assignment_7.srcs/sources_1/imports/PATCHED_MIPS_single_cycle/single_cycle_mips_source_initial/control_unit/maindec.v" into library xil_defaultlib
INFO: [VRFC 10-311] analyzing module maindec
INFO: [VRFC 10-2263] Analyzing Verilog file "C:/Users/Sidarth Shahri/Documents/CMPE 140 Assignments/Assignment 7/Assignment_7.srcs/sources_1/imports/PATCHED_MIPS_single_cycle/single_cycle_mips_source_initial/mips/mips.v" into library xil_defaultlib
INFO: [VRFC 10-311] analyzing module mips
INFO: [VRFC 10-2263] Analyzing Verilog file "C:/Users/Sidarth Shahri/Documents/CMPE 140 Assignments/Assignment 7/Assignment_7.srcs/sources_1/imports/PATCHED_MIPS_single_cycle/single_cycle_mips_source_initial/mips/mips_top.v" into library xil_defaultlib
INFO: [VRFC 10-311] analyzing module mips_top
INFO: [VRFC 10-2263] Analyzing Verilog file "C:/Users/Sidarth Shahri/Documents/CMPE 140 Assignments/Assignment 7/Assignment_7.srcs/sources_1/new/mult.v" into library xil_defaultlib
INFO: [VRFC 10-311] analyzing module mult
INFO: [VRFC 10-2263] Analyzing Verilog file "C:/Users/Sidarth Shahri/Documents/CMPE 140 Assignments/Assignment 7/Assignment_7.srcs/sources_1/imports/PATCHED_MIPS_single_cycle/single_cycle_mips_source_initial/datapath/mux2.v" into library xil_defaultlib
INFO: [VRFC 10-311] analyzing module mux2
INFO: [VRFC 10-2263] Analyzing Verilog file "C:/Users/Sidarth Shahri/Documents/CMPE 140 Assignments/Assignment 7/Assignment_7.srcs/sources_1/imports/PATCHED_MIPS_single_cycle/single_cycle_mips_source_initial/datapath/regfile.v" into library xil_defaultlib
INFO: [VRFC 10-311] analyzing module regfile
INFO: [VRFC 10-2263] Analyzing Verilog file "C:/Users/Sidarth Shahri/Documents/CMPE 140 Assignments/Assignment 7/Assignment_7.srcs/sources_1/new/shifter.v" into library xil_defaultlib
INFO: [VRFC 10-311] analyzing module shifter
INFO: [VRFC 10-2263] Analyzing Verilog file "C:/Users/Sidarth Shahri/Documents/CMPE 140 Assignments/Assignment 7/Assignment_7.srcs/sources_1/imports/PATCHED_MIPS_single_cycle/single_cycle_mips_source_initial/datapath/signext.v" into library xil_defaultlib
INFO: [VRFC 10-311] analyzing module signext
INFO: [VRFC 10-2263] Analyzing Verilog file "C:/Users/Sidarth Shahri/Documents/CMPE 140 Assignments/Assignment 7/Assignment_7.srcs/sources_1/new/we_dreg.v" into library xil_defaultlib
INFO: [VRFC 10-311] analyzing module we_dreg
INFO: [VRFC 10-2263] Analyzing Verilog file "C:/Users/Sidarth Shahri/Documents/CMPE 140 Assignments/Assignment 7/Assignment_7.srcs/sim_1/imports/testbench/tb_mips_top.v" into library xil_defaultlib
INFO: [VRFC 10-311] analyzing module tb_mips_top
INFO: [USF-XSim-69] 'compile' step finished in '4' seconds
INFO: [USF-XSim-3] XSim::Elaborate design
INFO: [USF-XSim-61] Executing 'ELABORATE' step in 'C:/Users/Sidarth Shahri/Documents/CMPE 140 Assignments/Assignment 7/Assignment_7.sim/sim_1/behav/xsim'
Vivado Simulator 2018.3
Copyright 1986-1999, 2001-2018 Xilinx, Inc. All Rights Reserved.
Running: C:/Xilinx/Vivado/2018.3/bin/unwrapped/win64.o/xelab.exe -wto 85de06427fed4e7b94a481af1c5c1e70 --incr --debug typical --relax --mt 2 -L xil_defaultlib -L unisims_ver -L unimacro_ver -L secureip --snapshot tb_mips_top_behav xil_defaultlib.tb_mips_top xil_defaultlib.glbl -log elaborate.log 
Using 2 slave threads.
Starting static elaboration
Completed static elaboration
Starting simulation data flow analysis
WARNING: [XSIM 43-4099] "C:/Users/Sidarth Shahri/Documents/CMPE 140 Assignments/Assignment 7/Assignment_7.srcs/sources_1/imports/PATCHED_MIPS_single_cycle/single_cycle_mips_source_initial/mips/mips_top.v" Line 1. Module mips_top doesn't have a timescale but at least one module in design has a timescale.
WARNING: [XSIM 43-4099] "C:/Users/Sidarth Shahri/Documents/CMPE 140 Assignments/Assignment 7/Assignment_7.srcs/sources_1/imports/PATCHED_MIPS_single_cycle/single_cycle_mips_source_initial/mips/mips.v" Line 1. Module mips doesn't have a timescale but at least one module in design has a timescale.
WARNING: [XSIM 43-4099] "C:/Users/Sidarth Shahri/Documents/CMPE 140 Assignments/Assignment 7/Assignment_7.srcs/sources_1/imports/PATCHED_MIPS_single_cycle/single_cycle_mips_source_initial/datapath/datapath.v" Line 1. Module datapath doesn't have a timescale but at least one module in design has a timescale.
WARNING: [XSIM 43-4099] "C:/Users/Sidarth Shahri/Documents/CMPE 140 Assignments/Assignment 7/Assignment_7.srcs/sources_1/imports/PATCHED_MIPS_single_cycle/single_cycle_mips_source_initial/datapath/dreg.v" Line 1. Module dreg doesn't have a timescale but at least one module in design has a timescale.
WARNING: [XSIM 43-4099] "C:/Users/Sidarth Shahri/Documents/CMPE 140 Assignments/Assignment 7/Assignment_7.srcs/sources_1/imports/PATCHED_MIPS_single_cycle/single_cycle_mips_source_initial/datapath/adder.v" Line 1. Module adder doesn't have a timescale but at least one module in design has a timescale.
WARNING: [XSIM 43-4099] "C:/Users/Sidarth Shahri/Documents/CMPE 140 Assignments/Assignment 7/Assignment_7.srcs/sources_1/imports/PATCHED_MIPS_single_cycle/single_cycle_mips_source_initial/datapath/adder.v" Line 1. Module adder doesn't have a timescale but at least one module in design has a timescale.
WARNING: [XSIM 43-4099] "C:/Users/Sidarth Shahri/Documents/CMPE 140 Assignments/Assignment 7/Assignment_7.srcs/sources_1/imports/PATCHED_MIPS_single_cycle/single_cycle_mips_source_initial/datapath/alu.v" Line 1. Module alu doesn't have a timescale but at least one module in design has a timescale.
WARNING: [XSIM 43-4099] "C:/Users/Sidarth Shahri/Documents/CMPE 140 Assignments/Assignment 7/Assignment_7.srcs/sources_1/imports/PATCHED_MIPS_single_cycle/single_cycle_mips_source_initial/control_unit/controlunit.v" Line 1. Module controlunit doesn't have a timescale but at least one module in design has a timescale.
WARNING: [XSIM 43-4099] "C:/Users/Sidarth Shahri/Documents/CMPE 140 Assignments/Assignment 7/Assignment_7.srcs/sources_1/imports/PATCHED_MIPS_single_cycle/single_cycle_mips_source_initial/control_unit/maindec.v" Line 1. Module maindec doesn't have a timescale but at least one module in design has a timescale.
WARNING: [XSIM 43-4099] "C:/Users/Sidarth Shahri/Documents/CMPE 140 Assignments/Assignment 7/Assignment_7.srcs/sources_1/imports/PATCHED_MIPS_single_cycle/single_cycle_mips_source_initial/control_unit/auxdec.v" Line 1. Module auxdec doesn't have a timescale but at least one module in design has a timescale.
WARNING: [XSIM 43-4099] "C:/Users/Sidarth Shahri/Documents/CMPE 140 Assignments/Assignment 7/Assignment_7.srcs/sources_1/imports/PATCHED_MIPS_single_cycle/single_cycle_mips_source_initial/memory/imem.v" Line 1. Module imem doesn't have a timescale but at least one module in design has a timescale.
WARNING: [XSIM 43-4099] "C:/Users/Sidarth Shahri/Documents/CMPE 140 Assignments/Assignment 7/Assignment_7.srcs/sources_1/imports/PATCHED_MIPS_single_cycle/single_cycle_mips_source_initial/memory/dmem.v" Line 1. Module dmem doesn't have a timescale but at least one module in design has a timescale.
Completed simulation data flow analysis
Time Resolution for simulation is 1ps
Compiling module xil_defaultlib.dreg
Compiling module xil_defaultlib.adder
Compiling module xil_defaultlib.mux2(WIDTH=32)
Compiling module xil_defaultlib.mux2(WIDTH=5)
Compiling module xil_defaultlib.regfile
Compiling module xil_defaultlib.signext
Compiling module xil_defaultlib.alu
Compiling module xil_defaultlib.mult
Compiling module xil_defaultlib.we_dreg
Compiling module xil_defaultlib.shifter
Compiling module xil_defaultlib.datapath
Compiling module xil_defaultlib.maindec
Compiling module xil_defaultlib.auxdec
Compiling module xil_defaultlib.controlunit
Compiling module xil_defaultlib.mips
Compiling module xil_defaultlib.imem
Compiling module xil_defaultlib.dmem
Compiling module xil_defaultlib.mips_top
Compiling module xil_defaultlib.tb_mips_top
Compiling module xil_defaultlib.glbl
Built simulation snapshot tb_mips_top_behav
run_program: Time (s): cpu = 00:00:01 ; elapsed = 00:00:05 . Memory (MB): peak = 1734.035 ; gain = 0.938
INFO: [USF-XSim-69] 'elaborate' step finished in '5' seconds
INFO: [USF-XSim-4] XSim::Simulate design
INFO: [USF-XSim-61] Executing 'SIMULATE' step in 'C:/Users/Sidarth Shahri/Documents/CMPE 140 Assignments/Assignment 7/Assignment_7.sim/sim_1/behav/xsim'
INFO: [USF-XSim-98] *** Running xsim
   with args "tb_mips_top_behav -key {Behavioral:sim_1:Functional:tb_mips_top} -tclbatch {tb_mips_top.tcl} -log {simulate.log}"
INFO: [USF-XSim-8] Loading simulator feature
Vivado Simulator 2018.3
Time resolution is 1 ps
source tb_mips_top.tcl
# set curr_wave [current_wave_config]
# if { [string length $curr_wave] == 0 } {
#   if { [llength [get_objects]] > 0} {
#     add_wave /
#     set_property needs_save false [current_wave_config]
#   } else {
#      send_msg_id Add_Wave-1 WARNING "No top level signals found. Simulator will start without a wave window. If you want to open a wave window go to 'File->New Waveform Configuration' or type 'create_wave_config' in the TCL console."
#   }
# }
# run 1000ns
$finish called at time : 550 ns : File "C:/Users/Sidarth Shahri/Documents/CMPE 140 Assignments/Assignment 7/Assignment_7.srcs/sim_1/imports/testbench/tb_mips_top.v" Line 81
xsim: Time (s): cpu = 00:00:08 ; elapsed = 00:00:06 . Memory (MB): peak = 1748.121 ; gain = 12.848
INFO: [USF-XSim-96] XSim completed. Design snapshot 'tb_mips_top_behav' loaded.
INFO: [USF-XSim-97] XSim simulation ran for 1000ns
launch_simulation: Time (s): cpu = 00:00:12 ; elapsed = 00:00:17 . Memory (MB): peak = 1748.121 ; gain = 15.023
open_hw
connect_hw_server
INFO: [Labtools 27-2285] Connecting to hw_server url TCP:localhost:3121
INFO: [Labtools 27-2222] Launching hw_server...
INFO: [Labtools 27-2221] Launch Output:

****** Xilinx hw_server v2018.3
  **** Build date : Dec  7 2018-00:40:27
    ** Copyright 1986-2018 Xilinx, Inc. All Rights Reserved.


connect_hw_server: Time (s): cpu = 00:00:01 ; elapsed = 00:00:07 . Memory (MB): peak = 1827.805 ; gain = 0.000
open_hw_target
INFO: [Labtoolstcl 44-466] Opening hw_target localhost:3121/xilinx_tcf/Digilent/210183AB4454A
set_property PROGRAM.FILE {C:/Users/Sidarth Shahri/Documents/CMPE 140 Assignments/Assignment 7/Assignment_7.runs/impl_1/mips_fpga.bit} [get_hw_devices xc7a35t_0]
current_hw_device [get_hw_devices xc7a35t_0]
refresh_hw_device -update_hw_probes false [lindex [get_hw_devices xc7a35t_0] 0]
INFO: [Labtools 27-1434] Device xc7a35t (JTAG device index = 0) is programmed with a design that has no supported debug core(s) in it.
set_property PROBES.FILE {} [get_hw_devices xc7a35t_0]
set_property FULL_PROBES.FILE {} [get_hw_devices xc7a35t_0]
set_property PROGRAM.FILE {C:/Users/Sidarth Shahri/Documents/CMPE 140 Assignments/Assignment 7/Assignment_7.runs/impl_1/mips_fpga.bit} [get_hw_devices xc7a35t_0]
program_hw_devices [get_hw_devices xc7a35t_0]
INFO: [Labtools 27-3164] End of startup status: HIGH
refresh_hw_device [lindex [get_hw_devices xc7a35t_0] 0]
INFO: [Labtools 27-1434] Device xc7a35t (JTAG device index = 0) is programmed with a design that has no supported debug core(s) in it.
close_hw
close_sim
INFO: [Simtcl 6-16] Simulation closed
launch_simulation
INFO: [Vivado 12-5682] Launching behavioral simulation in 'C:/Users/Sidarth Shahri/Documents/CMPE 140 Assignments/Assignment 7/Assignment_7.sim/sim_1/behav/xsim'
INFO: [SIM-utils-51] Simulation object is 'sim_1'
INFO: [SIM-utils-54] Inspecting design source files for 'tb_mips_top' in fileset 'sim_1'...
INFO: [SIM-utils-43] Exported 'C:/Users/Sidarth Shahri/Documents/CMPE 140 Assignments/Assignment 7/Assignment_7.sim/sim_1/behav/xsim/memfile.dat'
INFO: [SIM-utils-43] Exported 'C:/Users/Sidarth Shahri/Documents/CMPE 140 Assignments/Assignment 7/Assignment_7.sim/sim_1/behav/xsim/memfile.dat'
INFO: [SIM-utils-43] Exported 'C:/Users/Sidarth Shahri/Documents/CMPE 140 Assignments/Assignment 7/Assignment_7.sim/sim_1/behav/xsim/test.dat'
INFO: [SIM-utils-43] Exported 'C:/Users/Sidarth Shahri/Documents/CMPE 140 Assignments/Assignment 7/Assignment_7.sim/sim_1/behav/xsim/sll.dat'
INFO: [SIM-utils-43] Exported 'C:/Users/Sidarth Shahri/Documents/CMPE 140 Assignments/Assignment 7/Assignment_7.sim/sim_1/behav/xsim/memfile.dat'
INFO: [SIM-utils-43] Exported 'C:/Users/Sidarth Shahri/Documents/CMPE 140 Assignments/Assignment 7/Assignment_7.sim/sim_1/behav/xsim/test.dat'
INFO: [SIM-utils-43] Exported 'C:/Users/Sidarth Shahri/Documents/CMPE 140 Assignments/Assignment 7/Assignment_7.sim/sim_1/behav/xsim/sll.dat'
INFO: [USF-XSim-97] Finding global include files...
INFO: [USF-XSim-98] Fetching design files from 'sim_1'...
INFO: [USF-XSim-2] XSim::Compile design
INFO: [USF-XSim-61] Executing 'COMPILE and ANALYZE' step in 'C:/Users/Sidarth Shahri/Documents/CMPE 140 Assignments/Assignment 7/Assignment_7.sim/sim_1/behav/xsim'
"xvlog --incr --relax -prj tb_mips_top_vlog.prj"
INFO: [VRFC 10-2263] Analyzing Verilog file "C:/Users/Sidarth Shahri/Documents/CMPE 140 Assignments/Assignment 7/Assignment_7.srcs/sources_1/imports/PATCHED_MIPS_single_cycle/single_cycle_mips_source_initial/datapath/adder.v" into library xil_defaultlib
INFO: [VRFC 10-311] analyzing module adder
INFO: [VRFC 10-2263] Analyzing Verilog file "C:/Users/Sidarth Shahri/Documents/CMPE 140 Assignments/Assignment 7/Assignment_7.srcs/sources_1/imports/PATCHED_MIPS_single_cycle/single_cycle_mips_source_initial/datapath/alu.v" into library xil_defaultlib
INFO: [VRFC 10-311] analyzing module alu
INFO: [VRFC 10-2263] Analyzing Verilog file "C:/Users/Sidarth Shahri/Documents/CMPE 140 Assignments/Assignment 7/Assignment_7.srcs/sources_1/imports/PATCHED_MIPS_single_cycle/single_cycle_mips_source_initial/control_unit/auxdec.v" into library xil_defaultlib
INFO: [VRFC 10-311] analyzing module auxdec
INFO: [VRFC 10-2263] Analyzing Verilog file "C:/Users/Sidarth Shahri/Documents/CMPE 140 Assignments/Assignment 7/Assignment_7.srcs/sources_1/imports/PATCHED_MIPS_single_cycle/single_cycle_mips_source_initial/control_unit/controlunit.v" into library xil_defaultlib
INFO: [VRFC 10-311] analyzing module controlunit
INFO: [VRFC 10-2263] Analyzing Verilog file "C:/Users/Sidarth Shahri/Documents/CMPE 140 Assignments/Assignment 7/Assignment_7.srcs/sources_1/imports/PATCHED_MIPS_single_cycle/single_cycle_mips_source_initial/datapath/datapath.v" into library xil_defaultlib
INFO: [VRFC 10-311] analyzing module datapath
INFO: [VRFC 10-2263] Analyzing Verilog file "C:/Users/Sidarth Shahri/Documents/CMPE 140 Assignments/Assignment 7/Assignment_7.srcs/sources_1/imports/PATCHED_MIPS_single_cycle/single_cycle_mips_source_initial/memory/dmem.v" into library xil_defaultlib
INFO: [VRFC 10-311] analyzing module dmem
INFO: [VRFC 10-2263] Analyzing Verilog file "C:/Users/Sidarth Shahri/Documents/CMPE 140 Assignments/Assignment 7/Assignment_7.srcs/sources_1/imports/PATCHED_MIPS_single_cycle/single_cycle_mips_source_initial/datapath/dreg.v" into library xil_defaultlib
INFO: [VRFC 10-311] analyzing module dreg
INFO: [VRFC 10-2263] Analyzing Verilog file "C:/Users/Sidarth Shahri/Documents/CMPE 140 Assignments/Assignment 7/Assignment_7.srcs/sources_1/imports/PATCHED_MIPS_single_cycle/single_cycle_mips_source_initial/memory/imem.v" into library xil_defaultlib
INFO: [VRFC 10-311] analyzing module imem
INFO: [VRFC 10-2263] Analyzing Verilog file "C:/Users/Sidarth Shahri/Documents/CMPE 140 Assignments/Assignment 7/Assignment_7.srcs/sources_1/imports/PATCHED_MIPS_single_cycle/single_cycle_mips_source_initial/control_unit/maindec.v" into library xil_defaultlib
INFO: [VRFC 10-311] analyzing module maindec
INFO: [VRFC 10-2263] Analyzing Verilog file "C:/Users/Sidarth Shahri/Documents/CMPE 140 Assignments/Assignment 7/Assignment_7.srcs/sources_1/imports/PATCHED_MIPS_single_cycle/single_cycle_mips_source_initial/mips/mips.v" into library xil_defaultlib
INFO: [VRFC 10-311] analyzing module mips
INFO: [VRFC 10-2263] Analyzing Verilog file "C:/Users/Sidarth Shahri/Documents/CMPE 140 Assignments/Assignment 7/Assignment_7.srcs/sources_1/imports/PATCHED_MIPS_single_cycle/single_cycle_mips_source_initial/mips/mips_top.v" into library xil_defaultlib
INFO: [VRFC 10-311] analyzing module mips_top
INFO: [VRFC 10-2263] Analyzing Verilog file "C:/Users/Sidarth Shahri/Documents/CMPE 140 Assignments/Assignment 7/Assignment_7.srcs/sources_1/new/mult.v" into library xil_defaultlib
INFO: [VRFC 10-311] analyzing module mult
INFO: [VRFC 10-2263] Analyzing Verilog file "C:/Users/Sidarth Shahri/Documents/CMPE 140 Assignments/Assignment 7/Assignment_7.srcs/sources_1/imports/PATCHED_MIPS_single_cycle/single_cycle_mips_source_initial/datapath/mux2.v" into library xil_defaultlib
INFO: [VRFC 10-311] analyzing module mux2
INFO: [VRFC 10-2263] Analyzing Verilog file "C:/Users/Sidarth Shahri/Documents/CMPE 140 Assignments/Assignment 7/Assignment_7.srcs/sources_1/imports/PATCHED_MIPS_single_cycle/single_cycle_mips_source_initial/datapath/regfile.v" into library xil_defaultlib
INFO: [VRFC 10-311] analyzing module regfile
INFO: [VRFC 10-2263] Analyzing Verilog file "C:/Users/Sidarth Shahri/Documents/CMPE 140 Assignments/Assignment 7/Assignment_7.srcs/sources_1/new/shifter.v" into library xil_defaultlib
INFO: [VRFC 10-311] analyzing module shifter
INFO: [VRFC 10-2263] Analyzing Verilog file "C:/Users/Sidarth Shahri/Documents/CMPE 140 Assignments/Assignment 7/Assignment_7.srcs/sources_1/imports/PATCHED_MIPS_single_cycle/single_cycle_mips_source_initial/datapath/signext.v" into library xil_defaultlib
INFO: [VRFC 10-311] analyzing module signext
INFO: [VRFC 10-2263] Analyzing Verilog file "C:/Users/Sidarth Shahri/Documents/CMPE 140 Assignments/Assignment 7/Assignment_7.srcs/sources_1/new/we_dreg.v" into library xil_defaultlib
INFO: [VRFC 10-311] analyzing module we_dreg
INFO: [VRFC 10-2263] Analyzing Verilog file "C:/Users/Sidarth Shahri/Documents/CMPE 140 Assignments/Assignment 7/Assignment_7.srcs/sim_1/imports/testbench/tb_mips_top.v" into library xil_defaultlib
INFO: [VRFC 10-311] analyzing module tb_mips_top
INFO: [USF-XSim-69] 'compile' step finished in '3' seconds
INFO: [USF-XSim-3] XSim::Elaborate design
INFO: [USF-XSim-61] Executing 'ELABORATE' step in 'C:/Users/Sidarth Shahri/Documents/CMPE 140 Assignments/Assignment 7/Assignment_7.sim/sim_1/behav/xsim'
Vivado Simulator 2018.3
Copyright 1986-1999, 2001-2018 Xilinx, Inc. All Rights Reserved.
Running: C:/Xilinx/Vivado/2018.3/bin/unwrapped/win64.o/xelab.exe -wto 85de06427fed4e7b94a481af1c5c1e70 --incr --debug typical --relax --mt 2 -L xil_defaultlib -L unisims_ver -L unimacro_ver -L secureip --snapshot tb_mips_top_behav xil_defaultlib.tb_mips_top xil_defaultlib.glbl -log elaborate.log 
Using 2 slave threads.
Starting static elaboration
Completed static elaboration
Starting simulation data flow analysis
WARNING: [XSIM 43-4099] "C:/Users/Sidarth Shahri/Documents/CMPE 140 Assignments/Assignment 7/Assignment_7.srcs/sources_1/imports/PATCHED_MIPS_single_cycle/single_cycle_mips_source_initial/mips/mips_top.v" Line 1. Module mips_top doesn't have a timescale but at least one module in design has a timescale.
WARNING: [XSIM 43-4099] "C:/Users/Sidarth Shahri/Documents/CMPE 140 Assignments/Assignment 7/Assignment_7.srcs/sources_1/imports/PATCHED_MIPS_single_cycle/single_cycle_mips_source_initial/mips/mips.v" Line 1. Module mips doesn't have a timescale but at least one module in design has a timescale.
WARNING: [XSIM 43-4099] "C:/Users/Sidarth Shahri/Documents/CMPE 140 Assignments/Assignment 7/Assignment_7.srcs/sources_1/imports/PATCHED_MIPS_single_cycle/single_cycle_mips_source_initial/datapath/datapath.v" Line 1. Module datapath doesn't have a timescale but at least one module in design has a timescale.
WARNING: [XSIM 43-4099] "C:/Users/Sidarth Shahri/Documents/CMPE 140 Assignments/Assignment 7/Assignment_7.srcs/sources_1/imports/PATCHED_MIPS_single_cycle/single_cycle_mips_source_initial/datapath/dreg.v" Line 1. Module dreg doesn't have a timescale but at least one module in design has a timescale.
WARNING: [XSIM 43-4099] "C:/Users/Sidarth Shahri/Documents/CMPE 140 Assignments/Assignment 7/Assignment_7.srcs/sources_1/imports/PATCHED_MIPS_single_cycle/single_cycle_mips_source_initial/datapath/adder.v" Line 1. Module adder doesn't have a timescale but at least one module in design has a timescale.
WARNING: [XSIM 43-4099] "C:/Users/Sidarth Shahri/Documents/CMPE 140 Assignments/Assignment 7/Assignment_7.srcs/sources_1/imports/PATCHED_MIPS_single_cycle/single_cycle_mips_source_initial/datapath/adder.v" Line 1. Module adder doesn't have a timescale but at least one module in design has a timescale.
WARNING: [XSIM 43-4099] "C:/Users/Sidarth Shahri/Documents/CMPE 140 Assignments/Assignment 7/Assignment_7.srcs/sources_1/imports/PATCHED_MIPS_single_cycle/single_cycle_mips_source_initial/datapath/alu.v" Line 1. Module alu doesn't have a timescale but at least one module in design has a timescale.
WARNING: [XSIM 43-4099] "C:/Users/Sidarth Shahri/Documents/CMPE 140 Assignments/Assignment 7/Assignment_7.srcs/sources_1/imports/PATCHED_MIPS_single_cycle/single_cycle_mips_source_initial/control_unit/controlunit.v" Line 1. Module controlunit doesn't have a timescale but at least one module in design has a timescale.
WARNING: [XSIM 43-4099] "C:/Users/Sidarth Shahri/Documents/CMPE 140 Assignments/Assignment 7/Assignment_7.srcs/sources_1/imports/PATCHED_MIPS_single_cycle/single_cycle_mips_source_initial/control_unit/maindec.v" Line 1. Module maindec doesn't have a timescale but at least one module in design has a timescale.
WARNING: [XSIM 43-4099] "C:/Users/Sidarth Shahri/Documents/CMPE 140 Assignments/Assignment 7/Assignment_7.srcs/sources_1/imports/PATCHED_MIPS_single_cycle/single_cycle_mips_source_initial/control_unit/auxdec.v" Line 1. Module auxdec doesn't have a timescale but at least one module in design has a timescale.
WARNING: [XSIM 43-4099] "C:/Users/Sidarth Shahri/Documents/CMPE 140 Assignments/Assignment 7/Assignment_7.srcs/sources_1/imports/PATCHED_MIPS_single_cycle/single_cycle_mips_source_initial/memory/imem.v" Line 1. Module imem doesn't have a timescale but at least one module in design has a timescale.
WARNING: [XSIM 43-4099] "C:/Users/Sidarth Shahri/Documents/CMPE 140 Assignments/Assignment 7/Assignment_7.srcs/sources_1/imports/PATCHED_MIPS_single_cycle/single_cycle_mips_source_initial/memory/dmem.v" Line 1. Module dmem doesn't have a timescale but at least one module in design has a timescale.
Completed simulation data flow analysis
Time Resolution for simulation is 1ps
Compiling module xil_defaultlib.dreg
Compiling module xil_defaultlib.adder
Compiling module xil_defaultlib.mux2(WIDTH=32)
Compiling module xil_defaultlib.mux2(WIDTH=5)
Compiling module xil_defaultlib.regfile
Compiling module xil_defaultlib.signext
Compiling module xil_defaultlib.alu
Compiling module xil_defaultlib.mult
Compiling module xil_defaultlib.we_dreg
Compiling module xil_defaultlib.shifter
Compiling module xil_defaultlib.datapath
Compiling module xil_defaultlib.maindec
Compiling module xil_defaultlib.auxdec
Compiling module xil_defaultlib.controlunit
Compiling module xil_defaultlib.mips
Compiling module xil_defaultlib.imem
Compiling module xil_defaultlib.dmem
Compiling module xil_defaultlib.mips_top
Compiling module xil_defaultlib.tb_mips_top
Compiling module xil_defaultlib.glbl
Built simulation snapshot tb_mips_top_behav
INFO: [USF-XSim-69] 'elaborate' step finished in '5' seconds
INFO: [USF-XSim-4] XSim::Simulate design
INFO: [USF-XSim-61] Executing 'SIMULATE' step in 'C:/Users/Sidarth Shahri/Documents/CMPE 140 Assignments/Assignment 7/Assignment_7.sim/sim_1/behav/xsim'
INFO: [USF-XSim-98] *** Running xsim
   with args "tb_mips_top_behav -key {Behavioral:sim_1:Functional:tb_mips_top} -tclbatch {tb_mips_top.tcl} -log {simulate.log}"
INFO: [USF-XSim-8] Loading simulator feature
Vivado Simulator 2018.3
Time resolution is 1 ps
source tb_mips_top.tcl
# set curr_wave [current_wave_config]
# if { [string length $curr_wave] == 0 } {
#   if { [llength [get_objects]] > 0} {
#     add_wave /
#     set_property needs_save false [current_wave_config]
#   } else {
#      send_msg_id Add_Wave-1 WARNING "No top level signals found. Simulator will start without a wave window. If you want to open a wave window go to 'File->New Waveform Configuration' or type 'create_wave_config' in the TCL console."
#   }
# }
# run 1000ns
$finish called at time : 40 ns : File "C:/Users/Sidarth Shahri/Documents/CMPE 140 Assignments/Assignment 7/Assignment_7.srcs/sim_1/imports/testbench/tb_mips_top.v" Line 81
INFO: [USF-XSim-96] XSim completed. Design snapshot 'tb_mips_top_behav' loaded.
INFO: [USF-XSim-97] XSim simulation ran for 1000ns
launch_simulation: Time (s): cpu = 00:00:08 ; elapsed = 00:00:13 . Memory (MB): peak = 2075.629 ; gain = 1.750
open_hw
connect_hw_server
INFO: [Labtools 27-2285] Connecting to hw_server url TCP:localhost:3121
INFO: [Labtools 27-2222] Launching hw_server...
INFO: [Labtools 27-2221] Launch Output:

****** Xilinx hw_server v2018.3
  **** Build date : Dec  7 2018-00:40:27
    ** Copyright 1986-2018 Xilinx, Inc. All Rights Reserved.


open_hw_target
INFO: [Labtoolstcl 44-466] Opening hw_target localhost:3121/xilinx_tcf/Digilent/210183AB4454A
set_property PROGRAM.FILE {C:/Users/Sidarth Shahri/Documents/CMPE 140 Assignments/Assignment 7/Assignment_7.runs/impl_1/mips_fpga.bit} [get_hw_devices xc7a35t_0]
current_hw_device [get_hw_devices xc7a35t_0]
refresh_hw_device -update_hw_probes false [lindex [get_hw_devices xc7a35t_0] 0]
INFO: [Labtools 27-1434] Device xc7a35t (JTAG device index = 0) is programmed with a design that has no supported debug core(s) in it.
set_property PROBES.FILE {} [get_hw_devices xc7a35t_0]
set_property FULL_PROBES.FILE {} [get_hw_devices xc7a35t_0]
set_property PROGRAM.FILE {C:/Users/Sidarth Shahri/Documents/CMPE 140 Assignments/Assignment 7/Assignment_7.runs/impl_1/mips_fpga.bit} [get_hw_devices xc7a35t_0]
program_hw_devices [get_hw_devices xc7a35t_0]
INFO: [Labtools 27-3164] End of startup status: HIGH
refresh_hw_device [lindex [get_hw_devices xc7a35t_0] 0]
INFO: [Labtools 27-1434] Device xc7a35t (JTAG device index = 0) is programmed with a design that has no supported debug core(s) in it.
set_property PROBES.FILE {} [get_hw_devices xc7a35t_0]
set_property FULL_PROBES.FILE {} [get_hw_devices xc7a35t_0]
set_property PROGRAM.FILE {C:/Users/Sidarth Shahri/Documents/CMPE 140 Assignments/Assignment 7/Assignment_7.runs/impl_1/mips_fpga.bit} [get_hw_devices xc7a35t_0]
program_hw_devices [get_hw_devices xc7a35t_0]
INFO: [Labtools 27-3164] End of startup status: HIGH
refresh_hw_device [lindex [get_hw_devices xc7a35t_0] 0]
INFO: [Labtools 27-1434] Device xc7a35t (JTAG device index = 0) is programmed with a design that has no supported debug core(s) in it.
set_property PROBES.FILE {} [get_hw_devices xc7a35t_0]
set_property FULL_PROBES.FILE {} [get_hw_devices xc7a35t_0]
set_property PROGRAM.FILE {C:/Users/Sidarth Shahri/Documents/CMPE 140 Assignments/Assignment 7/Assignment_7.runs/impl_1/mips_fpga.bit} [get_hw_devices xc7a35t_0]
program_hw_devices [get_hw_devices xc7a35t_0]
INFO: [Labtools 27-3164] End of startup status: HIGH
refresh_hw_device [lindex [get_hw_devices xc7a35t_0] 0]
INFO: [Labtools 27-1434] Device xc7a35t (JTAG device index = 0) is programmed with a design that has no supported debug core(s) in it.
import_files -norecurse {{C:/Users/Sidarth Shahri/Desktop/sll.dat}}
reset_run synth_1
WARNING: [Vivado 12-1017] Problems encountered:
1. Failed to delete one or more files in run directory C:/Users/Sidarth Shahri/Documents/CMPE 140 Assignments/Assignment 7/Assignment_7.runs/synth_1

launch_runs impl_1 -to_step write_bitstream
[Tue Nov  5 12:59:42 2019] Launched synth_1...
Run output will be captured here: C:/Users/Sidarth Shahri/Documents/CMPE 140 Assignments/Assignment 7/Assignment_7.runs/synth_1/runme.log
[Tue Nov  5 12:59:42 2019] Launched impl_1...
Run output will be captured here: C:/Users/Sidarth Shahri/Documents/CMPE 140 Assignments/Assignment 7/Assignment_7.runs/impl_1/runme.log
set_property PROBES.FILE {} [get_hw_devices xc7a35t_0]
set_property FULL_PROBES.FILE {} [get_hw_devices xc7a35t_0]
set_property PROGRAM.FILE {C:/Users/Sidarth Shahri/Documents/CMPE 140 Assignments/Assignment 7/Assignment_7.runs/impl_1/mips_fpga.bit} [get_hw_devices xc7a35t_0]
program_hw_devices [get_hw_devices xc7a35t_0]
INFO: [Common 17-41] Interrupt caught. Command should exit soon.
